#-----Location of Executables Used by MAKER/EVALUATOR
makeblastdb=/sw/bioinfo/blast/2.6.0+/milou/bin/makeblastdb #location of NCBI+ makeblastdb executable
blastn=/sw/bioinfo/blast/2.6.0+/milou/bin/blastn #location of NCBI+ blastn executable
blastx=/sw/bioinfo/blast/2.6.0+/milou/bin/blastx #location of NCBI+ blastx executable
tblastx=/sw/apps/bioinfo/blast/2.6.0+/rackham/bin/tblastx #location of NCBI+ tblastx executable
formatdb= #location of NCBI formatdb executable
blastall= #location of NCBI blastall executable
xdformat= #location of WUBLAST xdformat executable
blasta= #location of WUBLAST blasta executable
prerapsearch= #location of prerapsearch executable
rapsearch= #location of rapsearch executable
RepeatMasker=/sw/bioinfo/RepeatMasker/4.0.7/rackham/RepeatMasker #location of RepeatMasker executable
exonerate=/sw/bioinfo/exonerate/2.2.0/rackham/bin/exonerate #location of exonerate executable

#-----Ab-initio Gene Prediction Algorithms
snap=/sw/bioinfo/snap/2013-11-29/rackham/snap #location of snap executable
gmhmme3=/sw/apps/bioinfo/GeneMark/4.33-es/rackham/gmhmme3 #location of eukaryotic genemark executable
gmhmmp= #location of prokaryotic genemark executable
augustus=/sw/bioinfo/augustus/3.2.3/rackham/bin/augustus #location of augustus executable
fgenesh= #location of fgenesh executable
evm= #location of EvidenceModeler executable
tRNAscan-SE=/sw/apps/bioinfo/tRNAscan-SE/1.3.1/rackham/bin/tRNAscan-SE #location of trnascan executable
snoscan= #location of snoscan executable

#-----Other Algorithms
probuild=/sw/apps/bioinfo/GeneMark/4.33-es/rackham/probuild #location of probuild executable (required for genemark)
