   SW   perc perc perc  query           position in query        matching       repeat             position in repeat
score   div. del. ins.  sequence        begin  end      (left)   repeat         class/family     begin  end    (left)  ID

   13    4.5  4.3  0.0  NW_015504249.1     129    151 (180598) + (AAGG)n        Simple_repeat         1     24    (0)   1  
  869   17.2  8.4  0.0  NW_015504249.1    1145   1347 (179402) C L1MC4a         LINE/L1             (2)   7880   7661   2  
   16    0.0  0.0  0.0  NW_015504249.1    1646   1662 (179087) + (A)n           Simple_repeat         1     17    (0)   3  
  922   16.7  5.2  4.4  NW_015504249.1    1683   1908 (178841) C Ves2B_ML       SINE/tRNA           (0)    269      1   4  
 1068   15.0 10.0  0.8  NW_015504249.1    1931   2159 (178590) C Ves4_ML        SINE/tRNA           (0)    250      1   5  
  841   25.1  9.5  4.9  NW_015504249.1    2921   3372 (177377) + Charlie2a      DNA/hAT-Charlie      38    509 (2352)   6  
 1087   15.3  2.3  0.2  NW_015504249.1    3373   3590 (177159) C Ves2_ML        SINE/tRNA          (11)    239      1   7  
  426   20.2  7.1  0.0  NW_015504249.1    3592   3690 (177059) + Charlie2b      DNA/hAT-Charlie     499    604 (2178)   8  
 1692   18.2  6.0  4.1  NW_015504249.1    3820   4249 (176500) + L1MC4a         LINE/L1            6744   7181  (701)   9  
 1794    9.2  5.6  0.2  NW_015504249.1    4250   4547 (176202) + L1_Felid       LINE/L1            3023   3323    (1)  10  
 1625   16.5  5.8  0.3  NW_015504249.1    4590   4936 (175813) + L1MC4a         LINE/L1            7205   7570  (312)   9  
  921   12.8  0.6  1.1  NW_015504249.1    5002   5183 (175566) C L1-4_PVa       LINE/L1             (0)   6821   6641  11  
   23    3.7  0.0  0.0  NW_015504249.1    5191   5218 (175531) + (AG)n          Simple_repeat         1     28    (0)  12  
 1271   22.3  5.1  4.4  NW_015504249.1    6540   6989 (173760) C L1ME1          LINE/L1             (1)   6178   5726  13  
 1308   15.4  5.9  0.8  NW_015504249.1    6996   7231 (173518) C Ves4_ML        SINE/tRNA           (2)    248      1  14  
  574   18.5  2.5  0.0  NW_015504249.1    7232   7346 (173403) C L1ME1          LINE/L1           (441)   5738   5621  13  
  256   24.8  9.5  4.1  NW_015504249.1    7345   7580 (173169) + L1M5           LINE/L1            1944   2205 (4140)  15 *
 1185   19.4  2.4  4.4  NW_015504249.1    7581   7833 (172916) + Ves4_ML        SINE/tRNA             1    248    (2)  16 *
 1431   25.1  9.2  3.3  NW_015504249.1    7832   8485 (172264) + L1M5           LINE/L1            2172   2862 (3284)  15  
 1579   24.3  4.5  1.4  NW_015504249.1    8580   9138 (171611) C L1MC1_EC       LINE/L1          (2839)   3506   2931  17  
 2549   17.8  2.9  1.8  NW_015504249.1    9143   9755 (170994) C L1-2a_EF       LINE/L1             (0)   6672   6053  18  
  803   20.6  2.6  8.4  NW_015504249.1    9756  10068 (170681) C L1M5           LINE/L1          (3210)   2936   2641  19  
 1922   22.8  7.0  0.2  NW_015504249.1   10235  10705 (170044) + MLT1F          LTR/ERVL-MaLR         9    511   (37)  20  
 1133   13.6  1.6  0.2  NW_015504249.1   10713  10929 (169820) C Ves2_ML        SINE/tRNA          (13)    219      1  21  
  981   15.8  3.3  6.3  NW_015504249.1   10989  11232 (169517) + Ves4_ML        SINE/tRNA            14    250    (0)  22  
   48    0.0  0.0  0.0  NW_015504249.1   11420  11460 (169289) + (TG)n          Simple_repeat         1     41    (0)  23  
  942   15.0  5.0  2.7  NW_015504249.1   11599  11817 (168932) + Ves3_ML        SINE/tRNA             3    226    (6)  24  
   17   21.2  1.7  5.2  NW_015504249.1   11841  11900 (168849) + A-rich         Low_complexity        1     58    (0)  25  
 1229   11.9  2.0  0.0  NW_015504249.1   12180  12381 (168368) + Ves2B_ML       SINE/tRNA            15    220   (32)  26  
  705   21.1  2.8  0.0  NW_015504249.1   12389  12530 (168219) + MLT1F          LTR/ERVL-MaLR        18    163  (385)  27  
  616   19.6  3.2  1.9  NW_015504249.1   12515  12670 (168079) + Cheshire_Mars  DNA/hAT-Charlie     628    785 (1619)  28 *
  950   17.8  1.1  0.0  NW_015504249.1   12826  13005 (167744) + Cheshire_Mars  DNA/hAT-Charlie     778    959 (1445)  29  
 1829   14.9 11.1  8.0  NW_015504249.1   13013  13507 (167242) C L1MB8          LINE/L1             (0)   6178   5667  30  
 1178   14.5  1.3  0.9  NW_015504249.1   13513  13741 (167008) + Cheshire       DNA/hAT-Charlie    1016   1245 (1175)  31  
  883   19.2  3.2  3.6  NW_015504249.1   13735  13955 (166794) + Cheshire       DNA/hAT-Charlie    1276   1495  (925)  32 *
 2284   17.2  1.3  2.3  NW_015504249.1   13959  14434 (166315) C L1MB3          LINE/L1             (7)   6176   5706  33  
 2059   19.3  4.9  0.4  NW_015504249.1   14456  14928 (165821) + Cheshire       DNA/hAT-Charlie    1507   2000  (420)  34  
 1441   12.2  2.4  4.9  NW_015504249.1   15404  15696 (165053) C LTR13B_ML      LTR/ERV1            (0)    670    385  35  
  461   11.8 14.4  3.0  NW_015504249.1   15687  15834 (164915) C Ves3_ML        SINE/tRNA           (0)    232     30  36 *
 1408   18.2 12.9  1.7  NW_015504249.1   15844  16206 (164543) C LTR13B_ML      LTR/ERV1          (267)    403      1  35  
  454   17.4 23.3  0.7  NW_015504249.1   17411  17590 (163159) C Ves3_ML        SINE/tRNA           (1)    231      1  37  
  689   13.9 19.7  2.2  NW_015504249.1   19202  19399 (161350) + Ves3_ML        SINE/tRNA             1    232    (0)  38  
 3220   14.4  2.9  0.3  NW_015504249.1   21325  21908 (158841) C LTR18E_ML      LTR/ERV1          (185)    599      1  39  
  627   19.4  4.9  0.0  NW_015504249.1   22243  22386 (158363) + CHESHIRE-2_MD  DNA/hAT-Charlie     961   1111  (261)  40 *
 1026   18.7  5.9  1.6  NW_015504249.1   22383  22621 (158128) C Ves2B_ML       SINE/tRNA           (3)    249      1  41  
  939   19.1  6.4  1.8  NW_015504249.1   22622  22887 (157862) + Cheshire_Mars_ DNA/hAT-Charlie    1114   1391    (2)  42  
  599   18.6 13.3  7.9  NW_015504249.1   23325  23564 (157185) C Ves2B_ML       SINE/tRNA           (0)    252      1  43  
  971   14.8  2.1  2.1  NW_015504249.1   23802  23987 (156762) + Ves2B_ML       SINE/tRNA             1    186   (66)  44  
 2889   10.8  3.8  3.6  NW_015504249.1   24204  24538 (156211) C LTR7F_ML       LTR/ERV1            (0)    565    233  45  
   51    2.1  0.0  0.0  NW_015504249.1   24539  24586 (156163) + (GT)n          Simple_repeat         1     48    (0)  46  
 2889   10.8  3.8  3.6  NW_015504249.1   24587  24778 (155971) C LTR7F_ML       LTR/ERV1          (333)    232     38  45  
 1893   19.0  4.3  5.4  NW_015504249.1   24985  25490 (155259) + MLT1D          LTR/ERVL-MaLR         1    501    (4)  47  
  824   15.9  2.2  5.8  NW_015504249.1   25503  25682 (155067) C LTR44_PVa      LTR/ERV1            (0)    542    369  48  
   16   40.9  1.5  0.0  NW_015504249.1   25683  25696 (155053) + (AT)n          Simple_repeat         1     41   (28)  49  
   17   27.7  0.0  0.0  NW_015504249.1   25697  25743 (155006) + (ATAC)n        Simple_repeat         1     47    (0)  50  
   16   40.9  1.5  0.0  NW_015504249.1   25744  25750 (154999) + (AT)n          Simple_repeat        42     69    (0)  49  
   18    0.0  0.0  0.0  NW_015504249.1   26125  26147 (154602) + (AAAC)n        Simple_repeat         1     23    (0)  51  
   18    0.0  0.0  0.0  NW_015504249.1   27974  27993 (152756) + (A)n           Simple_repeat         1     20    (0)  52  
   17    0.0  0.0  0.0  NW_015504249.1   28023  28041 (152708) + (A)n           Simple_repeat         1     19    (0)  52  
   12    8.9  4.2  0.0  NW_015504249.1   30616  30639 (150110) + (GTGG)n        Simple_repeat         1     25    (0)  53  
 1095   16.4  3.3  0.5  NW_015504249.1   30850  31063 (149686) C Ves3_ML        SINE/tRNA          (10)    222      3  54  
  515   22.4  2.7  0.7  NW_015504249.1   31327  31474 (149275) C L1-3_PVa       LINE/L1             (7)   6547   6397  55  
  506   14.3  1.9  2.8  NW_015504249.1   31735  31842 (148907) + HAL1-2_ML      LINE/L1            2510   2616   (17)  56  
  993   11.1  4.1  0.0  NW_015504249.1   32989  33160 (147589) + Ves2_ML        SINE/tRNA             1    179   (90)  57  
  600   16.5 10.1  0.6  NW_015504249.1   33185  33322 (147427) C Ves2_ML        SINE/tRNA         (105)    147      1  58  
 1094   13.5  4.5  0.5  NW_015504249.1   33924  34137 (146612) C Ves2_ML        SINE/tRNA          (13)    219      1  59  
  985   17.1  9.5  1.5  NW_015504249.1   34141  34383 (146366) + MER58B         DNA/hAT-Charlie      80    341    (0)  60  
 1325   25.6 17.4  0.8  NW_015504249.1   35259  35901 (144848) + Charlie29b     DNA/hAT-Charlie     319   1067  (127)  61  
  917   20.4 11.4  3.3  NW_015504249.1   38000  38381 (142368) + L1ME3Cz        LINE/L1            5541   5972  (278)  62  
   20    8.0  0.0  0.0  NW_015504249.1   38382  38426 (142323) + (TG)n          Simple_repeat         1     45    (0)  63  
   18   18.9  0.0  2.7  NW_015504249.1   38408  38445 (142304) + (TA)n          Simple_repeat         1     37    (0)  64 *
 2226   16.7  2.1  1.4  NW_015504249.1   41062  41792 (138957) C L1M4           LINE/L1          (2726)   3420   2599  65  
  671   20.9  2.4  0.6  NW_015504249.1   42041  42208 (138541) C L1MB7          LINE/L1             (0)   6184   6014  66  
   16    0.0  0.0  0.0  NW_015504249.1   43300  43317 (137432) + (GA)n          Simple_repeat         1     18    (0)  67  
  326   23.7  5.2  0.0  NW_015504249.1   44196  44312 (136437) + L1MC           LINE/L1            5297   5393  (849)  68  
   21    0.0  0.0  0.0  NW_015504249.1   44447  44469 (136280) + (T)n           Simple_repeat         1     23    (0)  69  
  349   28.8  1.5  0.0  NW_015504249.1   44531  44662 (136087) + L1MC           LINE/L1            5514   5647 (2235)  68  
 1321   14.4  2.8  3.6  NW_015504249.1   45030  45281 (135468) + Ves4_ML        SINE/tRNA             1    250    (0)  70  
  293   34.0  6.5  0.6  NW_015504249.1   45609  45762 (134987) C L1MC5a         LINE/L1          (2255)   5775   5613  71  
 1187   14.0  4.5  1.3  NW_015504249.1   46388  46611 (134138) + Ves3_ML        SINE/tRNA             1    231    (1)  72  
 1152   10.1  0.0  5.4  NW_015504249.1   46708  46884 (133865) C DNAX1_Opr      DNA/hAT-Charlie     (0)    204     37  73  
   15   24.1  2.6  0.0  NW_015504249.1   47016  47054 (133695) + (AT)n          Simple_repeat         1     40    (0)  74  
 1489   20.1 11.3  5.2  NW_015504249.1   47066  47570 (133179) C L1MC4          LINE/L1           (149)   7893   7360  75  
 1139   11.3 21.6  0.4  NW_015504249.1   47570  47791 (132958) C Ves2_ML        SINE/tRNA           (0)    269      1  76 *
  654   20.0 17.2  0.7  NW_015504249.1   47793  48024 (132725) C L1MC4          LINE/L1           (671)   7371   7102  75  
   15    0.0  0.0  0.0  NW_015504249.1   48041  48057 (132692) + (TC)n          Simple_repeat         1     17    (0)  77 *
   18    0.0  0.0  0.0  NW_015504249.1   48057  48076 (132673) + (T)n           Simple_repeat         1     20    (0)  78  
  444   18.7  5.8 11.3  NW_015504249.1   48077  48299 (132450) C L1MC4          LINE/L1           (832)   7210   6999  79  
  989   20.9  4.5  2.4  NW_015504249.1   48302  48546 (132203) C Ves4_ML        SINE/tRNA           (0)    250      1  80  
 1183   27.3  4.8  0.8  NW_015504249.1   48547  48998 (131751) C L1MC4          LINE/L1          (1029)   7013   6422  79  
   12   18.1  0.0  3.1  NW_015504249.1   49081  49113 (131636) + (TAAT)n        Simple_repeat         1     32    (0)  81  
  569   25.5  3.0  1.8  NW_015504249.1   52524  52687 (128062) C L1ME3A         LINE/L1            (13)   6160   5995  82  
   12   17.6  3.1  0.0  NW_015504249.1   53907  53938 (126811) + (TTAT)n        Simple_repeat         1     33    (0)  83  
  524   18.7  6.7  7.8  NW_015504249.1   55589  55783 (124966) + Ves2B_ML       SINE/tRNA            16    246    (6)  84  
 1068   18.4  8.4  2.1  NW_015504249.1   56213  56439 (124310) C Ves4_ML        SINE/tRNA           (0)    250     10  85  
  399   26.3 15.8  0.8  NW_015504249.1   59471  59692 (121057) C L1ME4b         LINE/L1           (257)   5888   5634  86  
  902   24.5 18.1  1.6  NW_015504249.1   61363  61848 (118901) C L1ME3G         LINE/L1           (340)   5837   5273  87  
  989   14.2  4.1  0.1  NW_015504249.1   61891  62100 (118649) C Ves2_ML        SINE/tRNA           (0)    232      2  88  
  907   21.4  3.1  2.3  NW_015504249.1   62411  62684 (118065) C L1ME2          LINE/L1           (281)   6163   5889  89  
  563   17.3 25.0  0.5  NW_015504249.1   62698  62877 (117872) C Ves2_ML        SINE/tRNA          (12)    220      1  90  
  788   13.6 18.8  2.6  NW_015504249.1   62910  63106 (117643) C Ves3_ML        SINE/tRNA           (2)    230      3  91  
 1236   23.1  6.5  3.9  NW_015504249.1   63115  63596 (117153) C L1ME2          LINE/L1           (279)   5885   5427  89  
  758   12.5 22.9  1.4  NW_015504249.1   63572  63750 (116999) C Ves3_ML        SINE/tRNA           (2)    230     14  92 *
  392   17.2  7.1  1.7  NW_015504249.1   63765  63876 (116873) C L1M5           LINE/L1          (1010)   5434   5317  93  
   16    0.0  0.0  8.0  NW_015504249.1   63877  63903 (116846) + (GTG)n         Simple_repeat         1     25    (0)  94  
 1879   21.5 11.3  0.0  NW_015504249.1   63917  64520 (116229) C L1M5           LINE/L1          (2443)   3703   3032  93  
 1225   12.7  2.9  1.9  NW_015504249.1   64528  64736 (116013) C Ves3_ML        SINE/tRNA           (8)    224     14  95  
 1242   22.7 12.4  1.4  NW_015504249.1   64755  65389 (115360) C L1ME4b         LINE/L1          (3228)   2918   2340  86  
 3202   17.0  7.2  3.2  NW_015504249.1   65509  66231 (114518) C L1MB8          LINE/L1             (0)   6353   5603  96  
   16    3.1 12.1  0.0  NW_015504249.1   66238  66270 (114479) + (TTAT)n        Simple_repeat         1     37    (0)  97  
  310   16.7  1.5  0.0  NW_015504249.1   66272  66337 (114412) C HAL1-2_ML      LINE/L1             (5)   2628   2562  98  
  385   23.0  7.1  0.0  NW_015504249.1   66526  66651 (114098) C L1-2a_EF       LINE/L1           (119)   6553   6419  99  
 2630   17.4  0.9  2.6  NW_015504249.1   66656  67575 (113174) C HAL1-3_ML      LINE/L1          (4158)   3079   1471 100  
 6213   17.6  5.3  2.1  NW_015504249.1   67661  69020 (111729) C HAL1-3_ML      LINE/L1          (1917)   1407      5 100  
  368   27.5  5.6 10.8  NW_015504249.1   69033  69354 (111395) + L1-4a_EF       LINE/L1            3481   3787 (5592) 101  
 2842   17.2  5.5  3.9  NW_015504249.1   69355  69774 (110975) C L1MB8          LINE/L1           (744)   5614   4875  96  
  649   24.5  7.8  2.5  NW_015504249.1   69950  70339 (110410) C L1MB8          LINE/L1          (3028)   3293   2810  96  
 1498    9.3  8.8  0.4  NW_015504249.1   70341  70578 (110171) C Ves2_ML        SINE/tRNA          (11)    258      1 102  
 2403   20.7 16.6  1.6  NW_015504249.1   70590  71593 (109156) C L1MB8          LINE/L1          (3870)   2650   1492  96  
   19    0.0  0.0  0.0  NW_015504249.1   71995  72015 (108734) + (AC)n          Simple_repeat         1     21    (0) 103  
   20   24.3  0.0  0.0  NW_015504249.1   72271  72323 (108426) + (TCATAT)n      Simple_repeat         1     53    (0) 104  
   17   13.3  0.0  0.0  NW_015504249.1   72485  72517 (108232) + (TTTGTT)n      Simple_repeat         1     33    (0) 105  
 4021   15.7  7.2  2.0  NW_015504249.1   73133  73973 (106776) C L1MB8          LINE/L1             (0)   6178   5295 106  
  978   16.4  3.9  0.7  NW_015504249.1   74275  74488 (106261) C Ves2_ML        SINE/tRNA           (0)    232      1 107  
 2369   13.6  4.9  0.8  NW_015504249.1   74637  75104 (105645) C L1MB8          LINE/L1           (830)   5316   4830 106  
  906   30.5  6.1  1.6  NW_015504249.1   77457  77866 (102883) C L1ME3G         LINE/L1           (343)   5834   5407 108  
 1158   18.9  9.2  0.0  NW_015504249.1   79466  79692 (101057) C Ves2B_ML       SINE/tRNA           (4)    248      1 109  
 1076   17.5  4.2  2.7  NW_015504249.1   83284  83500  (97249) C Ves2B_ML       SINE/tRNA          (27)    225      6 110  
  993   15.4 10.1  0.4  NW_015504249.1   83644  83851  (96898) + Ves2B_ML       SINE/tRNA             1    228   (24) 111  
   13   18.8  0.0  5.3  NW_015504249.1   84018  84057  (96692) + (TTTCATC)n     Simple_repeat         1     38    (0) 112  
 3485   16.0  4.2  0.9  NW_015504249.1   84504  85178  (95571) + L1MB7          LINE/L1            5469   6165   (19) 113  
 1075   13.7  3.4  0.8  NW_015504249.1   87349  87565  (93184) C Ves2_ML        SINE/tRNA          (10)    222      1 114  
  834   16.5 21.3  0.4  NW_015504249.1   88011  88217  (92532) + Ves4_ML        SINE/tRNA             1    250    (0) 115  
 1996   24.0  6.8  2.4  NW_015504249.1   88313  89204  (91545) C L1M5           LINE/L1          (2727)   3419   2489 116  
  360   21.4  8.8  3.0  NW_015504249.1   89200  89324  (91425) C L1_Carn7       LINE/L1             (0)   6508   6377 117 *
   26    0.0  0.0  0.0  NW_015504249.1   89845  89869  (90880) + (GTTTT)n       Simple_repeat         1     25    (0) 118  
  735    7.7 42.6  0.4  NW_015504249.1   89870  90052  (90697) C Ves2_ML        SINE/tRNA           (9)    260      1 119  
   14   20.6  0.0  6.4  NW_015504249.1   90578  90627  (90122) + (ATTTTA)n      Simple_repeat         1     47    (0) 120  
  371   27.4  8.8  5.5  NW_015504249.1   90966  91193  (89556) + MIRb           SINE/MIR             24    258   (10) 121  
   14   20.6  0.0  6.4  NW_015504249.1   91470  91519  (89230) + (ATTTTA)n      Simple_repeat         1     47    (0) 122  
 2312   16.3  6.9  0.7  NW_015504249.1   92636  93068  (87681) + Tigger3        DNA/TcMar-Tigger      1    460 (2569) 123  
  627   12.9  1.0  2.0  NW_015504249.1   93058  93160  (87589) + Tigger3        DNA/TcMar-Tigger   2839   2940   (89) 124 *
  746   15.4  7.2  1.4  NW_015504249.1   93148  93285  (87464) + Tigger3        DNA/TcMar-Tigger   2883   3028    (1) 125  
   18   12.6  0.0  0.0  NW_015504249.1   95430  95456  (85293) + (AC)n          Simple_repeat         1     27    (0) 126  
   15    4.3  0.0  4.0  NW_015504249.1   95680  95705  (85044) + (TTAT)n        Simple_repeat         1     25    (0) 127  
   12   34.8  2.8  0.0  NW_015504249.1   96443  96514  (84235) + (CCTCGG)n      Simple_repeat         1     74    (0) 128  
  754   14.9 12.3  0.0  NW_015504249.1   97078  97261  (83488) C Ves2B_ML       SINE/tRNA           (4)    248      1 129  
   20    3.7  0.0  0.0  NW_015504249.1   99081  99108  (81641) + (TTTCC)n       Simple_repeat         1     28    (0) 130  
 1084   26.4 10.3  3.6  NW_015504249.1   99109  99678  (81071) C L1MC5a         LINE/L1             (0)   8030   7424 131  
 1222   14.9 13.5  0.0  NW_015504249.1   99688  99909  (80840) C Ves2B_ML       SINE/tRNA           (0)    252      1 132  
 1019   25.1  4.5 10.1  NW_015504249.1   99910 100284  (80465) C L1MC5a         LINE/L1           (593)   7437   7082 131  
   14    4.5  0.0  4.2  NW_015504249.1  104616 104640  (76109) + (TATG)n        Simple_repeat         1     24    (0) 133  
   11   18.7  0.0  7.7  NW_015504249.1  106821 106862  (73887) + (TTTTCTG)n     Simple_repeat         1     39    (0) 134  
  562   23.4  1.4  0.0  NW_015504249.1  107225 107365  (73384) C Ves2B_ML       SINE/tRNA         (109)    143      1 135  
 1300   15.4  7.2  0.8  NW_015504249.1  107391 107625  (73124) C Ves4_ML        SINE/tRNA           (0)    250      1 136  
  951   17.5  4.1  0.6  NW_015504249.1  108535 108706  (72043) C Ves4_ML        SINE/tRNA          (72)    178      1 137  
  815   13.3 18.1  2.7  NW_015504249.1  113096 113288  (67461) + Ves3_ML        SINE/tRNA             3    224    (8) 138  
 1031   14.0  7.6  1.8  NW_015504249.1  113414 113624  (67125) + Ves3_ML        SINE/tRNA             1    223    (9) 139  
 1027   12.7  3.2  0.8  NW_015504249.1  114933 115136  (65613) + Ves2_ML        SINE/tRNA             1    222   (10) 140  
  349   16.5  8.9  0.0  NW_015504249.1  115297 115375  (65374) C Ves2B_ML       SINE/tRNA         (166)     86      1 141  
  555   14.5 11.6  2.3  NW_015504249.1  116596 116782  (63967) + Ves2B_ML       SINE/tRNA             7    252    (0) 142  
  246   14.0  0.0  2.3  NW_015504249.1  116923 116966  (63783) C L1MB5          LINE/L1            (66)   6108   6066 143  
   13   10.4  6.1  2.9  NW_015504249.1  120146 120178  (60571) + GA-rich        Low_complexity        1     34    (0) 144  
 1447   12.2  4.4  0.7  NW_015504249.1  124242 124514  (56235) C L1M4           LINE/L1          (1515)   4631   4349 145  
   51    5.2  0.0  0.0  NW_015504249.1  125177 125236  (55513) + (T)n           Simple_repeat         1     60    (0) 146  
   20    0.0  0.0  0.0  NW_015504249.1  125540 125561  (55188) + (T)n           Simple_repeat         1     22    (0) 147  
 1041   11.9 10.6  3.1  NW_015504249.1  127056 127263  (53486) C Ves3_ML        SINE/tRNA           (7)    225      3 148  
  900   14.9  5.6  0.0  NW_015504249.1  127275 127435  (53314) C L1MD1          LINE/L1             (0)   6242   6073 149  
   16   17.9  5.8  1.9  NW_015504249.1  128330 128381  (52368) + (TTTGT)n       Simple_repeat         1     54    (0) 150  
 1219   23.8  8.8  1.1  NW_015504249.1  129283 129634  (51115) + Charlie13a     DNA/hAT-Charlie      70    448 (1066) 151  
 1475   14.7  3.7  8.7  NW_015504249.1  130068 130394  (50355) + MER33          DNA/hAT-Charlie       1    312   (12) 152  
  488   28.1 11.9  2.5  NW_015504249.1  130564 130815  (49934) + Charlie13a     DNA/hAT-Charlie     736   1010  (504) 153  
  277   11.6  0.0  7.7  NW_015504249.1  130880 130935  (49814) C L1M4           LINE/L1           (316)   5862   5811 154  
 1008   15.7 11.7  3.2  NW_015504249.1  131010 131240  (49509) C Ves4_ML        SINE/tRNA           (0)    250      1 155  
 2073   17.6  2.7  0.5  NW_015504249.1  131241 131640  (49109) C L1MB8          LINE/L1           (352)   5826   5418 156  
  804   19.0  1.9 12.4  NW_015504249.1  131630 131944  (48805) C HAL1-2_ML      LINE/L1             (0)   2633   2450 157 *
  871   17.4 10.2  3.9  NW_015504249.1  131950 132165  (48584) C Ves3_ML        SINE/tRNA           (1)    231      3 158  
  655   10.4 15.5  1.1  NW_015504249.1  132167 132321  (48428) C L1_Carni       LINE/L1           (508)   5676   5500 159  
 1079   14.7  5.3  0.5  NW_015504249.1  132385 132605  (48144) C Ves2B_ML       SINE/tRNA           (2)    267      1 160  
   31    0.0  0.0  0.0  NW_015504249.1  133282 133308  (47441) + (CA)n          Simple_repeat         1     27    (0) 161  
   16    0.0  0.0  0.0  NW_015504249.1  134763 134782  (45967) + (AAT)n         Simple_repeat         1     20    (0) 162  
  320   15.7  5.6  1.4  NW_015504249.1  135200 135270  (45479) + Ves2B_ML       SINE/tRNA             1     74  (178) 163  
 1047   22.2  9.2  0.7  NW_015504249.1  136771 137165  (43584) + L1ME4b         LINE/L1            5255   5970 (3120) 164  
  413   24.6  5.8  2.8  NW_015504249.1  137164 137301  (43448) C MLT1H1         LTR/ERVL-MaLR      (12)    543    402 165 *
  689   26.4  2.9  0.4  NW_015504249.1  137335 137577  (43172) + L1ME4b         LINE/L1            5636   5884  (261) 164  
 1097   17.5  7.2  0.4  NW_015504249.1  137582 137816  (42933) + Ves2B_ML       SINE/tRNA             1    251    (1) 166  
  564   28.0  4.1  1.0  NW_015504249.1  138111 138305  (42444) + MIRb           SINE/MIR             32    232   (36) 167  
 2947   18.2  3.7  1.0  NW_015504249.1  138710 139307  (41442) C MER90a         LTR/ERV1            (0)    614      1 168  
  329   27.0  2.2  1.1  NW_015504249.1  144146 144235  (36514) C L2c            LINE/L2             (7)   3380   3290 169  
 1109   15.0  8.7  0.8  NW_015504249.1  144393 144621  (36128) + Ves4_ML        SINE/tRNA             1    247    (3) 170  
  485   22.3  4.1  0.0  NW_015504249.1  144836 144956  (35793) + MIRc           SINE/MIR             27    152  (116) 171  
  320   29.3  2.6  0.8  NW_015504249.1  150536 150652  (30097) C MLT1N2         LTR/ERVL-MaLR      (30)    532    429 172  
   12   16.3  2.8  2.8  NW_015504249.1  152509 152544  (28205) + (GCCTCC)n      Simple_repeat         1     36    (0) 173  
   14   12.8  2.8  2.8  NW_015504249.1  152623 152658  (28091) + G-rich         Low_complexity        1     36    (0) 174  
   14    4.0  3.3  6.9  NW_015504249.1  153109 153138  (27611) + (TCT)n         Simple_repeat         1     29    (0) 175  
  248   13.0  0.0  0.0  NW_015504249.1  153358 153403  (27346) + Ves4_ML        SINE/tRNA           205    250    (0) 176 *
 2779   13.7  4.0  8.1  NW_015504249.1  153403 153981  (26768) C LTR15C_ML      LTR/ERV1          (105)    781    225 177  
 1128   10.7  2.4  0.0  NW_015504249.1  153955 154122  (26627) C LTR39C_ML      LTR/ERV1          (752)    177      6 178 *
  955   19.6  4.2  2.3  NW_015504249.1  154328 154541  (26208) C Ves4_ML        SINE/tRNA           (1)    249     32 179  
  380   28.3  5.6  1.2  NW_015504249.1  154707 154867  (25882) C MIRc           SINE/MIR           (32)    236     69 180  
  316   24.2 17.7  1.0  NW_015504249.1  155352 155526  (25223) C X6a_DNA        DNA/TcMar-Tigger    (0)    376    173 181  
  869   12.1 17.1  1.4  NW_015504249.1  156530 156722  (24027) C Ves3_ML        SINE/tRNA           (0)    232     10 182  
  569   27.9  9.2  2.6  NW_015504249.1  160215 160508  (20241) C L2a            LINE/L2             (1)   3425   3113 183  
  339   27.0 14.6  0.7  NW_015504249.1  161016 161261  (19488) C L1ME4a         LINE/L1           (242)   5882   5603 184 *
  921   19.2 13.7  0.0  NW_015504249.1  161256 161474  (19275) C Ves2B_ML       SINE/tRNA           (2)    250      2 185  
  238   26.6 18.1  2.2  NW_015504249.1  161485 161722  (19027) C L1ME4a         LINE/L1           (515)   5609   5335 184  
  312   15.6 15.1  1.5  NW_015504249.1  163264 163360  (17389) C MIRb           SINE/MIR          (167)    127     19 186  
  593   13.0 23.9  2.5  NW_015504249.1  163831 164008  (16741) C Ves3_ML        SINE/tRNA          (16)    216      3 187  
   16    3.5  3.0  6.2  NW_015504249.1  164044 164076  (16673) + (TTATG)n       Simple_repeat         1     32    (0) 188  
   15   15.3  0.0  5.3  NW_015504249.1  165871 165910  (14839) + A-rich         Low_complexity        1     38    (0) 189  
  689   14.1 19.6  0.1  NW_015504249.1  166264 166440  (14309) + Ves2_ML        SINE/tRNA             1    221   (31) 190  
   60    1.6  1.6  0.0  NW_015504249.1  166441 166502  (14247) + (AAAT)n        Simple_repeat         1     63    (0) 191  
  484   19.0 10.9  1.4  NW_015504249.1  166988 167115  (13634) + MLT1C2         LTR/ERVL-MaLR         1    140  (365) 192 *
 1300   18.9  2.3  3.2  NW_015504249.1  167100 167444  (13305) + L1-2a_EF       LINE/L1            6330   6671    (1) 193  
 1007   17.6  8.5  1.7  NW_015504249.1  167506 167776  (12973) + MLT1C2         LTR/ERVL-MaLR       109    397   (64) 192  
  260   25.5  2.9  4.0  NW_015504249.1  168291 168392  (12357) + Mariner-1_MMa  DNA/TcMar-Tigger      1    101 (2341) 194  
  330   31.0  9.2  0.7  NW_015504249.1  169291 169550  (11199) C HAL1ME         LINE/L1            (18)   2447   2166 195  
 1140   20.1 19.2  2.1  NW_015504249.1  170298 170713  (10036) C L1MC5          LINE/L1             (0)   7947   7462 196  
  859   14.6 12.8  2.3  NW_015504249.1  170688 170883   (9866) C Ves3_ML        SINE/tRNA          (10)    222      7 197 *
   17    0.0  0.0  0.0  NW_015504249.1  170897 170915   (9834) + (T)n           Simple_repeat         1     19    (0) 198  
  558   10.9 31.2  0.5  NW_015504249.1  171190 171366   (9383) + Ves2_ML        SINE/tRNA             1    269    (0) 199  
  644   23.8  0.0  1.9  NW_015504249.1  171876 172038   (8711) C L1MC5          LINE/L1           (457)   7490   7331 196  
   46    0.0  0.0  0.0  NW_015504249.1  172043 172081   (8668) + (AT)n          Simple_repeat         1     39    (0) 200  
   57    3.6  0.0  0.0  NW_015504249.1  172406 172463   (8286) + (AT)n          Simple_repeat         1     58    (0) 201  
 1036   11.9  2.7  1.6  NW_015504249.1  172465 172652   (8097) C Ves3_ML        SINE/tRNA          (28)    204     15 202  
 1196   20.6 21.1  0.8  NW_015504249.1  172665 173351   (7398) C L1MC5          LINE/L1           (600)   7347   6475 196  
  314   21.2  2.3  2.3  NW_015504249.1  173370 173456   (7293) C HAL1           LINE/L1           (860)   1647   1561 203  
 1064   12.7  5.2  3.2  NW_015504249.1  173458 173674   (7075) + Ves2_ML        SINE/tRNA             1    222   (10) 204  
  267   17.4  2.5  6.5  NW_015504249.1  173604 173683   (7066) C ERV48_MD-int   LTR/ERVK           (90)   2839   2763 205 *
  280   15.5  4.0  4.0  NW_015504249.1  173615 173688   (7061) C MuDR-N72_OS    DNA/MULE-MuDR    (3674)    307    234 206  
  229    9.3  4.7  0.0  NW_015504249.1  173674 173716   (7033) C Ves3_ML        SINE/tRNA          (58)    174    130 207 *
  940   20.7  7.1  3.3  NW_015504249.1  174384 174678   (6071) C L2a            LINE/L2             (1)   3425   3120 208  
  243   18.6  0.0  0.0  NW_015504249.1  174866 174908   (5841) + Gypsy-15_LH-I  LTR/Gypsy          1951   1993 (2113) 209  
  277   29.7  3.0  0.0  NW_015504249.1  174970 175070   (5679) + L1MEi          LINE/L1              70    173 (2039) 210  
  346   22.6 16.5  0.0  NW_015504249.1  175944 176058   (4691) + L2c            LINE/L2            3254   3387    (0) 211  
  297   12.5  7.1  0.0  NW_015504249.1  177353 177408   (3341) + MLT1L          LTR/ERVL-MaLR        22     81  (529) 212  
 2028   22.8 16.1  2.6  NW_015504249.1  177445 178196   (2553) C LTR102_Mam     LTR/ERVL            (0)    851      1 213  
  324   21.4  4.7  1.1  NW_015504249.1  178236 178320   (2429) + MLT1L          LTR/ERVL-MaLR       201    288  (322) 212  
  372   29.4  4.2  5.9  NW_015504249.1  178578 178817   (1932) C Mon1f0         SINE/MIR            (0)    267     35 214  
  783   20.5  6.0  0.0  NW_015504249.1  178849 179033   (1716) C MLT1D          LTR/ERVL-MaLR       (2)    503    308 215  
  976   14.4 17.1  0.4  NW_015504249.1  179036 179251   (1498) C Ves2B_ML       SINE/tRNA           (0)    252      1 216  
   84    0.0  0.0  0.0  NW_015504249.1  179254 179327   (1422) + (TTCT)n        Simple_repeat         1     74    (0) 217  
  751   12.5 19.6  2.7  NW_015504249.1  179328 179513   (1236) C Ves3_ML        SINE/tRNA          (12)    220      4 218  
  346   12.7 11.3  0.0  NW_015504249.1  179554 179624   (1125) C MLT1D          LTR/ERVL-MaLR     (260)    245    167 215  
  902   18.5  4.0  0.0  NW_015504249.1  179625 179797    (952) + Ves2_ML        SINE/tRNA             1    180   (89) 219  
  359   12.8 23.1  3.5  NW_015504249.1  179810 179906    (843) + Ves3_ML        SINE/tRNA           106    223    (0) 220  
  841   20.5  3.5  0.0  NW_015504249.1  179909 180079    (670) C MLT1D          LTR/ERVL-MaLR     (328)    177      1 215  
  322   14.2 16.3  2.0  NW_015504249.1  180643 180728     (21) C Charlie15a     DNA/hAT-Charlie     (2)    222    125 221  
