   SW   perc perc perc  query           position in query     matching    repeat           position in repeat
score   div. del. ins.  sequence        begin end    (left)   repeat      class/family   begin  end    (left)  ID

   13    9.3  0.0  0.0  NW_015504249.1    950   972 (99028) + (TTTG)n     Simple_repeat       1     23    (0)   1  
 4801   10.6  5.4  1.0  NW_015504249.1   1259  2089 (97911) C L1-4_PVa    LINE/L1         (569)   6252   5386   2  
   16   10.8  6.7  0.0  NW_015504249.1   2981  3010 (96990) + (TC)n       Simple_repeat       1     32    (0)   3  
   18   10.0  0.0  3.0  NW_015504249.1   4966  4999 (95001) + (AGGGG)n    Simple_repeat       1     33    (0)   4  
   16    5.2  0.0  0.0  NW_015504249.1   6488  6507 (93493) + (GT)n       Simple_repeat       1     20    (0)   5  
   29    6.9  6.1  2.9  NW_015504249.1   6974  7039 (92961) + (CA)n       Simple_repeat       1     68    (0)   6  
   37   23.4  4.7  0.0  NW_015504249.1   7043  7148 (92852) + (AC)n       Simple_repeat       1    111    (0)   7  
   34    3.0  0.0  0.0  NW_015504249.1   8472  8505 (91495) + (GT)n       Simple_repeat       1     34    (0)   8  
  679   34.3  0.4  1.2  NW_015504249.1  11651 11895 (88105) C L1ME4b      LINE/L1         (379)   5766   5524   9  
 1915   20.6 16.3  1.7  NW_015504249.1  12502 13046 (86954) C LTR5_EC     LTR/ERVL          (0)    627      4  10  
  332   28.0 10.8  0.0  NW_015504249.1  15836 16021 (83979) C L2          LINE/L2         (337)   3082   2877  11  
  263   27.6  1.1  0.0  NW_015504249.1  16075 16161 (83839) C L2          LINE/L2         (710)   2709   2622  11  
   15   16.5  0.0  2.9  NW_015504249.1  17100 17135 (82865) + (GGAGCA)n   Simple_repeat       1     35    (0)  12  
   20    7.8  0.0  0.0  NW_015504249.1  17916 17942 (82058) + (CA)n       Simple_repeat       1     27    (0)  13  
   27   28.9  1.6  4.1  NW_015504249.1  20744 20867 (79133) + (CCCTTCC)n  Simple_repeat       1    121    (0)  14  
 3079   18.7  6.2  0.6  NW_015504249.1  21684 22323 (77677) C LTR39B1_PVa LTR/ERV1          (0)    676      1  15  
 1337   28.5  3.3  0.7  NW_015504249.1  25508 25927 (74073) C L1-4_PVa    LINE/L1        (6273)    548    118  16  
  694   20.0  0.0  2.2  NW_015504249.1  25962 26099 (73901) C L1-4_PVa    LINE/L1        (6681)    140      6  16  
  275   36.1  3.8  0.0  NW_015504249.1  32567 32699 (67301) C L2          LINE/L2         (665)   2754   2617  17  
  491   31.3 13.3  1.1  NW_015504249.1  34571 34967 (65033) C L2          LINE/L2         (450)   2969   2525  18  
   12   10.8  2.9  6.1  NW_015504249.1  35808 35841 (64159) + G-rich      Low_complexity      1     33    (0)  19  
  739   30.1  6.8  1.4  NW_015504249.1  35886 36225 (63775) C L2          LINE/L2         (549)   2870   2513  20  
 1481   22.9 10.0  2.8  NW_015504249.1  36229 36700 (63300) + MLT1D       LTR/ERVL-MaLR       1    505    (0)  21  
 1364   26.8 13.5  1.5  NW_015504249.1  36738 37382 (62618) C L2          LINE/L2         (938)   2481   1761  20  
  423   31.5  8.1  1.7  NW_015504249.1  37421 37643 (62357) C L2          LINE/L2        (1726)   1693   1457  20  
  660   28.4  1.1  0.0  NW_015504249.1  37658 37840 (62160) C L2          LINE/L2        (2037)   1382   1198  20  
  262   19.2  3.6  6.9  NW_015504249.1  37921 38010 (61990) C L1MdA_II    LINE/L1        (5128)   1823   1761  22  
 3421   22.7  8.4  2.0  NW_015504249.1  38044 39675 (60325) C L1MEg       LINE/L1        (3754)   2392    563  23  
  351   27.0  9.0  0.0  NW_015504249.1  40330 40440 (59560) C L2          LINE/L2        (1102)   2317   2197  24  
  230   25.4 19.0  1.4  NW_015504249.1  40673 40919 (59081) C L2          LINE/L2        (2459)    960    671  24  
  313   20.6  0.0  0.0  NW_015504249.1  40984 41046 (58954) C L2          LINE/L2        (2905)    514    452  24  
  705   30.6 10.6  3.7  NW_015504249.1  42458 42938 (57062) + L1MEj       LINE/L1           266    778 (1382)  25  
 1281   23.4 18.5  0.7  NW_015504249.1  42975 43482 (56518) + L1MEj       LINE/L1           905   1502  (658)  25  
   15    8.0  7.4  0.0  NW_015504249.1  43623 43649 (56351) + (TC)n       Simple_repeat       1     29    (0)  26  
  388   27.6  5.8  0.0  NW_015504249.1  43651 43806 (56194) + L1MEj       LINE/L1          1528   1692  (468)  25  
  279   15.9  6.2 11.1  NW_015504249.1  43862 43974 (56026) + L1MEj       LINE/L1          2047   2154    (6)  27  
  230   30.2  0.0  1.2  NW_015504249.1  44015 44101 (55899) + L1-6_LA     LINE/L1          2957   3042 (4542)  28  
  294   31.7  0.2  0.1  NW_015504249.1  44432 44582 (55418) + L1-1B_Cho   LINE/L1          3084   3210 (4233)  29  
  389   33.6  4.9  3.0  NW_015504249.1  44825 45282 (54718) + L1-2_EC     LINE/L1          3531   3844 (2077)  30  
  443   22.7  2.5  8.0  NW_015504249.1  45494 45651 (54349) + L1-2a_EF    LINE/L1          6522   6671    (1)  31  
  332   23.0  2.2 13.2  NW_015504249.1  45652 45678 (54322) C L1-4a_EF    LINE/L1        (6495)   2884   2718  32  
   28    3.3  0.0  0.0  NW_015504249.1  55664 55694 (44306) + (CAGGCTT)n  Simple_repeat       1     31    (0)  33  
   16    0.0  0.0  0.0  NW_015504249.1  55878 55894 (44106) + (T)n        Simple_repeat       1     17    (0)  34  
   16   14.4  2.5  2.5  NW_015504249.1  59541 59580 (40420) + (ATTTAAC)n  Simple_repeat       1     40    (0)  35  
  317   27.2  9.5  3.2  NW_015504249.1  60096 60243 (39757) + L1ME4a      LINE/L1          5968   6124    (0)  36  
 1077   10.9  6.0  1.0  NW_015504249.1  61027 61211 (38789) + L1MD1       LINE/L1          6049   6242    (0)  37 *
 1789   24.0  6.2  1.5  NW_015504249.1  61208 61783 (38217) + L1M5        LINE/L1          3514   4116 (2030)  38  
 1361   30.2  5.1  0.9  NW_015504249.1  61789 62316 (37684) + L1ME3Cz     LINE/L1           328    877 (6244)  39  
  673   10.9 16.8  1.8  NW_015504249.1  62321 62508 (37492) + Ves2_ML     SINE/tRNA           1    268    (1)  40  
 6692   19.2  3.0  2.4  NW_015504249.1  62681 64652 (35348) + HAL1-3_ML   LINE/L1             5   2633    (0)  41  
  463   24.4 14.6  1.0  NW_015504249.1  64703 64963 (35037) + L1ME3Cz     LINE/L1          1102   1397 (5724)  39  
  488   18.7  7.2 11.0  NW_015504249.1  65309 65572 (34428) + L1ME3Cz     LINE/L1          1985   2239 (4882)  39  
 2221   15.7  5.8  0.5  NW_015504249.1  65616 66031 (33969) + L1MB7       LINE/L1          5731   6168   (16)  42  
 3066   24.3 10.9  3.0  NW_015504249.1  66103 66707 (33293) + L1ME3Cz     LINE/L1          2320   2959 (3187)  39  
   61    3.7  4.6  1.1  NW_015504249.1  66708 66794 (33206) + (TAGA)n     Simple_repeat       1     90    (0)  43  
 3066   24.3 10.9  3.0  NW_015504249.1  66795 67759 (32241) + L1ME3Cz     LINE/L1          2960   4010 (2136)  39  
  378   27.6  3.5  0.0  NW_015504249.1  68599 68714 (31286) + L1ME3Cz     LINE/L1          4028   4147 (1999)  39  
   12    4.8  4.5  0.0  NW_015504249.1  68717 68738 (31262) + (TGAC)n     Simple_repeat       1     23    (0)  44 *
   17   19.3  1.9  3.9  NW_015504249.1  68737 68798 (31202) + (GATG)n     Simple_repeat       1     60    (0)  45  
  679   26.7  6.1  0.9  NW_015504249.1  68804 69212 (30788) + L1ME3Cz     LINE/L1          4176   4605 (1541)  39  
  632   26.3 19.9  2.8  NW_015504249.1  69225 69633 (30367) + L1ME3Cz     LINE/L1          4667   5145 (1001)  39  
 1340   25.4  3.3  5.6  NW_015504249.1  69823 70440 (29560) + L1ME3Cz     LINE/L1          5254   6305  (493)  39  
 1087   28.8  4.4  0.9  NW_015504249.1  70477 70918 (29082) + L1ME3Cz     LINE/L1          5647   6101   (22)  39  
  534   17.4  2.5  2.5  NW_015504249.1  71190 71307 (28693) + Ves2B_ML    SINE/tRNA         125    242   (10)  46  
 1161   16.5  5.5  0.4  NW_015504249.1  72264 72501 (27499) C L1MAB_EC    LINE/L1          (15)   6879   6630  47  
   12   29.6  1.6  3.3  NW_015504249.1  72598 72658 (27342) + A-rich      Low_complexity      1     60    (0)  48  
  444   30.9  6.0  3.5  NW_015504249.1  72755 73089 (26911) + L1M5        LINE/L1          4720   5062 (1084)  49  
 4321   16.6  4.6  1.4  NW_015504249.1  73367 74220 (25780) + L1MC1       LINE/L1          5551   6315   (18)  50  
  446   12.4  1.3  0.9  NW_015504249.1  74220 74309 (25691) + L1MC1       LINE/L1          6255   6344    (0)  51 *
 1195   18.5  8.4  0.0  NW_015504249.1  74368 74594 (25406) + Ves2B_ML    SINE/tRNA           6    251    (1)  52  
 2796   17.8  1.9  3.3  NW_015504249.1  74638 75224 (24776) + L1-2a_EF    LINE/L1          6085   6663    (9)  53  
  615   23.9  3.5 12.2  NW_015504249.1  74942 75260 (24740) C L1-4a_EF    LINE/L1        (9085)    294      1  54 *
  371   26.0 19.4  1.0  NW_015504249.1  75309 75720 (24280) + L1M5        LINE/L1          4795   5281  (865)  55  
 1173   15.3  3.9  0.5  NW_015504249.1  75726 75957 (24043) + Ves2_ML     SINE/tRNA           1    251    (1)  56  
  539   22.7 15.8  4.1  NW_015504249.1  76565 76954 (23046) + L1M5        LINE/L1          5083   5518  (605)  57  
  362   23.9 15.0  3.0  NW_015504249.1  77163 77369 (22631) + L1ME3G      LINE/L1          5713   5943  (234)  58  
  232   19.3 10.5  0.0  NW_015504249.1  77811 77867 (22133) + L1ME3G      LINE/L1          6073   6135   (42)  58  
  651   20.9 18.1  1.3  NW_015504249.1  77930 78133 (21867) + Ves2B_ML    SINE/tRNA           1    238   (14)  59  
  315   11.7  0.0  3.3  NW_015504249.1  78146 78207 (21793) + Ves2B_ML    SINE/tRNA         191    250    (2)  60  
 1084   13.3  2.8  0.5  NW_015504249.1  78251 78432 (21568) + Ves2B_ML    SINE/tRNA           1    186   (66)  61  
 1152   12.4  3.9  1.0  NW_015504249.1  78456 78676 (21324) C Ves2_ML     SINE/tRNA         (0)    252      1  62  
  319   29.7 18.4  0.0  NW_015504249.1  78699 78883 (21117) + L1ME3G      LINE/L1          5348   5566  (611)  63  
 1486   13.2  9.3  0.0  NW_015504249.1  78991 79270 (20730) + L1-4_PVa    LINE/L1          6511   6816    (5)  64  
 1163   19.5  9.4  1.7  NW_015504249.1  79314 79589 (20411) + L1MD2       LINE/L1          5338   5634  (725)  65  
 1432   26.8  7.6  1.4  NW_015504249.1  79684 80145 (19855) + L1MD2       LINE/L1          5656   6145  (214)  65  
  463   15.4 22.7  1.9  NW_015504249.1  80145 80276 (19724) + L1MC4a      LINE/L1          7723   7881    (1)  66 *
  540   16.7  2.1  0.0  NW_015504249.1  80845 80940 (19060) C MLT1E2      LTR/ERVL-MaLR     (0)    627    530  67  
 1398   23.0 11.2  2.9  NW_015504249.1  80962 81382 (18618) C MLT1E2      LTR/ERVL-MaLR   (172)    455      1  67  
 4937   11.6  1.5  0.3  NW_015504249.1  81401 82153 (17847) C L1-3a_EF    LINE/L1         (234)   6379   5618  68  
  448   18.1  1.5  0.1  NW_015504249.1  82467 82587 (17413) C L1-3a_EF    LINE/L1        (1077)   5595   5426  69  
  383   23.5  2.9  2.9  NW_015504249.1  82588 82692 (17308) + L1ME3G      LINE/L1          5798   5902  (275)  63  
  563   25.4 10.6  3.6  NW_015504249.1  82853 83089 (16911) + L1ME3G      LINE/L1          5925   6177    (0)  63  
   17    4.9  0.0  0.0  NW_015504249.1  83648 83668 (16332) + (AC)n       Simple_repeat       1     21    (0)  70  
  865   25.3  5.6  4.5  NW_015504249.1  84540 84972 (15028) + L1MC4a      LINE/L1          5583   6040  (105)  71  
  646   10.6 16.5  3.5  NW_015504249.1  85262 85438 (14562) + Ves2_ML     SINE/tRNA           5    269    (0)  72  
  287   14.8 11.4  6.0  NW_015504249.1  86194 86272 (13728) + HAL1-2_ML   LINE/L1          2546   2628    (5)  73  
  686   14.3 21.4  0.6  NW_015504249.1  86864 87058 (12942) C Ves2_ML     SINE/tRNA         (1)    251      1  74  
 1011   12.8 23.1  1.1  NW_015504249.1  87504 87724 (12276) C Ves2_ML     SINE/tRNA         (0)    269      1  75  
 1102   12.3  1.2  0.7  NW_015504249.1  91411 91634  (8366) + Ves2_ML     SINE/tRNA           1    269    (0)  76  
  476   11.8  4.0  0.0  NW_015504249.1  92789 92864  (7136) + L1MB8       LINE/L1          6088   6166   (12)  77 *
 1026   14.1  0.3  9.0  NW_015504249.1  92859 93073  (6927) C Ves2_ML     SINE/tRNA        (12)    257      2  78  
  722   19.0 17.5  0.0  NW_015504249.1  95527 95726  (4274) + L1MB4       LINE/L1          5940   6174    (6)  79  
  639   18.2  0.6  4.7  NW_015504249.1  97109 97264  (2736) + L1-2_PVa    LINE/L1          6126   6275    (5)  80  
   17   20.0  9.2  0.0  NW_015504249.1  98495 98559  (1441) + (TAGA)n     Simple_repeat       1     71    (0)  81  
