   SW   perc perc perc  query           position in query     matching       repeat              position in repeat
score   div. del. ins.  sequence        begin end    (left)   repeat         class/family      begin  end    (left)  ID

  514   10.4  0.0  2.6  NW_015504249.1    673   751 (99249) + MER53          DNA/hAT-Blackjack    117    193    (0)   1  
  306   25.5 23.6  0.9  NW_015504249.1   1841  2018 (97982) + Ves2B_ML       SINE/tRNA              1    218   (34)   2  
  491   31.2  7.6  1.7  NW_015504249.1   2056  2397 (97603) + L1-5_LA        LINE/L1             2748   3173 (3337)   3  
   16   19.3  4.1  2.0  NW_015504249.1   2685  2733 (97267) + (AAT)n         Simple_repeat          1     50    (0)   4  
  516    7.4  6.2  2.0  NW_015504249.1   2734  2830 (97170) C DNA1-2_ML      DNA                 (30)    101      1   5  
  335   23.3  2.4  0.0  NW_015504249.1   3043  3141 (96859) + L1-2B1_Cho     LINE/L1             4459   4514 (4576)   6  
  417   28.3  1.6  0.8  NW_015504249.1   3304  3431 (96569) + L1M5           LINE/L1             5488   5616  (508)   7  
   17   11.3  0.0  0.0  NW_015504249.1   3433  3461 (96539) + (ATAA)n        Simple_repeat          1     29    (0)   8  
   16    0.0  0.0  0.0  NW_015504249.1   4128  4145 (95855) + (T)n           Simple_repeat          1     18    (0)   9  
   16    0.0  0.0  0.0  NW_015504249.1   4175  4191 (95809) + (T)n           Simple_repeat          1     17    (0)   9  
  231   31.5  4.4  3.7  NW_015504249.1   4694  4828 (95172) + L1ME3Cz        LINE/L1             5625   5760  (490)  10  
 1751   17.3 18.6  2.7  NW_015504249.1   5986  6706 (93294) + LTR39C_ML      LTR/ERV1               1    929    (0)  11  
   13   32.1  0.0  0.0  NW_015504249.1   8823  8872 (91128) + (CCAT)n        Simple_repeat          1     50    (0)  12  
  939   29.6  9.9  3.5  NW_015504249.1   9941 10528 (89472) + L2             LINE/L2             2426   3049  (370)  13  
  905   12.4 10.3  0.7  NW_015504249.1  11195 11388 (88612) + Ves2_ML        SINE/tRNA              1    223    (9)  14  
  235   27.7 15.5  1.0  NW_015504249.1  15542 15625 (84375) C MIRc           SINE/MIR           (110)    158     63  15  
  632   27.0  3.5  3.0  NW_015504249.1  17619 17820 (82180) C MIRb           SINE/MIR            (31)    237     35  16  
 1697   17.9 11.1  1.5  NW_015504249.1  19006 19430 (80570) + MLT1C          LTR/ERVL-MaLR          1    465    (2)  17  
  697   14.2 22.0  2.6  NW_015504249.1  21801 21999 (78001) + Ves3_ML        SINE/tRNA              1    232    (0)  18  
  797   13.9  2.6  5.4  NW_015504249.1  22657 22808 (77192) + MER5A          DNA/hAT-Charlie       21    168   (21)  19  
  611   16.7  9.7  0.0  NW_015504249.1  23674 23787 (76213) + MER5A1         DNA/hAT-Charlie       10    134   (32)  20  
   18   12.0  0.0  0.0  NW_015504249.1  24997 25023 (74977) + (CT)n          Simple_repeat          1     27    (0)  21  
  271   26.0 12.6  1.7  NW_015504249.1  26060 26274 (73726) C L1ME4a         LINE/L1             (12)   6112   5875  22  
 1073   14.7  4.9  0.2  NW_015504249.1  27301 27499 (72501) C Ves2_ML        SINE/tRNA           (19)    213      1  23  
   15   10.0  0.0  0.0  NW_015504249.1  27790 27811 (72189) + (AC)n          Simple_repeat          1     22    (0)  24  
  668   14.2  2.3  1.5  NW_015504249.1  31705 31833 (68167) + DNA1-2_ML      DNA                    1    130    (1)  25  
  692   21.9 28.2  2.1  NW_015504249.1  31930 32424 (67576) + L1MC5          LINE/L1             7240   7861   (86)  26  
 1184   18.9  5.5  1.2  NW_015504249.1  33274 33509 (66491) + Ves4_ML        SINE/tRNA              1    246    (4)  27  
  274   17.4 16.8  8.7  NW_015504249.1  33519 33625 (66375) + L1MC5          LINE/L1             7893   8007   (23)  26  
   16    0.0  0.0  0.0  NW_015504249.1  34880 34896 (65104) + (A)n           Simple_repeat          1     17    (0)  28  
 1283   11.9  1.8  0.7  NW_015504249.1  34899 35126 (64874) + Ves2_ML        SINE/tRNA              1    231    (1)  29  
  858   16.3  2.8  5.7  NW_015504249.1  35699 35880 (64120) + L1MB2          LINE/L1             5936   6112   (59)  30  
   13   22.7  0.0  0.0  NW_015504249.1  36992 37027 (62973) + A-rich         Low_complexity         1     36    (0)  31  
  525   16.5  2.2  0.0  NW_015504249.1  37822 37912 (62088) + L1MB2          LINE/L1             6020   6112   (59)  32  
 1549   17.0  3.5  2.0  NW_015504249.1  42701 43070 (56930) + L1M4           LINE/L1             5428   5758  (426)  33  
 7710   15.0 10.6  1.3  NW_015504249.1  43072 44660 (55340) + L1_Felid       LINE/L1              356   1941 (1738)  34  
 1037   12.0  3.9  2.2  NW_015504249.1  44666 44867 (55133) + Ves2_ML        SINE/tRNA              1    219   (13)  35  
 3736   12.1  3.1  3.2  NW_015504249.1  44874 45877 (54123) + L1_Felid       LINE/L1             2031   3679    (0)  34  
  822   22.2  8.2  3.5  NW_015504249.1  45888 46106 (53894) + L1MB8          LINE/L1             5810   6038  (140)  36  
 1739   16.9 17.8  1.2  NW_015504249.1  46119 46561 (53439) C L1MC2          LINE/L1              (9)   6335   5820  37  
  634   19.4  5.2  0.0  NW_015504249.1  46563 46696 (53304) + L1MB7          LINE/L1             6028   6168   (16)  38  
 1640   19.7  9.5  1.3  NW_015504249.1  46722 47142 (52858) + L1MB5          LINE/L1             5452   5906  (268)  39  
  751   11.2  4.8  0.8  NW_015504249.1  47143 47268 (52732) + DNA1-2_ML      DNA                    1    131    (0)  40  
 1434   13.3  6.4  0.4  NW_015504249.1  47269 47517 (52483) + L1MB5          LINE/L1             5905   6168    (6)  39  
 1148   12.8  2.4  2.5  NW_015504249.1  47694 47899 (52101) C Ves2_ML        SINE/tRNA            (9)    260      1  41  
 1038    8.1  5.4  4.1  NW_015504249.1  47988 48154 (51846) + Ves3_ML        SINE/tRNA             63    231    (1)  42  
  313   33.5  3.3  3.9  NW_015504249.1  49322 49504 (50496) C MIRb           SINE/MIR            (73)    195     14  43  
  341   24.0  8.7  0.0  NW_015504249.1  49779 49928 (50072) + L1ME4a         LINE/L1             5768   5930  (194)  44  
  328   15.2  7.2  4.7  NW_015504249.1  51073 51155 (48845) C Ves2B_ML       SINE/tRNA          (167)     85      1  45  
   19   20.2  1.9  1.9  NW_015504249.1  51494 51546 (48454) + A-rich         Low_complexity         1     53    (0)  46  
   20    0.0  0.0  0.0  NW_015504249.1  52505 52526 (47474) + (A)n           Simple_repeat          1     22    (0)  47  
  625   23.9 10.6  1.8  NW_015504249.1  52813 53113 (46887) + L1ME4b         LINE/L1             5281   5607  (538)  48  
 1072   12.5  5.2  1.4  NW_015504249.1  53114 53324 (46676) C Tigger7        DNA/TcMar-Tigger     (0)   2492   2274  49  
  997   13.4  4.4  1.9  NW_015504249.1  53339 53543 (46457) + Ves3_ML        SINE/tRNA             15    224    (8)  50  
  332    6.4  0.0  0.0  NW_015504249.1  53559 53605 (46395) C Tigger7        DNA/TcMar-Tigger   (210)   2282   2236  49 *
  807   22.8  7.2  0.5  NW_015504249.1  53603 53809 (46191) C MER44c_Laf     DNA/TcMar-Tigger   (448)    221      1  51  
  377   25.8 10.4  3.4  NW_015504249.1  53810 54058 (45942) + L1ME4b         LINE/L1             5606   5871  (274)  48  
 2327   21.4  1.8  3.6  NW_015504249.1  54393 54963 (45037) + MER68          LTR/ERVL               3    563    (0)  52  
  819   10.9  8.7  1.6  NW_015504249.1  55742 55932 (44068) + Ves3_ML        SINE/tRNA              1    224    (8)  53  
 1018   14.8  2.3  3.3  NW_015504249.1  58410 58625 (41375) + Ves3_ML        SINE/tRNA              3    216   (16)  54  
  905   20.2  1.1  7.3  NW_015504249.1  59194 59454 (40546) + Ves2B_ML       SINE/tRNA              3    248    (4)  55  
 1150   13.5  6.3  0.0  NW_015504249.1  60918 61124 (38876) C Ves3_ML        SINE/tRNA           (10)    222      3  56  
  927   18.2  4.4  2.6  NW_015504249.1  61411 61636 (38364) C Ves3_ML        SINE/tRNA            (0)    232      3  57  
   23    0.0  0.0  0.0  NW_015504249.1  63619 63643 (36357) + (A)n           Simple_repeat          1     25    (0)  58  
   21    0.0  0.0  0.0  NW_015504249.1  64162 64184 (35816) + (A)n           Simple_repeat          1     23    (0)  59  
  993   12.8  6.1  0.1  NW_015504249.1  66441 66651 (33349) + Ves2_ML        SINE/tRNA              1    232    (0)  60  
 1003   15.8 15.1  2.0  NW_015504249.1  66935 67153 (32847) + Ves2B_ML       SINE/tRNA              1    247    (5)  61  
  730   16.4 22.4  0.0  NW_015504249.1  67737 67919 (32081) C Ves2B_ML       SINE/tRNA           (28)    224      1  62  
  975   13.0 15.4  2.4  NW_015504249.1  68114 68334 (31666) + Ves4_ML        SINE/tRNA              2    250    (0)  63  
  955   11.7  4.2  1.0  NW_015504249.1  68362 68562 (31438) + Ves2_ML        SINE/tRNA              2    260    (9)  64  
 2987   11.1 11.9  0.9  NW_015504249.1  68649 69237 (30763) + L1-4_PVa       LINE/L1             6165   6817    (4)  65  
  793   20.9  7.3  4.4  NW_015504249.1  70457 70614 (29386) + Ves2B_ML       SINE/tRNA              1    172   (80)  66  
   37    0.0  0.0  0.0  NW_015504249.1  70615 70646 (29354) + (TG)n          Simple_repeat          1     32    (0)  67  
  793   20.9  7.3  4.4  NW_015504249.1  70647 70732 (29268) + Ves2B_ML       SINE/tRNA            173    251    (1)  66  
 1123   11.6 17.1  0.4  NW_015504249.1  70965 71180 (28820) + Ves2B_ML       SINE/tRNA              1    252    (0)  68  
   13   21.1  2.6  0.0  NW_015504249.1  72301 72338 (27662) + (GGCTCC)n      Simple_repeat          1     39    (0)  69  
 1014   18.1  4.5  1.6  NW_015504249.1  73494 73735 (26265) + Arthur1C       DNA/hAT-Tip100        18    266   (97)  70  
 1581   15.8  1.3 12.4  NW_015504249.1  76666 77040 (22960) C MER2           DNA/TcMar-Tigger     (0)    345      8  71  
   12   21.8  0.0  6.7  NW_015504249.1  78018 78065 (21935) + A-rich         Low_complexity         1     45    (0)  72  
   17   15.3  0.0  0.0  NW_015504249.1  78095 78137 (21863) + (AT)n          Simple_repeat          1     43    (0)  73  
  428   17.4 20.2  2.0  NW_015504249.1  78635 78823 (21177) C Ves2B_ML       SINE/tRNA            (3)    266      1  74  
 1181   17.1  0.4  0.6  NW_015504249.1  78854 79088 (20912) + L1MB4          LINE/L1             5588   5794  (386)  75  
 1145    9.8  1.7  0.4  NW_015504249.1  79089 79284 (20716) + Ves2_ML        SINE/tRNA              1    244   (25)  76  
  202    1.0  3.8  0.0  NW_015504249.1  79286 79496 (20504) + (ATAG)n        Simple_repeat          1    219    (0)  77  
 1387   16.4  3.2  1.3  NW_015504249.1  79497 79802 (20198) + L1MB4          LINE/L1             5815   6126   (54)  75  
 1001   18.1  5.9  2.0  NW_015504249.1  79803 80039 (19961) + Ves4_ML        SINE/tRNA              1    246    (4)  78  
  248    8.5  6.6  3.2  NW_015504249.1  80057 80117 (19883) + L1MB4          LINE/L1             6117   6179    (1)  75  
 1043   18.4  2.6  1.3  NW_015504249.1  80259 80484 (19516) + Ves3_ML        SINE/tRNA              3    231    (1)  79  
  677   13.3 19.6  2.3  NW_015504249.1  80739 80922 (19078) + Ves3_ML        SINE/tRNA             14    228    (4)  80  
   20    0.0  7.4  0.0  NW_015504249.1  81022 81048 (18952) + (TA)n          Simple_repeat          1     29    (0)  81  
  256   20.7  5.2  0.0  NW_015504249.1  83101 83158 (16842) + MIRb           SINE/MIR             120    180   (88)  82  
  903   19.0  6.9  6.0  NW_015504249.1  83188 83433 (16567) C Ves4_ML        SINE/tRNA            (0)    250      3  83  
  994   12.0  1.8  1.5  NW_015504249.1  83962 84180 (15820) + Ves2_ML        SINE/tRNA              1    260    (9)  84  
   15    5.5  0.0  0.0  NW_015504249.1  84182 84200 (15800) + (AC)n          Simple_repeat          1     19    (0)  85  
  686   25.1  1.8  0.0  NW_015504249.1  84511 84677 (15323) C MER45A         DNA/hAT-Tip100       (8)    170      1  86  
  289   23.7 12.8  0.3  NW_015504249.1  85756 86019 (13981) + L1ME4b         LINE/L1             5118   5411  (762)  87  
  434   23.9 18.2  2.7  NW_015504249.1  86094 86351 (13649) + L1ME4b         LINE/L1             5556   5852  (293)  87  
  253   17.0  4.3  0.0  NW_015504249.1  87140 87186 (12814) C MER-2-1_Laf    DNA/TcMar-Tigger   (706)     49      1  88  
  523   17.7  5.6  1.0  NW_015504249.1  88374 88525 (11475) + Ves4_ML        SINE/tRNA             90    252    (0)  89  
  937   16.9  9.0  0.0  NW_015504249.1  88851 89051 (10949) C Ves2B_ML       SINE/tRNA           (32)    220      2  90  
 1140   17.8  5.6  0.8  NW_015504249.1  89260 89491 (10509) C Ves4_ML        SINE/tRNA            (7)    243      1  91  
  517   29.5  2.4  0.0  NW_015504249.1  90902 91061  (8939) C L3             LINE/CR1           (646)   3453   3290  92  
  829   16.9 10.7  0.9  NW_015504249.1  91062 91268  (8732) + Ves2_ML        SINE/tRNA              1    221   (11)  93  
  689   29.7 10.3  1.1  NW_015504249.1  91271 91590  (8410) C L3             LINE/CR1           (800)   3299   2951  92  
  379   29.5 13.8  4.8  NW_015504249.1  91665 92187  (7813) C L3             LINE/CR1          (1304)   2795   2228  92  
  935   17.0  2.9  4.2  NW_015504249.1  92206 92444  (7556) C L1M5           LINE/L1           (1528)   4618   4383  94  
 1034   17.5  5.7  4.8  NW_015504249.1  92455 92700  (7300) + Ves4_ML        SINE/tRNA              3    250    (0)  95  
   14   18.5  0.0  0.0  NW_015504249.1  92847 92877  (7123) + (ATTT)n        Simple_repeat          1     31    (0)  96  
  416   22.1 10.5  1.9  NW_015504249.1  92878 93020  (6980) C Ves2B_ML       SINE/tRNA           (97)    155      1  97  
  951   17.5 12.9  0.0  NW_015504249.1  93024 93296  (6704) + Cheshire_Mars_ DNA/hAT-Charlie     1124   1391    (2)  98  
  335   16.1  2.5 12.7  NW_015504249.1  93297 93414  (6586) C L1M5           LINE/L1           (1850)   4296   4190  94  
 1145   12.6  2.6  0.2  NW_015504249.1  93418 93639  (6361) C Ves2_ML        SINE/tRNA            (1)    231      1  99  
 1136    9.2  4.9  1.4  NW_015504249.1  93874 94084  (5916) C Ves3_ML        SINE/tRNA            (0)    269      7 100  
  588   26.0  7.3  1.3  NW_015504249.1  95364 95581  (4419) + Charlie2a      DNA/hAT-Charlie       52    282 (2579) 101  
 2321   19.3 12.3  0.4  NW_015504249.1  95612 96364  (3636) + Charlie2b      DNA/hAT-Charlie     1777   2619  (163) 102  
  304   15.5  2.8  0.0  NW_015504249.1  96464 96534  (3466) + Charlie2b      DNA/hAT-Charlie     2617   2689   (93) 103  
  828   17.8 10.8  0.5  NW_015504249.1  96547 96732  (3268) + Ves4_ML        SINE/tRNA              2    206   (44) 104  
  377   13.2  0.0  1.5  NW_015504249.1  96903 96969  (3031) + Ves4_ML        SINE/tRNA            177    242    (8) 104  
   29    0.0  0.0  0.0  NW_015504249.1  96970 96996  (3004) + (TAA)n         Simple_repeat          1     27    (0) 105  
  329   19.5  0.0  1.3  NW_015504249.1  97011 97088  (2912) + Charlie2b      DNA/hAT-Charlie     2706   2782    (0) 106  
   18   28.1  0.0  0.0  NW_015504249.1  98884 98948  (1052) + (CTC)n         Simple_repeat          1     65    (0) 107  
   13   11.2  3.2  3.2  NW_015504249.1  98962 98992  (1008) + (CAG)n         Simple_repeat          1     31    (0) 108  
   12   13.9  0.0  0.0  NW_015504249.1  99010 99033   (967) + (GAA)n         Simple_repeat          1     24    (0) 109  
   17   10.8  0.0  0.0  NW_015504249.1  99194 99223   (777) + (TATA)n        Simple_repeat          1     30    (0) 110  
 1172   15.6  4.2  1.9  NW_015504249.1  99338 99598   (402) + Ves2_ML        SINE/tRNA              2    268    (1) 111  
