   SW   perc perc perc  query           position in query     matching    repeat           position in repeat
score   div. del. ins.  sequence        begin end    (left)   repeat      class/family   begin  end    (left)  ID

  857   20.8  1.6  6.4  NW_015504249.1    229   474 (99526) + L1-4_PVa    LINE/L1          6586   6820    (1)   1  
   15   16.8  0.0 13.1  NW_015504249.1   3128  3196 (96804) + GA-rich     Low_complexity      1     61    (0)   2  
 3858   19.1  6.4  1.1  NW_015504249.1   4724  5631 (94369) + L1-4_PVa    LINE/L1          1398   2353 (4468)   3  
 1374   18.8  1.1  1.5  NW_015504249.1   5990  6259 (93741) + HAL1-3_ML   LINE/L1          2067   2335  (989)   4 *
 2335   16.0  1.9  5.3  NW_015504249.1   6251  6777 (93223) + L1-4_PVa    LINE/L1          2530   3039 (3782)   3  
 5412   15.0  5.1  2.5  NW_015504249.1   6865  8250 (91750) + L1_Carn7    LINE/L1          2712   4342 (2479)   5  
   53   14.3  4.6  0.0  NW_015504249.1   8485  8593 (91407) + (ATAG)n     Simple_repeat       1    114    (0)   6  
 1573   12.5  2.6  0.7  NW_015504249.1   8594  8859 (91141) + L1_Carn7    LINE/L1          4328   4598 (2223)   5  
   13    8.5  4.0  0.0  NW_015504249.1  14015 14039 (85961) + (AGGG)n     Simple_repeat       1     26    (0)   7  
   12   22.4  0.0  2.7  NW_015504249.1  16295 16332 (83668) + GA-rich     Low_complexity      1     37    (0)   8  
 1435   28.9  5.6  4.3  NW_015504249.1  18629 19362 (80638) + L1MC4       LINE/L1          7214   7956   (86)   9  
  776   22.2  6.3  2.9  NW_015504249.1  19715 19944 (80056) + L1MCb       LINE/L1             9    222 (5823)  10  
 2951   23.1  4.8  5.2  NW_015504249.1  20600 21452 (78548) + L1MCb       LINE/L1           221   1070 (4975)  10  
 2354   17.9 18.2  0.3  NW_015504249.1  21448 22166 (77834) + L1MC1_EC    LINE/L1          2664   3510 (2835)  11 *
 2397   15.4  6.1  0.0  NW_015504249.1  22165 22574 (77426) C LTR18G_ML   LTR/ERV1        (301)    435      1  12  
 1040   18.6  1.5  0.0  NW_015504249.1  22575 22773 (77227) + L1MC3       LINE/L1          5827   6028  (316)  13  
 3836   17.9 10.0  2.3  NW_015504249.1  22789 24143 (75857) + L1MC3       LINE/L1          6202   7659  (126)  13  
  331   10.0  0.0  0.0  NW_015504249.1  24173 24222 (75778) + L1_Carn7    LINE/L1          2739   2788 (4227)  14 *
  392   19.2  4.8  3.2  NW_015504249.1  24216 24350 (75650) + L1MC3       LINE/L1          7651   7779    (6)  13  
 4737   18.4  3.9  2.2  NW_015504249.1  25581 27425 (72575) + L1M3        LINE/L1          2477   4321 (2182)  15  
 7006   16.2  3.2  2.0  NW_015504249.1  27430 28848 (71152) + L1M3        LINE/L1          4741   6175  (719)  15  
 3399   13.2  3.4  1.0  NW_015504249.1  28845 29460 (70540) C L1M2        LINE/L1         (558)   5996   4782  16 *
 3611   12.2  2.3  0.9  NW_015504249.1  29442 30010 (69990) + L1-3_PVa    LINE/L1          5969   6545    (9)  17  
 2702   22.2  3.5  3.6  NW_015504249.1  30006 30668 (69332) + L1MA9       LINE/L1          5594   6255   (57)  18 *
  882   19.1  3.8  8.2  NW_015504249.1  30683 31001 (68999) + HAL1-3_PVa  LINE/L1            11    316 (3032)  19  
 1335   19.0  4.3  0.0  NW_015504249.1  31022 31326 (68674) + HAL1-3_ML   LINE/L1           590    907 (2417)  20  
  685   18.3  0.0  0.7  NW_015504249.1  34800 34942 (65058) + HAL1-2_ML   LINE/L1          2492   2633    (0)  21  
  296   14.5  1.6  0.0  NW_015504249.1  35000 35061 (64939) + L1MAB_EC    LINE/L1          6825   6887    (7)  22  
   13   24.5  2.3  0.0  NW_015504249.1  35063 35105 (64895) + (ATAA)n     Simple_repeat       1     44    (0)  23  
 1688   17.4  2.3  1.0  NW_015504249.1  38124 38431 (61569) C MLT1C2      LTR/ERVL-MaLR     (0)    461    150  24  
   16   27.0  0.0  2.2  NW_015504249.1  38578 38623 (61377) + (TC)n       Simple_repeat       1     45    (0)  25  
  330   19.4  3.2  0.0  NW_015504249.1  38675 38736 (61264) C MLT1C2      LTR/ERVL-MaLR   (297)    164    101  24  
 4001   15.6  2.7  0.0  NW_015504249.1  41631 42328 (57672) + L1-3a_EF    LINE/L1          4959   5675  (938)  26  
   28   12.9  0.0  0.0  NW_015504249.1  43937 43979 (56021) + (GT)n       Simple_repeat       1     43    (0)  27  
  254   35.1  0.0  0.0  NW_015504249.1  45756 45869 (54131) C L1-3_Cho    LINE/L1        (3220)   3577   3464  28  
  288   10.2  2.0  0.0  NW_015504249.1  45999 46047 (53953) C L1ME2z      LINE/L1           (8)   6436   6387  29  
   16    7.5  3.6  0.0  NW_015504249.1  47437 47464 (52536) + (ATTC)n     Simple_repeat       1     29    (0)  30  
   54    3.0  4.4  0.0  NW_015504249.1  47605 47672 (52328) + (TATCTG)n   Simple_repeat       1     71    (0)  31  
   65    0.0  0.0  0.0  NW_015504249.1  49567 49624 (50376) + (GCTCCCA)n  Simple_repeat       1     58    (0)  32  
  923   19.0 12.4  0.0  NW_015504249.1  52274 52542 (47458) + L1-3_PVa    LINE/L1          6283   6576   (37)  33  
   18   18.5  0.0  4.3  NW_015504249.1  54704 54751 (45249) + (CCCTCCT)n  Simple_repeat       1     46    (0)  34  
   18   12.6  0.0  0.0  NW_015504249.1  55234 55260 (44740) + (A)n        Simple_repeat       1     27    (0)  35  
   13   21.8  0.0  0.0  NW_015504249.1  56077 56109 (43891) + (TCTCTC)n   Simple_repeat       1     33    (0)  36  
   14   22.5  0.0  0.0  NW_015504249.1  56111 56146 (43854) + A-rich      Low_complexity      1     36    (0)  37  
   16   27.2  0.0  2.2  NW_015504249.1  57226 57271 (42729) + (TC)n       Simple_repeat       1     45    (0)  38  
 7698   14.8  4.0  1.4  NW_015504249.1  57576 59062 (40938) + L1-2a_EF    LINE/L1          5141   6665    (7)  39  
  288   35.6  7.0  1.3  NW_015504249.1  59073 59371 (40629) + L1M5        LINE/L1          5474   5789  (453)  40  
   15   22.5  2.3  2.3  NW_015504249.1  61142 61184 (38816) + (TC)n       Simple_repeat       1     43    (0)  41  
  802   14.9 27.1  1.1  NW_015504249.1  62760 63030 (36970) C L1MB4       LINE/L1           (1)   6179   5838  42  
  560   20.5  5.7  5.2  NW_015504249.1  64348 64558 (35442) + L1-2a_EF    LINE/L1          6454   6665    (7)  43  
   33   20.9  2.3  2.3  NW_015504249.1  65233 65318 (34682) + (TA)n       Simple_repeat       1     86    (0)  44  
   20   25.5  0.0  0.0  NW_015504249.1  65332 65376 (34624) + (TG)n       Simple_repeat       1     45    (0)  45  
  560   22.8 10.6  2.3  NW_015504249.1  65570 65852 (34148) C L1MEg       LINE/L1        (4078)   2006   1701  46  
  294   25.4  8.8  7.5  NW_015504249.1  66093 66343 (33657) C L1ME3A      LINE/L1         (166)   6007   5754  47  
  296   12.3  0.0 12.1  NW_015504249.1  66366 66439 (33561) C L1-4_PVa    LINE/L1           (0)   6821   6756  48  
 1791   25.2 14.6  3.7  NW_015504249.1  66442 67331 (32669) C L1MEg       LINE/L1        (4878)   1206    223  46  
   15   23.9  2.0  2.0  NW_015504249.1  68246 68296 (31704) + (TGAG)n     Simple_repeat       1     51    (0)  49  
  805   17.5  5.7  2.3  NW_015504249.1  68730 68931 (31069) C HAL1-3_PVa  LINE/L1          (20)   3328   3120  50  
   53    0.0  0.0  0.0  NW_015504249.1  68932 68979 (31021) + (ATTT)n     Simple_repeat       1     48    (0)  51  
   16   25.5  0.0  2.3  NW_015504249.1  69018 69061 (30939) + GA-rich     Low_complexity      1     43    (0)  52  
  456   17.4  1.1  0.0  NW_015504249.1  69321 69412 (30588) C L1_Carn7    LINE/L1         (180)   6328   6236  53  
  428   23.3  3.8  0.0  NW_015504249.1  70077 70235 (29765) + L1-4_PVa    LINE/L1          1636   1800 (5021)  54 *
 4167   16.4  0.5  1.9  NW_015504249.1  70209 71006 (28994) + L1-3a_EF    LINE/L1          3877   4663 (1950)  55 *
 6111   18.6  3.6  1.0  NW_015504249.1  70998 72360 (27640) + L1-3a_EF    LINE/L1          5055   6452  (161)  55  
   15   13.9  0.0  0.0  NW_015504249.1  72484 72507 (27493) + (A)n        Simple_repeat       1     24    (0)  56  
  807   20.8  1.6  6.4  NW_015504249.1  72512 72757 (27243) + L1-4_PVa    LINE/L1          6586   6820    (1)  57  
   19   18.7  2.9  6.1  NW_015504249.1  80006 80073 (19927) + A-rich      Low_complexity      1     66    (0)  58  
 3666   19.1  6.4  1.1  NW_015504249.1  81767 82674 (17326) + L1-4_PVa    LINE/L1          1398   2353 (4468)  59  
 3191   17.2  1.3  3.4  NW_015504249.1  83033 83730 (16270) + L1-4_PVa    LINE/L1          2356   3039 (3782)  59  
 5885   15.4  1.9  5.8  NW_015504249.1  83861 85215 (14785) + L1-4_PVa    LINE/L1          3038   4342 (2479)  59  
   67    8.9  4.1  0.0  NW_015504249.1  85459 85580 (14420) + (ATAG)n     Simple_repeat       1    127    (0)  60  
   24   21.1  1.7  0.0  NW_015504249.1  85591 85650 (14350) + (TAGA)n     Simple_repeat       1     61    (0)  61  
 1237   16.1  3.1  1.5  NW_015504249.1  85651 85908 (14092) + L1-4_PVa    LINE/L1          4328   4589 (2232)  59  
 7255   18.5  4.2  0.4  NW_015504249.1  88261 89814 (10186) + L1-4_PVa    LINE/L1          5208   6821    (0)  59  
  633   20.7  0.0  2.9  NW_015504249.1  89845 89988 (10012) + L1-3_PVa    LINE/L1          6406   6545    (9)  62  
   20   16.5  0.0  0.0  NW_015504249.1  90648 90681  (9319) + A-rich      Low_complexity      1     34    (0)  63  
   16    0.0  0.0  0.0  NW_015504249.1  93803 93823  (6177) + (GTTG)n     Simple_repeat       1     21    (0)  64  
   34    5.0  0.0  0.0  NW_015504249.1  93825 93865  (6135) + (TGGCTGGA)n Simple_repeat       1     41    (0)  65  
 1000   16.6  9.3  1.3  NW_015504249.1  93926 94283  (5717) + L1-3_PVa    LINE/L1          6283   6576   (37)  66  
   18   18.5  0.0  4.3  NW_015504249.1  96315 96362  (3638) + (CCCTCCT)n  Simple_repeat       1     46    (0)  67  
   13    0.0  0.0  0.0  NW_015504249.1  98104 98120  (1880) + (AAT)n      Simple_repeat       1     17    (0)  68  
   12   22.0  3.9  3.9  NW_015504249.1  98800 98850  (1150) + (GCCT)n     Simple_repeat       1     51    (0)  69  
   12   20.4  0.0  0.0  NW_015504249.1  99191 99219   (781) + (AACA)n     Simple_repeat       1     29    (0)  70  
