   SW   perc perc perc  query           position in query     matching       repeat             position in repeat
score   div. del. ins.  sequence        begin end    (left)   repeat         class/family     begin  end    (left)  ID

 1012   13.0  2.9  2.7  NW_015504249.1   4044  4258 (95742) C Ves2_ML        SINE/tRNA           (0)    269      1   1  
  565   23.5  1.4  4.5  NW_015504249.1   5867  6004 (93996) + Ves2B_ML       SINE/tRNA             1    134  (118)   2  
  840   15.7 11.3  4.0  NW_015504249.1   6010  6195 (93805) + Ves2B_ML       SINE/tRNA            49    247    (5)   3  
  476   20.9 11.2  0.8  NW_015504249.1   8040  8155 (91845) + Ves2B_ML       SINE/tRNA           115    242   (10)   2  
  250   26.2  4.8  3.0  NW_015504249.1   8408  8572 (91428) C L1M5           LINE/L1           (810)   5432   5265   4  
  543   18.5 15.4  0.0  NW_015504249.1   8657  8786 (91214) + Ves2B_ML       SINE/tRNA             1    150  (102)   5  
   35    0.0  0.0  0.0  NW_015504249.1   8825  8854 (91146) + (AT)n          Simple_repeat         1     30    (0)   6  
   56    0.0  0.0  0.0  NW_015504249.1  10137 10184 (89816) + (AT)n          Simple_repeat         1     48    (0)   7  
  729   13.4 22.5  0.6  NW_015504249.1  10187 10370 (89630) C Ves2_ML        SINE/tRNA          (24)    228      1   8  
  863   22.8  3.0  9.2  NW_015504249.1  10433 10698 (89302) C Ves2B_ML       SINE/tRNA           (0)    252      2   9  
 2596   17.2  7.4  2.5  NW_015504249.1  12334 12970 (87030) + LTR18A_ML      LTR/ERV1              1    738    (2)  10  
 1820   13.4  5.6  0.3  NW_015504249.1  13041 13377 (86623) + L1MAB_ML       LINE/L1            2505   2859 (3126)  11  
  708   15.2  0.0  0.8  NW_015504249.1  13374 13499 (86501) C L1-3a_EF       LINE/L1          (2649)   3964   3840  12 *
  737   21.8  3.7  1.5  NW_015504249.1  13498 13688 (86312) C L1-4a_EF       LINE/L1          (6366)   3013   2819  13 *
  903   17.9  1.5  4.6  NW_015504249.1  13522 13791 (86209) + HAL1-2_ML      LINE/L1            2361   2622   (11)  14  
  312    8.3 13.3  1.2  NW_015504249.1  14903 14977 (85023) + Ves2_ML        SINE/tRNA           150    264    (5)  15  
   14   19.3  2.3  2.3  NW_015504249.1  15964 16006 (83994) + A-rich         Low_complexity        1     43    (0)  16  
 1293   28.3 11.2  1.1  NW_015504249.1  16037 16725 (83275) + L1MEj          LINE/L1             786   1543  (617)  17  
  612   19.4  4.9  2.0  NW_015504249.1  17476 17617 (82383) C Ves2B_ML       SINE/tRNA           (1)    251    106  18  
 2139   21.7  5.3  3.6  NW_015504249.1  20999 21568 (78432) C L1ME1          LINE/L1             (8)   6171   5593  19  
 1304   13.0  4.7  3.8  NW_015504249.1  21568 21792 (78208) C Ves2B_ML       SINE/tRNA           (2)    267      1  20 *
 2074   24.8  6.3  4.4  NW_015504249.1  21795 23332 (76668) C L1ME1          LINE/L1           (724)   5621   3952  19  
  728   18.2 13.1  0.5  NW_015504249.1  23381 23571 (76429) C Ves2_ML        SINE/tRNA          (11)    258      1  21  
  742   22.2  4.7  4.5  NW_015504249.1  23583 23894 (76106) C L1M5           LINE/L1          (2191)   3955   3699  22  
   16   12.1  0.0  0.0  NW_015504249.1  25530 25557 (74443) + (TCAT)n        Simple_repeat         1     28    (0)  23  
  847   17.9  4.3  0.6  NW_015504249.1  25837 25999 (74001) + Ves2_ML        SINE/tRNA             1    169  (100)  24  
 1468   14.3  1.2  0.8  NW_015504249.1  26036 26288 (73712) + Ves2_ML        SINE/tRNA             5    258   (11)  25  
   16   20.7  2.1  2.1  NW_015504249.1  26311 26357 (73643) + A-rich         Low_complexity        1     47    (0)  26  
  488   27.9  8.7  6.9  NW_015504249.1  26900 27370 (72630) + L1ME3Cz        LINE/L1            5564   6050  (200)  27  
  247   19.7  7.2  2.3  NW_015504249.1  30573 30655 (69345) + L2             LINE/L2            1715   1801 (1618)  28  
  538   30.7 13.3  0.9  NW_015504249.1  31065 31373 (68627) + L2             LINE/L2            2322   2668  (751)  28  
   16    5.3  0.0  0.0  NW_015504249.1  31941 31960 (68040) + (C)n           Simple_repeat         1     20    (0)  29  
  697   20.0  8.7  1.4  NW_015504249.1  35604 35803 (64197) + Ves2_ML        SINE/tRNA             2    223   (29)  30  
 1678   20.1 18.6  0.0  NW_015504249.1  35824 36237 (63763) C MLT1E2         LTR/ERVL-MaLR       (0)    627    137  31  
  845   25.1  5.4  2.0  NW_015504249.1  36903 37142 (62858) C Ves2B_ML       SINE/tRNA           (4)    248      1  32  
  981   15.4  4.1  0.0  NW_015504249.1  37526 37694 (62306) + LTR39C_ML      LTR/ERV1             12    187  (742)  33 *
 3789    7.9  3.8  0.2  NW_015504249.1  37668 38200 (61800) + LTR15C_ML      LTR/ERV1            235    786  (100)  34  
 1687   27.1 12.6  1.7  NW_015504249.1  40288 41048 (58952) + L2             LINE/L2            1973   2815  (604)  35  
 1509   18.9 11.5  1.1  NW_015504249.1  41038 41465 (58535) + L1MB3_EC       LINE/L1            4388   4806 (1408)  36 *
  531   22.7  0.7  0.0  NW_015504249.1  41443 41583 (58417) + HAL1-3_ML      LINE/L1               5    146 (3178)  37 *
 1136   19.1  5.3  0.3  NW_015504249.1  41594 41897 (58103) + HAL1-3_PVa     LINE/L1             294    612 (2736)  38  
 1159   17.7  4.1  0.4  NW_015504249.1  42585 42828 (57172) + HAL1-3_ML      LINE/L1             843   1095 (2229)  37  
  333   11.4  0.0  0.0  NW_015504249.1  43009 43052 (56948) + HAL1-1A_ML     LINE/L1             978   1021 (1367)  39  
 5464   16.9  3.4  0.6  NW_015504249.1  43207 44415 (55585) + HAL1-3_PVa     LINE/L1            1396   2627    (6)  40  
 6668   16.5  6.9  0.6  NW_015504249.1  44438 45778 (54222) + L1MB3_EC       LINE/L1            4791   6214    (0)  41  
  311   27.4  2.9  0.9  NW_015504249.1  45803 45905 (54095) + L2             LINE/L2            2823   2927  (492)  35  
   65    4.3  0.0  1.4  NW_015504249.1  46130 46202 (53798) + (GT)n          Simple_repeat         1     72    (0)  42  
   13   11.2  0.0  6.5  NW_015504249.1  50543 50575 (49425) + (AGGCC)n       Simple_repeat         1     31    (0)  43  
  370   24.4  4.7  0.0  NW_015504249.1  51669 51754 (48246) C L2b            LINE/L2             (2)   3373   3284  44  
  262   31.1 10.2  2.5  NW_015504249.1  51820 52028 (47972) C MIRb           SINE/MIR           (37)    231      2  45  
  230   33.9  1.5  3.8  NW_015504249.1  52563 52697 (47303) C Plat_L3        LINE/CR1          (125)   3461   3330  46  
  744   28.1 16.1  0.8  NW_015504249.1  54860 55275 (44725) + LTR33          LTR/ERVL             37    515    (0)  47  
   15    4.0  7.1  3.5  NW_015504249.1  56849 56876 (43124) + (AG)n          Simple_repeat         1     29    (0)  48  
 1075   19.3  3.1  0.4  NW_015504249.1  62217 62440 (37560) + Ves3_ML        SINE/tRNA             3    232    (0)  49  
  466   34.2  3.0  3.9  NW_015504249.1  62620 62957 (37043) + L2b            LINE/L2            3039   3373    (2)  50  
   19   23.3  0.0  0.0  NW_015504249.1  66820 66869 (33131) + A-rich         Low_complexity        1     50    (0)  51  
  512   30.6  1.7  1.2  NW_015504249.1  71488 71659 (28341) + MIRb           SINE/MIR             77    249   (19)  52  
 2351   17.5  9.1  0.2  NW_015504249.1  71816 72279 (27721) C MLT1D          LTR/ERVL-MaLR       (0)    505      1  53  
  226    9.7  0.0  0.0  NW_015504249.1  74000 74030 (25970) + Helitron-2_SBi RC/Helitron        3938   3968 (2545)  54  
 1173   21.0  2.9  0.8  NW_015504249.1  75787 76031 (23969) + Ves4_ML        SINE/tRNA             1    250    (0)  55  
  662   16.1  6.9  1.5  NW_015504249.1  79391 79577 (20423) + Ves2B_ML       SINE/tRNA             3    239   (13)  56  
  233   27.6  5.8  0.0  NW_015504249.1  80712 80798 (19202) + MIR_Aves1      SINE/MIR             51    142  (122)  57  
 1175   12.0  1.6  0.8  NW_015504249.1  81919 82142 (17858) + Ves2_ML        SINE/tRNA             1    230    (2)  58  
  833   12.5 17.2  1.1  NW_015504249.1  83380 83588 (16412) + Ves2_ML        SINE/tRNA             1    232    (0)  59  
  280   27.1  4.7  8.6  NW_015504249.1  84351 84604 (15396) C L2             LINE/L2          (1036)   2383   2139  60  
  948   14.9  5.9  2.2  NW_015504249.1  84925 85133 (14867) + Ves2_ML        SINE/tRNA             1    222   (10)  61  
  545   32.0  2.8  0.0  NW_015504249.1  85796 85976 (14024) + MIRb           SINE/MIR             28    213   (55)  62  
   11   16.9  2.9  2.9  NW_015504249.1  86390 86424 (13576) + (TCCAAC)n      Simple_repeat         1     35    (0)  63  
  781   17.2 22.8  0.0  NW_015504249.1  86493 86672 (13328) C Ves2B_ML       SINE/tRNA           (2)    250     30  64  
  416   17.4  3.4  3.4  NW_015504249.1  87522 87610 (12390) + MER5A1         DNA/hAT-Charlie      76    164    (2)  65  
 1205   11.8  2.7  0.1  NW_015504249.1  89151 89371 (10629) C Ves2_ML        SINE/tRNA           (0)    232      1  66  
 3402   12.1  7.1  3.3  NW_015504249.1  90062 90669  (9331) C LTR15C_ML      LTR/ERV1            (0)    886    257  67  
 1004    9.5  2.7  0.0  NW_015504249.1  90672 90819  (9181) C LTR39C_ML      LTR/ERV1          (772)    157      6  68  
  578   31.9  1.3  2.2  NW_015504249.1  91447 91680  (8320) C MIRb           SINE/MIR           (35)    233      2  69  
 1650   12.2  4.5  1.3  NW_015504249.1  92569 92858  (7142) C MER44D         DNA/TcMar-Tigger    (0)    705    407  70 *
 2301   16.6  2.3  6.1  NW_015504249.1  92856 93298  (6702) C Tigger7        DNA/TcMar-Tigger (2065)    427      1  71  
   65    0.0  1.7  0.0  NW_015504249.1  94410 94468  (5532) + (TG)n          Simple_repeat         1     60    (0)  72  
   13    9.3  0.0  0.0  NW_015504249.1  96014 96036  (3964) + (AGGG)n        Simple_repeat         1     23    (0)  73  
  252   23.4  3.1  1.5  NW_015504249.1  96743 96807  (3193) + L2c            LINE/L2            3092   3157  (230)  74  
  349   30.7  3.5  0.8  NW_015504249.1  97312 97426  (2574) C MIRb           SINE/MIR           (71)    197     80  75  
  264   17.6  2.9  0.0  NW_015504249.1  97517 97584  (2416) C Charlie2a      DNA/hAT-Charlie  (1211)   1650   1581  76  
  247   31.8 10.3  5.9  NW_015504249.1  97586 97779  (2221) + Mon1f1         SINE/MIR             66    267    (0)  77 *
  436   20.9  4.5  0.0  NW_015504249.1  97779 97888  (2112) C Charlie2a      DNA/hAT-Charlie  (1276)   1585   1471  76  
  505   24.2 13.2  2.7  NW_015504249.1  97996 98186  (1814) C Ves2B_ML       SINE/tRNA          (16)    216      1  78  
  839   19.0  8.2  0.5  NW_015504249.1  98197 98402  (1598) C Ves3_ML        SINE/tRNA          (10)    222      1  79  
  608   29.5  8.5  1.1  NW_015504249.1  98465 98711  (1289) C Charlie2b      DNA/hAT-Charlie  (2510)    272      8  80  
  279   18.4  0.0  0.0  NW_015504249.1  98895 98943  (1057) + MER5A1         DNA/hAT-Charlie       1     49  (117)  81  
  645   19.4  5.6  7.4  NW_015504249.1  98984 99161   (839) + MER5B          DNA/hAT-Charlie       1    175    (3)  82  
   38    2.8  0.0  0.0  NW_015504249.1  99349 99385   (615) + (AC)n          Simple_repeat         1     37    (0)  83  
