   SW   perc perc perc  query           position in query     matching   repeat            position in repeat
score   div. del. ins.  sequence        begin end    (left)   repeat     class/family    begin  end    (left)  ID

  707   19.5 11.2  0.5  NW_015504249.1     84   279 (99721) C L1MAB_EC   LINE/L1            (8)   6886   6670   1 *
  992   18.5  5.3  1.3  NW_015504249.1    257   481 (99519) C L1MAB_EC   LINE/L1           (99)   6795   6562   2  
 1155   15.8  5.2  3.4  NW_015504249.1    483   711 (99289) C L1MA9      LINE/L1          (401)   5911   5679   3  
  554   21.9  4.0  3.3  NW_015504249.1   3180  3330 (96670) + Ves2B_ML   SINE/tRNA            1    152  (100)   4  
  738   22.0  7.2  1.4  NW_015504249.1   4032  4238 (95762) C Ves2B_ML   SINE/tRNA         (27)    225      7   5  
 1920   22.7  8.5  4.1  NW_015504249.1   7248  7788 (92212) + MER68B     LTR/ERVL             1    564    (0)   6  
  631   18.8 23.9  1.6  NW_015504249.1   8559  8763 (91237) + Ves2B_ML   SINE/tRNA            3    252    (0)   7  
  773   24.4  8.3  0.0  NW_015504249.1   8887  9091 (90909) + Ves2B_ML   SINE/tRNA            7    228   (24)   8  
   36    0.0  0.0  0.0  NW_015504249.1   9138  9168 (90832) + (GT)n      Simple_repeat        1     31    (0)   9  
 1026   20.0  1.3  2.1  NW_015504249.1   9301  9535 (90465) + L1-3_PVa   LINE/L1           6322   6554    (0)  10  
  243   26.1 12.0  0.0  NW_015504249.1  11241 11332 (88668) + L1-1_Sar   LINE/L1           5340   5442  (580)  11  
 1338   21.2  7.8  0.0  NW_015504249.1  13884 14190 (85810) C MLT1I      LTR/ERVL-MaLR      (0)    411     81  12  
 2248   16.7 17.7  2.8  NW_015504249.1  14518 15109 (84891) + MLT1E1A    LTR/ERVL-MaLR        3    680    (0)  13  
 5255   10.5  6.9  0.3  NW_015504249.1  15184 15977 (84023) + LTR15A_ML  LTR/ERV1             1    846    (0)  14  
 2027   21.4  4.4  0.2  NW_015504249.1  16802 17251 (82749) + L1ME1      LINE/L1           5711   6179    (0)  15  
 1026   18.1  8.3  0.0  NW_015504249.1  17478 17682 (82318) + Ves2B_ML   SINE/tRNA            2    223   (29)  16  
   13   20.1  4.1  4.1  NW_015504249.1  18106 18154 (81846) + (GCA)n     Simple_repeat        1     49    (0)  17  
  704   20.8  4.6  0.6  NW_015504249.1  20373 20546 (79454) C Ves2B_ML   SINE/tRNA         (71)    181      1  18  
 1316   26.2  8.9  4.0  NW_015504249.1  26596 27278 (72722) + L1MEg      LINE/L1            794   1466 (5173)  19  
 1148   16.4  2.6  0.0  NW_015504249.1  27302 27527 (72473) C L1MC3      LINE/L1            (0)   7785   7554  20  
 2898   23.6  6.5  2.7  NW_015504249.1  27643 28681 (71319) + L1MEg      LINE/L1           1459   2535 (4104)  19  
 1880   18.2  6.7  1.5  NW_015504249.1  28709 29099 (70901) + LTR52      LTR/ERVL             8    418    (3)  21  
   20    0.0  0.0  0.0  NW_015504249.1  31012 31033 (68967) + (A)n       Simple_repeat        1     22    (0)  22  
  700   19.9  2.8 18.3  NW_015504249.1  33496 33747 (66253) + Ves2B_ML   SINE/tRNA           10    228   (24)  23  
 1745   18.1  4.8  1.4  NW_015504249.1  34938 35290 (64710) + MLT2D      LTR/ERVL             1    365   (49)  24  
   18   11.7  0.0  0.0  NW_015504249.1  35303 35330 (64670) + (TC)n      Simple_repeat        1     28    (0)  25  
  303   11.5  9.6  0.0  NW_015504249.1  35331 35343 (64657) + MLT2D      LTR/ERVL           504    516   (44)  24  
   34    3.0  0.0  0.0  NW_015504249.1  35344 35377 (64623) + (AC)n      Simple_repeat        1     34    (0)  26  
  303   11.5  9.6  0.0  NW_015504249.1  35378 35415 (64585) + MLT2D      LTR/ERVL           517    559    (1)  24  
 1546   14.7 18.9  0.6  NW_015504249.1  37070 37533 (62467) + L1M4       LINE/L1           1881   2429 (5088)  27  
 1353   12.9  9.3  0.4  NW_015504249.1  37535 37760 (62240) + Ves2B_ML   SINE/tRNA            1    246    (6)  28  
  284   19.3  0.0  8.8  NW_015504249.1  37863 37936 (62064) + L1M4       LINE/L1           4635   4702 (1871)  27  
 7106   21.1  5.5  0.9  NW_015504249.1  37947 39700 (60300) + L1MB3_EC   LINE/L1           4380   6212    (2)  29  
   96    0.0  3.9  0.9  NW_015504249.1  40176 40278 (59722) + (TCTA)n    Simple_repeat        1    106    (0)  30  
  624   20.9 21.7  0.8  NW_015504249.1  40416 40622 (59378) C Ves2B_ML   SINE/tRNA          (0)    252      3  31  
  893   20.9  7.1  0.4  NW_015504249.1  41530 41740 (58260) C Ves2B_ML   SINE/tRNA         (24)    228      4  32  
  470   24.5  0.0  9.8  NW_015504249.1  41863 42007 (57993) + Ves2B_ML   SINE/tRNA           86    217   (35)  33  
 1450   10.3  0.0  4.4  NW_015504249.1  43243 43455 (56545) + DNAX1_Opr  DNA/hAT-Charlie      1    204    (0)  34  
 1881   17.7  1.1  1.4  NW_015504249.1  43804 44169 (55831) + MLT1A0     LTR/ERVL-MaLR        1    365    (0)  35  
   13    9.8  9.1  0.0  NW_015504249.1  44996 45028 (54972) + (GCTAG)n   Simple_repeat        1     36    (0)  36  
  734   20.3 14.2  2.2  NW_015504249.1  45412 45658 (54342) C L1ME3Cz    LINE/L1           (16)   6234   5959  37  
 1947   22.6  5.3  0.9  NW_015504249.1  49546 50048 (49952) C L1ME3A     LINE/L1            (1)   6241   5649  38  
 2979   21.5  7.5  0.8  NW_015504249.1  50488 51460 (48540) C L1ME3A     LINE/L1          (681)   5481   4428  38  
  268   32.7  5.5  0.7  NW_015504249.1  51848 52121 (47879) C L1M3       LINE/L1         (3588)   2552   2266  39  
   26   31.6  1.9  1.9  NW_015504249.1  52987 53089 (46911) + (TA)n      Simple_repeat        1    103    (0)  40  
  570   25.6 11.2  1.4  NW_015504249.1  53863 54183 (45817) + L1ME3F     LINE/L1           5670   6021  (222)  41  
   18    8.5  0.0  0.0  NW_015504249.1  54635 54659 (45341) + (TC)n      Simple_repeat        1     25    (0)  42  
   16   19.2  0.0  0.0  NW_015504249.1  54667 54696 (45304) + (AT)n      Simple_repeat        1     30    (0)  43  
   12   24.5  0.0  2.5  NW_015504249.1  54697 54707 (45293) + A-rich     Low_complexity       1     40    (0)  44  
11076   14.8  2.4  0.5  NW_015504249.1  56683 58820 (41180) + L1-3a_EF   LINE/L1           3724   5903  (710)  45  
   18   26.0  0.0  2.1  NW_015504249.1  58956 59003 (40997) + (TC)n      Simple_repeat        1     47    (0)  46  
   18    9.8  6.1  0.0  NW_015504249.1  59165 59197 (40803) + (TC)n      Simple_repeat        1     35    (0)  47  
 3136   18.9  2.0  1.5  NW_015504249.1  59235 59944 (40056) + L1-2a_EF   LINE/L1           5957   6669    (3)  48  
   15   18.3  0.0  2.6  NW_015504249.1  59989 60027 (39973) + (TAATTT)n  Simple_repeat        1     38    (0)  49  
   18   12.6  0.0  0.0  NW_015504249.1  62406 62432 (37568) + (TC)n      Simple_repeat        1     27    (0)  50  
   13    7.0 10.0  0.0  NW_015504249.1  62434 62463 (37537) + A-rich     Low_complexity       1     33    (0)  51  
   16   13.3  6.1  0.0  NW_015504249.1  66690 66722 (33278) + (TC)n      Simple_repeat        1     35    (0)  52  
   15    4.7  0.0  0.0  NW_015504249.1  69608 69629 (30371) + (AACA)n    Simple_repeat        1     22    (0)  53  
 2909   20.2 11.4  1.6  NW_015504249.1  73753 74900 (25100) C L1ME1      LINE/L1            (0)   6179   4941  54  
 1715   21.1  4.0  0.4  NW_015504249.1  75113 75588 (24412) C L1ME1      LINE/L1         (1223)   4923   4431  54  
 2842   18.4  1.7  2.1  NW_015504249.1  75630 76329 (23671) C L1ME1      LINE/L1         (2376)   3770   3074  54  
  310   21.4  1.6  1.4  NW_015504249.1  77453 77537 (22463) C LTR5_EC    LTR/ERVL          (17)    683    548  55 *
 3236   16.4  1.5  1.6  NW_015504249.1  77522 78130 (21870) C LTR5_EC    LTR/ERVL          (18)    609      2  55  
   19   18.1  0.0  0.0  NW_015504249.1  79928 79960 (20040) + A-rich     Low_complexity       1     33    (0)  56  
   14   24.4  0.0  0.0  NW_015504249.1  81747 81785 (18215) + (TCTC)n    Simple_repeat        1     39    (0)  57  
  247    7.0  0.0  0.0  NW_015504249.1  83730 83772 (16228) + HAL1-3_ML  LINE/L1           3278   3320    (4)  58  
   13   14.4  3.2  0.0  NW_015504249.1  83780 83810 (16190) + (AACACA)n  Simple_repeat        1     32    (0)  59  
  319   18.6  0.0  0.0  NW_015504249.1  84143 84201 (15799) C L1_Carn7   LINE/L1           (49)   6459   6401  60  
   13   10.8  2.9  6.1  NW_015504249.1  84359 84392 (15608) + (TCC)n     Simple_repeat        1     33    (0)  61  
   70    0.0  0.0  0.0  NW_015504249.1  84604 84663 (15337) + (TC)n      Simple_repeat        1     60    (0)  62  
  115    3.4  5.3  0.0  NW_015504249.1  84821 84971 (15029) + (GATA)n    Simple_repeat        1    159    (0)  63  
   20   13.7  0.0  0.0  NW_015504249.1  86124 86155 (13845) + (TG)n      Simple_repeat        1     32    (0)  64  
   50    0.0  0.0  0.0  NW_015504249.1  86269 86313 (13687) + (GGAA)n    Simple_repeat        1     45    (0)  65  
   18   19.9  0.0  0.0  NW_015504249.1  86490 86524 (13476) + (TC)n      Simple_repeat        1     35    (0)  66  
   24   16.4  0.0  0.0  NW_015504249.1  90341 90388  (9612) + (GACCCT)n  Simple_repeat        1     48    (0)  67  
   14    7.9  3.7  0.0  NW_015504249.1  90670 90696  (9304) + (TTTCT)n   Simple_repeat        1     28    (0)  68  
 1715   16.8  4.0  0.3  NW_015504249.1  91976 92141  (7859) + L1MC3      LINE/L1           6687   6861  (924)  69  
   27    0.0  3.5  0.0  NW_015504249.1  92142 92170  (7830) + (CAAA)n    Simple_repeat        1     30    (0)  70  
 1715   16.8  4.0  0.3  NW_015504249.1  92171 92350  (7650) + L1MC3      LINE/L1           6862   7045  (740)  69  
   20   14.4  0.0  0.0  NW_015504249.1  92780 92811  (7189) + (A)n       Simple_repeat        1     32    (0)  71  
   20   21.4  2.0  2.0  NW_015504249.1  94185 94235  (5765) + (TC)n      Simple_repeat        1     51    (0)  72  
   20   21.4  2.0  2.0  NW_015504249.1  95153 95203  (4797) + (TC)n      Simple_repeat        1     51    (0)  73  
   47    0.0  0.0  0.0  NW_015504249.1  95571 95613  (4387) + (ACTC)n    Simple_repeat        1     43    (0)  74  
   14   20.9  4.5  0.0  NW_015504249.1  96058 96101  (3899) + (CAATTT)n  Simple_repeat        1     46    (0)  75  
  313   21.5  3.9  2.7  NW_015504249.1  96873 96985  (3015) C HAL1-2_ML  LINE/L1           (11)   2622   2524  76  
  865   18.8  5.6  0.0  NW_015504249.1  97654 97850  (2150) + HAL1-3_ML  LINE/L1            783    990 (2334)  77  
  454   18.7 11.5  0.0  NW_015504249.1  97855 97994  (2006) + HAL1-3_PVa LINE/L1             47    207 (3141)  78 *
  827   16.0  1.4  0.3  NW_015504249.1  97970 98134  (1866) + HAL1-2_ML  LINE/L1           1055   1198 (1435)  79  
  639   18.2 22.7  0.0  NW_015504249.1  98203 98449  (1551) + HAL1-3_PVa LINE/L1             53    355 (2993)  78  
 3779   13.4  1.1  5.1  NW_015504249.1  98461 99245   (755) + HAL1-3_PVa LINE/L1           1664   2379  (969)  78  
  845   20.9  2.5  4.8  NW_015504249.1  99241 99517   (483) + HAL1-2_ML  LINE/L1           2358   2628    (5)  80 *
