   SW   perc perc perc  query           position in query     matching      repeat              position in repeat
score   div. del. ins.  sequence        begin end    (left)   repeat        class/family      begin  end    (left)  ID

   14    9.4  5.3  5.3  NW_015504249.1   1425  1462 (98538) + (CCAG)n       Simple_repeat          1     38    (0)   1  
  578   16.4  8.2  0.0  NW_015504249.1   1840  1949 (98051) C MER6A         DNA/TcMar-Tigger     (6)    599    481   2  
  392   15.0  0.0  0.0  NW_015504249.1   1951  2010 (97990) C MER6A         DNA/TcMar-Tigger   (545)     60      1   2  
 1758   21.8 10.4  1.3  NW_015504249.1   2559  3069 (96931) C L1MD2         LINE/L1              (1)   6358   5802   3  
  768   23.4  4.3  0.0  NW_015504249.1   3160  3347 (96653) + MER106A       DNA/hAT-Charlie        1    196   (40)   4  
   29    0.0  0.0  0.0  NW_015504249.1   4704  4728 (95272) + (GT)n         Simple_repeat          1     25    (0)   5  
  286   29.5  2.6  0.0  NW_015504249.1   6488  6565 (93435) + MIRc          SINE/MIR              97    176   (92)   6  
  646   18.8 10.7  0.0  NW_015504249.1   6810  6958 (93042) C MER5A1        DNA/hAT-Charlie      (1)    165      1   7  
  455   29.3  0.9 10.3  NW_015504249.1   9061  9273 (90727) C MLT1J2        LTR/ERVL-MaLR        (0)    448    254   8  
  454   36.0  7.0  0.0  NW_015504249.1   9625  9866 (90134) C MIRb          SINE/MIR             (8)    260      2   9  
  622   28.2  6.9  0.0  NW_015504249.1  10217 10390 (89610) + MER63A        DNA/hAT-Tip100         3    188   (22)  10  
  355   26.8  4.8  2.3  NW_015504249.1  10478 10603 (89397) C MIRb          SINE/MIR            (13)    255    127  11  
  576   30.5  2.5  7.4  NW_015504249.1  12849 13089 (86911) C MIRb          SINE/MIR            (24)    244     15  12  
  411   28.8  6.0  1.9  NW_015504249.1  13864 14012 (85988) C MIRb          SINE/MIR            (46)    222     68  13  
  817   25.8  2.1  3.9  NW_015504249.1  14457 14694 (85306) + MIRb          SINE/MIR              19    252   (16)  14  
  567   34.2  1.0  0.0  NW_015504249.1  16459 16657 (83343) + MER103C       DNA/hAT-Charlie        3    203   (94)  15  
 2062   19.9  4.2  1.1  NW_015504249.1  16687 17119 (82881) C MLT1C2        LTR/ERVL-MaLR        (5)    456     11  16  
  496   26.5  9.5  2.5  NW_015504249.1  17172 17392 (82608) + MIRb          SINE/MIR              10    245   (23)  17  
   16   12.4  2.7  2.7  NW_015504249.1  17632 17668 (82332) + (CTGT)n       Simple_repeat          1     37    (0)  18  
  262   32.4  4.3  0.7  NW_015504249.1  17688 17827 (82173) + MIRc          SINE/MIR              91    235   (33)  19  
  736   25.2  1.3  6.2  NW_015504249.1  19155 19391 (80609) C L1ME2         LINE/L1             (13)   6151   5926  20 *
 1296   25.5  6.9  2.3  NW_015504249.1  19384 19965 (80035) C L1MB3_EC      LINE/L1            (598)   5616   5009  21  
   15    4.8  0.0  0.0  NW_015504249.1  22301 22322 (77678) + (CATT)n       Simple_repeat          1     22    (0)  22  
   12   15.1  8.1  0.0  NW_015504249.1  23762 23798 (76202) + G-rich        Low_complexity         1     40    (0)  23  
  481   32.6  2.0  0.0  NW_015504249.1  24628 24774 (75226) + MER117        DNA/hAT-Charlie       42    191    (6)  24  
  350   26.4  4.5  1.1  NW_015504249.1  26316 26403 (73597) + MER81         DNA/hAT-Blackjack     22    112    (2)  25  
  299   17.7  0.0  0.6  NW_015504249.1  27138 27195 (72805) + MIRb          SINE/MIR              74    135  (133)  26  
  565   19.6  1.8  0.0  NW_015504249.1  28694 28805 (71195) + MER81         DNA/hAT-Blackjack      1    114    (0)  27  
  393   31.6 11.1  0.5  NW_015504249.1  29690 29861 (70139) + MIRb          SINE/MIR              79    268    (0)  28  
  886   11.6 23.8  1.6  NW_015504249.1  30252 30453 (69547) C Ves4_ML       SINE/tRNA            (2)    248      3  29  
  727   18.6 21.8  0.8  NW_015504249.1  30772 30977 (69023) + Ves4_ML       SINE/tRNA              1    250    (0)  30  
   17   21.8  2.0  0.0  NW_015504249.1  31862 31910 (68090) + (CATC)n       Simple_repeat          1     50    (0)  31  
  335   32.0  8.7  0.0  NW_015504249.1  32326 32475 (67525) C MIRb          SINE/MIR            (70)    198     36  32  
 1393   27.6  7.3  2.9  NW_015504249.1  32883 33483 (66517) + L1ME4b        LINE/L1             5291   5917  (228)  33  
 1054   21.7 15.0  1.5  NW_015504249.1  33517 33862 (66138) + LTR16A        LTR/ERVL              59    450    (1)  34  
   19   10.3  4.5  2.2  NW_015504249.1  35712 35755 (64245) + (TGATCAG)n    Simple_repeat          1     45    (0)  35  
  285   16.6  7.3  0.4  NW_015504249.1  36097 36183 (63817) + L1MA10        LINE/L1             6264   6325    (9)  36  
  539   31.7  4.3  2.5  NW_015504249.1  38213 38445 (61555) C MIRb          SINE/MIR             (9)    259     23  37  
  861   24.5  7.6  1.5  NW_015504249.1  39149 39463 (60537) + LTR16C        LTR/ERVL             147    480    (9)  38  
   32    0.0  0.0  0.0  NW_015504249.1  39785 39814 (60186) + (ATT)n        Simple_repeat          1     30    (0)  39  
  974   14.4 11.2  0.9  NW_015504249.1  43773 43968 (56032) + MER20         DNA/hAT-Charlie        1    216    (3)  40  
  704   31.8  4.5  1.4  NW_015504249.1  44955 45241 (54759) + L1ME3G        LINE/L1             5359   5654  (523)  41  
   15   19.4  0.0  4.7  NW_015504249.1  46068 46112 (53888) + (GGCTCCA)n    Simple_repeat          1     43    (0)  42  
  415   20.7  0.0  0.0  NW_015504249.1  46180 46261 (53739) + MER5A1        DNA/hAT-Charlie       14     95   (71)  43  
  758   16.8  1.8  4.9  NW_015504249.1  46738 46906 (53094) + L1MD1         LINE/L1             6065   6228   (14)  44  
 1073   17.2  1.8  0.5  NW_015504249.1  46917 47147 (52853) + Ves2_ML       SINE/tRNA              1    232    (0)  45  
   35    0.0  0.0  0.0  NW_015504249.1  47645 47674 (52326) + (GT)n         Simple_repeat          1     30    (0)  46  
 1004   17.2  3.1  1.1  NW_015504249.1  48265 48484 (51516) C Ves2_ML       SINE/tRNA            (1)    231     10  47  
 1784   17.7  7.7  4.9  NW_015504249.1  49816 50254 (49746) C MLT1C2        LTR/ERVL-MaLR        (9)    452      2  48  
   14   16.7  2.9  0.0  NW_015504249.1  52110 52143 (47857) + (TTTA)n       Simple_repeat          1     35    (0)  49  
   16   13.7  0.0  0.0  NW_015504249.1  52145 52169 (47831) + (AG)n         Simple_repeat          1     25    (0)  50  
   13   21.3  0.0  0.0  NW_015504249.1  53808 53840 (46160) + (TCTC)n       Simple_repeat          1     33    (0)  51  
   14   12.2  0.0  0.0  NW_015504249.1  54996 55022 (44978) + (GGAGA)n      Simple_repeat          1     27    (0)  52  
  553   13.3  1.0  2.0  NW_015504249.1  59153 59252 (40748) + L1-4_PVa      LINE/L1             6720   6818    (3)  53  
 3510   21.7  6.8  3.8  NW_015504249.1  64632 65710 (34290) C L1MEf         LINE/L1           (1819)   4327   3218  54  
   22   16.2  4.0  2.0  NW_015504249.1  65731 65780 (34220) + GA-rich       Low_complexity         1     51    (0)  55  
 3510   21.7  6.8  3.8  NW_015504249.1  66299 67377 (32623) C L1M5          LINE/L1           (1819)   4327   3218  56  
   22   16.2  4.0  2.0  NW_015504249.1  67398 67447 (32553) + GA-rich       Low_complexity         1     51    (0)  57  
 1460   25.2  6.0  4.1  NW_015504249.1  67565 68230 (31770) C L1M5          LINE/L1           (2904)   3242   2565  56  
 1193   24.9  6.6  2.0  NW_015504249.1  68219 68755 (31245) C L1MEf         LINE/L1           (3644)   2502   1946  54 *
  518   23.4  3.5  0.0  NW_015504249.1  69051 69191 (30809) + L1MAB_EC      LINE/L1             6746   6891    (3)  58 *
 3050   24.8  7.5  2.3  NW_015504249.1  69188 70473 (29527) C L1MEf         LINE/L1           (4302)   1940    590  54  
  302   26.5  3.0  3.0  NW_015504249.1  75031 75131 (24869) + Mariner-1_MMa DNA/TcMar-Tigger       1    101 (2341)  59  
 5964   25.4  3.7  1.6  NW_015504249.1  75417 77101 (22899) + Mariner-2_PM  DNA/TcMar-Tigger     339   2057  (333)  60  
  319   29.1  3.0  2.4  NW_015504249.1  77291 77494 (22506) + Mariner-32_SM DNA/TcMar-Tigger    2189   2390    (0)  61  
   78    2.7  0.0  0.0  NW_015504249.1  79437 79511 (20489) + (TG)n         Simple_repeat          1     75    (0)  62  
   30    0.0  0.0  0.0  NW_015504249.1  79513 79538 (20462) + (AG)n         Simple_repeat          1     26    (0)  63  
  419   22.0  1.0  1.0  NW_015504249.1  80558 80658 (19342) C L1MAB_EC      LINE/L1              (0)   6894   6794  64  
   15   22.6  2.3  0.0  NW_015504249.1  81850 81892 (18108) + (CCATTCT)n    Simple_repeat          1     44    (0)  65  
   18    8.7  0.0  0.0  NW_015504249.1  86092 86116 (13884) + (T)n          Simple_repeat          1     25    (0)  66  
   18   16.9  4.0  4.0  NW_015504249.1  86138 86187 (13813) + GA-rich       Low_complexity         1     50    (0)  67  
   18   16.9  4.0  4.0  NW_015504249.1  86748 86797 (13203) + GA-rich       Low_complexity         1     50    (0)  68  
   64    4.4  2.0  3.1  NW_015504249.1  90889 90987  (9013) + (GAAAA)n      Simple_repeat          1     98    (0)  69  
  339   23.6  4.2  2.2  NW_015504249.1  91635 91779  (8221) C L1ME3Cz       LINE/L1            (335)   5820   5696  70  
  227   34.9  2.3  0.7  NW_015504249.1  92482 92614  (7386) C L1MAB_ML      LINE/L1           (1373)   4612   4478  71  
  485   20.9  2.1  1.4  NW_015504249.1  92862 92989  (7011) C L1-4_PVa      LINE/L1              (1)   6820   6712  72  
   15   11.2  6.9  0.0  NW_015504249.1  93112 93140  (6860) + (TC)n         Simple_repeat          1     31    (0)  73  
11624   11.9  3.9  0.7  NW_015504249.1  93156 95077  (4923) C L1-4_PVa      LINE/L1             (78)   6743   4761  72  
 1620   24.5 15.5  0.7  NW_015504249.1  95076 95564  (4436) C L1-4_PVa      LINE/L1           (6252)    569      9  74 *
   22   10.8  2.5  0.0  NW_015504249.1  95612 95651  (4349) + (AAAAAC)n     Simple_repeat          1     41    (0)  75  
   85    0.0  0.0  0.0  NW_015504249.1  95907 95981  (4019) + (TGTATA)n     Simple_repeat          1     75    (0)  76  
  961   22.2  5.3  0.0  NW_015504249.1  96372 96596  (3404) C L1MC4a        LINE/L1            (266)   7616   7380  77  
   17   23.5  3.9  1.9  NW_015504249.1  97252 97303  (2697) + GA-rich       Low_complexity         1     53    (0)  78  
  275   20.2  3.8  0.0  NW_015504249.1  98343 98421  (1579) C L1MEg         LINE/L1           (4420)   1664   1583  79 *
 5314   19.3  4.5  2.8  NW_015504249.1  98419 99741   (259) C L1MC3         LINE/L1            (141)   7644   6202  80  
  389   24.4  3.8  0.7  NW_015504249.1  99782 99913    (87) C L1MEg         LINE/L1           (5162)    922    787  79  
  387   24.0  3.0  0.0  NW_015504249.1  99894 99993     (7) C L1MEg         LINE/L1           (5161)    923    821  81 *
