   SW   perc perc perc  query           position in query     matching   repeat             position in repeat
score   div. del. ins.  sequence        begin end    (left)   repeat     class/family     begin  end    (left)  ID

   12   17.4  0.0  5.9  NW_015504249.1    195   230 (99770) + (CCCCA)n   Simple_repeat         1     34    (0)   1  
   13   28.6  5.7  2.2  NW_015504249.1    260   347 (99653) + (GCCCCAC)n Simple_repeat         1     91    (0)   2  
   38    0.0  0.0  0.0  NW_015504249.1    883   915 (99085) + (CA)n      Simple_repeat         1     33    (0)   3  
   20    6.1  5.7  0.0  NW_015504249.1    961   995 (99005) + (CACG)n    Simple_repeat         1     37    (0)   4  
 1117   15.9  4.6  0.9  NW_015504249.1   1413  1628 (98372) + Tigger2f   DNA/TcMar-Tigger   3232   3455    (0)   5  
  249   20.7  0.0  9.0  NW_015504249.1   1629  1711 (98289) + L1_Carn7   LINE/L1            6431   6506    (2)   6  
 1446   23.6 14.7  1.4  NW_015504249.1   5292  5816 (94184) C MLT1E2     LTR/ERVL-MaLR       (0)    627     34   7  
  397   30.9  6.1  1.0  NW_015504249.1   6429  6624 (93376) + LTR37-int  LTR/ERV1            190    395 (3665)   8  
   18   33.1  0.0  1.5  NW_015504249.1   6822  6887 (93113) + (TC)n      Simple_repeat         1     65    (0)   9  
  488   22.9 11.9  0.5  NW_015504249.1   6934  7109 (92891) + LTR37-int  LTR/ERV1            453    648 (3412)   8  
 1674   24.2  7.1  4.2  NW_015504249.1   7111  7872 (92128) + LTR37-int  LTR/ERV1            483   1265 (2795)  10  
  816   18.5 11.5  1.3  NW_015504249.1   7868  8075 (91925) + LTR37-int  LTR/ERV1           3805   4033   (27)  10 *
   18    4.0  0.0  0.0  NW_015504249.1   9161  9186 (90814) + (TTCCC)n   Simple_repeat         1     26    (0)  11  
  519   26.1 15.1  0.6  NW_015504249.1  11734 12011 (87989) C L1ME3Cz    LINE/L1           (224)   6026   5709  12  
 1638   21.5  6.0  1.1  NW_015504249.1  12015 12497 (87503) + MLT2B4     LTR/ERVL              3    520    (0)  13  
 3036   16.3  6.2  2.2  NW_015504249.1  15837 16481 (83519) + LTR13B_ML  LTR/ERV1              1    670    (0)  14  
  350   25.3  0.0  0.0  NW_015504249.1  22020 22114 (77886) C L1ME1      LINE/L1             (0)   6179   6085  15  
   13   19.1  0.0  5.3  NW_015504249.1  23770 23809 (76191) + (TCCCTC)n  Simple_repeat         1     38    (0)  16  
  281   27.4  1.2  0.0  NW_015504249.1  23892 23975 (76025) + MLT1E2     LTR/ERVL-MaLR       526    610   (17)  17  
 3381   16.4  1.8  2.3  NW_015504249.1  24759 25464 (74536) + L1-2a_EF   LINE/L1            5967   6669    (3)  18  
 1695   15.8 10.6  3.6  NW_015504249.1  25682 26068 (73932) + LTR76_EC   LTR/ERV1              1    413    (3)  19  
   17   12.5  0.0  0.0  NW_015504249.1  28968 28993 (71007) + (GT)n      Simple_repeat         1     26    (0)  20  
 3559   18.4  2.1  3.1  NW_015504249.1  34565 35581 (64419) + L1MB3      LINE/L1            5020   6068  (115)  21  
 1117   17.6  5.6  4.2  NW_015504249.1  39232 39516 (60484) + L1M4b      LINE/L1            2316   2604 (4263)  22  
  786   22.2  6.5  2.8  NW_015504249.1  39518 39762 (60238) + L1M4b      LINE/L1            2736   2989 (3878)  22  
   18   14.7  0.0  0.0  NW_015504249.1  39954 39983 (60017) + (T)n       Simple_repeat         1     30    (0)  23  
   22   10.5  0.0  4.7  NW_015504249.1  39984 39997 (60003) + (ATTTT)n   Simple_repeat         2     43    (0)  24  
   19   14.9  0.0  0.0  NW_015504249.1  40004 40034 (59966) + (AG)n      Simple_repeat         1     31    (0)  25  
   16   21.8  0.0  0.0  NW_015504249.1  43240 43272 (56728) + GA-rich    Low_complexity        1     33    (0)  26  
   19   18.9  0.0  0.0  NW_015504249.1  43531 43566 (56434) + (AC)n      Simple_repeat         1     36    (0)  27  
   36    0.0  0.0  0.0  NW_015504249.1  43830 43860 (56140) + (TG)n      Simple_repeat         1     31    (0)  28  
  241   32.2  6.9  1.8  NW_015504249.1  44569 44786 (55214) + L1ME4b     LINE/L1            5419   5647  (498)  29  
   21   19.8  0.0  4.2  NW_015504249.1  48010 48059 (51941) + GA-rich    Low_complexity        1     48    (0)  30  
   12   19.7  0.0  0.0  NW_015504249.1  49546 49574 (50426) + (ATC)n     Simple_repeat         1     29    (0)  31  
   13   15.9  0.0  0.0  NW_015504249.1  49970 49997 (50003) + (TCAAT)n   Simple_repeat         1     28    (0)  32  
   31    0.0  0.0  0.0  NW_015504249.1  52423 52449 (47551) + (GT)n      Simple_repeat         1     27    (0)  33  
   29    8.1  3.7  1.8  NW_015504249.1  52813 52866 (47134) + (TTAATA)n  Simple_repeat         1     55    (0)  34  
   28    0.0  0.0  0.0  NW_015504249.1  61398 61424 (38576) + (AATTC)n   Simple_repeat         1     27    (0)  35  
   13   12.7  0.0  0.0  NW_015504249.1  63198 63223 (36777) + (TGTTT)n   Simple_repeat         1     26    (0)  36  
   21    0.0  0.0  0.0  NW_015504249.1  63371 63393 (36607) + (AC)n      Simple_repeat         1     23    (0)  37  
   14   16.1  0.0  0.0  NW_015504249.1  63940 63967 (36033) + (ATT)n     Simple_repeat         1     28    (0)  38  
   35    2.7  2.6  0.0  NW_015504249.1  64532 64569 (35431) + (TA)n      Simple_repeat         1     39    (0)  39  
   31    0.0  0.0  0.0  NW_015504249.1  65289 65315 (34685) + (TA)n      Simple_repeat         1     27    (0)  40  
   17   18.4  0.0  0.0  NW_015504249.1  66806 66836 (33164) + GA-rich    Low_complexity        1     31    (0)  41  
 2323   21.5  4.8  2.9  NW_015504249.1  67241 67844 (32156) + L1ME1      LINE/L1            5552   6166   (13)  42  
   17   10.5  6.5  0.0  NW_015504249.1  73951 73981 (26019) + GA-rich    Low_complexity        1     33    (0)  43  
   19   19.2  0.0  4.5  NW_015504249.1  75165 75210 (24790) + (CT)n      Simple_repeat         1     44    (0)  44  
   18   22.8  0.0  4.2  NW_015504249.1  75732 75781 (24219) + (CT)n      Simple_repeat         1     48    (0)  45  
   17   16.0  0.0  0.0  NW_015504249.1  81726 81760 (18240) + (TGAA)n    Simple_repeat         1     35    (0)  46  
   13    6.5  2.5 10.8  NW_015504249.1  84239 84278 (15722) + G-rich     Low_complexity        1     37    (0)  47  
   20   11.9  5.4  0.0  NW_015504249.1  85179 85215 (14785) + GA-rich    Low_complexity        1     39    (0)  48  
   16   14.7  0.0  0.0  NW_015504249.1  85825 85854 (14146) + (ATG)n     Simple_repeat         1     30    (0)  49  
   13   17.7  1.9  8.2  NW_015504249.1  86320 86371 (13629) + (TTTTC)n   Simple_repeat         1     49    (0)  50  
   18    9.8  6.1  0.0  NW_015504249.1  86397 86429 (13571) + GA-rich    Low_complexity        1     35    (0)  51  
   25   23.1  4.0  5.0  NW_015504249.1  87594 87693 (12307) + (AT)n      Simple_repeat         1     99    (0)  52  
   20   14.4  0.0  0.0  NW_015504249.1  87764 87795 (12205) + (AG)n      Simple_repeat         1     32    (0)  53  
   18   10.0  6.1  0.0  NW_015504249.1  88212 88244 (11756) + (TC)n      Simple_repeat         1     35    (0)  54  
   18   23.8  0.0  2.2  NW_015504249.1  88252 88297 (11703) + (AT)n      Simple_repeat         1     45    (0)  55  
  844   23.4  4.3  1.2  NW_015504249.1  88931 89285 (10715) + L1ME2      LINE/L1            2085   2464 (3750)  56 *
 2240   23.4 11.3  1.8  NW_015504249.1  89279 90667  (9333) + L1ME2      LINE/L1            4299   5827  (337)  56  
  300   30.0  1.1 11.0  NW_015504249.1  90694 90873  (9127) + L1ME2      LINE/L1            5914   6077   (87)  56  
22510   16.4  2.9  1.4  NW_015504249.1  91115 95466  (4534) C L1-3a_EF   LINE/L1             (5)   6608   2189  57  
 7658   17.0  1.0  1.7  NW_015504249.1  95467 96953  (3047) + L1-2a_EF   LINE/L1            5180   6656   (16)  58  
 1413   19.8  2.0  2.3  NW_015504249.1  96971 97316  (2684) C L1-1a_EF   LINE/L1          (4436)   2801   2457  59  
   17    8.9  0.0  0.0  NW_015504249.1  98999 99025   (975) + (T)n       Simple_repeat         1     27    (0)  60  
