   SW   perc perc perc  query           position in query     matching    repeat           position in repeat
score   div. del. ins.  sequence        begin end    (left)   repeat      class/family   begin  end    (left)  ID

 1032   23.8  9.6  9.8  NW_015504249.1   6498  6996 (93004) C MLT1E2      LTR/ERVL-MaLR   (129)    498      1   1  
  605   28.4 11.0  1.2  NW_015504249.1  14655 15035 (84965) + MLT1H2      LTR/ERVL-MaLR      69    486    (3)   2  
  253   28.0  5.6  0.0  NW_015504249.1  17447 17553 (82447) C L1ME4a      LINE/L1           (1)   6123   6011   3  
   16   28.1  0.0  0.0  NW_015504249.1  18647 18694 (81306) + (CACA)n     Simple_repeat       1     48    (0)   4  
 1088   14.7 13.4  2.0  NW_015504249.1  20887 21109 (78891) + Ves2B_ML    SINE/tRNA           1    248    (4)   5  
   13   18.9  0.0  0.0  NW_015504249.1  22415 22444 (77556) + (CCA)n      Simple_repeat       1     30    (0)   6  
   14   20.0  3.5  5.4  NW_015504249.1  23831 23887 (76113) + (CTGT)n     Simple_repeat       1     56    (0)   7  
  919   21.5  5.4  1.6  NW_015504249.1  26313 26553 (73447) + Ves4_ML     SINE/tRNA           1    250    (0)   8  
  832   21.2  4.4  0.1  NW_015504249.1  27357 27564 (72436) + Ves2_ML     SINE/tRNA           1    222   (10)   9  
   12   25.8  3.4  3.4  NW_015504249.1  29889 29947 (70053) + (CCACT)n    Simple_repeat       1     59    (0)  10  
  655   27.9  6.3  2.2  NW_015504249.1  31557 31779 (68221) C MLT1J       LTR/ERVL-MaLR   (177)    335    104  11  
 1796   19.3  5.3  5.9  NW_015504249.1  33181 33806 (66194) + HAL1-3_PVa  LINE/L1            11    664 (2660)  12  
 1062   16.4  6.8  0.0  NW_015504249.1  34078 34284 (65716) + HAL1-3_PVa  LINE/L1           817   1037 (2287)  12  
  768   17.1  0.7  0.7  NW_015504249.1  36499 36645 (63355) + HAL1-2_ML   LINE/L1          2483   2629    (4)  13  
 1082   16.0 13.2  3.6  NW_015504249.1  36884 37050 (62950) + Ves4_ML     SINE/tRNA           1    172   (78)  14  
   37    0.0  0.0  0.0  NW_015504249.1  37051 37082 (62918) + (TC)n       Simple_repeat       1     32    (0)  15  
 1082   16.0 13.2  3.6  NW_015504249.1  37083 37141 (62859) + Ves4_ML     SINE/tRNA         173    247    (3)  14  
   16   21.3  0.0  0.0  NW_015504249.1  41640 41672 (58328) + A-rich      Low_complexity      1     33    (0)  16  
   31    0.0  0.0  0.0  NW_015504249.1  45710 45736 (54264) + (AC)n       Simple_repeat       1     27    (0)  17  
   15   13.9  0.0  0.0  NW_015504249.1  45853 45876 (54124) + (A)n        Simple_repeat       1     24    (0)  18  
  314   23.9 11.2  3.2  NW_015504249.1  46003 46145 (53855) + Ves3_ML     SINE/tRNA          78    231    (1)  19  
   15   19.1  3.4  5.2  NW_015504249.1  46146 46204 (53796) + A-rich      Low_complexity      1     58    (0)  20  
  291   23.3  0.0  0.0  NW_015504249.1  46218 46277 (53723) C L1ME3G      LINE/L1         (439)   5738   5679  21  
   12   21.7  0.0  0.0  NW_015504249.1  47128 47159 (52841) + A-rich      Low_complexity      1     32    (0)  22  
   34   16.0  3.8  1.2  NW_015504249.1  47616 47694 (52306) + (AATT)n     Simple_repeat       1     81    (0)  23  
 1044   16.8 11.9  1.7  NW_015504249.1  47721 47938 (52062) C Ves4_ML     SINE/tRNA         (0)    250     11  24  
 1185   14.6  3.6  3.2  NW_015504249.1  47960 48179 (51821) + Ves2_ML     SINE/tRNA           1    222   (10)  25  
 1216   14.0  2.1  0.8  NW_015504249.1  48410 48631 (51369) C Ves2_ML     SINE/tRNA        (10)    222      1  26  
 2375   12.6  2.2  7.4  NW_015504249.1  48782 49236 (50764) + L1MC        LINE/L1          3953   4385 (1761)  27  
 1427   17.3  1.2  3.6  NW_015504249.1  49237 49494 (50506) + Ves2B_ML    SINE/tRNA           1    252    (0)  28 *
 1854   15.2  6.0  3.0  NW_015504249.1  49491 49910 (50090) + L1MC1_EC    LINE/L1          4383   4814 (1531)  29  
 1210   13.2  7.4 11.3  NW_015504249.1  49912 50168 (49832) + Ves2B_ML    SINE/tRNA           1    248    (4)  30 *
 4325   12.5  7.1  1.1  NW_015504249.1  50163 50980 (49020) + L1MC1_EC    LINE/L1          4796   5661  (684)  29  
  952   14.4 16.1  0.8  NW_015504249.1  51255 51471 (48529) + Ves4_ML     SINE/tRNA           1    250    (0)  31  
 3442   13.1  7.1  1.4  NW_015504249.1  52737 53396 (46604) + L1MB4       LINE/L1          5429   6125   (55)  32  
  914   22.4  6.0  0.7  NW_015504249.1  53397 53661 (46339) + L1ME1       LINE/L1          2460   2738 (3408)  33  
  272   15.7  0.0  0.0  NW_015504249.1  53686 53736 (46264) + L1M4        LINE/L1          3755   3805 (2341)  34  
 4169   19.0  8.2  0.5  NW_015504249.1  53851 55009 (44991) + L1ME1       LINE/L1          2738   3985 (2161)  33  
  579   14.1  2.7 11.6  NW_015504249.1  55008 55173 (44827) C L1M4        LINE/L1        (2050)   4155   3998  35 *
  228   26.9  2.5  2.5  NW_015504249.1  55183 55262 (44738) + L1-4_Cho    LINE/L1          4502   4581 (2125)  36  
  468   24.7  1.7  9.9  NW_015504249.1  55340 55509 (44491) + L1ME1       LINE/L1          4174   4330 (1816)  33  
 1140   12.1 11.3  3.6  NW_015504249.1  55510 55740 (44260) + Ves4_ML     SINE/tRNA           2    249    (1)  37  
  785   20.5 22.9  1.7  NW_015504249.1  55737 56163 (43837) + L1ME1       LINE/L1          4317   4832 (1314)  33 *
 1007   13.8  8.0  1.0  NW_015504249.1  56171 56381 (43619) C Ves2B_ML    SINE/tRNA         (3)    266      1  38  
 2224   20.1  5.1  1.4  NW_015504249.1  56399 57023 (42977) + L1MB3_EC    LINE/L1          4878   5525  (689)  39  
 1041   17.0  2.6  2.2  NW_015504249.1  57038 57266 (42734) + Ves3_ML     SINE/tRNA           3    232    (0)  40  
 2505   21.1  3.3  1.6  NW_015504249.1  57267 57930 (42070) + L1ME1       LINE/L1          5504   6178    (1)  33  
   13   15.9  0.0  0.0  NW_015504249.1  58941 58968 (41032) + A-rich      Low_complexity      1     28    (0)  41  
   19   21.4  2.0  0.0  NW_015504249.1  62272 62321 (37679) + (TATTAC)n   Simple_repeat       1     51    (0)  42  
 1087   24.6 14.8  3.8  NW_015504249.1  62783 63288 (36712) + MLT1F2      LTR/ERVL-MaLR       1    560    (0)  43  
   12   22.5  2.3  2.3  NW_015504249.1  66658 66700 (33300) + A-rich      Low_complexity      1     43    (0)  44  
  701   22.5  2.9  4.4  NW_015504249.1  67754 67962 (32038) + L1ME3A      LINE/L1          5935   6140   (33)  45  
   12   13.7  6.2  0.0  NW_015504249.1  68057 68088 (31912) + A-rich      Low_complexity      1     34    (0)  46  
  851   16.1  2.9  0.6  NW_015504249.1  68910 69066 (30934) + Ves2_ML     SINE/tRNA           1    160  (109)  47  
   42    0.0  0.0  0.0  NW_015504249.1  69067 69102 (30898) + (TC)n       Simple_repeat       1     36    (0)  48  
  851   17.4  6.7  1.1  NW_015504249.1  69103 69153 (30847) + Ves2_ML     SINE/tRNA         161    224    (8)  47  
  893   16.5 14.4  0.5  NW_015504249.1  70539 70733 (29267) + Ves2B_ML    SINE/tRNA           1    222   (30)  49  
  679   23.7  8.0  1.2  NW_015504249.1  71007 71245 (28755) + L1ME3       LINE/L1          5386   5640  (522)  50  
  777   20.9 16.4  0.3  NW_015504249.1  71249 71522 (28478) + L1ME3       LINE/L1          5845   6162    (0)  50  
   35   10.4  0.0  3.1  NW_015504249.1  73173 73238 (26762) + (TC)n       Simple_repeat       1     64    (0)  51  
  366   12.7  1.6  0.0  NW_015504249.1  73239 73301 (26699) + Ves4_ML     SINE/tRNA         187    250    (0)  52  
   32   10.3  1.9  1.9  NW_015504249.1  73564 73617 (26383) + (AT)n       Simple_repeat       1     54    (0)  53  
  778   22.5  2.2  0.0  NW_015504249.1  74545 74722 (25278) + Ves2_ML     SINE/tRNA           2    183   (86)  54  
   20   25.1  3.5  0.0  NW_015504249.1  75606 75662 (24338) + (CA)n       Simple_repeat       1     59    (0)  55  
 7316   12.4  4.7  4.5  NW_015504249.1  77647 79183 (20817) + L1-4_PVa    LINE/L1          3692   5231 (1590)  56  
  951   16.5  3.9  0.5  NW_015504249.1  79242 79448 (20552) + L1-3_PVa    LINE/L1          6336   6549    (5)  57  
   11   14.1  9.8  3.7  NW_015504249.1  85102 85152 (14848) + (CGCCCGCG)n Simple_repeat       1     54    (0)  58  
  243   13.3  3.4 10.9  NW_015504249.1  85346 85404 (14596) + Ves2B_ML    SINE/tRNA         196    250    (2)  59  
  307   28.1  6.7  6.7  NW_015504249.1  87864 88012 (11988) C Ves2B_ML    SINE/tRNA        (23)    229     81  60  
 1110   14.6  3.6  1.8  NW_015504249.1  89897 90119  (9881) C Ves3_ML     SINE/tRNA         (3)    229      3  61  
   13   23.6  0.0  0.0  NW_015504249.1  91874 91908  (8092) + (ATGA)n     Simple_repeat       1     35    (0)  62  
  720   14.5 18.9  1.8  NW_015504249.1  92535 92730  (7270) + Ves3_ML     SINE/tRNA           4    232    (0)  63  
   14   12.5  0.0  0.0  NW_015504249.1  94415 94440  (5560) + (CATT)n     Simple_repeat       1     26    (0)  64  
  837   15.1  4.5 17.8  NW_015504249.1  95689 95954  (4046) + Ves2B_ML    SINE/tRNA          13    248    (4)  65  
   37    2.9  0.0  0.0  NW_015504249.1  96244 96279  (3721) + (TG)n       Simple_repeat       1     36    (0)  66  
  286   24.5  7.3  0.7  NW_015504249.1  99838 99960    (40) C L1M5        LINE/L1         (507)   5666   5525  67  
