   SW   perc perc perc  query           position in query     matching       repeat           position in repeat
score   div. del. ins.  sequence        begin end    (left)   repeat         class/family   begin  end    (left)  ID

 1598   18.6  5.0  3.2  NW_015504249.1     15   413 (99587) C L1-2a_EF       LINE/L1           (0)   6672   6267   1 *
 1723   18.0  0.6  1.5  NW_015504249.1    395   722 (99278) C L1-3a_EF       LINE/L1        (3391)   3222   2898   2  
 3492   17.4  0.9  1.4  NW_015504249.1    732  1426 (98574) C L1-4_PVa       LINE/L1        (3984)   2837   2147   3  
 3476   16.8  2.6  0.6  NW_015504249.1   1419  2113 (97887) + L1-4_PVa       LINE/L1          2932   3640 (3181)   3 *
 2719   18.2  1.2  3.1  NW_015504249.1   2115  2680 (97320) C L1-3a_EF       LINE/L1        (2218)   4395   3840   4  
 5625   16.1  4.4  1.7  NW_015504249.1   2901  4053 (95947) C L1-4_PVa       LINE/L1        (2827)   3994   2811   5  
 3095   22.4  4.4  1.4  NW_015504249.1   4030  4848 (95152) C L1-4_PVa       LINE/L1        (4505)   2316   1474   5 *
  364   37.6  0.6  0.0  NW_015504249.1   5180  5349 (94651) C L1-4_PVa       LINE/L1        (5398)   1423   1253   5  
  363   29.9  1.2  3.1  NW_015504249.1   5381  5542 (94458) C L1-4_PVa       LINE/L1        (6655)    166      8   5  
 1097   29.4  4.0  5.1  NW_015504249.1   8283  8759 (91241) + L1-4_PVa       LINE/L1            10    481 (6340)   6  
  409   22.1  2.0 10.0  NW_015504249.1   9247  9397 (90603) + L1-4_PVa       LINE/L1          1661   1800 (5021)   6 *
 4298   16.2  0.5  1.6  NW_015504249.1   9371 10166 (89834) + L1-3a_EF       LINE/L1          3877   4663 (1950)   7 *
 4569   17.6  4.3  0.8  NW_015504249.1  10150 11127 (88873) + L1-3a_EF       LINE/L1          5046   6057  (556)   7  
 2372   17.2  3.2  1.4  NW_015504249.1  11117 11612 (88388) + L1-4_PVa       LINE/L1          6089   6593  (228)   8 *
  874   20.8  1.6  6.4  NW_015504249.1  11763 12008 (87992) + L1-4_PVa       LINE/L1          6586   6820    (1)   8  
   19   18.7  2.9  6.1  NW_015504249.1  19394 19461 (80539) + A-rich         Low_complexity      1     66    (0)   9  
  288   25.6  3.9  0.0  NW_015504249.1  20696 20773 (79227) C ERV54-EC_I-int LTR/ERV1       (2066)   5197   5117  10  
  541   21.6 12.1 12.8  NW_015504249.1  20796 21150 (78850) C ERV54-EC_I-int LTR/ERV1       (2235)   5028   4676  10  
  775   19.4  7.9  8.7  NW_015504249.1  21330 21606 (78394) C ERV54-EC_I-int LTR/ERV1       (3301)   3962   3688  10  
   17    5.8  5.0  5.0  NW_015504249.1  22004 22043 (77957) + (AAGGTAG)n     Simple_repeat       1     40    (0)  11  
  225   14.1  1.7  5.2  NW_015504249.1  22101 22160 (77840) C HAL1-2_ML      LINE/L1           (1)   2632   2575  12  
 3285   16.5  0.7  0.0  NW_015504249.1  23941 24533 (75467) + L1-3a_EF       LINE/L1          5211   5807  (806)  13  
 1000   28.4 11.8  1.2  NW_015504249.1  25030 25410 (74590) + L1-4_PVa       LINE/L1           279    699 (6122)  14  
  356   30.4  0.0  2.0  NW_015504249.1  25755 25858 (74142) + L1-4_PVa       LINE/L1           613    714 (6107)  14  
 8369   20.8  3.7  0.7  NW_015504249.1  25864 27666 (72334) + L1-4_PVa       LINE/L1           860   2717 (4104)  14  
17022   13.5  2.0  0.7  NW_015504249.1  27813 30698 (69302) + L1-4_PVa       LINE/L1          3875   6798   (23)  14  
   12   20.4  2.4  2.4  NW_015504249.1  31095 31135 (68865) + (AGGACG)n      Simple_repeat       1     41    (0)  15  
  514   20.7  2.5  0.8  NW_015504249.1  31860 31981 (68019) C HAL1M8         LINE/L1         (267)   2724   2601  16  
   15    5.6  0.0  0.0  NW_015504249.1  32062 32080 (67920) + (CA)n          Simple_repeat       1     19    (0)  17  
 2537   23.0  8.7  4.3  NW_015504249.1  32401 33361 (66639) C L1MC5          LINE/L1         (481)   2510   1682  18  
 3339   21.9  3.2  3.1  NW_015504249.1  33390 34230 (65770) C L1MC5          LINE/L1        (1993)    998    157  18  
 1929   10.8  3.9  2.6  NW_015504249.1  34232 34536 (65464) + ERV54-EC_I-int LTR/ERV1          656    964 (6299)  19  
  415    9.1  7.6  0.0  NW_015504249.1  34538 34603 (65397) + ERV54-EC_I-int LTR/ERV1         1109   1179 (6084)  19  
 3413   17.1 10.8  0.9  NW_015504249.1  34650 35370 (64630) + ERV54-EC_I-int LTR/ERV1         2019   2810 (4453)  19  
 1470    8.9  3.7  0.0  NW_015504249.1  35498 35711 (64289) + ERV54-EC_I-int LTR/ERV1         2808   3029 (4234)  19  
  610   18.6  0.0  5.7  NW_015504249.1  35708 35838 (64162) + ERV54-EC_I-int LTR/ERV1         7006   7129  (134)  19 *
 2378   12.9  2.0  5.3  NW_015504249.1  35893 36300 (63700) + ERV54-EC_LTR   LTR/ERV1            1    395    (0)  19  
   20   18.8  1.9  3.9  NW_015504249.1  42493 42544 (57456) + GA-rich        Low_complexity      1     51    (0)  20  
  963   25.2  7.2  2.4  NW_015504249.1  42728 43089 (56911) + L1ME1          LINE/L1          5791   6169   (10)  21  
 4526   16.0  5.6  1.5  NW_015504249.1  44459 45418 (54582) C L1M4           LINE/L1        (2959)   3187   2189  22  
  298   18.4  6.6  0.0  NW_015504249.1  45414 45489 (54511) C L1MB3_EC       LINE/L1        (5115)   1099   1019  23 *
   17   15.1  0.0  5.0  NW_015504249.1  46546 46587 (53413) + (ATGT)n        Simple_repeat       1     40    (0)  24  
   16   15.5  0.0  2.7  NW_015504249.1  47195 47232 (52768) + (TAAGTAC)n     Simple_repeat       1     37    (0)  25  
  980   16.4 14.6  4.3  NW_015504249.1  48668 48970 (51030) + HAL1-2_ML      LINE/L1          2361   2633    (0)  26  
   17   27.4  0.0  2.0  NW_015504249.1  49717 49766 (50234) + (TC)n          Simple_repeat       1     49    (0)  27  
   12   15.0  8.1  0.0  NW_015504249.1  55708 55744 (44256) + GA-rich        Low_complexity      1     40    (0)  28  
   24   14.8  3.6  3.6  NW_015504249.1  58561 58616 (41384) + (CT)n          Simple_repeat       1     56    (0)  29  
   30   15.0  0.0  0.0  NW_015504249.1  58773 58826 (41174) + (TCTC)n        Simple_repeat       1     54    (0)  30  
 2803   13.8  1.7  0.0  NW_015504249.1  59123 59652 (40348) + L1-3a_EF       LINE/L1          5143   5681  (932)  31  
 3285   10.3  0.2  0.8  NW_015504249.1  59780 60295 (39705) + L1-3a_EF       LINE/L1          5683   6195  (418)  31  
  514   24.3  3.6  0.0  NW_015504249.1  60310 60449 (39551) + HAL1-2_ML      LINE/L1          2489   2633    (0)  32  
   15    6.5  2.6  8.3  NW_015504249.1  60932 60969 (39031) + (TCTT)n        Simple_repeat       1     36    (0)  33  
 3001   16.0  1.9  2.7  NW_015504249.1  64647 65277 (34723) C L1MA10         LINE/L1           (0)   6334   5709  34  
   12    7.8  3.2  6.7  NW_015504249.1  65445 65475 (34525) + (TTTA)n        Simple_repeat       1     30    (0)  35  
   13   16.9  0.0  0.0  NW_015504249.1  68513 68539 (31461) + (CAG)n         Simple_repeat       1     27    (0)  36  
  880   24.6  6.6  4.2  NW_015504249.1  68929 69322 (30678) + L1ME2          LINE/L1          5521   5923  (241)  37  
  271   18.1  4.2  0.0  NW_015504249.1  70423 70494 (29506) C HAL1-2_ML      LINE/L1           (5)   2628   2554  38  
 6198   22.3  8.5  1.6  NW_015504249.1  74141 76358 (23642) + L1MA10         LINE/L1          3854   6334    (0)  39  
   11   24.6  0.0  2.6  NW_015504249.1  76606 76645 (23355) + (TTATTAT)n     Simple_repeat       1     39    (0)  40  
 2368   15.6  5.5  1.7  NW_015504249.1  78035 78566 (21434) + L1-3a_EF       LINE/L1          6049   6545   (68)  41  
  740   14.8  0.0  0.0  NW_015504249.1  80461 80588 (19412) C L1_Carn7       LINE/L1         (689)   5819   5692  42  
  867   19.7  5.4  4.4  NW_015504249.1  80592 81119 (18881) + L1_Carn7       LINE/L1          6353   6965   (35)  43  
   18   18.9  3.5  3.5  NW_015504249.1  85301 85358 (14642) + (TTTTG)n       Simple_repeat       1     58    (0)  44  
   14   17.3  5.1  0.0  NW_015504249.1  85726 85764 (14236) + (TATTT)n       Simple_repeat       1     41    (0)  45  
   22   21.5  0.0  0.0  NW_015504249.1  85818 85861 (14139) + (T)n           Simple_repeat       1     44    (0)  46  
22914   18.4  1.0  0.9  NW_015504249.1  85985 91223  (8777) + L1-3a_EF       LINE/L1          1174   6480  (133)  47  
   17   19.8  0.0  9.5  NW_015504249.1  92070 92138  (7862) + A-rich         Low_complexity      1     63    (0)  48  
   12   29.0  2.0  0.0  NW_015504249.1  94056 94105  (5895) + (CCTCTTT)n     Simple_repeat       1     51    (0)  49  
   15   19.6  0.0  0.0  NW_015504249.1  95599 95627  (4373) + (TG)n          Simple_repeat       1     29    (0)  50  
  536   19.5  2.6  3.9  NW_015504249.1  95628 95782  (4218) C HAL1-2_ML      LINE/L1          (18)   2615   2463  51  
 4852   14.4  0.6  0.3  NW_015504249.1  96434 97288  (2712) C L1-3a_EF       LINE/L1         (308)   6305   5449  52  
