   SW   perc perc perc  query           position in query     matching   repeat             position in repeat
score   div. del. ins.  sequence        begin end    (left)   repeat     class/family     begin  end    (left)  ID

 1025   15.0 17.3  0.4  NW_015504249.1   3485  3698 (96302) + Ves4_ML    SINE/tRNA             1    250    (0)   1  
   75    0.0  0.0  0.0  NW_015504249.1   7023  7089 (92911) + (AGGAT)n   Simple_repeat         1     67    (0)   2  
   79    0.0  0.0  0.0  NW_015504249.1   7163  7232 (92768) + (ATAGG)n   Simple_repeat         1     70    (0)   3  
   49    0.0  0.0  0.0  NW_015504249.1   7372  7416 (92584) + (AGAAT)n   Simple_repeat         1     45    (0)   4  
   33    0.0  0.0  0.0  NW_015504249.1   8315  8342 (91658) + (GT)n      Simple_repeat         1     28    (0)   5  
   15   29.9  3.5  0.0  NW_015504249.1   8967  9023 (90977) + (TA)n      Simple_repeat         1     59    (0)   6  
 1686   17.0 16.9  6.6  NW_015504249.1   9530  9964 (90036) + MLT2B1     LTR/ERVL              1    481   (39)   7  
   67    0.0  0.0  0.0  NW_015504249.1   9965 10024 (89976) + (ATCC)n    Simple_repeat         1     60    (0)   8  
 1686   17.0 16.9  6.6  NW_015504249.1  10025 10060 (89940) + MLT2B1     LTR/ERVL            482    517    (3)   7  
 3601   22.2  6.3  0.5  NW_015504249.1  12183 13007 (86993) C L1MB8      LINE/L1            (39)   6139   5267   9  
  460   21.3 20.0  1.3  NW_015504249.1  13265 13454 (86546) C Ves4_ML    SINE/tRNA          (23)    227      3  10  
 4602   18.1  6.2  1.0  NW_015504249.1  13786 14752 (85248) C L1MB8      LINE/L1           (874)   5272   4256   9  
  596   24.8  9.6  1.8  NW_015504249.1  14760 14968 (85032) C Ves4_ML    SINE/tRNA          (23)    227      3  11  
 1556   19.6  5.1  8.4  NW_015504249.1  14971 15361 (84639) C L1MB8      LINE/L1          (1876)   4270   3892   9  
  586   23.9 10.3  4.0  NW_015504249.1  15408 15620 (84380) C Ves4_ML    SINE/tRNA          (23)    227      2  12  
 1583   18.8 16.3  0.0  NW_015504249.1  17358 17767 (82233) + Charlie1b  DNA/hAT-Charlie      47    523    (0)  13  
 1058   14.3 22.7  2.5  NW_015504249.1  17786 18058 (81942) C MER101E_ML LTR/ERV1            (0)    834    508  14  
 1255   19.7 11.4  0.0  NW_015504249.1  18209 18472 (81528) C MER101E_ML LTR/ERV1          (320)    514    221  14  
 1379   19.0  3.5  6.0  NW_015504249.1  18482 18857 (81143) + HAL1-3_PVa LINE/L1              11    377 (2971)  15  
  247   20.8  2.8  0.0  NW_015504249.1  18859 18930 (81070) + HAL1-3_PVa LINE/L1             639    712 (2636)  15  
 2030   13.0  5.2  5.9  NW_015504249.1  19035 19629 (80371) + HAL1-3_ML  LINE/L1             759   1349 (1975)  16  
 1755    9.5  0.4  1.5  NW_015504249.1  19990 20257 (79743) + HAL1-2_ML  LINE/L1            1655   1919  (714)  17  
 2688    8.0  0.3  0.5  NW_015504249.1  20327 20705 (79295) + HAL1-3_ML  LINE/L1            1987   2364  (960)  16  
  230   15.4  1.9  0.0  NW_015504249.1  20692 20743 (79257) + L1-2a_EF   LINE/L1            6419   6471  (201)  18 *
  254   17.6  2.0  0.0  NW_015504249.1  21303 21353 (78647) + HAL1-2_ML  LINE/L1            2571   2622   (11)  19  
  705   19.3  6.3  1.8  NW_015504249.1  21363 21520 (78480) C MER101E_ML LTR/ERV1          (603)    231     67  14  
  335   17.7  0.0  9.5  NW_015504249.1  21722 21802 (78198) C MER101E_ML LTR/ERV1          (760)     74      1  14  
   19    0.0  0.0  0.0  NW_015504249.1  25396 25416 (74584) + (T)n       Simple_repeat         1     21    (0)  20  
  622   24.2 11.0  0.9  NW_015504249.1  25434 25633 (74367) C Ves4_ML    SINE/tRNA          (28)    222      3  21  
   52    0.0  0.0  0.0  NW_015504249.1  30329 30375 (69625) + (ATGG)n    Simple_repeat         1     47    (0)  22  
   17    7.2  3.3  0.0  NW_015504249.1  31342 31371 (68629) + (AGGG)n    Simple_repeat         1     31    (0)  23  
   26    0.0  0.0  0.0  NW_015504249.1  32516 32540 (67460) + (T)n       Simple_repeat         1     25    (0)  24  
 5273   13.7 11.7  1.9  NW_015504249.1  32738 33736 (66264) + L1M4c      LINE/L1               1   1095 (5289)  25  
   12   17.7  2.4  4.9  NW_015504249.1  34829 34870 (65130) + GA-rich    Low_complexity        1     41    (0)  26  
  579   26.2 14.4  1.3  NW_015504249.1  38707 38907 (61093) + Ves4_ML    SINE/tRNA             1    227   (23)  27  
 1043   18.6  1.8  0.4  NW_015504249.1  39008 39229 (60771) + L1MAB_EC   LINE/L1            6664   6888    (6)  28  
  359   21.8  0.9 11.2  NW_015504249.1  40782 40943 (59057) C L1MC4      LINE/L1             (0)   8042   7926  29  
 1017   24.6  6.1  5.2  NW_015504249.1  41219 41676 (58324) C L1MC4      LINE/L1           (118)   7924   7463  30  
  297   21.1  1.1  1.8  NW_015504249.1  41749 41841 (58159) C L1MC4      LINE/L1           (267)   6177   6087  29  
 1616   16.4  3.4  1.7  NW_015504249.1  42359 42886 (57114) C MER6A      DNA/TcMar-Tigger    (0)    605      1  31  
 1294   16.1  2.2  9.6  NW_015504249.1  43161 43428 (56572) C Ves4_ML    SINE/tRNA           (0)    250      1  32  
   22   32.0  1.9  6.0  NW_015504249.1  45428 45584 (54416) + (TTTTCCT)n Simple_repeat         1    151    (0)  33  
  329   20.4  5.1  3.7  NW_015504249.1  45588 45764 (54236) C Ves4_ML    SINE/tRNA          (20)    230      3  34  
   21   19.8  2.9  4.4  NW_015504249.1  45880 45948 (54052) + (TTA)n     Simple_repeat         1     68    (0)  35  
17321   18.3  3.1  0.8  NW_015504249.1  46093 50563 (49437) + L1-3a_EF   LINE/L1            1028   5925  (688)  36  
   32    5.4  0.0  0.0  NW_015504249.1  50721 50759 (49241) + (CTCTCC)n  Simple_repeat         1     39    (0)  37  
 1329   27.8  2.4  3.9  NW_015504249.1  50761 50812 (49188) + L1MdF_I    LINE/L1            5413   5461 (1115)  38  
   30    0.0  0.0  0.0  NW_015504249.1  50813 50840 (49160) + (AACA)n    Simple_repeat         1     28    (0)  39  
 3283   17.7  3.6  1.1  NW_015504249.1  50841 51532 (48468) + L1MdF_I    LINE/L1            5462   6612    (1)  38  
   12   16.5  0.0  0.0  NW_015504249.1  56196 56222 (43778) + (TTGGT)n   Simple_repeat         1     27    (0)  40  
 1630   16.0  2.1  0.3  NW_015504249.1  58437 58719 (41281) + LTR7_PVa   LTR/ERV1            133    420   (77)  41  
   51    0.0  0.0  0.0  NW_015504249.1  61690 61733 (38267) + (AC)n      Simple_repeat         1     44    (0)  42  
  285   12.5 15.1  1.2  NW_015504249.1  64753 64825 (35175) C MLT1F      LTR/ERVL-MaLR       (0)    548    466  43  
 4916   20.3  7.9  0.6  NW_015504249.1  67082 68264 (31736) + L1MB3_EC   LINE/L1            4942   6210    (4)  44  
   41    0.0  0.0  0.0  NW_015504249.1  68327 68361 (31639) + (GT)n      Simple_repeat         1     35    (0)  45  
 1168   22.0  2.8  0.0  NW_015504249.1  69375 69660 (30340) + L1MB7      LINE/L1            5889   6182    (2)  46  
   12   25.9  0.0  2.4  NW_015504249.1  79444 79486 (20514) + G-rich     Low_complexity        1     42    (0)  47  
 1563   22.9 15.7  1.3  NW_015504249.1  80497 80956 (19044) + MLT1F      LTR/ERVL-MaLR        24    548    (0)  48  
  295   18.6  0.0  0.0  NW_015504249.1  81054 81112 (18888) + MLT1F      LTR/ERVL-MaLR       490    548    (0)  49  
   13   24.3  3.1  4.8  NW_015504249.1  84446 84509 (15491) + G-rich     Low_complexity        1     63    (0)  50  
   12   21.8  2.7  0.0  NW_015504249.1  86390 86426 (13574) + (CAGGACC)n Simple_repeat         1     38    (0)  51  
 1381   20.1 14.1  1.2  NW_015504249.1  86630 87007 (12993) + MLT1C2     LTR/ERVL-MaLR        40    457    (4)  52  
   12   14.8  4.9  4.9  NW_015504249.1  88992 89032 (10968) + (ACAT)n    Simple_repeat         1     41    (0)  53  
   15   20.4  0.0  0.0  NW_015504249.1  89690 89718 (10282) + (TC)n      Simple_repeat         1     29    (0)  54  
 1866   18.3  6.5  0.3  NW_015504249.1  92085 92451  (7549) C MLT1B      LTR/ERVL-MaLR       (0)    390      1  55  
   27   19.2  4.6  0.0  NW_015504249.1  93007 93071  (6929) + (TA)n      Simple_repeat         1     68    (0)  56  
  773   13.0  3.2  1.3  NW_015504249.1  94591 94746  (5254) + L1MD1      LINE/L1            4590   4748 (1398)  57  
   11   11.1  6.9  0.0  NW_015504249.1  94758 94786  (5214) + G-rich     Low_complexity        1     31    (0)  58  
 3247   26.4  6.4  1.1  NW_015504249.1  94931 96349  (3651) + L1MD1      LINE/L1            4746   6222   (20)  57  
 1678   16.7 10.6  0.3  NW_015504249.1  98295 98625  (1375) + MLT1A0     LTR/ERVL-MaLR         1    365    (0)  59  
   18   29.9  1.5  1.5  NW_015504249.1  98957 99024   (976) + (GAT)n     Simple_repeat         1     68    (0)  60  
