   SW   perc perc perc  query           position in query     matching        repeat            position in repeat
score   div. del. ins.  sequence        begin end    (left)   repeat          class/family    begin  end    (left)  ID

   26   24.3  3.8  0.0  NW_015504249.1     23   101 (99899) + GA-rich         Low_complexity       1     82    (0)   1  
  227   13.9  0.0  0.0  NW_015504249.1   1079  1114 (98886) C L1ME4a          LINE/L1            (3)   6121   6086   2  
 1251    9.9  6.1 10.2  NW_015504249.1   1252  1464 (98536) + DNAX1_ML        DNA/hAT-Charlie      1    205    (0)   3  
  319   27.0  0.0  4.5  NW_015504249.1   2712  2804 (97196) C MLT1H           LTR/ERVL-MaLR    (376)    173     85   4  
   12   13.1  1.9 12.5  NW_015504249.1   3793  3845 (96155) + (TTC)n          Simple_repeat        1     48    (0)   5  
  235   30.6  5.1  0.0  NW_015504249.1   3896  3993 (96007) C L2a             LINE/L2           (25)   3401   3299   6  
 1273   21.5 14.5  0.2  NW_015504249.1   4050  4422 (95578) C L2a             LINE/L2           (10)   3416   2991   7  
 1074   15.8  6.7  1.0  NW_015504249.1   5301  5536 (94464) + Ves2B_ML        SINE/tRNA            2    232    (0)   8  
   13   27.4  0.0  4.0  NW_015504249.1   7095  7146 (92854) + (AATA)n         Simple_repeat        1     50    (0)   9  
 4116   12.4  1.4  1.8  NW_015504249.1   8084  8747 (91253) + L1-3_PVa        LINE/L1           5887   6547    (7)  10  
  985   20.6  3.9  3.2  NW_015504249.1   8841  9121 (90879) + HAL1-2_ML       LINE/L1           2351   2633    (0)  11  
 1377   12.0  0.5  5.0  NW_015504249.1   9377  9586 (90414) C DNAX1_Opr       DNA/hAT-Charlie    (0)    204      4  12  
  800   23.1  6.3  1.4  NW_015504249.1  11486 11691 (88309) C Ves3_ML         SINE/tRNA         (10)    222      7  13  
  306   31.4  5.3  0.8  NW_015504249.1  11939 12166 (87834) + L1M5            LINE/L1           5620   5857  (267)  14  
  387   27.6  7.8  0.0  NW_015504249.1  13477 13592 (86408) + L2a             LINE/L2           3302   3426    (0)  15  
   30    0.0  0.0  0.0  NW_015504249.1  16467 16492 (83508) + (AC)n           Simple_repeat        1     26    (0)  16  
   18    0.0  0.0  0.0  NW_015504249.1  16493 16515 (83485) + (GCAC)n         Simple_repeat        1     23    (0)  17  
 1196   20.3  3.3  0.4  NW_015504249.1  18057 18298 (81702) + Ves4_ML         SINE/tRNA            2    250    (0)  18  
  277   12.0  0.0  6.0  NW_015504249.1  18415 18467 (81533) + L1MC3           LINE/L1           5849   5898 (1887)  19  
 3476   21.2  5.3  0.9  NW_015504249.1  18513 19372 (80628) + L1ME2           LINE/L1           5260   6157    (7)  20  
   14   15.3  0.0  0.0  NW_015504249.1  21480 21508 (78492) + (ATTC)n         Simple_repeat        1     29    (0)  21  
 1007   18.0  1.0  3.9  NW_015504249.1  23031 23277 (76723) + Ves2_ML         SINE/tRNA            1    222   (10)  22  
  395   17.2  1.6  0.0  NW_015504249.1  24775 24838 (75162) + L1MD1           LINE/L1           6125   6189   (53)  23  
   31    0.0  0.0  0.0  NW_015504249.1  24843 24869 (75131) + (AC)n           Simple_repeat        1     27    (0)  24  
 1138   15.8  1.0  1.0  NW_015504249.1  24890 25101 (74899) C Ves2_ML         SINE/tRNA         (10)    259      1  25  
  356   15.5  2.8  0.0  NW_015504249.1  25102 25171 (74829) + L1MD2           LINE/L1           6288   6359    (0)  26  
 1093   18.1 11.7  0.8  NW_015504249.1  25976 26198 (73802) + Ves4_ML         SINE/tRNA            4    250    (0)  27  
  847   22.4  1.2  0.0  NW_015504249.1  33258 33427 (66573) + MLT1F2          LTR/ERVL-MaLR       10    181  (388)  28  
 1010   19.7  6.0  0.5  NW_015504249.1  33556 33754 (66246) + MLT1F2          LTR/ERVL-MaLR      322    531   (29)  28  
   14   24.8  0.0  4.1  NW_015504249.1  33997 34047 (65953) + A-rich          Low_complexity       1     49    (0)  29  
 1310   21.3 14.0  0.4  NW_015504249.1  37166 37580 (62420) + Charlie4a       DNA/hAT-Charlie     22    492   (16)  30  
  294   31.1  5.7  0.0  NW_015504249.1  39906 40011 (59989) C L2a             LINE/L2           (28)   3398   3287  31  
   13   23.0  2.4  0.0  NW_015504249.1  40173 40213 (59787) + (TCATC)n        Simple_repeat        1     42    (0)  32  
  553   24.3 14.7  1.0  NW_015504249.1  40848 41113 (58887) C L1ME1           LINE/L1            (2)   6177   5876  33  
  794   11.4 22.5  1.4  NW_015504249.1  42581 42758 (57242) + Ves3_ML         SINE/tRNA            8    222   (10)  34  
  669   13.4 25.4  3.0  NW_015504249.1  43294 43487 (56513) + Ves3_ML         SINE/tRNA            1    269    (0)  35  
   13   25.2  0.0  2.3  NW_015504249.1  46255 46298 (53702) + A-rich          Low_complexity       1     43    (0)  36  
 1028   18.4  2.6  4.9  NW_015504249.1  46364 46591 (53409) C Ves3_ML         SINE/tRNA          (7)    225      3  37  
  944   26.9 15.1  2.6  NW_015504249.1  49512 49995 (50005) C MLT1G1          LTR/ERVL-MaLR      (0)    579     41  38  
  659   27.4  2.1  0.4  NW_015504249.1  54201 54442 (45558) + L1-4_PVa        LINE/L1           1615   1860 (4961)  39  
 2294   16.4  0.0  0.0  NW_015504249.1  55930 56380 (43620) C L1-4a_EF        LINE/L1         (3312)   6067   5617  40  
  453   22.4  4.3  0.6  NW_015504249.1  58561 58722 (41278) + L1-2a_EF        LINE/L1           6430   6597   (75)  41  
   56    4.9  0.0  0.0  NW_015504249.1  59315 59378 (40622) + (AAAAT)n        Simple_repeat        1     64    (0)  42  
   18   28.1  0.0  0.0  NW_015504249.1  59385 59436 (40564) + A-rich          Low_complexity       1     52    (0)  43  
 1207   15.0 11.0  0.0  NW_015504249.1  60825 61051 (38949) + Ves2B_ML        SINE/tRNA            1    252    (0)  44  
 1457   23.2  3.0  4.9  NW_015504249.1  62576 63118 (36882) C L1ME1           LINE/L1            (0)   6179   5647  45  
  301   34.9  2.2  2.2  NW_015504249.1  63115 63381 (36619) C L1MB3_EC        LINE/L1         (4725)   1489   1223  46 *
   20   21.8  3.7  4.9  NW_015504249.1  64565 64646 (35354) + GA-rich         Low_complexity       1     81    (0)  47  
  386   25.8  6.1  3.2  NW_015504249.1  65410 65589 (34411) C L1M5            LINE/L1          (360)   5804   5620  48  
  467   27.9 12.6  0.5  NW_015504249.1  65649 66008 (33992) C L1ME1           LINE/L1          (726)   5488   5064  45  
   30   17.7  2.1  7.6  NW_015504249.1  66064 66160 (33840) + (TTA)n          Simple_repeat        1     92    (0)  49  
  615   24.7  7.5  1.6  NW_015504249.1  66313 66604 (33396) C L1ME1           LINE/L1         (1219)   4927   4619  45  
  671   28.2  9.0  0.2  NW_015504249.1  66688 67185 (32815) + L1M5            LINE/L1           2289   2830 (3316)  50  
   13   20.6  3.6  5.5  NW_015504249.1  67519 67574 (32426) + (TTTTAG)n       Simple_repeat        1     55    (0)  51  
 1003   12.5  1.5  1.6  NW_015504249.1  67805 68028 (31972) + Ves2_ML         SINE/tRNA            1    268    (1)  52  
 1409   27.7  8.5  2.4  NW_015504249.1  69701 70325 (29675) C MLT2F           LTR/ERVL           (1)    662      1  53  
   16    9.6  0.0  0.0  NW_015504249.1  71278 71300 (28700) + (A)n            Simple_repeat        1     23    (0)  54  
 1154   29.5 10.6  1.4  NW_015504249.1  71753 72429 (27571) C L1MC4a          LINE/L1          (614)   7428   6687  55  
   27    8.1  0.0  0.0  NW_015504249.1  72430 72469 (27531) + (TGTCTATC)n     Simple_repeat        1     40    (0)  56  
 1154   29.5 10.6  1.4  NW_015504249.1  72470 72509 (27491) C L1MC4a          LINE/L1         (1356)   6686   6647  55  
  645   26.0 10.9  2.1  NW_015504249.1  72589 73081 (26919) C L1MC4a          LINE/L1         (1408)   6474   5897  55  
 1389   23.8  4.0  2.6  NW_015504249.1  73099 73598 (26402) C L1MC4a          LINE/L1         (2045)   5837   5331  55  
  698   12.6 19.1  1.0  NW_015504249.1  73647 73844 (26156) C Ves2_ML         SINE/tRNA          (1)    251      1  57  
  269   28.5  6.2  5.4  NW_015504249.1  73907 74221 (25779) C L1_Carni        LINE/L1         (1960)   6149   6007  58  
 2690   16.9  2.4 10.6  NW_015504249.1  76148 77017 (22983) C L1_Carn7        LINE/L1            (0)   6554   5595  59  
 3171   13.9  0.2  0.9  NW_015504249.1  77020 77577 (22423) + L1_Carn7        LINE/L1           3875   4428 (2014)  60  
 4725   26.2  8.4  3.5  NW_015504249.1  78039 80224 (19776) C ERV3-16A3_I-int LTR/ERVL          (55)   5171   2877  61  
  570   15.3 22.7  1.0  NW_015504249.1  80227 80400 (19600) + Ves2_ML         SINE/tRNA            1    225   (27)  62  
   22    0.0  8.8  0.0  NW_015504249.1  80404 80437 (19563) + (TAA)n          Simple_repeat        1     37    (0)  63  
 1188   25.1  1.6  4.5  NW_015504249.1  80465 80827 (19173) C ERV3-16A3_I-int LTR/ERVL        (2386)   2840   2488  61  
 2313   25.6  2.6  7.8  NW_015504249.1  80976 81894 (18106) C ERV3-16A3_I-int LTR/ERVL        (2748)   2478   1604  61  
 2586   15.5  2.5  0.4  NW_015504249.1  81901 82378 (17622) C L1MC1           LINE/L1            (9)   6324   5837  64  
  980   27.5  6.3  2.4  NW_015504249.1  82362 82849 (17151) C ERV3-16A3_I-int LTR/ERVL        (3607)   1619   1113  61 *
  279   15.2  0.0  0.0  NW_015504249.1  82855 82900 (17100) C HERV16-int      LTR/ERVL        (3372)   1854   1809  65  
  572   30.9  6.7  0.5  NW_015504249.1  82950 83507 (16493) C HERV16-int      LTR/ERVL        (4490)    736     54  65  
   14    9.4  5.3  5.3  NW_015504249.1  86469 86506 (13494) + (AAT)n          Simple_repeat        1     38    (0)  66  
  492   18.7  2.8  0.0  NW_015504249.1  91503 91609  (8391) + L1MA9           LINE/L1           6041   6150  (162)  67  
   17   10.4  4.4  4.4  NW_015504249.1  91614 91658  (8342) + (ATATCT)n       Simple_repeat        1     45    (0)  68  
   12    4.3  8.3  0.0  NW_015504249.1  91646 91669  (8331) + (ATAC)n         Simple_repeat        1     26    (0)  69 *
  405   21.3  4.8  2.3  NW_015504249.1  91670 91794  (8206) + L1MA9           LINE/L1           6180   6307    (5)  67  
 1182   14.3  3.8  6.9  NW_015504249.1  96824 97063  (2937) C Ves2B_ML        SINE/tRNA          (8)    244     12  70  
