   SW   perc perc perc  query           position in query     matching   repeat             position in repeat
score   div. del. ins.  sequence        begin end    (left)   repeat     class/family     begin  end    (left)  ID

   12   19.6  2.9  0.0  NW_015504249.1    827   861 (99139) + (ATGAATT)n Simple_repeat         1     36    (0)   1  
  289   20.8  1.3  2.6  NW_015504249.1   2428  2506 (97494) + MIRb       SINE/MIR            154    231   (37)   2  
  317   27.0 11.7  0.0  NW_015504249.1   3303  3413 (96587) C L2a        LINE/L2             (7)   3419   3296   3  
 1447   17.5  8.1  4.3  NW_015504249.1   4376  4755 (95245) C MLT1C2     LTR/ERVL-MaLR      (56)    411      6   4  
   22   20.8  0.0  1.9  NW_015504249.1   5343  5395 (94605) + (ATGT)n    Simple_repeat         1     52    (0)   5  
  332   25.8  5.8  0.8  NW_015504249.1   5405  5525 (94475) C L2a        LINE/L2             (2)   3424   3298   6  
  745   28.4  6.4  0.6  NW_015504249.1   5533  5844 (94156) C L1ME5      LINE/L1           (227)   5967   5638   7  
  351   26.5 11.6  3.9  NW_015504249.1   5911  6126 (93874) C L1ME3Cz    LINE/L1           (734)   5516   5285   8 *
  665   12.3 23.4  3.2  NW_015504249.1   6102  6285 (93715) C Ves3_ML    SINE/tRNA          (10)    222      3   9  
  396   28.9 13.8  2.3  NW_015504249.1   6286  6542 (93458) C L1ME3Cz    LINE/L1           (813)   5333   5047   8  
  853   18.4 18.7  0.3  NW_015504249.1   6601  6862 (93138) C L1-3_PVa   LINE/L1             (5)   6549   6240  10  
  477   27.4  4.5  3.6  NW_015504249.1   6864  7086 (92914) C L1ME3Cz    LINE/L1          (1134)   5012   4788   8  
  715   25.2 15.4  1.8  NW_015504249.1   7310  7719 (92281) C MER34B_AMe LTR/ERV1            (6)    558     41  11  
  292   15.2  0.0  0.0  NW_015504249.1   7908  7953 (92047) C MER34B_CF  LTR/ERV1            (8)    594    549  12  
 2579   16.2 11.8  0.3  NW_015504249.1   8029  8555 (91445) C MER34A1    LTR/ERV1            (0)    587      1  13  
   37    2.6  2.5  0.0  NW_015504249.1   9310  9349 (90651) + (CT)n      Simple_repeat         1     41    (0)  14  
  283   11.1  4.4  0.0  NW_015504249.1  10269 10313 (89687) C MIRb       SINE/MIR          (108)    160    114  15  
  305   34.8  0.0  0.0  NW_015504249.1  10347 10464 (89536) C L2         LINE/L2           (994)   2425   2308  16  
 3021   19.1  5.6  1.7  NW_015504249.1  11153 11788 (88212) + MER44c_Laf DNA/TcMar-Tigger     10    660    (9)  17  
  877   19.4  1.3  6.2  NW_015504249.1  11806 12127 (87873) C Ves2B_ML   SINE/tRNA           (0)    252      1  18  
  366   27.7  1.2  0.0  NW_015504249.1  13008 13090 (86910) + MIRb       SINE/MIR            177    260    (8)  19  
   12   36.5  1.4  1.4  NW_015504249.1  13429 13498 (86502) + GA-rich    Low_complexity        1     70    (0)  20  
  342   29.8  1.1  1.1  NW_015504249.1  14087 14181 (85819) + L2c        LINE/L2            3283   3377   (10)  21  
 1126   28.3 12.2  2.2  NW_015504249.1  15800 16576 (83424) + L2         LINE/L2             225   1077 (2342)  22  
 4419   12.9  5.4  0.5  NW_015504249.1  16581 17315 (82685) C L1MC1      LINE/L1             (0)   6333   5563  23  
  276    4.1  8.0  1.9  NW_015504249.1  17299 17348 (82652) C L1MC1_EC   LINE/L1          (4074)   2271   2219  24 *
  740   25.4  7.6  0.0  NW_015504249.1  17354 17585 (82415) + L2         LINE/L2            1070   1319 (2100)  22  
   54    0.0  1.9  0.0  NW_015504249.1  17586 17637 (82363) + (TTTA)n    Simple_repeat         1     53    (0)  25  
 1033   14.3  7.1  0.0  NW_015504249.1  17644 17811 (82189) C Ves2B_ML   SINE/tRNA          (71)    181      2  26  
  865   25.8  4.2  1.9  NW_015504249.1  17812 18058 (81942) + L2         LINE/L2            1308   1560 (1859)  22  
  783   23.9  6.1  1.7  NW_015504249.1  18455 18684 (81316) + L2         LINE/L2            1818   2057 (1362)  22  
 3038   29.1 11.1  1.8  NW_015504249.1  19436 21677 (78323) C L2a        LINE/L2           (285)   3141    694  27  
 2866   17.1  5.3  0.9  NW_015504249.1  21686 22212 (77788) + MER44B     DNA/TcMar-Tigger      1    550    (0)  28  
  350   32.4  0.0  2.8  NW_015504249.1  22232 22342 (77658) + MIRb       SINE/MIR            114    221   (47)  29  
   30   21.5  1.2  2.5  NW_015504249.1  23324 23404 (76596) + GA-rich    Low_complexity        1     80    (0)  30  
  461   21.9  1.0  0.0  NW_015504249.1  26717 26812 (73188) + Tigger12A  DNA/TcMar-Tigger    723    819    (0)  31  
  394   19.7  2.6  0.0  NW_015504249.1  27740 27815 (72185) + MIRb       SINE/MIR             78    155  (113)  32  
   14   20.2  0.0  4.8  NW_015504249.1  27848 27891 (72109) + A-rich     Low_complexity        1     42    (0)  33  
  629   21.1  6.3  0.0  NW_015504249.1  28235 28376 (71624) + MIRb       SINE/MIR             58    208   (60)  34  
   35    0.0  0.0  0.0  NW_015504249.1  28654 28683 (71317) + (CA)n      Simple_repeat         1     30    (0)  35  
   14   17.5  5.1  0.0  NW_015504249.1  29989 30027 (69973) + (TCAC)n    Simple_repeat         1     41    (0)  36  
  591   18.6  9.9  0.6  NW_015504249.1  30531 30681 (69319) + MER3       DNA/hAT-Charlie       1    165   (44)  37 *
  978   11.6  8.7  0.0  NW_015504249.1  30675 30869 (69131) C Ves3_ML    SINE/tRNA           (6)    226      1  38  
  290   11.6  0.0  0.0  NW_015504249.1  30870 30912 (69088) + MER3       DNA/hAT-Charlie     151    193   (16)  39  
  371   34.1  5.2  1.8  NW_015504249.1  31254 31465 (68535) C L2         LINE/L2           (366)   3053   2835  40  
  591   33.3  8.4  1.5  NW_015504249.1  31510 31890 (68110) C MLT1I      LTR/ERVL-MaLR       (2)    409      3  41  
 1056   15.2  3.2  1.6  NW_015504249.1  33522 33708 (66292) C MER20      DNA/hAT-Charlie     (0)    219     30  42  
  587   23.6  2.0  2.0  NW_015504249.1  33898 34044 (65956) C MER5B      DNA/hAT-Charlie     (6)    172     26  43  
  286   21.1  1.1  1.1  NW_015504249.1  35387 35477 (64523) + L2a        LINE/L2            2693   2783  (636)  44  
  278   16.4  0.0  8.2  NW_015504249.1  35572 35624 (64376) C L2c        LINE/L2            (59)   3328   3280  45  
 1036   21.8  9.9  2.0  NW_015504249.1  35636 35907 (64093) C LTR16A1    LTR/ERVL           (18)    438    146  46  
  230   27.1 22.7  5.3  NW_015504249.1  35966 36339 (63661) + L2a        LINE/L2            2991   3426    (0)  44  
   15    6.9  6.1  2.9  NW_015504249.1  36577 36609 (63391) + GA-rich    Low_complexity        1     34    (0)  47  
  459   28.9 18.1  3.1  NW_015504249.1  37362 37975 (62025) C L1ME4c     LINE/L1             (1)   6082   5380  48  
  307   29.6  1.7  3.4  NW_015504249.1  40509 40627 (59373) C L2a        LINE/L2             (1)   3425   3309  49  
  462   23.8  9.0  3.1  NW_015504249.1  41482 41695 (58305) C MLT1H1     LTR/ERVL-MaLR       (0)    595    327  50  
   16   22.9  4.2  0.0  NW_015504249.1  41718 41765 (58235) + (TCTC)n    Simple_repeat         1     50    (0)  51  
  627   27.4  4.0  3.1  NW_015504249.1  41781 42002 (57998) C MLT1H1     LTR/ERVL-MaLR     (289)    266     43  50  
  759   21.3 13.3  4.3  NW_015504249.1  42112 42366 (57634) C L2a        LINE/L2             (2)   3424   3148  52  
  410   28.7  7.9  6.8  NW_015504249.1  43492 43768 (56232) + L2c        LINE/L2            3108   3387    (0)  53  
   18    0.0  3.3  6.9  NW_015504249.1  43965 43994 (56006) + (AT)n      Simple_repeat         1     29    (0)  54  
 1245   17.2  6.8  1.6  NW_015504249.1  46506 46741 (53259) + Ves4_ML    SINE/tRNA             1    248    (2)  55  
  507   26.4  8.4  0.0  NW_015504249.1  46950 47127 (52873) C MIRb       SINE/MIR           (64)    204     12  56  
  341   19.9 12.4  4.6  NW_015504249.1  48295 48415 (51585) C L2c        LINE/L2             (0)   3387   3258  57  
   12   22.0  2.7  0.0  NW_015504249.1  50601 50637 (49363) + (CCAT)n    Simple_repeat         1     38    (0)  58  
   24    0.0  0.0  0.0  NW_015504249.1  51425 51450 (48550) + (A)n       Simple_repeat         1     26    (0)  59  
   13   16.1  2.5  5.1  NW_015504249.1  52002 52041 (47959) + A-rich     Low_complexity        1     39    (0)  60  
  359   27.7 11.4  6.4  NW_015504249.1  55486 55678 (44322) C MIRb       SINE/MIR           (64)    204      3  61  
   13   21.6  0.0  0.0  NW_015504249.1  56495 56526 (43474) + (TAA)n     Simple_repeat         1     32    (0)  62  
   13   19.2  0.0  6.8  NW_015504249.1  62354 62400 (37600) + (CCTCTCC)n Simple_repeat         1     44    (0)  63  
  351   26.9  8.1  1.6  NW_015504249.1  63530 63900 (36100) + L1MC1_EC   LINE/L1            2900   3638 (3256)  64  
 4264   14.8  3.8  1.6  NW_015504249.1  65324 65646 (34354) + L1_Carn7   LINE/L1            5699   6023  (485)  65  
   33    3.1  0.0  0.0  NW_015504249.1  65647 65679 (34321) + (TG)n      Simple_repeat         1     33    (0)  66  
 4264   15.1  3.7  1.6  NW_015504249.1  65680 66157 (33843) + L1_Carn7   LINE/L1            6024   6891    (3)  65  
 1309   17.5 17.0  0.8  NW_015504249.1  66801 67111 (32889) + MLT1A0     LTR/ERVL-MaLR         5    365    (0)  67  
  990   20.5  2.6  2.1  NW_015504249.1  68110 68298 (31702) C Ves2B_ML   SINE/tRNA          (58)    194      5  68  
 2027   25.9 14.3  1.2  NW_015504249.1  68434 69301 (30699) C L2         LINE/L2           (425)   2994   2015  69  
  781   22.3 11.9  1.5  NW_015504249.1  70030 70339 (29661) + L2         LINE/L2            2739   3080  (339)  70  
  866   10.8 18.4  3.5  NW_015504249.1  74153 74353 (25647) + Ves3_ML    SINE/tRNA             3    232    (0)  71  
 1408   17.4  6.0  4.3  NW_015504249.1  75139 75456 (24544) C MER33      DNA/hAT-Charlie     (1)    323      1  72  
  728   12.3 20.9  3.9  NW_015504249.1  75654 75830 (24170) + Ves3_ML    SINE/tRNA            14    219   (13)  73  
  534   30.6  7.2  0.8  NW_015504249.1  77308 77528 (22472) + MIRb       SINE/MIR             33    267    (1)  74  
  300   20.8  0.0  0.0  NW_015504249.1  78960 79012 (20988) + MIRb       SINE/MIR            138    190   (78)  75  
  658   26.5  4.6  0.0  NW_015504249.1  79728 79923 (20077) C MIRb       SINE/MIR           (49)    219     15  76  
 1104   17.9  1.9  3.3  NW_015504249.1  80889 81102 (18898) C Ves3_ML    SINE/tRNA          (11)    221     11  77  
  423   23.1 18.9  0.0  NW_015504249.1  83295 83437 (16563) C MIRb       SINE/MIR           (71)    197     28  78  
  454   17.6  6.7  1.8  NW_015504249.1  86086 86189 (13811) C Ves2B_ML   SINE/tRNA           (2)    250    142  79  
  599   27.4 10.4  4.3  NW_015504249.1  87269 87489 (12511) C MIRb       SINE/MIR            (0)    268     35  80  
  977   12.5  0.6  6.2  NW_015504249.1  87873 88042 (11958) + DNAX1_Opr  DNA/hAT-Charlie      44    204    (0)  81  
  587   24.7 13.3  0.5  NW_015504249.1  89358 89552 (10448) C MIRb       SINE/MIR            (0)    268     49  82  
   12   20.1  0.0  2.9  NW_015504249.1  91787 91822  (8178) + A-rich     Low_complexity        1     35    (0)  83  
   21   22.1  0.0  0.0  NW_015504249.1  91878 91920  (8080) + (AC)n      Simple_repeat         1     43    (0)  84  
  348   27.5  2.2  6.4  NW_015504249.1  92206 92384  (7616) + MIRb       SINE/MIR             67    238   (30)  85  
  338   28.1  2.2  6.4  NW_015504249.1  92816 92994  (7006) + MIRb       SINE/MIR             67    238   (30)  86  
  862   29.2  5.1  3.6  NW_015504249.1  94279 94693  (5307) + L1ME4b     LINE/L1            5725   6145    (0)  87  
 2026   16.4  9.5  0.2  NW_015504249.1  95183 95560  (4440) C MLT1_Mim   LTR/ERVL-MaLR       (0)    413      1  88  
   15   10.0  0.0  0.0  NW_015504249.1  96912 96933  (3067) + (AT)n      Simple_repeat         1     22    (0)  89  
 1170   13.2  1.9  0.0  NW_015504249.1  96937 97141  (2859) C Ves2_ML    SINE/tRNA          (10)    259      1  90  
   13   26.2  1.7  3.5  NW_015504249.1  97189 97246  (2754) + (CCTGC)n   Simple_repeat         1     57    (0)  91  
  853   19.2 11.9  0.0  NW_015504249.1  97877 98069  (1931) C MIRb       SINE/MIR           (50)    218      3  92  
  239   19.2 19.2  0.0  NW_015504249.1  98405 98456  (1544) C MIRb       SINE/MIR          (162)    106     45  93  
  917   14.8  3.4  5.7  NW_015504249.1  98810 99032   (968) + Ves2_ML    SINE/tRNA             1    232    (0)  94  
 1211   20.3  6.0  4.0  NW_015504249.1  99042 99359   (641) + MER33      DNA/hAT-Charlie       1    324    (0)  95  
