   SW   perc perc perc  query           position in query     matching   repeat              position in repeat
score   div. del. ins.  sequence        begin end    (left)   repeat     class/family      begin  end    (left)  ID

  304   23.1 13.4  1.7  NW_015504249.1      9   224 (99776) C L1MEg      LINE/L1           (5285)    799    559   1  
  702   13.3 21.2  2.3  NW_015504249.1    248   429 (99571) + Ves3_ML    SINE/tRNA              1    216   (16)   2  
   30    0.0  0.0  3.1  NW_015504249.1    430   462 (99538) + (TAAA)n    Simple_repeat          1     32    (0)   3  
  784   24.2 10.6  3.8  NW_015504249.1    476   750 (99250) C L1MEg      LINE/L1           (5557)    527    235   1  
   20   21.6  0.0  0.0  NW_015504249.1   1555  1602 (98398) + (TTTA)n    Simple_repeat          1     48    (0)   4  
  431   30.3  7.7  5.2  NW_015504249.1   1647  2127 (97873) C L2c        LINE/L2             (43)   3344   2845   5  
 1048   26.9  7.8  0.7  NW_015504249.1   2495  2948 (97052) C L2a        LINE/L2            (276)   3150   2655   6  
  337   24.4 18.1  0.6  NW_015504249.1   2968  3111 (96889) C L2a        LINE/L2            (841)   2578   2410   6  
  493   31.1  9.0  0.4  NW_015504249.1   3227  3471 (96529) + L2a        LINE/L2             2815   3080  (339)   7  
  404   28.7  0.0  0.0  NW_015504249.1   3643  3736 (96264) + L2a        LINE/L2             3333   3426    (0)   7  
  261   27.5  7.6  3.6  NW_015504249.1   3922  4053 (95947) C MIRc       SINE/MIR           (120)    148     12   8  
  461   28.4  0.8  2.3  NW_015504249.1   4855  4984 (95016) + MIRb       SINE/MIR              39    166  (102)   9  
   15   24.9  0.0  0.0  NW_015504249.1   6763  6796 (93204) + (CT)n      Simple_repeat          1     34    (0)  10  
 8671   15.5  3.0  1.3  NW_015504249.1   7652  9165 (90835) C HAL1-3_ML  LINE/L1           (1783)   1541      3  11  
 4082    9.7  6.0  0.9  NW_015504249.1  10933 11568 (88432) C LTR13B_ML  LTR/ERV1             (0)    670      3  12  
  838   22.1  1.0  4.1  NW_015504249.1  11646 11848 (88152) + Ves2B_ML   SINE/tRNA              1    197   (55)  13  
 1267   17.3  3.2  3.2  NW_015504249.1  13923 14173 (85827) + Ves2B_ML   SINE/tRNA              1    251    (1)  14  
  254   26.3  0.0  0.0  NW_015504249.1  14245 14301 (85699) C L2b        LINE/L2            (216)   3159   3103  15  
   16   10.7  2.1  8.9  NW_015504249.1  14314 14361 (85639) + (TTTTCA)n  Simple_repeat          1     45    (0)  16  
   21   21.3  0.0  1.8  NW_015504249.1  14625 14681 (85319) + (TTTTTTA)n Simple_repeat          1     55    (0)  17  
11125   13.2  1.4  0.5  NW_015504249.1  17636 19493 (80507) + L1-3a_EF   LINE/L1             2530   4404 (2209)  18  
  346   33.4  4.9  4.9  NW_015504249.1  19490 19835 (80165) + L2a        LINE/L2             3058   3403   (23)  19 *
  522   23.8  1.6  0.0  NW_015504249.1  20793 20914 (79086) C MER94      DNA/hAT-Blackjack   (10)    124      1  20  
  317   30.6  8.0  1.0  NW_015504249.1  21019 21206 (78794) C MIRc       SINE/MIR            (39)    229     29  21  
   13   35.5  1.5  0.0  NW_015504249.1  21638 21705 (78295) + (ATGG)n    Simple_repeat          1     69    (0)  22  
  364   35.2  0.8  0.0  NW_015504249.1  22393 22514 (77486) + MIR1_Amn   SINE/MIR              41    163   (67)  23  
  300   29.4  7.6  1.4  NW_015504249.1  26775 26905 (73095) C THER1_MD   SINE/MIR            (84)    190     52  24  
  458   13.3 10.0  0.0  NW_015504249.1  27723 27812 (72188) C L2a        LINE/L2              (3)   3423   3325  25  
  610   25.5  4.4  1.1  NW_015504249.1  29936 30117 (69883) C L2a        LINE/L2              (5)   3421   3234  26  
  272   10.0  0.0  0.0  NW_015504249.1  30515 30554 (69446) + L2         LINE/L2             1963   2002 (1417)  27  
   15   21.1  0.0  0.0  NW_015504249.1  32325 32358 (67642) + (AAT)n     Simple_repeat          1     34    (0)  28  
 1520   25.6  9.8  5.5  NW_015504249.1  32400 32971 (67029) + LTR67B     LTR/ERVL               1    595   (25)  29  
  275   22.8  0.0  0.0  NW_015504249.1  33038 33094 (66906) + MIR_Aves1  SINE/MIR              86    142  (122)  30  
  513   23.4 13.9  0.6  NW_015504249.1  33116 33308 (66692) C MIRb       SINE/MIR            (34)    234      8  31  
   13   20.1  2.4  2.4  NW_015504249.1  33356 33397 (66603) + G-rich     Low_complexity         1     42    (0)  32  
   45    0.0  0.0  0.0  NW_015504249.1  34490 34530 (65470) + (GGAT)n    Simple_repeat          1     41    (0)  33  
  750   23.4  9.4  3.2  NW_015504249.1  34535 34768 (65232) C MIRb       SINE/MIR             (0)    268     21  34  
 1289   10.8  3.0  0.7  NW_015504249.1  35451 35683 (64317) + Ves2_ML    SINE/tRNA              2    232    (0)  35  
  414   25.8  8.1  1.3  NW_015504249.1  35753 35901 (64099) + MIRc       SINE/MIR             101    259    (9)  36  
  786   23.7  5.3  0.9  NW_015504249.1  36108 36316 (63684) C MIRb       SINE/MIR            (43)    225      8  37  
  735   29.7  6.3  5.6  NW_015504249.1  36746 37045 (62955) C LTR16E1    LTR/ERVL           (202)    336     35  38  
  249   28.4  4.4  0.7  NW_015504249.1  39274 39408 (60592) + L2c        LINE/L2             3023   3162  (225)  39  
  946   18.5  6.0  0.0  NW_015504249.1  40831 41014 (58986) C Ves2_ML    SINE/tRNA           (74)    195      1  40  
  525   15.4  0.0  5.8  NW_015504249.1  41358 41467 (58533) + MER53      DNA/hAT-Blackjack      7    110   (83)  41  
  265   10.3  5.1  0.0  NW_015504249.1  41464 41502 (58498) C MER53      DNA/hAT-Blackjack  (152)     41      1  42 *
  288   21.2 13.8  0.0  NW_015504249.1  42178 42257 (57743) C L2b        LINE/L2              (1)   3374   3284  43  
   14   15.9  0.0  0.0  NW_015504249.1  44626 44653 (55347) + (CTC)n     Simple_repeat          1     28    (0)  44  
  278   29.6 13.5  1.8  NW_015504249.1  45602 45881 (54119) C L2b        LINE/L2            (236)   3139   2832  43  
  484   29.9  6.6  8.8  NW_015504249.1  45936 46236 (53764) + L2b        LINE/L2             3064   3358   (17)  45  
   17    0.0  0.0  0.0  NW_015504249.1  46386 46404 (53596) + (CA)n      Simple_repeat          1     19    (0)  46  
   26    0.0  0.0  0.0  NW_015504249.1  47114 47138 (52862) + (TTATTT)n  Simple_repeat          1     25    (0)  47  
 1231   12.7  2.3  2.8  NW_015504249.1  47139 47350 (52650) C Ves3_ML    SINE/tRNA           (18)    214      4  48  
  261   27.1  4.3  0.0  NW_015504249.1  47433 47502 (52498) + L1-1D_Cpo  LINE/L1             6005   6077 (1197)  49  
  968   20.0  8.7  0.9  NW_015504249.1  48065 48271 (51729) + Ves2B_ML   SINE/tRNA              1    223   (29)  50  
  492   28.1  6.1  2.9  NW_015504249.1  48729 48926 (51074) + MIRb       SINE/MIR               2    205   (63)  51  
   13    4.0  7.7  0.0  NW_015504249.1  48929 48954 (51046) + (ATATA)n   Simple_repeat          1     28    (0)  52  
   15   21.2  2.5  2.5  NW_015504249.1  49779 49818 (50182) + (TG)n      Simple_repeat          1     40    (0)  53  
   15   11.3  7.9  0.0  NW_015504249.1  49984 50021 (49979) + (GCGCAGA)n Simple_repeat          1     41    (0)  54  
   35    0.0  0.0  0.0  NW_015504249.1  55193 55222 (44778) + (CA)n      Simple_repeat          1     30    (0)  55  
   13    9.3  0.0  0.0  NW_015504249.1  57888 57910 (42090) + (AACA)n    Simple_repeat          1     23    (0)  56  
   16   16.3  5.7  0.0  NW_015504249.1  62086 62120 (37880) + (TC)n      Simple_repeat          1     37    (0)  57  
   19   12.6  2.7  2.7  NW_015504249.1  66778 66814 (33186) + GA-rich    Low_complexity         1     37    (0)  58  
  309   27.0 10.6  2.9  NW_015504249.1  69158 69317 (30683) + L1-2a_EF   LINE/L1             6041   6212  (460)  59  
   22    3.0  8.8  0.0  NW_015504249.1  71262 71295 (28705) + (AT)n      Simple_repeat          1     37    (0)  60  
   28    3.3  0.0  0.0  NW_015504249.1  71612 71642 (28358) + (ATC)n     Simple_repeat          1     31    (0)  61  
   20    9.2  5.7  0.0  NW_015504249.1  71934 71968 (28032) + (TC)n      Simple_repeat          1     37    (0)  62  
   25   24.4  3.8  1.2  NW_015504249.1  74438 74516 (25484) + GA-rich    Low_complexity         1     81    (0)  63  
   25   18.4  2.9  4.5  NW_015504249.1  75723 75790 (24210) + (TC)n      Simple_repeat          1     67    (0)  64  
   12   19.5  2.9  0.0  NW_015504249.1  76420 76454 (23546) + (CATTTT)n  Simple_repeat          1     36    (0)  65  
   19    8.1  0.0  0.0  NW_015504249.1  76735 76760 (23240) + (T)n       Simple_repeat          1     26    (0)  66  
   16   13.5  6.1  0.0  NW_015504249.1  76785 76817 (23183) + GA-rich    Low_complexity         1     35    (0)  67  
   26    7.7  0.0  2.4  NW_015504249.1  80766 80808 (19192) + (AATG)n    Simple_repeat          1     42    (0)  68  
13522   13.8  1.6  0.7  NW_015504249.1  81297 83671 (16329) + L1-3a_EF   LINE/L1             3690   6084  (529)  69  
  419   24.1  5.4  2.9  NW_015504249.1  84591 84757 (15243) C L1-4a_EF   LINE/L1           (9198)    181     11  70  
   20    0.0  0.0  6.5  NW_015504249.1  90824 90858  (9142) + (TGTTT)n   Simple_repeat          1     32    (0)  71  
   19   31.2  0.0  0.0  NW_015504249.1  92724 92787  (7213) + A-rich     Low_complexity         1     64    (0)  72  
   30   20.9  2.7  1.3  NW_015504249.1  94898 94971  (5029) + (TC)n      Simple_repeat          1     75    (0)  73  
   18   17.9  0.0  0.0  NW_015504249.1  95011 95042  (4958) + A-rich     Low_complexity         1     32    (0)  74  
   16    0.0  0.0  0.0  NW_015504249.1  95155 95172  (4828) + (A)n       Simple_repeat          1     18    (0)  75  
   41    0.0  0.0  0.0  NW_015504249.1  95253 95287  (4713) + (TG)n      Simple_repeat          1     35    (0)  76  
