   SW   perc perc perc  query           position in query     matching     repeat              position in repeat
score   div. del. ins.  sequence        begin end    (left)   repeat       class/family      begin  end    (left)  ID

  293   26.5  3.1  7.5  NW_015504249.1    314   411 (99589) + MIR3_MarsA   SINE/MIR              41    134   (80)   1  
   18   11.7  2.6  2.6  NW_015504249.1   1241  1279 (98721) + A-rich       Low_complexity         1     39    (0)   2  
  679   10.3 33.9  0.4  NW_015504249.1   2498  2683 (97317) + Ves2B_ML     SINE/tRNA              3    250    (2)   3  
 1081   10.0 22.2  0.4  NW_015504249.1   3183  3403 (96597) + Ves2_ML      SINE/tRNA              1    269    (0)   4  
 1370   13.3  3.7  2.0  NW_015504249.1   4345  4589 (95411) + Ves4_ML      SINE/tRNA              1    249    (1)   5  
  347   24.7  0.0  7.9  NW_015504249.1   4652  4774 (95226) C MIRc         SINE/MIR            (78)    190     77   6  
 3611   19.7  6.3  1.4  NW_015504249.1   5237  6153 (93847) + L1MEc        LINE/L1              566   1527 (5400)   7  
 1067   15.4 12.1  1.2  NW_015504249.1   6156  6379 (93621) + Ves2B_ML     SINE/tRNA              1    248    (4)   8  
 1067   13.6  3.2 16.0  NW_015504249.1   6419  6699 (93301) C Ves4_ML      SINE/tRNA            (0)    250      1   9  
 1071   19.5  3.3  0.7  NW_015504249.1   6735  7008 (92992) + L1MEc        LINE/L1             1568   1848 (5079)   7 *
 1351   15.0  2.1  0.1  NW_015504249.1   6997  7271 (92729) + L1MEc        LINE/L1             2166   2673 (4176)   7  
  226   21.3 17.3  0.0  NW_015504249.1   8446  8520 (91480) + MIRb         SINE/MIR             168    255   (13)  10  
   23    6.2  0.0  2.9  NW_015504249.1   8527  8562 (91438) + (TGA)n       Simple_repeat          1     35    (0)  11  
  301   31.9  3.0  6.2  NW_015504249.1   8586  8849 (91151) + L2b          LINE/L2             2606   2861  (558)  12  
  305   28.1  6.5 11.4  NW_015504249.1   9000  9320 (90680) + L2b          LINE/L2             3048   3354   (21)  12  
 1307   13.3  2.9  0.8  NW_015504249.1   9466  9707 (90293) + L1-4_PVa     LINE/L1             6568   6814    (7)  13  
  638   26.9 16.4  1.8  NW_015504249.1   9921 10352 (89648) C LTR33        LTR/ERVL            (21)    494      1  14  
  614   27.7  2.7  2.2  NW_015504249.1  10416 10640 (89360) + MIRb         SINE/MIR              37    262    (6)  15  
   13   30.2  0.0  3.5  NW_015504249.1  12334 12393 (87607) + (GCGCGG)n    Simple_repeat          1     58    (0)  16  
  371   19.2  0.0  0.0  NW_015504249.1  12696 12773 (87227) C MER53        DNA/hAT-Blackjack    (0)    193    116  17  
  327   18.7  0.0  1.3  NW_015504249.1  12710 12785 (87215) + MER53        DNA/hAT-Blackjack     25     99   (94)  18 *
 1308   15.6  1.2  0.0  NW_015504249.1  12917 13160 (86840) C LTR13_PVa    LTR/ERV1            (24)    654    408  19  
  262   19.4 10.4  0.0  NW_015504249.1  13166 13232 (86768) + MIRb         SINE/MIR             172    245   (23)  20  
   12   28.9  1.8  1.8  NW_015504249.1  14529 14584 (85416) + (ATTGAA)n    Simple_repeat          1     56    (0)  21  
  945   14.8  2.8  0.0  NW_015504249.1  14922 15097 (84903) C L1-3_PVa     LINE/L1              (6)   6548   6368  22  
  463   12.2  4.8  1.2  NW_015504249.1  15109 15191 (84809) C Ves2B_ML     SINE/tRNA          (166)     86      1  23  
  942   13.5 16.6  1.2  NW_015504249.1  15293 15509 (84491) C Ves4_ML      SINE/tRNA            (0)    250      1  24  
 2508   20.5  6.4  0.4  NW_015504249.1  16147 16661 (83339) C MLT1F        LTR/ERVL-MaLR        (2)    546      1  25  
 1092   16.1  2.4  4.8  NW_015504249.1  17009 17263 (82737) + Ves4_ML      SINE/tRNA              2    250    (0)  26  
  279   30.0 11.9  0.0  NW_015504249.1  17660 17819 (82181) C MIRb         SINE/MIR            (38)    230     52  27  
  263   20.0  4.0  1.3  NW_015504249.1  17877 17952 (82048) + L1-3_PVa     LINE/L1             6397   6474   (80)  28  
 1050   14.0 11.0  2.9  NW_015504249.1  18493 18720 (81280) C Ves2B_ML     SINE/tRNA            (6)    246      1  29  
 1133   21.3  6.3  1.6  NW_015504249.1  18947 19295 (80705) + L1MC5        LINE/L1             6858   7222  (725)  30  
  375   16.8  9.1  2.6  NW_015504249.1  19276 19297 (80703) + Ricksha_c    DNA/MULE-MuDR        325    441 (1607)  31 *
  538    8.0  8.0  0.0  NW_015504249.1  19298 19385 (80615) + MLT2B2       LTR/ERVL               2     96  (419)  32  
  449   18.8  2.8  1.2  NW_015504249.1  19421 19549 (80451) + HAL1-2_ML    LINE/L1             2506   2622   (11)  33  
  704   23.3  0.6  0.0  NW_015504249.1  19561 19732 (80268) + L1M4         LINE/L1             3951   4123 (2023)  34  
  769   20.8 13.2  0.3  NW_015504249.1  20446 20711 (79289) + L1M4         LINE/L1             4119   4418 (1728)  34  
 1009   18.2  1.4  1.2  NW_015504249.1  20778 20996 (79004) + Ves2_ML      SINE/tRNA              9    223    (0)  35  
  749   15.7  3.9  4.5  NW_015504249.1  21000 21179 (78821) + Ves3_ML      SINE/tRNA             48    226    (6)  36 *
 1303   19.7 15.8  1.0  NW_015504249.1  21168 21598 (78402) + L1M4         LINE/L1             4396   4889 (1257)  34  
   13   12.7  0.0  0.0  NW_015504249.1  21666 21691 (78309) + (TAAAC)n     Simple_repeat          1     26    (0)  37  
  294   22.2 11.8  1.5  NW_015504249.1  21714 21899 (78101) + L1MC5        LINE/L1             7593   7797  (150)  30  
  371   18.3  7.7  0.0  NW_015504249.1  21900 22023 (77977) + Ves2B_ML     SINE/tRNA              1    174   (78)  38  
  341   26.3  1.3  5.6  NW_015504249.1  22066 22214 (77786) + L1MC5        LINE/L1             7794   7936   (11)  30  
   12   18.1  0.0  3.1  NW_015504249.1  22375 22407 (77593) + (TTTTA)n     Simple_repeat          1     32    (0)  39  
   36    0.0  2.9  0.0  NW_015504249.1  22414 22447 (77553) + (AG)n        Simple_repeat          1     35    (0)  40  
  836   12.3  2.6  0.6  NW_015504249.1  22448 22600 (77400) C Ves2_ML      SINE/tRNA          (112)    157      2  41  
  286    9.1  0.0  0.0  NW_015504249.1  23123 23166 (76834) + L1MAB_EC     LINE/L1             6012   6055  (839)  42  
   14    0.0  4.2  4.2  NW_015504249.1  24409 24432 (75568) + (TAA)n       Simple_repeat          1     24    (0)  43  
 1029   15.4  5.7  1.4  NW_015504249.1  29204 29415 (70585) C Ves2_ML      SINE/tRNA           (10)    222      1  44  
  499   16.7  7.3  0.0  NW_015504249.1  29859 29945 (70055) C MER20        DNA/hAT-Charlie      (0)    219    126  45  
  809   15.8  3.8  1.2  NW_015504249.1  29946 30105 (69895) + Ves4_ML      SINE/tRNA              1    164   (86)  46  
   44    0.0  0.0  0.0  NW_015504249.1  30106 30143 (69857) + (TC)n        Simple_repeat          1     38    (0)  47  
   76    4.0  0.0  0.0  NW_015504249.1  30415 30492 (69508) + (CT)n        Simple_repeat          1     78    (0)  48  
  245   14.0  0.0  2.0  NW_015504249.1  30493 30536 (69464) + Ves4_ML      SINE/tRNA            207    249    (1)  46  
  358   14.4 13.0  9.2  NW_015504249.1  30543 30657 (69343) C MER20        DNA/hAT-Charlie     (84)    135     17  49  
  543   18.3  6.4  5.1  NW_015504249.1  31372 31544 (68456) C Ves2B_ML     SINE/tRNA           (77)    175      1  50  
  445   11.6  2.9  0.0  NW_015504249.1  31546 31614 (68386) C LTR13C_ML    LTR/ERV1            (29)    415    345  51  
   16   16.2  0.0  6.8  NW_015504249.1  32469 32515 (67485) + A-rich       Low_complexity         1     44    (0)  52  
  775   17.5  8.0  0.0  NW_015504249.1  34714 34911 (65089) + Ves2_ML      SINE/tRNA              1    221   (11)  53  
  847   15.8  5.0  1.5  NW_015504249.1  35081 35279 (64721) + Ves3_ML      SINE/tRNA              1    206   (26)  54  
  314   25.1 11.6  2.5  NW_015504249.1  35682 35828 (64172) + MIRb         SINE/MIR              41    200   (68)  55  
  277   26.2  0.0  0.0  NW_015504249.1  35840 35900 (64100) + MIRb         SINE/MIR              51    111  (157)  56  
  846   11.7 15.8  3.1  NW_015504249.1  36709 36911 (63089) + Ves3_ML      SINE/tRNA              3    230    (2)  57  
  681   17.9 15.9  2.7  NW_015504249.1  36928 37122 (62878) + Ves3_ML      SINE/tRNA              3    222   (10)  58  
  356   25.2  5.1  1.6  NW_015504249.1  37126 37242 (62758) C MIRb         SINE/MIR            (52)    216     96  59  
  282   23.0 17.2  4.9  NW_015504249.1  37345 37472 (62528) C Charlie7a    DNA/hAT-Charlie    (129)    143      1  60  
  797   10.2 19.9  2.4  NW_015504249.1  38082 38262 (61738) C Ves3_ML      SINE/tRNA            (7)    225     14  61  
 1136   11.9  3.4  2.4  NW_015504249.1  38337 38543 (61457) + Ves3_ML      SINE/tRNA             14    222   (10)  62  
  376   16.5  4.0  1.0  NW_015504249.1  38751 38851 (61149) C Ves2B_ML     SINE/tRNA          (110)    142      2  63  
   14   10.4  0.0  8.8  NW_015504249.1  39403 39440 (60560) + (TTTATC)n    Simple_repeat          1     34    (0)  64  
 1097   12.9  4.0  2.2  NW_015504249.1  39766 39987 (60013) + Ves3_ML      SINE/tRNA              3    228    (4)  65  
   12   19.9  2.9  0.0  NW_015504249.1  42479 42513 (57487) + A-rich       Low_complexity         1     36    (0)  66  
  823   13.3 15.4  0.4  NW_015504249.1  42837 43033 (56967) + Ves2_ML      SINE/tRNA              2    222   (10)  67  
 1812   24.2  5.0  2.9  NW_015504249.1  43229 43905 (56095) + L1ME3A       LINE/L1             5476   6166    (7)  68  
 1124   17.3  4.4  0.5  NW_015504249.1  44535 44761 (55239) + Ves2B_ML     SINE/tRNA              1    268    (1)  69  
  988   17.4  0.6  0.0  NW_015504249.1  45068 45239 (54761) + Ves2B_ML     SINE/tRNA              1    173   (79)  70  
 1034   16.1  0.8  0.5  NW_015504249.1  45442 45650 (54350) + Ves2_ML      SINE/tRNA              1    254   (15)  71  
  707   11.2 37.1  0.4  NW_015504249.1  45733 45929 (54071) + Ves2_ML      SINE/tRNA              1    269    (0)  72  
   13   27.0  2.9  4.4  NW_015504249.1  46353 46421 (53579) + G-rich       Low_complexity         1     68    (0)  73  
  268   31.4  0.0  0.9  NW_015504249.1  46755 46860 (53140) C X7C_LINE     LINE/CR1           (100)    136     32  74  
  650   28.0  2.6  7.2  NW_015504249.1  48101 48331 (51669) + L1M4         LINE/L1                1    221 (7296)  75  
  265   12.7 11.1  0.0  NW_015504249.1  48665 48727 (51273) C MER3         DNA/hAT-Charlie      (0)    209    140  76  
 1088   17.1  2.2  3.1  NW_015504249.1  48736 48965 (51035) + Ves2B_ML     SINE/tRNA              1    268    (1)  77  
 1069   17.5  3.1  0.2  NW_015504249.1  50539 50746 (49254) + Ves2_ML      SINE/tRNA              1    223    (0)  78  
  298   12.5  0.0  0.0  NW_015504249.1  50756 50803 (49197) + L1-4_PVa     LINE/L1             6727   6774   (47)  79  
 1314   16.0  0.5  1.4  NW_015504249.1  51398 51619 (48381) + Ves2B_ML     SINE/tRNA              1    220   (32)  80  
  943   20.6 22.8  0.5  NW_015504249.1  53623 53934 (46066) + MLT1F        LTR/ERVL-MaLR        168    548    (0)  81  
  264   20.8  0.0  0.0  NW_015504249.1  54170 54222 (45778) + MER103C      DNA/hAT-Charlie       80    132  (165)  82 *
  870   15.9 20.4  1.6  NW_015504249.1  54222 54432 (45568) C Ves4_ML      SINE/tRNA            (0)    250      1  83  
  272   26.1 10.1  0.0  NW_015504249.1  54433 54545 (45455) + MER103C      DNA/hAT-Charlie      118    242   (55)  84  
  292   28.0 15.2  4.8  NW_015504249.1  55026 55348 (44652) + L1M5         LINE/L1             5474   5828  (296)  85  
 1143   16.5  5.7  3.6  NW_015504249.1  55351 55595 (44405) + Ves4_ML      SINE/tRNA              1    250    (0)  86  
   14    0.0  0.0  0.0  NW_015504249.1  55598 55615 (44385) + (AAT)n       Simple_repeat          1     18    (0)  87  
 1168   13.4 16.6  0.4  NW_015504249.1  55624 55840 (44160) + Ves2B_ML     SINE/tRNA              1    252    (0)  88  
 1148   10.9 21.8  0.4  NW_015504249.1  57868 58087 (41913) + Ves2_ML      SINE/tRNA              1    267    (2)  89  
   28   23.4  0.0  0.0  NW_015504249.1  58564 58623 (41377) + A-rich       Low_complexity         1     60    (0)  90  
 1132   17.0  3.3  1.4  NW_015504249.1  58774 58988 (41012) + Ves3_ML      SINE/tRNA              3    221   (11)  91  
  708   16.2 12.8  0.2  NW_015504249.1  59232 59425 (40575) C Ves2_ML      SINE/tRNA           (11)    221      1  92  
  322    6.0 24.0  1.0  NW_015504249.1  59442 59521 (40479) C Ves3_ML      SINE/tRNA            (1)    268    126  93  
  308   17.3  1.9  0.0  NW_015504249.1  59528 59579 (40421) C Ves2_ML      SINE/tRNA          (216)     53      1  94  
  877   17.4  3.1  0.6  NW_015504249.1  60257 60418 (39582) + MER5A1       DNA/hAT-Charlie        1    166    (0)  95  
  339   28.7 14.7  1.6  NW_015504249.1  60744 60906 (39094) C Ves2B_ML     SINE/tRNA           (68)    184      1  96  
  356   27.6  1.9 10.6  NW_015504249.1  61160 61313 (38687) + MLT1L        LTR/ERVL-MaLR         17    158  (452)  97  
 1126   14.3 16.7  0.0  NW_015504249.1  61374 61583 (38417) + Ves2B_ML     SINE/tRNA              1    245    (7)  98  
  822   16.2 10.0  0.3  NW_015504249.1  61640 61822 (38178) C Ves2B_ML     SINE/tRNA           (29)    223     32  99  
  597   20.3  6.5  1.6  NW_015504249.1  61834 62018 (37982) C Charlie1b    DNA/hAT-Charlie     (91)    432    239 100  
  706   15.8 17.0  1.0  NW_015504249.1  62020 62213 (37787) C Ves2B_ML     SINE/tRNA            (1)    268      1 101  
 1007   22.4  5.0  0.0  NW_015504249.1  62215 62433 (37567) C Charlie1b    DNA/hAT-Charlie    (274)    249     20 100  
  383   25.4  8.8  1.4  NW_015504249.1  62446 62581 (37419) + MLT1L        LTR/ERVL-MaLR        149    294  (316)  97  
  945   26.1  4.7  3.5  NW_015504249.1  62584 62924 (37076) + L1MEb        LINE/L1               12    356 (5714) 102  
 1218   14.8  2.3  8.0  NW_015504249.1  62961 63224 (36776) + Ves4_ML      SINE/tRNA              1    250    (0) 103  
   13   27.7  0.0  0.0  NW_015504249.1  64609 64648 (35352) + A-rich       Low_complexity         1     40    (0) 104  
  631   27.1  1.0  2.1  NW_015504249.1  64714 64909 (35091) + L2           LINE/L2             2467   2660  (759) 105  
  644   22.7 14.5  1.2  NW_015504249.1  64926 65139 (34861) C L2a          LINE/L2              (1)   3425   3184 106  
  972   16.4 12.3  2.1  NW_015504249.1  65237 65448 (34552) + Ves2B_ML     SINE/tRNA              1    233   (19) 107 *
 1072    7.8  5.1  1.2  NW_015504249.1  65428 65601 (34399) + Ves3_ML      SINE/tRNA             41    267    (2) 108  
 1083   10.0  4.8  0.0  NW_015504249.1  65787 65987 (34013) + Ves2_ML      SINE/tRNA              1    255   (14) 109  
  355   13.7  7.4  1.2  NW_015504249.1  66750 66830 (33170) + Ves2B_ML     SINE/tRNA              1     86  (166) 110  
  664   26.1  5.8  0.5  NW_015504249.1  69864 70071 (29929) C MER103C      DNA/hAT-Charlie      (6)    291     73 111  
 1033   14.5 13.0  4.0  NW_015504249.1  70171 70400 (29600) + Ves4_ML      SINE/tRNA              1    250    (0) 112  
  246   25.4 12.0  5.7  NW_015504249.1  70628 70727 (29273) + MIR3_MarsA   SINE/MIR              39    144   (70) 113  
 1633   20.1  5.5  0.7  NW_015504249.1  72241 72625 (27375) + L1MB7        LINE/L1             5772   6174   (10) 114  
 1037   13.7  1.6  0.4  NW_015504249.1  73357 73562 (26438) + Ves2_ML      SINE/tRNA              1    251   (18) 115  
  850   25.1  2.3  1.4  NW_015504249.1  73561 73774 (26226) C Ves2_ML      SINE/tRNA           (16)    216      1 116 *
  376   21.0  4.9  1.2  NW_015504249.1  74494 74575 (25425) + Ves2B_ML     SINE/tRNA              1     85  (167) 117  
   17    9.7  0.0  5.7  NW_015504249.1  74636 74672 (25328) + (CAAT)n      Simple_repeat          1     35    (0) 118  
 1098   12.5 18.3  1.9  NW_015504249.1  75037 75265 (24735) C Ves2_ML      SINE/tRNA            (3)    266      1 119  
  841    8.4  4.2  0.0  NW_015504249.1  75728 75846 (24154) C DNA1B-2_ML   DNA                  (4)    127      4 120  
   13   23.9  1.9  3.9  NW_015504249.1  75867 75919 (24081) + (TATAA)n     Simple_repeat          1     52    (0) 121  
  501   24.6  4.8  0.7  NW_015504249.1  75952 76098 (23902) C L2a          LINE/L2             (41)   3385   3233 122  
 1265   16.2  4.1  1.2  NW_015504249.1  76107 76349 (23651) C Ves4_ML      SINE/tRNA            (0)    250      1 123  
  387   25.1  6.2  5.2  NW_015504249.1  77194 77383 (22617) + Ves2B_ML     SINE/tRNA              1    221   (11) 124  
 1970   14.0  1.0  7.0  NW_015504249.1  77841 78231 (21769) + L1MB4        LINE/L1             5614   5982  (198) 125  
 1103   17.0  1.6  0.2  NW_015504249.1  78232 78445 (21555) + Ves2_ML      SINE/tRNA              1    222   (10) 126 *
 1168   15.0  1.0  0.0  NW_015504249.1  78442 78648 (21352) + L1MB4        LINE/L1             5965   6173    (7) 125  
   15   32.5  0.0  0.0  NW_015504249.1  79865 79921 (20079) + A-rich       Low_complexity         1     57    (0) 127  
  910   17.2 17.6  6.8  NW_015504249.1  79941 80216 (19784) + L1-3_PVa     LINE/L1             6186   6474   (80) 128  
  687   18.3 15.1  1.1  NW_015504249.1  80659 80824 (19176) + Ves2_ML      SINE/tRNA              1    189   (80) 129  
  591   13.7 15.2  1.4  NW_015504249.1  80861 81032 (18968) + Ves3_ML      SINE/tRNA              1    268    (1) 130  
   13   18.3  2.6  2.6  NW_015504249.1  81358 81396 (18604) + A-rich       Low_complexity         1     39    (0) 131  
   17   23.1  2.5  6.5  NW_015504249.1  81458 81537 (18463) + (TCTTTC)n    Simple_repeat          1     77    (0) 132  
 1123   13.3  2.8  0.5  NW_015504249.1  81792 82001 (17999) + Ves2_ML      SINE/tRNA              1    222   (10) 133  
 1262   19.4  2.4  1.6  NW_015504249.1  82168 82413 (17587) C Ves4_ML      SINE/tRNA            (2)    248      1 134  
 1088   19.6  2.0  6.2  NW_015504249.1  82481 82731 (17269) C Ves4_ML      SINE/tRNA            (3)    247      7 135  
 1002   22.1  6.6  0.6  NW_015504249.1  82787 83104 (16896) C L1M5         LINE/L1           (1082)   5064   4728 136  
  743   24.2 10.0  1.1  NW_015504249.1  83158 83487 (16513) C L1M5         LINE/L1           (2160)   3986   3628 136  
  296   14.3  2.0  0.0  NW_015504249.1  83525 83573 (16427) + Ves2B_ML     SINE/tRNA              1     50  (202) 137 *
 1082   23.6  8.1  0.9  NW_015504249.1  83568 83875 (16125) + L1ME3B       LINE/L1             5491   5820  (422) 138  
  299   14.3  2.0  0.0  NW_015504249.1  83920 83968 (16032) + Ves2B_ML     SINE/tRNA              1     50  (202) 139 *
  436   20.9  3.3  0.0  NW_015504249.1  83963 84053 (15947) + L1M5         LINE/L1             5491   5584  (658) 140  
 1070   23.0 10.8  1.3  NW_015504249.1  84071 84423 (15577) + L1ME3B       LINE/L1             5832   6217   (25) 138  
 1363    9.7  5.4  2.2  NW_015504249.1  84454 84731 (15269) C LTR15B_ML    LTR/ERV1           (104)    742    373 141  
 1161   15.3  3.0  3.5  NW_015504249.1  84768 84997 (15003) + Ves3_ML      SINE/tRNA              3    231    (1) 142  
   12   18.4  0.0  3.1  NW_015504249.1  85032 85064 (14936) + A-rich       Low_complexity         1     32    (0) 143  
 1042   17.8  6.8  0.0  NW_015504249.1  85400 85590 (14410) + Ves3_ML      SINE/tRNA              3    206   (26) 144  
  225   16.3  0.0  0.0  NW_015504249.1  85964 86012 (13988) C Ves2_ML      SINE/tRNA           (20)    249    201 145  
 1197    9.5 20.1  1.1  NW_015504249.1  86055 86278 (13722) C Ves2_ML      SINE/tRNA            (3)    266      1 146  
 1079   18.6  3.2  0.1  NW_015504249.1  86286 86501 (13499) C Ves2_ML      SINE/tRNA            (1)    222      1 145  
  389   19.7  4.0  1.0  NW_015504249.1  86502 86599 (13401) C Ves2B_ML     SINE/tRNA          (114)    138      1 147  
  433   30.2  7.6  1.0  NW_015504249.1  87175 87358 (12642) + MIR3_MarsA   SINE/MIR              16    211    (3) 148  
  400   16.2  6.2  1.2  NW_015504249.1  87985 88065 (11935) C Ves2B_ML     SINE/tRNA          (167)     85      1 149  
  302   24.2 12.9  1.1  NW_015504249.1  89062 89224 (10776) C L2a          LINE/L2             (74)   3352   3171 150  
   15    8.5  0.0  0.0  NW_015504249.1  90036 90060  (9940) + (TCAT)n      Simple_repeat          1     25    (0) 151  
 1176   10.3 20.0  0.8  NW_015504249.1  90347 90571  (9429) + Ves2_ML      SINE/tRNA              2    269    (0) 152  
  383   24.8  8.8  0.0  NW_015504249.1  90568 90680  (9320) C MER5B        DNA/hAT-Charlie     (49)    129      7 153 *
  414   21.2  3.4  0.0  NW_015504249.1  90816 90933  (9067) + L1ME1        LINE/L1             6058   6179    (0) 154  
  382   32.3  8.5  8.7  NW_015504249.1  91164 91553  (8447) C L2a          LINE/L2            (743)   2676   2288 150  
  649   14.7  6.0  0.0  NW_015504249.1  91850 91965  (8035) + Tigger1a_Car DNA/TcMar-Tigger       2    124  (347) 155  
  545   15.2  1.9  1.9  NW_015504249.1  92012 92118  (7882) + MLT2B4       LTR/ERVL             262    368  (188) 156  
  698   18.6 19.3  4.0  NW_015504249.1  92191 92408  (7592) + Ves4_ML      SINE/tRNA              1    250    (0) 157  
 1243   16.0 15.6  4.0  NW_015504249.1  92451 92789  (7211) C MER101E_ML   LTR/ERV1             (0)    834    458 158  
 1078   14.7  4.7  0.0  NW_015504249.1  92789 92979  (7021) + Tigger1      DNA/TcMar-Tigger    2219   2418    (0) 159 *
 1065   13.6  4.7  0.0  NW_015504249.1  93271 93439  (6561) + Ves2_ML      SINE/tRNA              1    177   (92) 160  
   30    0.0  0.0  0.0  NW_015504249.1  93449 93474  (6526) + (TA)n        Simple_repeat          1     26    (0) 161  
  930   20.6  9.5  1.2  NW_015504249.1  93793 94023  (5977) C Ves4_ML      SINE/tRNA            (0)    250      1 162  
  914   17.1 11.1  0.9  NW_015504249.1  95055 95261  (4739) + Ves3_ML      SINE/tRNA              3    230    (2) 163  
 1726   21.4  6.6  2.1  NW_015504249.1  95690 96191  (3809) + L1ME2z       LINE/L1             5643   6166  (278) 164  
 1118   17.1  4.3  0.5  NW_015504249.1  96195 96405  (3595) + Ves3_ML      SINE/tRNA              4    222   (10) 165  
  495   17.6  6.6  0.0  NW_015504249.1  96402 96492  (3508) + Ves2B_ML     SINE/tRNA             48    144  (108) 166 *
   42    8.0  0.0  0.0  NW_015504249.1  96498 96551  (3449) + (TC)n        Simple_repeat          1     54    (0) 167  
  775   22.2  2.9  0.1  NW_015504249.1  96604 96801  (3199) + Ves2_ML      SINE/tRNA              3    222   (10) 168  
  249   21.5  6.2  1.2  NW_015504249.1  96803 96882  (3118) + L1ME2z       LINE/L1             6160   6243  (201) 164 *
 1350   13.0 12.3  1.7  NW_015504249.1  96857 97205  (2795) + L1MB8        LINE/L1             6248   6612    (1) 169  
  408   20.8  4.7  3.0  NW_015504249.1  97217 97345  (2655) + L1ME2z       LINE/L1             6302   6432   (12) 164  
 1067   17.9  3.0  1.0  NW_015504249.1  97361 97598  (2402) C Ves2B_ML     SINE/tRNA            (1)    231      1 170  
  401   18.1  3.6  1.2  NW_015504249.1  97684 97767  (2233) C Ves2B_ML     SINE/tRNA          (166)     86      1 171  
  610   22.2 18.8  1.0  NW_015504249.1  97769 98018  (1982) C L1ME4b       LINE/L1            (155)   5990   5697 172  
  459   13.4  0.0  0.0  NW_015504249.1  98070 98136  (1864) + LTR13C_ML    LTR/ERV1             346    412   (32) 173  
  400   21.1 16.7  1.3  NW_015504249.1  98681 98856  (1144) C Charlie10    DNA/hAT-Charlie     (41)    222      1 174  
