   SW   perc perc perc  query           position in query     matching   repeat            position in repeat
score   div. del. ins.  sequence        begin end    (left)   repeat     class/family    begin  end    (left)  ID

   17   12.2  2.6  2.6  NW_015504249.1    190   227 (99773) + (CCTCC)n   Simple_repeat        1     38    (0)   1  
  499   18.8  3.9  0.9  NW_015504249.1   2667  2768 (97232) C MIRb       SINE/MIR         (146)    122     18   2  
  502   28.0  0.7  4.9  NW_015504249.1   2944  3093 (96907) + L1ME3A     LINE/L1           6023   6166    (7)   3  
  729   26.8 12.6  5.2  NW_015504249.1   3321  3734 (96266) + MLT1J2     LTR/ERVL-MaLR        1    443    (5)   4  
  957   12.6  9.8  0.0  NW_015504249.1   5045  5239 (94761) + Ves2B_ML   SINE/tRNA            1    252    (0)   5  
  729   29.9  3.4  7.1  NW_015504249.1   5508  5824 (94176) + L1ME2      LINE/L1            159    464 (5778)   6  
 1253   11.3  2.2  0.6  NW_015504249.1   5825  6046 (93954) + Ves2_ML    SINE/tRNA            1    220   (12)   7  
  279   33.3  1.1  2.1  NW_015504249.1   6043  6137 (93863) + L1ME2      LINE/L1            449    542 (5700)   6 *
 1184   20.4 10.2  1.1  NW_015504249.1   6294  6635 (93365) + L1MC3      LINE/L1           7413   7785    (0)   8  
  756   14.6 26.9  0.0  NW_015504249.1   6656  6851 (93149) + Ves2B_ML   SINE/tRNA            1    248    (4)   9  
  269   21.4  1.2  1.2  NW_015504249.1   6872  6956 (93044) + L1ME2      LINE/L1           1715   1799 (4443)   6  
  531   22.0  0.0  4.1  NW_015504249.1   7027  7154 (92846) + L1ME2      LINE/L1           1795   1917 (4325)   6 *
  634   16.9  4.6  7.7  NW_015504249.1   7153  7325 (92675) C Ves3_ML    SINE/tRNA         (14)    218     51  10  
  788   21.8  8.0  3.4  NW_015504249.1   7353  7690 (92310) + L1ME2      LINE/L1           1907   2259 (3983)   6  
  381   18.5  3.5  1.7  NW_015504249.1   7720  7834 (92166) + Ves2B_ML   SINE/tRNA            1    153   (99)  11  
 2186   19.2  9.1  1.4  NW_015504249.1   7860  8510 (91490) + L1ME2      LINE/L1           2273   2972 (3174)   6  
 1826   20.9  2.7  0.5  NW_015504249.1   8511  8876 (91124) + MLT1A      LTR/ERVL-MaLR        1    374    (0)  12  
   14    4.9  0.0  0.0  NW_015504249.1   9106  9126 (90874) + (ACAA)n    Simple_repeat        1     21    (0)  13  
 2078   27.6  4.1  5.3  NW_015504249.1   9221 10483 (89517) + L1ME2      LINE/L1           4838   6637  (182)   6  
  580   22.6  6.3  5.4  NW_015504249.1  10584 10822 (89178) + L1MEg      LINE/L1           1399   1639 (4445)  14  
  668   16.5  7.7  0.3  NW_015504249.1  10851 10986 (89014) + Ves2B_ML   SINE/tRNA           58    212   (11)  15  
 2326   23.7  4.8  4.2  NW_015504249.1  11177 11973 (88027) C L1MC4a     LINE/L1          (822)   7220   6420  16  
 2567   21.4  6.6  0.7  NW_015504249.1  12039 12834 (87166) C L1MC4a     LINE/L1         (1915)   6115   5265  16  
   26   27.9  2.6  0.0  NW_015504249.1  12846 12921 (87079) + (AT)n      Simple_repeat        1     78    (0)  17  
 1005   15.0 14.4  1.6  NW_015504249.1  12923 13042 (86958) + MLT1A      LTR/ERVL-MaLR        1    173  (201)  18  
   35    0.0  0.0  0.0  NW_015504249.1  13043 13072 (86928) + (TC)n      Simple_repeat        1     30    (0)  19  
   56    0.0  0.0  0.0  NW_015504249.1  13073 13120 (86880) + (CA)n      Simple_repeat        1     48    (0)  20  
 1005   19.7  9.6  2.2  NW_015504249.1  13121 13298 (86702) + MLT1A      LTR/ERVL-MaLR      174    372    (2)  18  
  368   17.8  5.5  0.0  NW_015504249.1  13409 13481 (86519) C Charlie1a  DNA/hAT-Charlie  (398)   1057    981  21  
 2714   13.4  2.5  1.1  NW_015504249.1  13482 13912 (86088) C LTR13C_ML  LTR/ERV1           (7)    437      1  22  
 1612   20.3  0.2  8.9  NW_015504249.1  13913 14296 (85704) C Charlie1a  DNA/hAT-Charlie  (470)    985    634  21  
   22    0.0  0.0  0.0  NW_015504249.1  14336 14359 (85641) + (TG)n      Simple_repeat        1     24    (0)  23  
  417   25.1 10.1  5.5  NW_015504249.1  15804 16031 (83969) + L1M5       LINE/L1           5562   5799  (325)  24  
 1318   20.4  3.3  1.1  NW_015504249.1  16039 16310 (83690) + Charlie1a  DNA/hAT-Charlie      1    278 (1177)  25  
  922   11.0  6.2  2.8  NW_015504249.1  16333 16516 (83484) + Ves3_ML    SINE/tRNA           44    252    (0)  26  
  683   18.5  0.0  0.7  NW_015504249.1  16516 16651 (83349) + HAL1-2_ML  LINE/L1           2495   2629    (4)  27 *
  850   24.3  3.2  0.4  NW_015504249.1  16648 16866 (83134) + Charlie1a  DNA/hAT-Charlie    271    495  (960)  28  
  599   17.6  0.8  3.5  NW_015504249.1  16871 16988 (83012) C Charlie1a  DNA/hAT-Charlie (1324)    131     17  29  
  536   11.5  8.4  3.5  NW_015504249.1  17217 17330 (82670) + Ves3_ML    SINE/tRNA          114    269    (0)  30 *
  683   18.5  0.0  0.7  NW_015504249.1  17330 17465 (82535) + HAL1-2_ML  LINE/L1           2495   2629    (4)  31 *
  842   24.4  3.2  0.5  NW_015504249.1  17462 17679 (82321) + Charlie1a  DNA/hAT-Charlie    271    494  (961)  32  
  663   12.6  9.5 14.1  NW_015504249.1  17746 17893 (82107) + DNAX1_Opr  DNA/hAT-Charlie      1    142   (62)  33  
  761   12.4 20.4  2.4  NW_015504249.1  17991 18171 (81829) + Ves3_ML    SINE/tRNA            1    213   (19)  34  
   44    0.0  0.0  0.0  NW_015504249.1  18174 18213 (81787) + (AAAT)n    Simple_repeat        1     40    (0)  35  
 1533   10.8  5.2  0.8  NW_015504249.1  18214 18446 (81554) C LTR15C_ML  LTR/ERV1         (384)    502    260  36  
  474   13.0  3.4  0.0  NW_015504249.1  18457 18553 (81447) C LTR15C_ML  LTR/ERV1         (884)    105      1  36  
   19   12.2  0.0  2.7  NW_015504249.1  18657 18694 (81306) + (GGGGGGT)n Simple_repeat        1     37    (0)  37  
  274   20.8  0.0  0.0  NW_015504249.1  19495 19542 (80458) + L2a        LINE/L2           3379   3426    (0)  38  
  441   20.7  8.8  0.7  NW_015504249.1  19837 19972 (80028) C L1MAB_EC   LINE/L1           (18)   6876   6730  39  
  955   22.5 11.0  0.9  NW_015504249.1  19995 20294 (79706) + L2a        LINE/L2           3031   3360   (66)  40  
 1158   18.7  2.3  0.5  NW_015504249.1  24677 24896 (75104) C Ves3_ML    SINE/tRNA          (6)    226      3  41  
  539   15.9  6.6  1.6  NW_015504249.1  24979 25099 (74901) + DNA1-2_ML  DNA                  5    131    (0)  42  
  763   27.3 15.1  0.6  NW_015504249.1  27826 28116 (71884) + MLT1J1     LTR/ERVL-MaLR       41    373   (71)  43  
  283   17.8  6.2  2.0  NW_015504249.1  32229 32331 (67669) C L1MC4      LINE/L1            (2)   2958   2893  44  
   15   10.0  0.0  0.0  NW_015504249.1  32344 32365 (67635) + (TG)n      Simple_repeat        1     22    (0)  45  
  437   24.0  3.6 10.2  NW_015504249.1  32404 32570 (67430) C L1MC4      LINE/L1          (314)   7728   7572  44  
   20    0.0  0.0  0.0  NW_015504249.1  32578 32599 (67401) + (GT)n      Simple_repeat        1     22    (0)  46  
 1362   24.8  5.1  0.7  NW_015504249.1  32600 33275 (66725) C L1MC4      LINE/L1          (456)   7586   6806  44  
  254   27.9  1.3  0.0  NW_015504249.1  33872 33950 (66050) + MIRb       SINE/MIR            59    138  (130)  47  
  444   30.9  2.9  0.0  NW_015504249.1  34991 35129 (64871) C L2a        LINE/L2            (3)   3423   3281  48  
 2228   11.9  0.6  0.0  NW_015504249.1  40606 40940 (59060) C L1MEd      LINE/L1          (909)   5237   4901  49  
  555   19.9  2.9  0.0  NW_015504249.1  41194 41329 (58671) C L1MEd      LINE/L1         (5415)   1706   1567  49  
  307   24.8 17.6  0.5  NW_015504249.1  41312 41481 (58519) C L1MEd      LINE/L1         (5848)   1273   1075  49 *
 1953   11.8  3.5  1.1  NW_015504249.1  41483 41824 (58176) C HAL1-3_PVa LINE/L1            (1)   3347   2998  50  
14568   12.5  4.9  0.6  NW_015504249.1  41825 44141 (55859) C HAL1-3_ML  LINE/L1          (908)   2416      1  51  
  592   20.0  7.8  0.0  NW_015504249.1  44172 44351 (55649) C L1MEd      LINE/L1         (6046)   1075    882  49  
  559   13.7  2.0  0.0  NW_015504249.1  44381 44482 (55518) C L1MA9      LINE/L1            (0)   6312   6209  52  
  504   28.1  3.3  3.7  NW_015504249.1  44552 44620 (55380) C L1M5       LINE/L1         (1095)   5051   4981  53  
   43    0.0  0.0  0.0  NW_015504249.1  44621 44657 (55343) + (TG)n      Simple_repeat        1     37    (0)  54  
  504   28.1  3.3  3.7  NW_015504249.1  44658 44857 (55143) C L1M5       LINE/L1         (1166)   4980   4783  53  
  410   26.6  4.6  5.3  NW_015504249.1  44941 45091 (54909) C L1ME4b     LINE/L1           (21)   6124   5975  55  
  391   11.6  0.0  5.6  NW_015504249.1  45856 45940 (54060) C Ves4_ML    SINE/tRNA          (0)    252    171  56  
  811   24.1  2.1  0.5  NW_015504249.1  46170 46357 (53643) C Ves3_ML    SINE/tRNA         (41)    191      1  57  
   14   12.7  0.0  0.0  NW_015504249.1  47004 47029 (52971) + (TTCC)n    Simple_repeat        1     26    (0)  58  
  468   23.6 16.6  1.1  NW_015504249.1  47823 47985 (52015) C MIRb       SINE/MIR           (0)    268     81  59  
   14   18.4  2.7  0.0  NW_015504249.1  49723 49759 (50241) + A-rich     Low_complexity       1     38    (0)  60  
 1004   18.3  1.8  6.1  NW_015504249.1  49846 50066 (49934) C Ves2B_ML   SINE/tRNA          (2)    250     39  61  
  338   12.7  0.0  1.8  NW_015504249.1  55330 55385 (44615) C L1ME2z     LINE/L1          (193)   6251   6197  62  
   13    8.5  4.0  0.0  NW_015504249.1  58231 58255 (41745) + (GTTAA)n   Simple_repeat        1     26    (0)  63  
   13   13.2  0.0  0.0  NW_015504249.1  59066 59090 (40910) + (TTAA)n    Simple_repeat        1     25    (0)  64  
  840   16.9  2.1  1.6  NW_015504249.1  59093 59298 (40702) C Ves2B_ML   SINE/tRNA          (5)    247      1  65  
   30   12.1  3.6  0.0  NW_015504249.1  60588 60643 (39357) + (TATC)n    Simple_repeat        1     58    (0)  66  
 1801   16.1  4.0  4.0  NW_015504249.1  61722 62121 (37879) C L1MAB_EC   LINE/L1          (162)   6732   6333  67  
  695   28.2 15.7  2.0  NW_015504249.1  62308 62879 (37121) C L1ME2      LINE/L1          (257)   5907   5259  68  
  327   16.7  1.3  1.3  NW_015504249.1  62888 62966 (37034) C L1MAB_EC   LINE/L1           (14)   6880   6802  69  
 2099   16.6  5.9  0.3  NW_015504249.1  63133 63586 (36414) C L1MAB_EC   LINE/L1           (90)   6804   6346  69  
   20   18.0  2.2  2.2  NW_015504249.1  63660 63705 (36295) + (TA)n      Simple_repeat        1     46    (0)  70  
 6148   14.5  2.0  1.0  NW_015504249.1  63707 64802 (35198) C L1MAB_EC   LINE/L1          (537)   6357   5251  71  
 1501   15.3  4.1  0.0  NW_015504249.1  64806 65047 (34953) C Ves2B_ML   SINE/tRNA          (0)    252      1  72  
 8487   11.7  3.0  0.3  NW_015504249.1  65048 66466 (33534) C L1MAB_EC   LINE/L1         (1623)   5271   3814  71  
 4820   16.2  5.9  2.2  NW_015504249.1  66471 68087 (31913) C L1_Carn7   LINE/L1         (2943)   4061   2000  73  
   29    0.0  0.0  0.0  NW_015504249.1  68088 68112 (31888) + (TG)n      Simple_repeat        1     25    (0)  74  
 2267   13.8  9.0  2.7  NW_015504249.1  68113 68335 (31665) C L1_Carn7   LINE/L1         (4740)   2275   2045  73  
  658   26.3  4.8  5.4  NW_015504249.1  68336 68372 (31628) + L1-4a_EF   LINE/L1           7000   7266 (2113)  75  
   18    0.0  0.0  0.0  NW_015504249.1  68373 68392 (31608) + (GT)n      Simple_repeat        1     20    (0)  76  
 2576   19.7 10.7  0.8  NW_015504249.1  68811 69623 (30377) C Charlie2a  DNA/hAT-Charlie    (0)   2861   1969  77  
 1703   18.1 10.8  1.9  NW_015504249.1  69787 70213 (29787) C Charlie2a  DNA/hAT-Charlie  (876)   1985   1522  77  
 1084    9.2  3.0  0.3  NW_015504249.1  70358 70527 (29473) C HAL1-3_ML  LINE/L1            (8)   3316   3159  78 *
 7327   22.0  5.2  0.9  NW_015504249.1  70521 72474 (27526) C L1-4B_EC   LINE/L1         (3616)   3418   1382  79  
  395   28.5  0.8  1.6  NW_015504249.1  72446 72570 (27430) C HAL1-1E_ML LINE/L1         (1395)    823    700  80 *
  946   22.5  2.5  2.1  NW_015504249.1  72569 72804 (27196) C Charlie2b  DNA/hAT-Charlie (2175)    607    371  81  
  607   20.1  8.7  5.3  NW_015504249.1  72841 73024 (26976) C Charlie2b  DNA/hAT-Charlie (2572)    210     21  81  
   12   18.3  0.0  3.1  NW_015504249.1  73849 73881 (26119) + G-rich     Low_complexity       1     32    (0)  82  
 1681   16.5  5.2  2.0  NW_015504249.1  75149 75535 (24465) C L1-3a_EF   LINE/L1          (179)   6434   5766  83  
   18   30.0  2.7  0.0  NW_015504249.1  81279 81352 (18648) + GA-rich    Low_complexity       1     76    (0)  84  
   19    4.5  0.0  0.0  NW_015504249.1  88848 88870 (11130) + (T)n       Simple_repeat        1     23    (0)  85  
