   SW   perc perc perc  query           position in query     matching    repeat             position in repeat
score   div. del. ins.  sequence        begin end    (left)   repeat      class/family     begin  end    (left)  ID

   16   25.4  0.0  6.6  NW_015504249.1   3669  3733 (96267) + (TTCC)n     Simple_repeat         1     61    (0)   1  
  897   21.3 11.8  1.6  NW_015504249.1   3778  4006 (95994) + Ves2B_ML    SINE/tRNA             1    252    (0)   2 *
 3714   18.7  4.6  2.0  NW_015504249.1   3956  4786 (95214) + L1MB3       LINE/L1            5260   6087   (96)   3  
   16    9.6  0.0  0.0  NW_015504249.1   5756  5778 (94222) + (CA)n       Simple_repeat         1     23    (0)   4  
   14    8.5 10.3  2.4  NW_015504249.1   6016  6054 (93946) + (CCT)n      Simple_repeat         1     42    (0)   5  
   12   17.4  5.9  0.0  NW_015504249.1   6309  6342 (93658) + (ATT)n      Simple_repeat         1     36    (0)   6  
   18   11.7  8.1  0.0  NW_015504249.1   6604  6641 (93359) + (AC)n       Simple_repeat         1     41    (0)   7  
 1082   14.9 12.3  2.4  NW_015504249.1   8193  8419 (91581) + Ves4_ML     SINE/tRNA             1    249    (1)   8  
  585   15.4 31.1  0.8  NW_015504249.1   8875  9064 (90936) C Ves2B_ML    SINE/tRNA           (2)    250      4   9  
  265   23.2  7.0  0.0  NW_015504249.1   9127  9224 (90776) C L1_Carn7    LINE/L1           (690)   5818   5729  10  
 1250   16.5 10.7  0.0  NW_015504249.1   9283  9506 (90494) C Ves2B_ML    SINE/tRNA           (4)    248      1  11  
  431   28.0  4.8  0.0  NW_015504249.1  10284 10408 (89592) C Ves2B_ML    SINE/tRNA         (119)    133      3  12  
 1049   16.5  6.6  2.7  NW_015504249.1  11244 11455 (88545) C Ves2B_ML    SINE/tRNA          (32)    220      1  13  
   14   15.4  4.0  6.1  NW_015504249.1  12969 13018 (86982) + (CCCTACT)n  Simple_repeat         1     49    (0)  14  
   12    9.7  0.0  0.0  NW_015504249.1  19474 19495 (80505) + (GGAG)n     Simple_repeat         1     22    (0)  15  
  682   11.6 26.7  0.0  NW_015504249.1  24874 25019 (74981) C Ves2B_ML    SINE/tRNA          (67)    185      1  16  
 1791   25.0  9.1  4.2  NW_015504249.1  26087 26830 (73170) C L1ME3C      LINE/L1            (39)   6203   5422  17  
  948   18.3 11.7  2.0  NW_015504249.1  26826 27048 (72952) C Ves4_ML     SINE/tRNA           (6)    244      1  18 *
 5928   22.9  5.6  1.6  NW_015504249.1  27049 29485 (70515) C L1MB3_EC    LINE/L1           (857)   5357   2622  19  
 1037   14.3 19.9  0.4  NW_015504249.1  29480 29690 (70310) C Ves2B_ML    SINE/tRNA           (0)    252      1  20 *
  879   17.1  2.0  2.9  NW_015504249.1  29700 29922 (70078) C L1MB3_EC    LINE/L1          (3319)   2895   2699  19 *
 4056   18.1  8.8  0.2  NW_015504249.1  29910 30847 (69153) C L1MB3_EC    LINE/L1          (3767)   2447   1465  19  
 1508   13.0  5.6  0.8  NW_015504249.1  30848 31080 (68920) + Ves4_ML     SINE/tRNA             1    244    (6)  21  
  512   22.1  2.9  0.0  NW_015504249.1  31077 31180 (68820) C L1M4        LINE/L1          (5651)   1866   1760  22 *
  593   30.2 15.0  1.6  NW_015504249.1  32057 32537 (67463) + L1M5        LINE/L1            5273   5816  (307)  23  
  405   25.2  6.6  4.3  NW_015504249.1  32645 32781 (67219) + Ves2B_ML    SINE/tRNA            81    220   (32)  24  
 1162   15.8  2.5  9.6  NW_015504249.1  36115 36359 (63641) + Ves4_ML     SINE/tRNA            22    250    (0)  25  
 1660   27.3  2.6  3.5  NW_015504249.1  36377 36961 (63039) + L1MC5a      LINE/L1            7438   8017   (13)  26  
  485   19.6  7.3  3.1  NW_015504249.1  37543 37717 (62283) + Ves2B_ML    SINE/tRNA             3    223   (29)  27  
   15    0.0  4.5  0.0  NW_015504249.1  37720 37741 (62259) + (TAA)n      Simple_repeat         1     23    (0)  28  
  733   17.9  1.6  0.0  NW_015504249.1  41149 41271 (58729) + Tigger7     DNA/TcMar-Tigger     10    134 (2358)  29  
  616   16.5  0.0  0.0  NW_015504249.1  41267 41357 (58643) + Tigger7     DNA/TcMar-Tigger    173    263 (2229)  30 *
 1378   13.1  3.5  0.0  NW_015504249.1  41357 41585 (58415) + MER44A      DNA/TcMar-Tigger    103    339    (0)  31  
 1396   18.0  2.4  0.8  NW_015504249.1  42265 42510 (57490) C Ves4_ML     SINE/tRNA           (0)    250      1  32  
 1309   14.7  8.2  0.8  NW_015504249.1  42741 42973 (57027) + Ves4_ML     SINE/tRNA             1    250    (0)  33  
  372   13.7  0.6  4.2  NW_015504249.1  43601 43691 (56309) + L1_Carn7    LINE/L1            6350   6507    (1)  34  
   14   30.3  0.0  4.5  NW_015504249.1  44647 44716 (55284) + A-rich      Low_complexity        1     67    (0)  35  
  512   17.2 25.0  2.2  NW_015504249.1  44816 44999 (55001) + Ves2B_ML    SINE/tRNA             3    227   (23)  36  
  477   23.4  0.9  0.0  NW_015504249.1  45239 45349 (54651) + Ves2B_ML    SINE/tRNA             1    112  (140)  37  
   13   15.2  0.0  3.3  NW_015504249.1  45384 45414 (54586) + A-rich      Low_complexity        1     30    (0)  38  
 1328   16.4  5.4  0.8  NW_015504249.1  45742 45980 (54020) C Ves4_ML     SINE/tRNA           (0)    250      1  39  
 1395   13.4  9.4  0.0  NW_015504249.1  46038 46261 (53739) C Ves2B_ML    SINE/tRNA           (7)    245      1  40  
  230   28.5  0.7  4.6  NW_015504249.1  46841 46976 (53024) + L1-4_EC     LINE/L1            3300   3430 (3368)  41  
 1266   17.1  7.1  1.6  NW_015504249.1  47007 47244 (52756) + Ves2B_ML    SINE/tRNA             1    251    (1)  42  
  410   20.9  9.4  8.9  NW_015504249.1  47317 47491 (52509) + Ves2B_ML    SINE/tRNA             1    224   (26)  43  
   14   24.7  3.3  3.3  NW_015504249.1  47627 47687 (52313) + (ATAA)n     Simple_repeat         1     61    (0)  44  
   13   37.2  2.2  1.1  NW_015504249.1  47818 47906 (52094) + A-rich      Low_complexity        1     90    (0)  45  
  745   22.1  7.1  1.8  NW_015504249.1  47918 48129 (51871) + Ves2B_ML    SINE/tRNA             3    225   (27)  46  
   65    0.0  0.0  0.0  NW_015504249.1  48130 48187 (51813) + (TATC)n     Simple_repeat         1     58    (0)  47  
  461   27.6 18.4  0.6  NW_015504249.1  48188 48599 (51401) + L1MD        LINE/L1            3382   3866 (2280)  48  
 1082   16.7 12.6  0.4  NW_015504249.1  48745 48967 (51033) C Ves4_ML     SINE/tRNA           (0)    250      1  49  
  395   16.4  5.0  1.2  NW_015504249.1  48982 49061 (50939) C Ves2B_ML    SINE/tRNA         (166)     86      4  50  
  225   25.9  0.0  0.0  NW_015504249.1  49126 49179 (50821) + L1_Canis2   LINE/L1            4259   4312 (2136)  51  
  275   20.5 13.0  0.8  NW_015504249.1  49192 49299 (50701) + L1-1a_EF    LINE/L1            5326   5446 (1791)  52  
 1318   14.4  8.7  0.8  NW_015504249.1  49305 49535 (50465) + Ves4_ML     SINE/tRNA             1    249    (1)  53  
 1774   23.3 15.3  3.7  NW_015504249.1  49670 50466 (49534) + L1ME4b      LINE/L1            5254   6139    (6)  54  
 1136   15.8  1.8  3.6  NW_015504249.1  53941 54169 (45831) + Ves3_ML     SINE/tRNA             3    227    (5)  55  
  337   25.0 13.3  1.2  NW_015504249.1  57936 58085 (41915) + L1M5        LINE/L1            5622   5789  (453)  56  
 2490   12.8  6.8  0.0  NW_015504249.1  59698 60110 (39890) + L1-3_PVa    LINE/L1            5869   6309  (245)  57  
 1170   17.7  0.7 15.2  NW_015504249.1  60124 60409 (39591) + Ves2B_ML    SINE/tRNA             1    250    (2)  58  
 1224   14.1  1.0  0.0  NW_015504249.1  60419 60617 (39383) + L1-3_PVa    LINE/L1            6341   6541   (13)  57  
 1222   17.5  5.9  1.6  NW_015504249.1  60672 60909 (39091) + MER-2-1_Laf DNA/TcMar-Tigger      1    248  (507)  59  
 1063   16.5  3.7  2.7  NW_015504249.1  60944 61161 (38839) + Ves3_ML     SINE/tRNA             3    222   (10)  60  
  318   17.9  0.0  1.8  NW_015504249.1  61162 61218 (38782) + MER2-2_Laf  DNA/TcMar-Tigger    710    765   (23)  61  
   19    0.0  0.0  0.0  NW_015504249.1  62088 62108 (37892) + (A)n        Simple_repeat         1     21    (0)  62  
 1183   12.8  4.2  1.8  NW_015504249.1  65690 65904 (34096) + Ves3_ML     SINE/tRNA             3    222   (10)  63  
  243   18.8  2.4  9.1  NW_015504249.1  68666 68747 (31253) + L1ME4b      LINE/L1            5757   5833  (312)  64  
 1009   14.2  4.8  5.3  NW_015504249.1  68757 68965 (31035) + Ves3_ML     SINE/tRNA            14    221   (11)  65  
   14   23.7  2.1  2.1  NW_015504249.1  69078 69124 (30876) + (ATAC)n     Simple_repeat         1     47    (0)  66  
 1076   29.3  9.8  1.7  NW_015504249.1  71146 71755 (28245) + L2          LINE/L2            1947   2605  (814)  67  
  725   12.8 22.9  2.6  NW_015504249.1  72869 73060 (26940) + Ves3_ML     SINE/tRNA             3    232    (0)  68  
  964   17.1  6.3  2.2  NW_015504249.1  75162 75382 (24618) + Ves3_ML     SINE/tRNA             3    232    (0)  69  
   12   16.9  2.9  2.9  NW_015504249.1  75720 75754 (24246) + A-rich      Low_complexity        1     35    (0)  70  
  984   17.3  6.0  4.1  NW_015504249.1  76997 77213 (22787) + Ves3_ML     SINE/tRNA             3    223    (9)  71  
  472   21.1 19.8  0.5  NW_015504249.1  79121 79282 (20718) C Ves2B_ML    SINE/tRNA          (59)    193      1  72  
 1219   14.0 14.9  0.0  NW_015504249.1  79494 79707 (20293) + Ves2B_ML    SINE/tRNA             1    246    (6)  73  
  373   28.3 10.4  1.2  NW_015504249.1  79961 80114 (19886) C L1ME4b      LINE/L1           (438)   5707   5540  74 *
  870   26.2 16.2  4.4  NW_015504249.1  80102 80695 (19305) + L2          LINE/L2            1061   1721 (1698)  75 *
 1713   26.3  8.0  2.5  NW_015504249.1  80694 81383 (18617) + L2          LINE/L2            2329   3055  (364)  75  
   41    0.0  0.0  0.0  NW_015504249.1  81473 81510 (18490) + (T)n        Simple_repeat         1     38    (0)  76  
  970   19.4 12.2  0.0  NW_015504249.1  81998 82219 (17781) C Ves2B_ML    SINE/tRNA           (0)    252      4  77  
  773   11.8 16.0  0.0  NW_015504249.1  82682 82825 (17175) + MER90a      LTR/ERV1              1    167  (447)  78  
  411   17.2 27.6  0.0  NW_015504249.1  82973 83106 (16894) + MER90a      LTR/ERV1            151    321  (293)  78  
  227   15.8  0.0 17.3  NW_015504249.1  83135 83195 (16805) + L1_Carn5    LINE/L1            6457   6508    (1)  79  
 1283   18.0  3.7  0.0  NW_015504249.1  83232 83476 (16524) + MER90a      LTR/ERV1            361    614    (0)  78  
 1298   18.2  2.4  1.6  NW_015504249.1  86108 86353 (13647) + Ves4_ML     SINE/tRNA             2    249    (1)  80  
 3913   20.1  1.9  0.8  NW_015504249.1  86610 87367 (12633) + L1-4_PVa    LINE/L1               1    766 (6055)  81  
  964   21.9  8.0  0.9  NW_015504249.1  87409 87664 (12336) + L1-4_PVa    LINE/L1             518    799 (2549)  82 *
 2510   17.0  5.7  2.2  NW_015504249.1  87660 88189 (11811) + L1-2a_EF    LINE/L1            6084   6631   (41)  83  
  228   17.1  0.0  0.0  NW_015504249.1  88248 88288 (11712) + HAL1-2_ML   LINE/L1            2571   2611   (22)  84  
   14   13.8  0.0  5.9  NW_015504249.1  88361 88396 (11604) + G-rich      Low_complexity        1     34    (0)  85  
   13    8.5  0.0  3.9  NW_015504249.1  88414 88440 (11560) + (AATAA)n    Simple_repeat         1     26    (0)  86  
 1236   21.0  7.5  0.4  NW_015504249.1  88459 88711 (11289) + L1-4_PVa    LINE/L1             480    750 (6071)  87  
   16   18.9  0.0  0.0  NW_015504249.1  88756 88785 (11215) + A-rich      Low_complexity        1     30    (0)  88  
 1176   15.8  6.2  0.9  NW_015504249.1  88794 89004 (10996) + Ves2B_ML    SINE/tRNA             1    222   (30)  89  
 3172   20.3  6.5  0.3  NW_015504249.1  89008 89664 (10336) + L1-4_PVa    LINE/L1             847   1544 (5277)  87  
 4620   13.7  3.9  1.0  NW_015504249.1  90272 91102  (8898) + L1-4_PVa    LINE/L1            1231   2348 (4473)  87  
 1775   10.9  6.2  0.3  NW_015504249.1  91235 91509  (8491) + HAL1-3_ML   LINE/L1            2038   2328  (996)  90  
 1030   16.4  2.3  5.2  NW_015504249.1  91527 91745  (8255) C Ves3_ML     SINE/tRNA          (10)    222     10  91 *
 2061    9.7  1.7  2.0  NW_015504249.1  91742 92088  (7912) + L1-4_PVa    LINE/L1            2591   2936 (3885)  87  
  983   17.8  7.5  0.4  NW_015504249.1  92090 92303  (7697) + Ves3_ML     SINE/tRNA             3    231    (1)  92 *
 3825   10.1  2.1  0.9  NW_015504249.1  92299 92867  (7133) + L1-4_PVa    LINE/L1            2921   3496 (3325)  87  
  899   20.4  5.2  1.8  NW_015504249.1  92863 93072  (6928) + Ves3_ML     SINE/tRNA             6    222   (10)  93 *
 1042   15.7 15.7  0.0  NW_015504249.1  93091 93287  (6713) + Ves2B_ML    SINE/tRNA             1    228   (24)  94  
 1828   11.1  1.2  1.3  NW_015504249.1  93288 93746  (6254) + L1_Carn2    LINE/L1            3998   4300 (2594)  95 *
 4541   10.5  2.1  1.9  NW_015504249.1  93745 94444  (5556) + L1_Carn2    LINE/L1            5969   6670  (151)  95  
 1133   16.3  3.9  0.5  NW_015504249.1  94451 94654  (5346) + Ves3_ML     SINE/tRNA             4    214   (18)  96  
  966   12.9  0.2  2.4  NW_015504249.1  94660 94825  (5175) + L1_Carn2    LINE/L1            6669   6819    (2)  95  
  949   15.2  5.4  4.9  NW_015504249.1  95834 96055  (3945) + Ves2B_ML    SINE/tRNA             1    223   (29)  97  
