   SW   perc perc perc  query           position in query     matching    repeat            position in repeat
score   div. del. ins.  sequence        begin end    (left)   repeat      class/family    begin  end    (left)  ID

   16    0.0  0.0  0.0  NW_015504249.1  12259 12275 (87725) + (T)n        Simple_repeat        1     17    (0)   1  
   23   28.6  0.0  1.5  NW_015504249.1  16645 16710 (83290) + (TC)n       Simple_repeat        1     65    (0)   2  
   54    0.0  0.0  0.0  NW_015504249.1  17808 17853 (82147) + (TG)n       Simple_repeat        1     46    (0)   3  
  265   33.4  2.7  5.5  NW_015504249.1  18879 19168 (80832) + L1MB3_EC    LINE/L1           4929   5095 (1119)   4  
   16   27.2  0.0  2.2  NW_015504249.1  19433 19478 (80522) + (TC)n       Simple_repeat        1     45    (0)   5  
  339   25.4 20.2  1.1  NW_015504249.1  19495 19717 (80283) + L1M5        LINE/L1           5256   5520  (604)   6  
  345   25.9  0.9  1.8  NW_015504249.1  19782 19891 (80109) + L1ME3G      LINE/L1           5671   5779  (398)   7  
   31    3.0  0.0  0.0  NW_015504249.1  20433 20466 (79534) + (AATATATA)n Simple_repeat        1     34    (0)   8  
   12    8.3  6.5  8.9  NW_015504249.1  23741 23786 (76214) + (CAGGCA)n   Simple_repeat        1     45    (0)   9  
   16    4.2  8.0  0.0  NW_015504249.1  25986 26010 (73990) + (TC)n       Simple_repeat        1     27    (0)  10  
   15   12.4  5.7  0.0  NW_015504249.1  29597 29631 (70369) + (TCCCTC)n   Simple_repeat        1     37    (0)  11  
  229   14.8 21.9  1.0  NW_015504249.1  31008 31089 (68911) + L1ME3B      LINE/L1           6128   6226   (16)  12  
  232   21.9  6.1  0.0  NW_015504249.1  31562 31643 (68357) + L1ME3G      LINE/L1           5396   5482  (642)  13 *
 1883   17.8  3.9  2.7  NW_015504249.1  31643 32081 (67919) + L1-2a_EF    LINE/L1           6228   6671    (1)  14  
  749   21.1  5.3  0.0  NW_015504249.1  32109 32298 (67702) + HAL1-3_ML   LINE/L1              5    204 (3120)  15 *
 1065   17.4  4.5  7.7  NW_015504249.1  32276 32611 (67389) + HAL1-3_PVa  LINE/L1            116    441 (2907)  16  
 2561   19.3  4.1  0.0  NW_015504249.1  33465 34049 (65951) + HAL1-3_PVa  LINE/L1           1277   1885 (1463)  16  
 2795   14.6  1.8  1.4  NW_015504249.1  34785 35436 (64564) + HAL1-3_ML   LINE/L1           1964   2632    (1)  15  
  288   28.6  5.6  9.5  NW_015504249.1  35174 35478 (64522) C L1-4a_EF    LINE/L1         (6394)   2985   2692  17 *
  450   31.3  7.5  7.2  NW_015504249.1  35539 35979 (64021) + L1ME3G      LINE/L1           5622   6070   (54)  13  
 2337   26.7 10.1  1.7  NW_015504249.1  36011 36861 (63139) + HAL1        LINE/L1             56    976 (1531)  18  
 3018   12.5  1.3  0.6  NW_015504249.1  36883 37414 (62586) + L1-4_PVa    LINE/L1           6286   6821    (0)  19  
  340   14.5  3.6  9.2  NW_015504249.1  37434 37570 (62430) + HAL1        LINE/L1            982   1111 (1396)  18 *
 4115   14.4  0.1  0.3  NW_015504249.1  37549 38245 (61755) + L1-3a_EF    LINE/L1           5536   6231  (382)  20  
   17   18.1  0.0  5.1  NW_015504249.1  38367 38407 (61593) + (CT)n       Simple_repeat        1     39    (0)  21  
 1144   19.2  3.8  0.1  NW_015504249.1  38415 38682 (61318) + L1-2a_EF    LINE/L1           6298   6547  (125)  22  
   19   14.6  0.0  2.6  NW_015504249.1  38683 38722 (61278) + (TTTA)n     Simple_repeat        1     39    (0)  23  
  544   21.2  6.5  1.2  NW_015504249.1  38914 39066 (60934) + HAL1-2_ML   LINE/L1           2471   2631    (2)  24  
 1314   22.8  2.9  3.6  NW_015504249.1  39537 39982 (60018) + HAL1        LINE/L1           1232   1674  (833)  25  
   50    4.0  0.0  0.0  NW_015504249.1  40108 40159 (59841) + (TC)n       Simple_repeat        1     52    (0)  26  
 1828   28.3  7.9  2.5  NW_015504249.1  40179 41015 (58985) + HAL1        LINE/L1           1627   2507    (0)  25  
  559   27.3 12.5  1.8  NW_015504249.1  41321 41615 (58385) + L1ME4b      LINE/L1           5702   6027  (118)  27  
  325   31.8  4.2  8.4  NW_015504249.1  43027 43362 (56638) + L1ME3G      LINE/L1           5394   5716  (461)  28  
   13   22.0  9.5  0.0  NW_015504249.1  45032 45094 (54906) + (CCAGCCC)n  Simple_repeat        1     69    (0)  29  
   12   23.6  0.0  6.4  NW_015504249.1  46459 46508 (53492) + (TACA)n     Simple_repeat        1     47    (0)  30  
   42    0.0  0.0  0.0  NW_015504249.1  49037 49072 (50928) + (AC)n       Simple_repeat        1     36    (0)  31  
   14    0.0  0.0  4.8  NW_015504249.1  50065 50086 (49914) + (GTT)n      Simple_repeat        1     21    (0)  32  
  267   27.2 11.5  2.6  NW_015504249.1  50594 50767 (49233) + THER1_MD    SINE/MIR            84    272    (2)  33  
   16   12.2  5.6  0.0  NW_015504249.1  51310 51345 (48655) + (CACAG)n    Simple_repeat        1     38    (0)  34  
  267   30.9  6.2  2.2  NW_015504249.1  53618 53746 (46254) + THER1_MD    SINE/MIR            97    230   (44)  35  
 1404   14.6  3.3  6.6  NW_015504249.1  54258 54586 (45414) C MER33       DNA/hAT-Charlie    (4)    320      2  36  
  403   25.2  1.9  0.0  NW_015504249.1  54765 54867 (45133) C Mon1f3      SINE/MIR         (123)    144     40  37  
  306   18.3 19.8  2.5  NW_015504249.1  58695 58795 (41205) C MIRb        SINE/MIR         (117)    151     34  38  
   12    0.0  0.0  5.3  NW_015504249.1  59072 59091 (40909) + (TAT)n      Simple_repeat        1     19    (0)  39  
  774   20.4  2.8  3.2  NW_015504249.1  59602 59819 (40181) + MER96B      DNA/hAT-Tip100       3    219  (198)  40  
   13   15.1  5.1  2.5  NW_015504249.1  60551 60589 (39411) + (CAGGCC)n   Simple_repeat        1     40    (0)  41  
 1997   18.5  5.7  3.6  NW_015504249.1  60999 61492 (38508) + MLT1D       LTR/ERVL-MaLR        1    504    (1)  42  
  345   26.2  0.6  3.4  NW_015504249.1  62079 62235 (37765) + L2b         LINE/L2           3236   3336   (39)  43  
   40    0.0  0.0  0.0  NW_015504249.1  62291 62324 (37676) + (AC)n       Simple_repeat        1     34    (0)  44  
 2000   19.5  5.0  0.4  NW_015504249.1  63555 63997 (36003) + MLT1C       LTR/ERVL-MaLR        1    463    (4)  45  
  579   31.7  3.6  1.6  NW_015504249.1  64769 65018 (34982) + MIRb        SINE/MIR             6    260    (8)  46  
  421   30.1 12.1  6.0  NW_015504249.1  66498 67019 (32981) C L1ME4a      LINE/L1            (9)   6115   5564  47  
  251   28.7 11.5  3.0  NW_015504249.1  70477 70720 (29280) C L2c         LINE/L2           (64)   3323   3060  48  
   12   15.0  8.1  0.0  NW_015504249.1  70885 70921 (29079) + G-rich      Low_complexity       1     40    (0)  49  
   32    0.0  0.0  0.0  NW_015504249.1  71436 71465 (28535) + (GCTCCTA)n  Simple_repeat        1     30    (0)  50  
  514   24.2  3.9  1.4  NW_015504249.1  71598 71835 (28165) C L1MD2       LINE/L1            (2)   6357   6045  51  
   16   16.5  0.0  0.0  NW_015504249.1  71877 71903 (28097) + A-rich      Low_complexity       1     27    (0)  52  
  271   30.0  5.1  3.8  NW_015504249.1  74619 74774 (25226) + MIRb        SINE/MIR           110    267    (1)  53  
  289   18.1  4.8  1.6  NW_015504249.1  74782 74864 (25136) + MIRc        SINE/MIR            78    162  (106)  54  
  656   19.5  3.6  1.2  NW_015504249.1  74906 75071 (24929) + Ves4_ML     SINE/tRNA            1    170   (80)  55  
  332   27.9 11.8  0.5  NW_015504249.1  75365 75551 (24449) + Charlie15a  DNA/hAT-Charlie      6    213   (11)  56  
  290   20.2  4.8  0.9  NW_015504249.1  75772 75876 (24124) + L2c         LINE/L2           3098   3206  (181)  57  
  239   18.8  0.0  0.0  NW_015504249.1  77940 77987 (22013) + L4_B_Mam    LINE/RTE-X        4696   4743  (198)  58  
  466   22.3  1.0  0.0  NW_015504249.1  79473 79575 (20425) C MIRb        SINE/MIR         (108)    160     57  59  
   11   26.9  3.6  1.8  NW_015504249.1  80799 80853 (19147) + G-rich      Low_complexity       1     56    (0)  60  
   12   15.0  8.7  2.0  NW_015504249.1  81946 81991 (18009) + (CCTCCCCG)n Simple_repeat        1     49    (0)  61 *
   15   12.3  2.6  5.3  NW_015504249.1  81990 82028 (17972) + (GCGG)n     Simple_repeat        1     38    (0)  62  
   12   10.0  0.0  0.0  NW_015504249.1  82706 82727 (17273) + (TTCG)n     Simple_repeat        1     22    (0)  63  
   15   16.9  6.2  2.0  NW_015504249.1  82767 82814 (17186) + (GCC)n      Simple_repeat        1     50    (0)  64  
   12   23.6  0.0  0.0  NW_015504249.1  87673 87707 (12293) + (CCGGCC)n   Simple_repeat        1     35    (0)  65  
   13   18.1  5.3  0.0  NW_015504249.1  95476 95513  (4487) + G-rich      Low_complexity       1     40    (0)  66  
  268   26.9  0.0  0.5  NW_015504249.1  99469 99555   (445) C MIRb        SINE/MIR          (57)    173     90  67  
