   SW   perc perc perc  query           position in query     matching   repeat             position in repeat
score   div. del. ins.  sequence        begin end    (left)   repeat     class/family     begin  end    (left)  ID

 1219   15.1  2.6  0.2  NW_015504249.1   3055  3293 (96707) C L1_Carn3   LINE/L1             (1)   3323   3094   1  
 1767   13.0  1.4  5.6  NW_015504249.1   3296  3646 (96354) + HAL1-3_ML  LINE/L1            1647   1983 (1341)   2  
 1196   15.5  3.1  4.4  NW_015504249.1   4314  4541 (95459) C Ves2B_ML   SINE/tRNA           (3)    266      1   3  
  765   16.3 19.4  0.9  NW_015504249.1   5832  6017 (93983) + Ves3_ML    SINE/tRNA             3    222   (10)   4  
 3166   22.8 13.2  4.4  NW_015504249.1   8404  9747 (90253) + L1ME1      LINE/L1              23   1479 (4944)   5  
 1605   20.9  4.8  0.3  NW_015504249.1   9752 10087 (89913) C MLT2B2     LTR/ERVL           (29)    486    136   6  
  435   13.1 14.4 10.4  NW_015504249.1  10094 10204 (89796) C Tigger7    DNA/TcMar-Tigger    (0)   2492   2378   7 *
 2370   19.1  0.5  0.5  NW_015504249.1  10201 10605 (89395) C Tigger7    DNA/TcMar-Tigger (2087)    405      1   8  
  733   12.0  6.0  0.0  NW_015504249.1  10611 10727 (89273) C MLT2B2     LTR/ERVL          (391)    124      1   6  
  242   34.0  6.2  0.5  NW_015504249.1  10746 10955 (89045) + L1ME1      LINE/L1            1609   1830 (5190)   5  
 2380   21.7 13.5  2.2  NW_015504249.1  10971 12343 (87657) + L1ME1      LINE/L1            2429   3933 (3207)   5  
   15   28.2  0.0  0.0  NW_015504249.1  13083 13129 (86871) + A-rich     Low_complexity        1     47    (0)   9  
   33    3.1  0.0  0.0  NW_015504249.1  13561 13593 (86407) + (TG)n      Simple_repeat         1     33    (0)  10  
 2666   16.8  7.2  2.4  NW_015504249.1  13633 14229 (85771) + L1-2a_EF   LINE/L1            6048   6672    (0)  11  
  302   20.0  3.4  3.4  NW_015504249.1  14523 14641 (85359) + HAL1-2_ML  LINE/L1            2515   2633    (0)  12 *
  862   22.2  5.1  1.4  NW_015504249.1  14617 14890 (85110) + HAL1-2_ML  LINE/L1            2329   2612   (21)  13  
  379   27.6 13.9  0.4  NW_015504249.1  15441 15655 (84345) C L1M5       LINE/L1           (543)   5581   5338  14  
  516   20.6 12.7  0.0  NW_015504249.1  15735 15923 (84077) + L1ME1      LINE/L1            4007   4219 (2722)   5  
  593   14.3 13.0  5.6  NW_015504249.1  15925 16118 (83882) + Ves4_ML    SINE/tRNA             1    250    (0)  15  
  372   30.6  1.4  0.7  NW_015504249.1  16125 16262 (83738) + L1MD       LINE/L1            3410   3548 (2598)  16  
 1093   13.7  2.9  0.0  NW_015504249.1  16271 16445 (83555) + Ves2_ML    SINE/tRNA             6    185   (84)  17  
 2079   21.0  5.4  4.4  NW_015504249.1  16448 17374 (82626) + L1ME1      LINE/L1            6002   6974    (0)   5  
   16    4.5  0.0  0.0  NW_015504249.1  19547 19569 (80431) + (TCAT)n    Simple_repeat         1     23    (0)  18  
 1729   21.5  9.7  1.3  NW_015504249.1  19597 20021 (79979) + LTR40b     LTR/ERVL              1    460    (2)  19  
  933   13.3 11.5  2.3  NW_015504249.1  20506 20705 (79295) + Ves3_ML    SINE/tRNA             3    220   (12)  20  
  260   23.5  6.2  0.0  NW_015504249.1  23136 23216 (76784) C L1ME4a     LINE/L1            (32)   6092   6007  21  
 3253   23.1  3.1  1.3  NW_015504249.1  23253 24106 (75894) C L1ME2      LINE/L1            (46)   6118   5079  22  
 1040   23.7  1.5  1.2  NW_015504249.1  24222 24554 (75446) C L1M4       LINE/L1           (897)   5345   5012  23  
 1382   24.6  8.7  1.8  NW_015504249.1  24773 25141 (74859) + LTR16A1    LTR/ERVL             63    456    (0)  24  
 1220   25.1 10.0  1.9  NW_015504249.1  25873 26378 (73622) + L1ME3F     LINE/L1            5504   6044  (129)  25  
 2369   17.2  3.5  4.2  NW_015504249.1  26388 26847 (73153) + MLT1C2     LTR/ERVL-MaLR         5    461    (0)  26  
  282   22.6  5.8  4.9  NW_015504249.1  26848 26966 (73034) + L1ME3F     LINE/L1            6111   6230   (13)  25  
 1373   14.4  5.9  0.8  NW_015504249.1  26974 27211 (72789) + Ves4_ML    SINE/tRNA             1    250    (0)  27  
  778   20.1  6.5  4.6  NW_015504249.1  27224 27437 (72563) + Ves2B_ML   SINE/tRNA             1    218   (34)  28  
 1091   14.1  2.7  1.9  NW_015504249.1  27441 27662 (72338) + L1_Carn7   LINE/L1            5131   5328 (1114)  29  
   29    0.0  0.0  0.0  NW_015504249.1  29721 29745 (70255) + (GT)n      Simple_repeat         1     25    (0)  30  
  487   20.6 12.0  0.2  NW_015504249.1  29805 29940 (70060) C MLT1A0     LTR/ERVL-MaLR      (27)    363    207  31  
  969   16.3  1.4 10.5  NW_015504249.1  29951 30175 (69825) C Ves2_ML    SINE/tRNA           (2)    230      1  32  
  809   12.3  0.0  0.0  NW_015504249.1  30189 30302 (69698) C MLT1A0     LTR/ERVL-MaLR     (171)    194     81  31  
   12   15.0  4.9  4.9  NW_015504249.1  33549 33589 (66411) + (GAGCA)n   Simple_repeat         1     41    (0)  33  
  394   14.8  0.0  1.6  NW_015504249.1  41338 41399 (58601) C Ves2_ML    SINE/tRNA         (135)    134     74  34  
 1579   20.6  8.1  1.6  NW_015504249.1  43085 43444 (56556) + MLT1B      LTR/ERVL-MaLR         5    387    (3)  35  
   16   24.2  0.0  0.0  NW_015504249.1  44420 44459 (55541) + (AAT)n     Simple_repeat         1     40    (0)  36  
   25   27.4  1.2  2.5  NW_015504249.1  44694 44775 (55225) + (AC)n      Simple_repeat         1     81    (0)  37  
  353   30.1  9.2  0.0  NW_015504249.1  48682 48910 (51090) + L1MC4a     LINE/L1            5664   5913 (1969)  38  
   34    2.9  0.0  0.0  NW_015504249.1  51149 51184 (48816) + (AGCCCAC)n Simple_repeat         1     36    (0)  39  
   29    0.0  0.0  0.0  NW_015504249.1  52910 52936 (47064) + (CCATGC)n  Simple_repeat         1     27    (0)  40  
   16   15.4  2.8  0.0  NW_015504249.1  53791 53826 (46174) + G-rich     Low_complexity        1     37    (0)  41  
   93    0.0  0.0  0.0  NW_015504249.1  54285 54366 (45634) + (AAAAG)n   Simple_repeat         1     82    (0)  42  
 2782   17.0  5.6  0.0  NW_015504249.1  55201 55758 (44242) C L1MB3      LINE/L1             (0)   6183   5595  43  
  246   18.8  0.0  0.0  NW_015504249.1  58097 58144 (41856) + L1MAB_EC   LINE/L1            1042   1089 (5805)  44 *
 5738   12.5  2.0  2.5  NW_015504249.1  58139 59168 (40832) + L1MAB_EC   LINE/L1            5222   6246  (648)  45  
   15   19.9  0.0  0.0  NW_015504249.1  59191 59219 (40781) + GA-rich    Low_complexity        1     29    (0)  46  
 2643   16.5  7.8  1.8  NW_015504249.1  59361 59977 (40023) + L1MA9      LINE/L1            5660   6312    (0)  47  
 5144   24.3  8.9  1.5  NW_015504249.1  61076 61182 (38818) C L1MC4      LINE/L1             (0)   8042   7914  48  
   77    0.0  3.8  0.0  NW_015504249.1  61183 61261 (38739) + (GATA)n    Simple_repeat         1     82    (0)  49  
 5144   24.3  8.9  1.5  NW_015504249.1  61262 62868 (37132) C L1MC4      LINE/L1           (129)   7913   6204  48  
   12   16.5  0.0  0.0  NW_015504249.1  64586 64612 (35388) + GA-rich    Low_complexity        1     27    (0)  50  
 1283   12.5  1.0  0.5  NW_015504249.1  67901 68101 (31899) + L1MC1      LINE/L1            5635   5836  (509)  51  
   16    0.0  0.0  0.0  NW_015504249.1  68102 68118 (31882) + (A)n       Simple_repeat         1     17    (0)  52  
 2637   14.5  5.0  0.2  NW_015504249.1  68269 68731 (31269) + L1MC1      LINE/L1            5849   6333    (0)  51  
 5176   17.0  5.5  4.7  NW_015504249.1  72717 73964 (26036) + L1MB3_EC   LINE/L1            4947   6204   (10)  53  
   17    0.0  0.0  7.4  NW_015504249.1  74393 74421 (25579) + (GGGTG)n   Simple_repeat         1     27    (0)  54  
   44    2.3  0.0  0.0  NW_015504249.1  78063 78107 (21893) + (ATCC)n    Simple_repeat         1     45    (0)  55  
  871   24.8  4.7  0.3  NW_015504249.1  78497 78771 (21229) C L1ME3      LINE/L1           (156)   6006   5720  56  
   51    0.0  0.0  0.0  NW_015504249.1  89158 89201 (10799) + (AC)n      Simple_repeat         1     44    (0)  57  
 1349   20.7  9.7  3.4  NW_015504249.1  89497 89856 (10144) C MER63D     DNA/hAT-Tip100    (679)    382      1  58  
   34    0.0  0.0  0.0  NW_015504249.1  89964 89992 (10008) + (AC)n      Simple_repeat         1     29    (0)  59  
 1556   21.3  1.2  1.8  NW_015504249.1  96367 96706  (3294) + L1ME3A     LINE/L1            5828   6165    (8)  60  
   12   10.7  2.9  6.1  NW_015504249.1  97614 97647  (2353) + (TCCCCT)n  Simple_repeat         1     33    (0)  61  
   17   21.9  3.8  0.0  NW_015504249.1  98039 98048  (1952) + (CACCCTC)n Simple_repeat         1     54    (0)  62  
   15   14.4  2.4  4.9  NW_015504249.1  98049 98090  (1910) + (CCTC)n    Simple_repeat         1     41    (0)  63  
   17   21.9  3.8  0.0  NW_015504249.1  99199 99208   (792) + (CACCCTC)n Simple_repeat         1     54    (0)  64  
   15   14.4  2.4  4.9  NW_015504249.1  99209 99250   (750) + (CCTC)n    Simple_repeat         1     41    (0)  65  
