   SW   perc perc perc  query           position in query     matching   repeat             position in repeat
score   div. del. ins.  sequence        begin end    (left)   repeat     class/family     begin  end    (left)  ID

 1256   13.6  4.7  0.5  NW_015504249.1    407   620 (99380) + Ves4_ML    SINE/tRNA             2    224   (26)   1  
  914   17.5  7.0  0.0  NW_015504249.1    700   870 (99130) C Ves2_ML    SINE/tRNA          (86)    183      1   2  
 4189   15.4  4.2  4.7  NW_015504249.1   1243  2137 (97863) + L1MC2      LINE/L1            5443   6333   (11)   3  
 1188   16.4  6.8  1.6  NW_015504249.1   2376  2611 (97389) C Ves4_ML    SINE/tRNA           (2)    248      1   4  
 1092   12.6  2.8  2.0  NW_015504249.1   2961  3178 (96822) + Ves2_ML    SINE/tRNA             1    222   (10)   5  
  821   12.8 17.5  0.8  NW_015504249.1   4181  4374 (95626) + Ves2_ML    SINE/tRNA             1    222   (10)   6  
  771   21.6  0.0  0.6  NW_015504249.1   5017  5179 (94821) + L1ME2z     LINE/L1            5602   5763  (681)   7  
  384   24.1  4.8  4.4  NW_015504249.1   5190  5375 (94625) + Ves2B_ML   SINE/tRNA             1    221   (11)   8  
  984   23.0  9.1  0.0  NW_015504249.1   5386  5637 (94363) + L1ME2z     LINE/L1            5791   6065  (379)   7  
  892   17.6  7.9  0.5  NW_015504249.1   5682  5858 (94142) C Ves2_ML    SINE/tRNA          (78)    191      2   9  
 1148   31.8  9.3  3.4  NW_015504249.1   5952  6668 (93332) + L1MEc      LINE/L1              31    788 (5612)  10  
  334   12.1 19.7  0.0  NW_015504249.1   6685  6750 (93250) + Ves2B_ML   SINE/tRNA             1     79  (173)  11  
  920   13.1 11.7  0.1  NW_015504249.1   7551  7737 (92263) C Ves2_ML    SINE/tRNA          (10)    222      9  12  
 1019   14.4  4.4  4.4  NW_015504249.1   7849  8080 (91920) C Ves2_ML    SINE/tRNA           (0)    232      1  13  
  278   14.3  0.0  1.8  NW_015504249.1  10600 10656 (89344) C L1_Carn7   LINE/L1             (0)   6508   6453  14  
 2772   17.0 11.7  1.5  NW_015504249.1  10735 11485 (88515) + L1_Carn7   LINE/L1            5626   7000    (0)  15  
   16   19.2  0.0  0.0  NW_015504249.1  15240 15269 (84731) + (T)n       Simple_repeat         1     30    (0)  16  
  628   15.4  1.9  0.0  NW_015504249.1  15342 15445 (84555) C Tigger7    DNA/TcMar-Tigger    (0)   2492   2387  17 *
 2037   14.2  7.1  1.5  NW_015504249.1  15433 15812 (84188) C MER44c_Laf DNA/TcMar-Tigger  (267)    402      2  18  
  645   12.8 30.6  0.2  NW_015504249.1  16136 16318 (83682) + Ves2B_ML   SINE/tRNA             2    269    (0)  19  
  411   20.2 24.2  0.5  NW_015504249.1  16466 16614 (83386) C Ves2B_ML   SINE/tRNA          (68)    184      1  20  
 1105   15.4 10.1  4.4  NW_015504249.1  19074 19310 (80690) C Ves4_ML    SINE/tRNA           (0)    250      1  21  
 1110   13.1  5.5  1.4  NW_015504249.1  19454 19654 (80346) C Ves3_ML    SINE/tRNA          (10)    222     14  22  
  284   17.3  5.3  1.3  NW_015504249.1  19885 19960 (80040) + Ves2B_ML   SINE/tRNA             1     79  (173)  23  
 1073   13.7  3.9  0.1  NW_015504249.1  20296 20498 (79502) + Ves2_ML    SINE/tRNA             1    219   (13)  24  
  367    9.1  3.0  0.0  NW_015504249.1  20769 20834 (79166) C L1-3_PVa   LINE/L1             (7)   6547   6480  25  
  359   23.7 12.3  4.8  NW_015504249.1  21071 21265 (78735) + L1-2a_EF   LINE/L1            6463   6671    (1)  26  
   30    0.0  0.0  0.0  NW_015504249.1  21866 21893 (78107) + (TCAG)n    Simple_repeat         1     28    (0)  27  
 1061   15.9 12.2  0.8  NW_015504249.1  22490 22655 (77345) + Ves4_ML    SINE/tRNA             1    192   (58)  28  
   29    0.0  0.0  0.0  NW_015504249.1  22656 22680 (77320) + (TC)n      Simple_repeat         1     25    (0)  29  
 1061   15.9 12.2  0.8  NW_015504249.1  22681 22735 (77265) + Ves4_ML    SINE/tRNA           193    246    (4)  28  
   19    0.0  0.0  0.0  NW_015504249.1  23889 23909 (76091) + (T)n       Simple_repeat         1     21    (0)  30  
 1289   11.0  6.5  0.8  NW_015504249.1  25456 25684 (74316) C Ves4_ML    SINE/tRNA           (8)    242      1  31  
 1056   29.8  5.4  3.4  NW_015504249.1  25805 26269 (73731) C L1MB2      LINE/L1             (7)   6164   5691  32  
   42    2.4  0.0  0.0  NW_015504249.1  26379 26421 (73579) + (GGATGCA)n Simple_repeat         1     43    (0)  33  
  858   14.6 24.7  1.2  NW_015504249.1  28189 28451 (71549) + MER33      DNA/hAT-Charlie       1    324    (0)  34  
   14   19.4  4.5  6.2  NW_015504249.1  32803 32868 (67132) + (GCAGG)n   Simple_repeat         1     65    (0)  35  
   12   18.3  5.4  0.0  NW_015504249.1  55560 55596 (44404) + A-rich     Low_complexity        1     39    (0)  36  
  371   31.5  6.0  1.6  NW_015504249.1  58322 58505 (41495) + L2a        LINE/L2            3235   3426    (0)  37  
  351   21.0  1.7  0.0  NW_015504249.1  59062 59163 (40837) + Ves2B_ML   SINE/tRNA             1    142  (110)  38  
 1020   16.0  5.0  4.0  NW_015504249.1  59183 59404 (40596) + Ves3_ML    SINE/tRNA             1    224    (8)  39  
  315   25.1 11.5  3.1  NW_015504249.1  64080 64227 (35773) + L2         LINE/L2            2606   2765  (654)  40  
 3667    7.8  2.9  0.4  NW_015504249.1  64232 64912 (35088) + LTR15C_ML  LTR/ERV1             13    786  (100)  41  
  331   29.8  4.5  6.2  NW_015504249.1  65068 65246 (34754) + L2         LINE/L2            2754   2929  (490)  40  
  336   22.5 14.6  0.8  NW_015504249.1  67009 67111 (32889) C L2a        LINE/L2             (0)   3426   3310  42  
  620   29.6  6.9  0.4  NW_015504249.1  70550 70780 (29220) + L2         LINE/L2            2575   2820  (599)  43  
  825   17.4  6.0  0.2  NW_015504249.1  70781 70964 (29036) + Ves2B_ML   SINE/tRNA             1    224    (8)  44  
  282   26.6 13.9  2.1  NW_015504249.1  71009 71181 (28819) + L2         LINE/L2            2807   2999  (420)  43  
  336   32.4 17.9  2.0  NW_015504249.1  71196 71626 (28374) + L2a        LINE/L2            2910   3407   (19)  45  
   14   14.6  0.0  3.2  NW_015504249.1  72882 72913 (27087) + (TAA)n     Simple_repeat         1     31    (0)  46  
   29   16.4  1.6  1.6  NW_015504249.1  75292 75355 (24645) + G-rich     Low_complexity        1     64    (0)  47  
   11   28.6  4.6  1.5  NW_015504249.1  75368 75432 (24568) + G-rich     Low_complexity        1     67    (0)  47  
   19   15.9  2.4  0.0  NW_015504249.1  76943 76984 (23016) + GA-rich    Low_complexity        1     43    (0)  48  
   12    8.2  3.6  3.6  NW_015504249.1  77160 77187 (22813) + G-rich     Low_complexity        1     28    (0)  49  
   12    9.8  0.0  0.0  NW_015504249.1  78747 78768 (21232) + (TGGG)n    Simple_repeat         1     22    (0)  50  
   14   24.5  2.0  2.0  NW_015504249.1  78901 78950 (21050) + (CCTCCT)n  Simple_repeat         1     50    (0)  51  
 1010   21.9 13.7  1.7  NW_015504249.1  81063 81383 (18617) C L2a        LINE/L2             (0)   3426   3068  52  
 1789   17.9  6.2  2.1  NW_015504249.1  81391 81877 (18123) + Charlie4a  DNA/hAT-Charlie       3    504    (4)  53  
  236   26.5  0.0  0.0  NW_015504249.1  81891 81939 (18061) C L2a        LINE/L2           (359)   3060   3012  52  
 2253   23.8  7.5  0.4  NW_015504249.1  81963 82615 (17385) C L2a        LINE/L2           (518)   2901   2203  52  
 1130   20.5  0.8  6.3  NW_015504249.1  82637 82902 (17098) + Ves2B_ML   SINE/tRNA             1    252    (0)  54 *
 4373   16.1  5.6  1.7  NW_015504249.1  82841 83721 (16279) + L1MB3      LINE/L1            5341   6879 (2751)  55  
   20    0.0  0.0  0.0  NW_015504249.1  83739 83760 (16240) + (A)n       Simple_repeat         1     22    (0)  56  
  706   26.5  3.6  2.2  NW_015504249.1  83767 83986 (16014) C L2a        LINE/L2          (1271)   2148   1926  52  
  251   15.8  2.6 16.4  NW_015504249.1  84762 84837 (15163) C L2a        LINE/L2             (6)   3420   3354  57  
  558   27.6 10.1  2.2  NW_015504249.1  86490 86737 (13263) + L1ME3G     LINE/L1            5627   5893  (284)  58  
  443   26.3  5.7  8.5  NW_015504249.1  86751 86979 (13021) + L1ME3G     LINE/L1            5859   6081   (96)  59  
   11   13.2  5.7  2.8  NW_015504249.1  87383 87417 (12583) + G-rich     Low_complexity        1     36    (0)  60  
 1077   16.6  1.5  1.1  NW_015504249.1  88421 88645 (11355) C Ves2_ML    SINE/tRNA           (0)    232      1  61  
   31    0.0  0.0  0.0  NW_015504249.1  89347 89375 (10625) + (GAT)n     Simple_repeat         1     29    (0)  62  
   38    2.8  0.0  0.0  NW_015504249.1  89653 89689 (10311) + (AG)n      Simple_repeat         1     37    (0)  63  
  723   17.9  1.4  0.7  NW_015504249.1  89690 89830 (10170) C Ves2B_ML   SINE/tRNA         (108)    144      3  64  
  914   13.9  1.8  1.8  NW_015504249.1  90083 90250  (9750) + MLT1D      LTR/ERVL-MaLR         1    168  (337)  65  
  326   29.0  2.4  0.8  NW_015504249.1  90241 90365  (9635) + L2         LINE/L2            2937   3063  (356)  66 *
 1969   17.9  3.5  9.5  NW_015504249.1  91141 91628  (8372) C MLT1C2     LTR/ERVL-MaLR       (0)    461      1  67  
 1206   11.0  1.9  1.2  NW_015504249.1  94326 94553  (5447) C Ves2_ML    SINE/tRNA           (0)    232      1  68  
 1650   17.1  5.4  3.0  NW_015504249.1  95630 95960  (4040) + MER58B     DNA/hAT-Charlie       3    341    (0)  69  
 1332   27.5  3.0  7.8  NW_015504249.1  97796 98362  (1638) + MLT1N2     LTR/ERVL-MaLR        12    553    (9)  70  
