   SW   perc perc perc  query           position in query     matching    repeat             position in repeat
score   div. del. ins.  sequence        begin end    (left)   repeat      class/family     begin  end    (left)  ID

   18    0.0  0.0  0.0  NW_015504249.1   2834  2853 (97147) + (TG)n       Simple_repeat         1     20    (0)   1  
  598   16.8 29.3  0.4  NW_015504249.1   9780  9970 (90030) + Ves2B_ML    SINE/tRNA             1    246    (6)   2  
 1255   10.8  2.4  0.3  NW_015504249.1  10021 10234 (89766) C Ves2_ML     SINE/tRNA          (11)    221      2   3  
  773   20.6 18.0  1.0  NW_015504249.1  15530 15784 (84216) C L1MC4a      LINE/L1           (825)   7217   6920   4 *
 1082   24.8  6.7  1.1  NW_015504249.1  15773 16115 (83885) C L1MC4a      LINE/L1          (1090)   6792   6431   4  
 1170   25.1 15.3  0.2  NW_015504249.1  16217 16679 (83321) C L1ME1       LINE/L1             (0)   6179   5647   5  
 1552   21.6  7.5  4.3  NW_015504249.1  16768 17221 (82779) + MLT1D       LTR/ERVL-MaLR        31    498    (7)   6  
  453   20.0 10.3  0.3  NW_015504249.1  17227 17352 (82648) C L1MC4a      LINE/L1           (539)   5645   5528   4 *
  618   14.8  8.3  0.0  NW_015504249.1  17331 17438 (82562) C L1M4a2      LINE/L1          (2527)    129     13   7  
   19    9.5  2.9  0.0  NW_015504249.1  17470 17503 (82497) + (GAAG)n     Simple_repeat         1     35    (0)   8  
   18   10.5  0.0  0.0  NW_015504249.1  19605 19635 (80365) + (CATC)n     Simple_repeat         1     31    (0)   9  
   12    9.1  4.2  0.0  NW_015504249.1  20714 20737 (79263) + (ATC)n      Simple_repeat         1     25    (0)  10  
 1706   24.0  8.3  8.9  NW_015504249.1  24832 25509 (74491) C L1ME1       LINE/L1            (11)   6168   5495  11  
 1122   14.6 10.0  1.2  NW_015504249.1  25506 25890 (74110) + L1-3_PVa    LINE/L1            6298   6576   (37)  12 *
 2108   23.1 13.4  1.2  NW_015504249.1  25934 26670 (73330) C L1ME1       LINE/L1            (11)   6168   5343  13  
 1011   14.1 11.4  0.1  NW_015504249.1  26681 26907 (73093) + L1MAB_EC    LINE/L1            6087   6322  (572)  14  
   45    6.5  4.9  1.2  NW_015504249.1  26916 26997 (73003) + (ATAG)n     Simple_repeat         1     85    (0)  15  
  296   13.0  0.0  0.0  NW_015504249.1  27001 27080 (72920) C Ves2_ML     SINE/tRNA          (27)    242    160  16  
   67   12.0  0.9  0.0  NW_015504249.1  27081 27189 (72811) + (GAAA)n     Simple_repeat         1    110    (0)  17  
  485   11.3  0.0  3.8  NW_015504249.1  27219 27301 (72699) + L1-4_PVa    LINE/L1            6375   6454  (367)  18  
 1009   20.1  1.7 12.6  NW_015504249.1  27304 27594 (72406) C MLT1A       LTR/ERVL-MaLR     (111)    263      1  19  
  412   17.3  4.0  1.0  NW_015504249.1  28090 28188 (71812) C L1-3_PVa    LINE/L1             (0)   6554   6453  20  
   16   22.0  0.0  2.3  NW_015504249.1  28896 28946 (71054) + (TCTCCT)n   Simple_repeat         1     49    (0)  21  
 2730   22.9 11.4  0.5  NW_015504249.1  30536 31429 (68571) + L1MEf       LINE/L1             350   1340 (4902)  22  
 2054   22.1  6.2  3.3  NW_015504249.1  31427 32293 (67707) + L1MEf       LINE/L1            1468   2355 (3990)  22 *
  232   22.8  0.0  0.0  NW_015504249.1  32401 32457 (67543) + L1-2_Fc     LINE/L1            3532   3588 (2788)  23  
 3910   23.4  3.3  3.9  NW_015504249.1  32565 34042 (65958) + L1MEf       LINE/L1            3287   5697  (517)  22  
  933   18.3  3.0  0.2  NW_015504249.1  34053 34249 (65751) + Ves2B_ML    SINE/tRNA             3    227   (23)  24 *
 2310   13.0  8.7  2.9  NW_015504249.1  34237 34720 (65280) + L1MB7       LINE/L1            5657   6167   (17)  25  
  919   16.9 18.8  0.0  NW_015504249.1  34717 34971 (65029) + L1M5        LINE/L1            3682   3984 (2162)  26 *
 1050   23.6  3.1 12.0  NW_015504249.1  34983 35334 (64666) C MLT1F2      LTR/ERVL-MaLR      (79)    481    158  27  
  327   26.2  1.8  0.0  NW_015504249.1  35339 35462 (64538) + L1M5        LINE/L1            4260   4411 (1803)  26 *
  689   22.8  2.0  0.7  NW_015504249.1  35448 35593 (64407) C MLT1F2      LTR/ERVL-MaLR     (412)    148      1  28  
  661   26.4  2.8 10.5  NW_015504249.1  35594 35990 (64010) + L1M4        LINE/L1            4000   4368 (1778)  29  
  689   22.8  2.0  0.7  NW_015504249.1  35993 36138 (63862) C MLT1F2      LTR/ERVL-MaLR     (412)    148      1  30  
 1338   24.0  2.6  9.1  NW_015504249.1  36139 36746 (63254) + L1ME2z      LINE/L1            4000   4571 (1575)  31  
  652   12.6 23.0  2.8  NW_015504249.1  36754 36938 (63062) C Ves3_ML     SINE/tRNA          (10)    222      3  32  
 2261   20.0  5.3  3.2  NW_015504249.1  36940 37783 (62217) + L1ME2z      LINE/L1            6023   6523   (90)  31  
  775   25.8  3.6  4.8  NW_015504249.1  37999 38251 (61749) + L1-4_PVa    LINE/L1            6572   6821    (0)  33  
  294   22.3  3.5  1.1  NW_015504249.1  38274 38359 (61641) + L1ME2       LINE/L1            4910   4997 (1149)  34  
 2224   22.8  4.2  1.1  NW_015504249.1  38490 39111 (60889) + L1ME2       LINE/L1            5523   6163    (1)  34  
   15   12.4  5.7  0.0  NW_015504249.1  40098 40132 (59868) + A-rich      Low_complexity        1     37    (0)  35  
  887   11.0  6.6  0.1  NW_015504249.1  40534 40709 (59291) C Ves2_ML     SINE/tRNA           (4)    228     34  36 *
  969   27.1 14.8  0.0  NW_015504249.1  40709 41104 (58896) + HAL1        LINE/L1             109    563 (1944)  37  
 1514   23.1  3.8  0.5  NW_015504249.1  41105 41499 (58501) + MLT1_Mim    LTR/ERVL-MaLR         1    408    (5)  38  
 1107   27.4  1.6  2.6  NW_015504249.1  41538 41920 (58080) + HAL1        LINE/L1             586    964 (1543)  37  
 1099   17.2  4.8  4.0  NW_015504249.1  41948 42195 (57805) C Ves4_ML     SINE/tRNA           (0)    250      1  39  
 1649   26.7 11.1  3.3  NW_015504249.1  42196 43295 (56705) + HAL1        LINE/L1            1019   2201  (306)  37  
   19   20.6  2.0  0.0  NW_015504249.1  43307 43356 (56644) + A-rich      Low_complexity        1     51    (0)  40  
  668   21.0  1.3 15.4  NW_015504249.1  43388 43691 (56309) + HAL1        LINE/L1            2241   2507    (0)  37  
  912   29.3  8.7  3.2  NW_015504249.1  44449 45132 (54868) C L1ME4b      LINE/L1            (18)   6127   5417  41  
 1165   11.5  2.2  0.0  NW_015504249.1  45185 45367 (54633) + Tigger1_Crp DNA/TcMar-Tigger   1153   1339   (94)  42  
  505   27.4  2.0  0.0  NW_015504249.1  45399 45551 (54449) C L1ME4b      LINE/L1           (736)   5409   5254  41  
 1040   14.0  1.7  0.0  NW_015504249.1  48706 48884 (51116) + L1MB3       LINE/L1            5995   6176    (7)  43  
 1016   29.3 13.9  2.6  NW_015504249.1  50245 51149 (48851) + L1ME3G      LINE/L1            5270   6375  (519)  44  
  373   16.5  9.3  3.5  NW_015504249.1  53909 54015 (45985) + L1-3_PVa    LINE/L1            6435   6547    (7)  45  
  482   28.7  8.8  2.1  NW_015504249.1  54053 54280 (45720) C L2a         LINE/L2             (1)   3425   3183  46  
   16    0.0  0.0  0.0  NW_015504249.1  55733 55749 (44251) + (T)n        Simple_repeat         1     17    (0)  47  
 6092   22.8  9.2  1.1  NW_015504249.1  58203 60930 (39070) C L1ME2       LINE/L1             (0)   6959   4028  48  
  551   11.2  8.7  3.9  NW_015504249.1  60917 61065 (38935) C L1MB2       LINE/L1             (3)   6168   6013  49 *
   21   10.8  0.0  0.0  NW_015504249.1  61208 61238 (38762) + (AG)n       Simple_repeat         1     31    (0)  50  
   18   12.6  5.7  0.0  NW_015504249.1  61508 61542 (38458) + (TC)n       Simple_repeat         1     37    (0)  51  
 2452   26.7  7.6  4.0  NW_015504249.1  61577 64200 (35800) C L1ME2       LINE/L1          (3277)   3863    939  48  
 1303   27.1  4.0  1.4  NW_015504249.1  64565 64991 (35009) C L1ME2       LINE/L1          (5914)    509     72  48  
  227   23.4 10.9  0.0  NW_015504249.1  65025 65088 (34912) C L1ME2       LINE/L1          (6330)     93     23  48  
   58    0.0  0.0  0.0  NW_015504249.1  67127 67178 (32822) + (TGGA)n     Simple_repeat         1     52    (0)  52  
  401   28.5  8.7  1.9  NW_015504249.1  67963 68112 (31888) + L2a         LINE/L2            3265   3424    (2)  53  
 1455   24.3  6.6  4.8  NW_015504249.1  69790 70242 (29758) + MLT1C2      LTR/ERVL-MaLR         1    461    (0)  54  
   13    8.5  0.0  3.9  NW_015504249.1  76231 76257 (23743) + (ACAAA)n    Simple_repeat         1     26    (0)  55  
   19   26.8  0.0  0.0  NW_015504249.1  76465 76518 (23482) + (CACT)n     Simple_repeat         1     54    (0)  56  
  378   25.3  3.3  3.3  NW_015504249.1  78425 78575 (21425) C MER5A       DNA/hAT-Charlie    (30)    159      9  57  
   16   22.4  5.1  1.6  NW_015504249.1  79162 79220 (20780) + G-rich      Low_complexity        1     61    (0)  58  
 1118   21.1  2.1  2.5  NW_015504249.1  79966 80264 (19736) C L1-3_PVa    LINE/L1            (19)   6535   6255  59  
  367    8.4  0.0  0.0  NW_015504249.1  80266 80325 (19675) + L1M1        LINE/L1            5639   5685 (1315)  60  
 1065   15.7  2.2  0.0  NW_015504249.1  83308 83492 (16508) + MER5A       DNA/hAT-Charlie       1    189    (0)  61  
  231   27.1  1.4  1.4  NW_015504249.1  83750 83820 (16180) + L2a         LINE/L2            3012   3082  (344)  62  
  459   23.2  5.0  2.1  NW_015504249.1  83992 84132 (15868) + L2a         LINE/L2            3278   3422    (4)  62 *
 1073   24.9 11.0  3.0  NW_015504249.1  84128 84650 (15350) C Charlie29b  DNA/hAT-Charlie   (101)   1093    484  63  
   33    0.0  0.0  0.0  NW_015504249.1  85922 85957 (14043) + (CA)n       Simple_repeat         1     36    (0)  64  
   48    0.0  0.0  0.0  NW_015504249.1  85958 85998 (14002) + (CT)n       Simple_repeat         1     41    (0)  65  
   29    3.2  0.0  0.0  NW_015504249.1  86684 86715 (13285) + (CCTGGG)n   Simple_repeat         1     32    (0)  66  
  936   27.3 12.0  3.0  NW_015504249.1  89072 89544 (10456) C LTR33A_     LTR/ERVL            (0)    520      1  67  
   17    4.3  0.0  0.0  NW_015504249.1  90521 90544  (9456) + (CCA)n      Simple_repeat         1     24    (0)  68  
  416   29.5  6.0  1.9  NW_015504249.1  94102 94350  (5650) + L2a         LINE/L2            1622   1880 (1539)  69  
  882   30.2  8.0  0.7  NW_015504249.1  94880 95607  (4393) + L2a         LINE/L2            2600   3388   (38)  69  
 5408   14.6  9.2  0.7  NW_015504249.1  96655 97691  (2309) + L1MC1_EC    LINE/L1            5200   6323   (22)  70  
   53    0.0  0.0  0.0  NW_015504249.1  98302 98349  (1651) + (CATC)n     Simple_repeat         1     48    (0)  71  
