   SW   perc perc perc  query           position in query     matching    repeat             position in repeat
score   div. del. ins.  sequence        begin end    (left)   repeat      class/family     begin  end    (left)  ID

  427   11.2 17.8  0.0  NW_015504249.1   3410  3516 (96484) C HAL1-3_PVa  LINE/L1             (3)   3345   3220   1  
  589   20.2 13.7  1.8  NW_015504249.1   4243  4429 (95571) + Ves2B_ML    SINE/tRNA             2    224    (8)   2  
 1164   11.6  4.5  0.1  NW_015504249.1   4897  5099 (94901) C Ves2_ML     SINE/tRNA           (0)    269      1   3  
  636   18.9  9.2  6.1  NW_015504249.1   5122  5332 (94668) C Ves4_ML     SINE/tRNA           (3)    247      1   4  
 1140   12.7  1.6  4.2  NW_015504249.1   5952  6176 (93824) + Ves2_ML     SINE/tRNA             1    228    (4)   5  
 1050   14.9  3.8  0.6  NW_015504249.1   6464  6673 (93327) C Ves2_ML     SINE/tRNA           (1)    222      1   6  
   13   26.2  1.7  3.5  NW_015504249.1   7043  7100 (92900) + (ATAATAA)n  Simple_repeat         1     57    (0)   7  
   15   19.3  4.1  2.0  NW_015504249.1   7820  7868 (92132) + A-rich      Low_complexity        1     50    (0)   8  
   12   19.6  3.9  5.9  NW_015504249.1  10333 10384 (89616) + (AATAA)n    Simple_repeat         1     51    (0)   9  
  514   20.6  9.3  0.0  NW_015504249.1  10783 10889 (89111) C Tigger7     DNA/TcMar-Tigger    (0)   2492   2376  10  
 2271   18.2  2.3  0.7  NW_015504249.1  10900 11298 (88702) C Tigger7     DNA/TcMar-Tigger (2087)    405      1  11  
  878   14.5  3.8  4.8  NW_015504249.1  11420 11629 (88371) C Ves3_ML     SINE/tRNA          (22)    210      3  12  
 1111   18.2  6.7  0.0  NW_015504249.1  11653 11861 (88139) C MER58A      DNA/hAT-Charlie     (1)    223      1  13  
  845   16.8 10.5  0.1  NW_015504249.1  12064 12263 (87737) + Ves2_ML     SINE/tRNA             1    222   (10)  14  
  701   18.5 14.6  2.6  NW_015504249.1  12595 12799 (87201) + Ves3_ML     SINE/tRNA             3    231    (1)  15  
   13    4.5  4.3  0.0  NW_015504249.1  12801 12823 (87177) + (ACAA)n     Simple_repeat         1     24    (0)  16  
  777   11.1  0.7  6.6  NW_015504249.1  13048 13192 (86808) + HAL1-3_PVa  LINE/L1            3204   3340    (8)  17  
  358   15.1  4.1  4.1  NW_015504249.1  13542 13638 (86362) + L1-3_PVa    LINE/L1            6369   6465   (89)  18  
  354   16.9  3.6  1.2  NW_015504249.1  13763 13846 (86154) + L1-3_PVa    LINE/L1            6462   6547    (7)  18  
 1068   19.8  1.1  9.5  NW_015504249.1  13905 14177 (85823) + Ves2B_ML    SINE/tRNA             1    252    (0)  19  
   23    7.0  6.4  2.0  NW_015504249.1  14178 14224 (85776) + A-rich      Low_complexity        1     49    (0)  20  
  796   10.7 36.4  0.4  NW_015504249.1  14640 14837 (85163) C Ves2_ML     SINE/tRNA           (0)    269      1  21  
  863   14.6  8.2  0.0  NW_015504249.1  16749 16906 (83094) C Ves2_ML     SINE/tRNA          (98)    171      1  22  
 1142   17.2  3.5  2.2  NW_015504249.1  18158 18383 (81617) C Ves3_ML     SINE/tRNA           (1)    231      3  23  
  321   27.9  0.0  8.9  NW_015504249.1  18400 18509 (81491) C Ves2B_ML    SINE/tRNA          (72)    180     80  24  
 1204   17.9  6.3  1.2  NW_015504249.1  18952 19189 (80811) C Ves4_ML     SINE/tRNA           (0)    250      1  25  
 1073   17.9  2.4  0.2  NW_015504249.1  19199 19414 (80586) C Ves2_ML     SINE/tRNA          (10)    222      1  26  
  793   17.5  8.4  2.5  NW_015504249.1  19528 19721 (80279) + Ves2B_ML    SINE/tRNA            50    250    (2)  27  
  751   22.9  0.9  4.4  NW_015504249.1  20304 20513 (79487) + L1MB8       LINE/L1            5969   6171    (7)  28  
  657   17.7  5.3  9.9  NW_015504249.1  20618 20842 (79158) + Ves4_ML     SINE/tRNA             2    251    (1)  29  
  317   17.6  2.6  5.3  NW_015504249.1  21111 21188 (78812) + Ves         SINE/tRNA            94    169   (54)  30  
   20   33.7  0.0  0.0  NW_015504249.1  21451 21515 (78485) + (AT)n       Simple_repeat         1     65    (0)  31  
  550   21.9  5.3  3.9  NW_015504249.1  21960 22111 (77889) + Ves2B_ML    SINE/tRNA            93    246    (6)  32  
 1039   15.2  2.6  1.2  NW_015504249.1  22471 22686 (77314) + Ves2_ML     SINE/tRNA             1    216   (16)  33  
 1875   20.1  5.3  6.7  NW_015504249.1  22772 23300 (76700) + L1ME1       LINE/L1            5373   5894  (285)  34  
 1007   14.8  7.3  1.7  NW_015504249.1  23301 23520 (76480) + Ves3_ML     SINE/tRNA             1    232    (0)  35  
 1185   14.2 14.6  0.8  NW_015504249.1  23569 23788 (76212) C Ves4_ML     SINE/tRNA           (0)    250      1  36  
  455   18.6  4.1  0.0  NW_015504249.1  23791 23887 (76113) + L1ME1       LINE/L1            5924   6024  (155)  34  
  422   15.1  0.0  0.0  NW_015504249.1  23891 23963 (76037) C L1-4_PVa    LINE/L1           (982)   5839   5767  37  
  849   15.1 21.8  0.0  NW_015504249.1  23991 24169 (75831) + Ves2B_ML    SINE/tRNA             2    219   (33)  38  
 1384   16.9  2.9  0.4  NW_015504249.1  24172 24415 (75585) + Ves4_ML     SINE/tRNA             1    250    (0)  39  
  566   14.0  0.0  1.1  NW_015504249.1  24607 24700 (75300) + L1MB1       LINE/L1            6076   6168    (0)  40  
  658    7.6 17.8  0.0  NW_015504249.1  24997 25114 (74886) + LTR21B1_EC  LTR/ERVL              1    139  (669)  41  
 1104   15.6  2.6  1.6  NW_015504249.1  25125 25343 (74657) C Ves2_ML     SINE/tRNA           (3)    229      1  42  
 3402   14.8  6.8  6.5  NW_015504249.1  25344 26023 (73977) + LTR21B1_EC  LTR/ERVL            125    806    (2)  41  
  362   31.1  2.3  2.3  NW_015504249.1  26097 26310 (73690) + L1M5        LINE/L1            5561   5774  (350)  43  
  235   21.7 34.2  0.0  NW_015504249.1  26591 26742 (73258) + Ves2B_ML    SINE/tRNA             1    204   (48)  44  
  775   12.9 17.6  0.7  NW_015504249.1  26965 27161 (72839) C Ves2_ML     SINE/tRNA           (0)    269      1  45  
   14   15.4  0.0  3.2  NW_015504249.1  27163 27194 (72806) + (CCTT)n     Simple_repeat         1     31    (0)  46  
  226    8.1  0.0  8.0  NW_015504249.1  27200 27253 (72747) + Ves4_ML     SINE/tRNA           171    220   (30)  47  
  488   18.0  4.5  0.0  NW_015504249.1  27264 27352 (72648) + Ves2_ML     SINE/tRNA            79    171   (98)  48  
   74    2.5  2.4  0.0  NW_015504249.1  27354 27435 (72565) + (AAAT)n     Simple_repeat         1     84    (0)  49  
  641   16.6 11.7  1.8  NW_015504249.1  27439 27611 (72389) + Ves2_ML     SINE/tRNA             1    203   (20)  50  
  506   14.0  2.0  1.0  NW_015504249.1  27615 27715 (72285) + Ves2_ML     SINE/tRNA             1    102  (167)  51  
   31    9.8  0.0  0.0  NW_015504249.1  27740 27784 (72216) + (TC)n       Simple_repeat         1     45    (0)  52  
   24   23.8  0.0  0.0  NW_015504249.1  27809 27867 (72133) + A-rich      Low_complexity        1     59    (0)  53  
  270    9.1  0.0  2.3  NW_015504249.1  27881 27925 (72075) + Ves4_ML     SINE/tRNA           207    250    (0)  47  
 3571   18.7  6.0  1.8  NW_015504249.1  28149 29035 (70965) + L1MB8       LINE/L1            4251   5173  (973)  54  
 1247   17.9  3.7  1.6  NW_015504249.1  29037 29280 (70720) + Ves4_ML     SINE/tRNA             1    249    (1)  55 *
 2435   17.4  6.0  1.5  NW_015504249.1  29275 29943 (70057) + L1MB8       LINE/L1            5155   5848  (366)  54  
  626   18.3 25.4  0.4  NW_015504249.1  29953 30133 (69867) C Ves3_ML     SINE/tRNA           (6)    226      1  56  
 1164   14.6  1.4  1.9  NW_015504249.1  30151 30359 (69641) C Ves3_ML     SINE/tRNA          (22)    210      3  57  
 1343   19.1  4.4  2.8  NW_015504249.1  30375 30691 (69309) + L1MB8       LINE/L1            5816   6137   (41)  54  
 1200   16.0  7.2  1.3  NW_015504249.1  30692 30911 (69089) + Ves4_ML     SINE/tRNA             1    233   (17)  58  
 1239   18.3  5.9  1.6  NW_015504249.1  30912 31150 (68850) + Ves4_ML     SINE/tRNA             1    249    (1)  59  
  242   11.3  1.8  5.6  NW_015504249.1  31154 31209 (68791) + L1MB8       LINE/L1            6125   6178    (0)  54  
 1150   15.8  2.0  1.2  NW_015504249.1  32541 32757 (67243) C Ves2_ML     SINE/tRNA           (7)    216      1  60  
 1267   10.4  0.0  0.0  NW_015504249.1  32833 32996 (67004) C U1          snRNA               (1)    164      1  61  
  856    9.5  0.0  0.0  NW_015504249.1  33238 33363 (66637) + L1MB3       LINE/L1            6056   6181    (2)  62  
  334    3.6  1.0  2.5  NW_015504249.1  33353 33418 (66582) + L1MB3       LINE/L1            6109   6183    (0)  63 *
  537    7.9  0.0  0.0  NW_015504249.1  33517 33592 (66408) C L1MB7       LINE/L1            (16)   6168   6093  64  
   13   14.9  2.3  7.3  NW_015504249.1  34155 34197 (65803) + (ATTT)n     Simple_repeat         1     41    (0)  65  
  726    9.4 40.6  0.4  NW_015504249.1  34214 34405 (65595) C Ves2_ML     SINE/tRNA           (0)    269      1  66  
  869   11.8 17.5  2.6  NW_015504249.1  34408 34607 (65393) C Ves3_ML     SINE/tRNA           (1)    231      3  67  
   18   12.0  0.0  0.0  NW_015504249.1  37338 37364 (62636) + (A)n        Simple_repeat         1     27    (0)  68  
 1208   15.4  0.5  0.0  NW_015504249.1  37371 37558 (62442) + Ves2B_ML    SINE/tRNA             2    190   (62)  69  
  499   25.7 19.3  0.0  NW_015504249.1  38035 38205 (61795) + Ves2B_ML    SINE/tRNA             1    204   (48)  70  
 2400   18.3 11.4  1.3  NW_015504249.1  38245 38850 (61150) C L1MB7       LINE/L1            (62)   6122   5233  71  
 1663   11.8  9.4  0.1  NW_015504249.1  38850 39210 (60790) C HAL1-3_ML   LINE/L1             (6)   3318   2976  72 *
  568   17.1 14.8  0.7  NW_015504249.1  39207 39401 (60599) C Ves2_ML     SINE/tRNA           (2)    267      1  73 *
12324   12.6  8.2  2.2  NW_015504249.1  39408 41652 (58348) C HAL1-3_ML   LINE/L1           (947)   2377      1  74  
  381   15.9 16.9  7.4  NW_015504249.1  42040 42175 (57825) C L1_Carni    LINE/L1           (488)   5696   5549  75 *
 1136   14.8  7.3  0.5  NW_015504249.1  42166 42369 (57631) C Ves3_ML     SINE/tRNA           (9)    223      6  76 *
 1680   15.0  3.6  1.2  NW_015504249.1  42363 42699 (57301) C L1M4        LINE/L1           (819)   5327   4983  77  
 1715   14.5  4.7  0.0  NW_015504249.1  42701 43018 (56982) C L1MB4       LINE/L1            (31)   6149   5830  78  
  421   17.4  0.6  0.0  NW_015504249.1  43019 43132 (56868) + Ves2B_ML    SINE/tRNA             1    152  (100)  79  
  626   14.7  2.8  0.0  NW_015504249.1  43185 43293 (56707) C L1MB4       LINE/L1           (357)   5814   5703  78  
  475   19.8  2.5  2.5  NW_015504249.1  43275 43397 (56603) C L1M3        LINE/L1           (522)   5658   5551  80 *
 3422   21.3  5.4  4.4  NW_015504249.1  43395 44559 (55441) C L1_Carn7    LINE/L1           (234)   6274   3980  81  
  347   24.5  0.0 14.6  NW_015504249.1  44563 44672 (55328) + Ves3_ML     SINE/tRNA             1     96  (136)  82 *
  754   16.2 14.4  2.0  NW_015504249.1  44656 44845 (55155) + Ves2_ML     SINE/tRNA            11    267    (2)  83  
  600   16.7  1.6  2.3  NW_015504249.1  44833 44961 (55039) C L1_Carn7    LINE/L1          (1273)   4941   4814  81 *
  932   17.5  5.8  1.4  NW_015504249.1  45727 45938 (54062) + Ves2_ML     SINE/tRNA             1    220   (12)  84  
 1137   14.4  3.4  1.3  NW_015504249.1  45962 46182 (53818) C Ves2_ML     SINE/tRNA           (6)    226      1  85  
 1198   24.4  1.8  3.7  NW_015504249.1  46322 46734 (53266) + L1-2a_EF    LINE/L1            6169   6669    (3)  86  
 1073   23.8  3.5  5.8  NW_015504249.1  46356 46779 (53221) C L1-4a_EF    LINE/L1          (6272)   3107   2693  87 *
  615   24.2  5.2  1.7  NW_015504249.1  47276 47447 (52553) + Ves2B_ML    SINE/tRNA             3    180   (72)  88  
  677   24.5 14.2  0.6  NW_015504249.1  48004 48278 (51722) + L1ME3B      LINE/L1            5927   6238    (4)  89  
 1180   10.2  6.0  1.4  NW_015504249.1  48981 49180 (50820) + Ves3_ML     SINE/tRNA            14    222   (10)  90  
  724   19.9 22.6  1.2  NW_015504249.1  49411 49618 (50382) + Ves2B_ML    SINE/tRNA             1    252    (0)  91  
  805   14.8  6.5  0.1  NW_015504249.1  49683 49877 (50123) + Ves2_ML     SINE/tRNA             3    269    (0)  92  
  934   19.6 13.4  2.0  NW_015504249.1  49884 50107 (49893) + Ves4_ML     SINE/tRNA             2    250    (0)  93  
  386   22.8  3.5  7.3  NW_015504249.1  50739 50937 (49063) C L1MAB_ML    LINE/L1            (13)   5972   5781  94  
  364   15.5  1.7  0.0  NW_015504249.1  51466 51523 (48477) C Ves2_ML     SINE/tRNA         (210)     59      1  95  
  386   19.9  3.1  4.8  NW_015504249.1  51571 51719 (48281) + Ves2B_ML    SINE/tRNA             1    181   (71)  96  
   12   23.9  7.4  0.0  NW_015504249.1  52370 52423 (47577) + (TAATA)n    Simple_repeat         1     58    (0)  97  
 1173   13.9  2.1  0.0  NW_015504249.1  53328 53514 (46486) + Ves2_ML     SINE/tRNA             1    191   (78)  98  
 1144   12.5 18.6  0.8  NW_015504249.1  55891 56116 (43884) + Ves2_ML     SINE/tRNA             1    266    (3)  99  
  548   15.3  9.0  0.0  NW_015504249.1  56919 57029 (42971) + Ves4_ML     SINE/tRNA           130    250    (0) 100  
 1103   16.8  2.4  0.2  NW_015504249.1  58437 58651 (41349) C Ves2_ML     SINE/tRNA          (10)    222      1 101  
 1102   15.3  2.1  0.7  NW_015504249.1  59844 60064 (39936) C Ves2_ML     SINE/tRNA          (10)    222      1 102  
   13   23.2  6.5  1.5  NW_015504249.1  60637 60698 (39302) + A-rich      Low_complexity        1     65    (0) 103  
 1532   12.9  3.2  2.1  NW_015504249.1  61237 61516 (38484) + L1M4        LINE/L1            4675   4957 (1189) 104  
 1142   15.6  1.6  0.0  NW_015504249.1  61517 61702 (38298) + Ves2_ML     SINE/tRNA             1    189   (80) 105  
  741   11.8  3.5  0.5  NW_015504249.1  61727 61888 (38112) + L1M4        LINE/L1            4942   5067 (1079) 104  
 1590   14.0  2.3  5.9  NW_015504249.1  62941 63289 (36711) + L1_Carni    LINE/L1            5498   5834  (350) 106  
 1056   14.2  1.8  2.2  NW_015504249.1  63297 63502 (36498) C Ves2_ML     SINE/tRNA          (18)    251      1 107  
 1863   18.8  6.4  3.8  NW_015504249.1  63503 64038 (35962) + L1MB7       LINE/L1            5613   6130   (54) 108  
  239   25.7  1.4  0.0  NW_015504249.1  64065 64134 (35866) + L1_Carni    LINE/L1            4338   4408 (2039) 109  
 1054   22.1  1.9  5.2  NW_015504249.1  64174 64431 (35569) C Ves4_ML     SINE/tRNA           (0)    250      1 110  
 1078   19.9  5.0  2.4  NW_015504249.1  64453 64694 (35306) C Ves4_ML     SINE/tRNA           (2)    248      1 111  
  802   11.2 36.4  0.4  NW_015504249.1  64710 64907 (35093) C Ves2_ML     SINE/tRNA           (0)    269      1 112  
  984   17.3  2.2  1.5  NW_015504249.1  64968 65193 (34807) + Ves2_ML     SINE/tRNA             1    223    (0) 113  
  460   26.0  7.8  0.0  NW_015504249.1  65425 65628 (34372) + L1ME3Cz     LINE/L1            5673   5892  (358) 114  
 1121   12.7 17.8  0.4  NW_015504249.1  65846 66059 (33941) + Ves2B_ML    SINE/tRNA             1    251    (1) 115  
 1040   18.8  8.5  2.4  NW_015504249.1  66531 66765 (33235) + Ves4_ML     SINE/tRNA             1    249    (1) 116  
  986   20.2  5.3  1.3  NW_015504249.1  66925 67150 (32850) C Ves4_ML     SINE/tRNA          (13)    237      3 117  
  465   11.5  3.9  0.0  NW_015504249.1  67247 67324 (32676) + Ves2B_ML    SINE/tRNA             1     81  (171) 118  
  353    7.5  0.0  0.0  NW_015504249.1  67355 67407 (32593) + Ves2B_ML    SINE/tRNA           200    252    (0) 118  
  880   13.1 20.7  2.8  NW_015504249.1  67700 67912 (32088) C Ves4_ML     SINE/tRNA           (0)    250      1 119  
  298   28.7 11.9  2.2  NW_015504249.1  68415 68624 (31376) + L2a         LINE/L2            2952   3181  (245) 120  
  335   14.9 41.3  0.0  NW_015504249.1  68636 68756 (31244) + Ves2B_ML    SINE/tRNA            14    184   (68) 121  
  364   24.0 20.4  2.9  NW_015504249.1  68785 68943 (31057) + L2a         LINE/L2            3196   3384   (42) 120  
  863   11.9 10.5  0.0  NW_015504249.1  68944 69086 (30914) + Ves2_ML     SINE/tRNA             3    160  (109) 122  
  741   12.5 20.0  0.9  NW_015504249.1  69095 69279 (30721) C Ves3_ML     SINE/tRNA          (10)    222      3 123  
  508    2.6  2.6  1.3  NW_015504249.1  69280 69356 (30644) + Ves3_ML     SINE/tRNA           147    224    (8) 124  
  294   16.3  0.0  0.0  NW_015504249.1  69365 69413 (30587) + L2a         LINE/L2            3377   3425    (1) 120  
  772   23.1 18.9  1.0  NW_015504249.1  69732 70205 (29795) + L1MC4       LINE/L1            6448   7085  (957) 125  
 2028   18.3  2.2  0.7  NW_015504249.1  70206 70606 (29394) + L1MC4       LINE/L1            7238   7644  (398) 125  
  743   18.4 24.0  2.8  NW_015504249.1  71419 71836 (28164) + MLT1D       LTR/ERVL-MaLR         1    505    (0) 126  
  880   20.2  6.5  4.0  NW_015504249.1  72370 72586 (27414) + Ves3_ML     SINE/tRNA             1    222   (10) 127  
 1023   20.7  1.3  1.3  NW_015504249.1  72598 72822 (27178) + Ves3_ML     SINE/tRNA             6    230    (2) 128  
  323   13.3  0.0  7.1  NW_015504249.1  73168 73272 (26728) C Ves2_ML     SINE/tRNA          (20)    249    152 129  
  863   19.1  7.3  0.1  NW_015504249.1  73314 73505 (26495) C Ves2_ML     SINE/tRNA          (10)    222      1 130  
  273   18.6 14.5  1.2  NW_015504249.1  73520 73595 (26405) C Ves2B_ML    SINE/tRNA         (166)     86      1 131  
 1797   10.9  8.2  1.9  NW_015504249.1  74880 75299 (24701) + Tigger7     DNA/TcMar-Tigger   2172   2492    (0) 132  
 1138   15.7  8.4  1.3  NW_015504249.1  75406 75618 (24382) C Ves2B_ML    SINE/tRNA          (24)    228      1 133  
  673   18.1 15.2  6.2  NW_015504249.1  75993 76205 (23795) C Ves4_ML     SINE/tRNA           (1)    249      1 134  
   16    8.6  7.7  2.4  NW_015504249.1  76397 76435 (23565) + (ATTT)n     Simple_repeat         1     41    (0) 135  
  365   22.3 12.4  6.6  NW_015504249.1  76436 76616 (23384) C Ves2B_ML    SINE/tRNA          (34)    218      1 136  
  287   25.6  4.8  1.2  NW_015504249.1  76648 76730 (23270) + Ves2B_ML    SINE/tRNA             1     86  (166) 137  
   16    0.0  0.0  0.0  NW_015504249.1  77328 77344 (22656) + (A)n        Simple_repeat         1     17    (0) 138  
  484   20.0  0.0  0.0  NW_015504249.1  78711 78810 (21190) + Ves2_ML     SINE/tRNA             1    100  (169) 139  
  231   13.5 26.0  6.7  NW_015504249.1  79162 79288 (20712) + LTR39C_ML   LTR/ERV1            610    759  (170) 140  
  757   11.1 21.2  4.6  NW_015504249.1  79289 79477 (20523) C Ves3_ML     SINE/tRNA          (10)    222      4 141  
 1163    8.0  1.8  1.2  NW_015504249.1  79478 79640 (20360) + LTR39C_ML   LTR/ERV1            748    911   (18) 140  
  671   11.3  1.0  0.0  NW_015504249.1  79649 79745 (20255) C LTR13_PVa   LTR/ERV1          (580)     98      1 142  
 1502   24.1  2.5  0.0  NW_015504249.1  79752 80074 (19926) + ERVL-B4-int LTR/ERVL           1877   2207 (3507) 143  
 1118   17.9  3.9  1.4  NW_015504249.1  80234 80545 (19455) C Ves3_ML     SINE/tRNA           (2)    230      1 144  
 1203   13.0  1.3  0.7  NW_015504249.1  80570 80794 (19206) + Ves2_ML     SINE/tRNA             1    228    (4) 145  
  229   15.0  2.5  0.0  NW_015504249.1  81246 81285 (18715) + Ves2B_ML    SINE/tRNA             1     41  (211) 146  
   12   14.4  0.0  0.0  NW_015504249.1  81353 81376 (18624) + (TCTC)n     Simple_repeat         1     24    (0) 147  
  715   13.7  2.6  4.0  NW_015504249.1  81428 81579 (18421) + LTR45B_ML   LTR/ERV1             59    208  (331) 148  
   16   16.1  0.0  0.0  NW_015504249.1  81592 81619 (18381) + A-rich      Low_complexity        1     28    (0) 149  
   34    0.0  0.0  0.0  NW_015504249.1  82874 82902 (17098) + (AT)n       Simple_repeat         1     29    (0) 150  
  637   28.7 10.6  0.3  NW_015504249.1  83836 84136 (15864) + L2a         LINE/L2            2910   3241  (185) 151  
 1193   15.5  5.6  0.9  NW_015504249.1  84755 84969 (15031) C Ves2B_ML    SINE/tRNA          (27)    225      1 152  
  848   19.6 14.8  2.9  NW_015504249.1  84987 85202 (14798) C Ves2B_ML    SINE/tRNA           (2)    250     10 153  
 1420   14.2  4.2  0.4  NW_015504249.1  85418 85658 (14342) C Ves4_ML     SINE/tRNA           (0)    250      1 154  
 1139   17.3  6.3  0.8  NW_015504249.1  85891 86112 (13888) + Ves4_ML     SINE/tRNA             1    234   (16) 155  
  699   13.8 18.8  5.9  NW_015504249.1  86121 86338 (13662) + Ves3_ML     SINE/tRNA            10    249    (3) 156  
  256   30.6  8.9  0.8  NW_015504249.1  86729 86840 (13160) C L2a         LINE/L2            (17)   3409   3289 157  
  853   11.8 15.7  4.4  NW_015504249.1  86858 87061 (12939) C Ves3_ML     SINE/tRNA           (4)    228      3 158  
  258   33.5  2.3  2.3  NW_015504249.1  87200 87370 (12630) C L2a         LINE/L2           (308)   3118   2948 157  
 1253   15.7  2.8  4.8  NW_015504249.1  87474 87728 (12272) C Ves4_ML     SINE/tRNA           (0)    250      1 159  
 1025   11.5  5.1  7.1  NW_015504249.1  88337 88551 (11449) + Ves3_ML     SINE/tRNA            11    221   (11) 160  
 2022   13.6  5.4 10.8  NW_015504249.1  88786 89232 (10768) + LTR13C_ML   LTR/ERV1              1    425   (19) 161  
  956   15.5  8.1  2.2  NW_015504249.1  89227 89437 (10563) + Ves3_ML     SINE/tRNA            10    232    (0) 162 *
   13   12.5  0.0  0.0  NW_015504249.1  90746 90771  (9229) + (AAGGA)n    Simple_repeat         1     26    (0) 163  
  951   17.2  4.0  0.6  NW_015504249.1  91240 91450  (8550) C Ves2_ML     SINE/tRNA           (3)    220      1 164  
  439   21.3  2.6  5.6  NW_015504249.1  92427 92578  (7422) C Ves2B_ML    SINE/tRNA          (69)    183      3 165  
 1262   14.7  7.1  0.4  NW_015504249.1  93145 93396  (6604) C L1MB7       LINE/L1             (8)   6176   5908 166  
 1082   16.3  2.1  1.6  NW_015504249.1  93878 94104  (5896) C Ves2_ML     SINE/tRNA           (0)    223      1 167  
  415   15.2  5.0  1.2  NW_015504249.1  94491 94570  (5430) C Ves2B_ML    SINE/tRNA         (167)     85      3 168  
   16   19.7  0.0  6.1  NW_015504249.1  95286 95337  (4663) + (TTCTCT)n   Simple_repeat         1     49    (0) 169  
 1176   19.2  1.5  6.4  NW_015504249.1  96300 96561  (3439) C Ves2B_ML    SINE/tRNA           (2)    250      1 170  
  653   11.3 15.9  0.5  NW_015504249.1  96672 96857  (3143) + Ves2_ML     SINE/tRNA             1    267    (2) 171  
   14   14.8  2.4  5.0  NW_015504249.1  97029 97069  (2931) + (TCTTC)n    Simple_repeat         1     40    (0) 172  
  813   17.9 10.4  0.7  NW_015504249.1  97219 97418  (2582) C Ves2_ML     SINE/tRNA          (10)    222      1 173  
  361   27.6 15.4  0.0  NW_015504249.1  97419 97574  (2426) C L1M5        LINE/L1           (468)   5656   5477 174  
  275   23.0 14.9  0.0  NW_015504249.1  98228 98301  (1699) + Ves2B_ML    SINE/tRNA             1     85  (167) 175  
  425   26.9  7.0  2.6  NW_015504249.1  98716 98889  (1111) C Ves2B_ML    SINE/tRNA          (35)    217      1 176  
  915   19.4  4.9 10.0  NW_015504249.1  99220 99482   (518) C Ves2B_ML    SINE/tRNA           (1)    251      1 177  
  308   11.3  5.6  1.8  NW_015504249.1  99650 99703   (297) C Ves2B_ML    SINE/tRNA         (167)     85     30 178  
