   SW   perc perc perc  query           position in query     matching        repeat              position in repeat
score   div. del. ins.  sequence        begin end    (left)   repeat          class/family      begin  end    (left)  ID

  235   30.3  5.9  1.9  NW_015504249.1   4897  4997 (95003) C MIRb            SINE/MIR           (140)    128     24   1  
   27    7.4  2.3  0.0  NW_015504249.1   5583  5625 (94375) + (AAAAT)n        Simple_repeat          1     44    (0)   2  
  557   23.6  2.9  4.7  NW_015504249.1   7894  8066 (91934) + MIRb            SINE/MIR              27    196   (72)   3  
  511   20.8 10.7  4.8  NW_015504249.1   8073  8249 (91751) + MER5A           DNA/hAT-Charlie        1    187    (2)   4  
 5160   13.4  3.0  0.3  NW_015504249.1  11631 12504 (87496) + HAL1-3_ML       LINE/L1                3    899 (2425)   5  
 2883   11.7  2.2  0.2  NW_015504249.1  12520 13015 (86985) + HAL1-3_PVa      LINE/L1             1663   2168 (1180)   6  
 1015   15.5  2.7  4.9  NW_015504249.1  13018 13245 (86755) C Ves2_ML         SINE/tRNA            (0)    232      9   7 *
 1799   12.2  1.8  0.7  NW_015504249.1  13243 13569 (86431) + HAL1-3_ML       LINE/L1             2001   2415  (909)   5  
  402   19.2  5.8  0.0  NW_015504249.1  13549 13652 (86348) + HAL1-3_PVa      LINE/L1             3003   3112  (236)   8 *
 1046   18.7  3.7  1.2  NW_015504249.1  13655 13898 (86102) + Ves2B_ML        SINE/tRNA              3    252    (0)   9 *
 1332   11.1  1.3  0.0  NW_015504249.1  13897 14121 (85879) + HAL1-3_ML       LINE/L1             3090   3317    (7)   5  
  668   25.5  2.4  2.4  NW_015504249.1  14507 14711 (85289) C MIRc            SINE/MIR            (42)    226     22  10  
   22   15.0  0.0  0.0  NW_015504249.1  14986 15022 (84978) + (CA)n           Simple_repeat          1     37    (0)  11  
  307   28.7  9.3  1.0  NW_015504249.1  15023 15205 (84795) + L1ME3G          LINE/L1             5821   6018  (159)  12  
  915   28.6 14.6  0.4  NW_015504249.1  15215 15646 (84354) + LTR33           LTR/ERVL              10    502   (13)  13  
  392   26.8 11.5  0.6  NW_015504249.1  15776 15940 (84060) C L1MC5           LINE/L1             (11)   7936   7754  14  
 2068   22.6  7.1  3.0  NW_015504249.1  16249 17127 (82873) C L1ME3A          LINE/L1            (271)   5902   5083  15  
   17   21.8  2.4  5.0  NW_015504249.1  17830 17910 (82090) + A-rich          Low_complexity         1     78    (0)  16  
  592   24.6 13.4  1.6  NW_015504249.1  18388 18722 (81278) + L1MC4a          LINE/L1              565    938 (5310)  17  
 1083   14.8  2.3  0.1  NW_015504249.1  18726 18933 (81067) + Ves2_ML         SINE/tRNA              5    228    (4)  18  
 2475   20.3  2.5  1.5  NW_015504249.1  18965 19634 (80366) + L1MC4a          LINE/L1              970   1646 (4602)  17  
 1079   23.3  0.7  1.7  NW_015504249.1  19647 19939 (80061) + L1MC4a          LINE/L1             1753   2042 (4206)  17  
  981   14.4  2.6  1.7  NW_015504249.1  19954 20166 (79834) + Ves2_ML         SINE/tRNA              1    222   (10)  19  
  391   24.9  8.6  2.5  NW_015504249.1  20184 20578 (79422) + L1MC4a          LINE/L1             4140   4370 (2071)  17  
 2102   18.3  6.1  1.0  NW_015504249.1  20582 21073 (78927) C Charlie1b       DNA/hAT-Charlie      (6)    517      1  20  
 2578   26.9  9.8  2.7  NW_015504249.1  21088 22918 (77082) + L1MC4a          LINE/L1             4368   6351 (1627)  17  
  292    5.0  0.0  0.0  NW_015504249.1  22919 22958 (77042) + L1MD3           LINE/L1             7578   7617  (378)  21  
  466   25.9  6.3  7.7  NW_015504249.1  23157 23457 (76543) + L1MC4a          LINE/L1             6589   6885 (1253)  17  
 1193   10.6  4.3  0.9  NW_015504249.1  23463 23672 (76328) C Ves3_ML         SINE/tRNA            (0)    232     16  22  
 1047   25.5  5.4  5.3  NW_015504249.1  23688 24326 (75674) + L1MC4a          LINE/L1             6834   7483  (655)  17  
  597   23.3  3.8  2.1  NW_015504249.1  24365 24548 (75452) + L1MC4a          LINE/L1             7581   7767  (371)  17  
   18   22.0  0.0  0.0  NW_015504249.1  25896 25932 (74068) + (T)n            Simple_repeat          1     37    (0)  23  
   15    7.2  6.7  0.0  NW_015504249.1  29632 29661 (70339) + (AAACC)n        Simple_repeat          1     32    (0)  24  
   27    0.0  0.0  0.0  NW_015504249.1  29769 29794 (70206) + (GGCTCC)n       Simple_repeat          1     26    (0)  25  
  755   12.5  1.6  0.8  NW_015504249.1  35173 35301 (64699) + DNAX3_ML        DNA/TcMar-Tc1          1    130    (0)  26  
  444   13.4 22.5  1.3  NW_015504249.1  36730 36898 (63102) C Ves2B_ML        SINE/tRNA            (0)    252      1  27  
  999   20.5  1.8 11.9  NW_015504249.1  36928 37204 (62796) + Ves2B_ML        SINE/tRNA              1    252    (0)  28  
   17    8.0  0.0  0.0  NW_015504249.1  37206 37232 (62768) + (AAAC)n         Simple_repeat          1     27    (0)  29  
  479   23.4  2.8  5.8  NW_015504249.1  37240 37380 (62620) C MIRb            SINE/MIR            (45)    223     87  30  
  430   11.1  2.8  0.0  NW_015504249.1  37847 37918 (62082) C Ves2B_ML        SINE/tRNA          (178)     74      1  31  
  999   20.5  1.8 11.9  NW_015504249.1  37948 38224 (61776) + Ves2B_ML        SINE/tRNA              1    252    (0)  32  
   17    8.0  0.0  0.0  NW_015504249.1  38226 38252 (61748) + (AAAC)n         Simple_repeat          1     27    (0)  33  
  479   23.4  2.8  5.8  NW_015504249.1  38260 38400 (61600) C MIRb            SINE/MIR            (45)    223     87  34  
   11   21.2  2.5  2.5  NW_015504249.1  39897 39936 (60064) + G-rich          Low_complexity         1     40    (0)  35  
 1990   20.3  7.7  0.0  NW_015504249.1  39953 40380 (59620) + Tigger17a       DNA/TcMar-Tigger       5    465  (189)  36  
   17    0.0  0.0  0.0  NW_015504249.1  40381 40399 (59601) + (TA)n           Simple_repeat          1     19    (0)  37  
  806   21.6  9.6  3.3  NW_015504249.1  40401 40630 (59370) C Ves4_ML         SINE/tRNA            (6)    244      1  38  
 1136   14.0 12.1  1.2  NW_015504249.1  40648 40871 (59129) C Ves4_ML         SINE/tRNA            (0)    250      3  39  
  452   23.0  4.0  2.6  NW_015504249.1  40872 40954 (59046) C hAT-51_HM       DNA/hAT-Tip100     (276)   3558   3474  40 *
  655   16.9 17.7  2.0  NW_015504249.1  40949 41123 (58877) + Tigger17a       DNA/TcMar-Tigger     453    654    (0)  41  
 1366   21.5  7.6  0.5  NW_015504249.1  42114 42506 (57494) C L1MDa           LINE/L1           (4890)   1743   1323  42  
  963   28.2  4.9  2.8  NW_015504249.1  42513 42902 (57098) C L1MDa           LINE/L1           (6035)    598    201  42  
   14   23.3  2.2  0.0  NW_015504249.1  42961 42971 (57029) + (CATTTTT)n      Simple_repeat          1     42    (0)  43  
   21   10.7  0.0  0.0  NW_015504249.1  42972 43001 (56999) + (T)n            Simple_repeat          1     30    (0)  44  
  234   22.4  3.5  0.0  NW_015504249.1  43931 43988 (56012) + MIRb            SINE/MIR             118    177   (91)  45  
  501   23.4  5.0  0.0  NW_015504249.1  44483 44623 (55377) C MIRb            SINE/MIR            (41)    227     80  46  
   22   17.6  0.0  0.0  NW_015504249.1  48495 48539 (51461) + (AATG)n         Simple_repeat          1     45    (0)  47  
  519   28.7 12.0  4.0  NW_015504249.1  48595 49290 (50710) + L1ME4a          LINE/L1             5264   6015  (109)  48  
  229   31.5  8.9  3.5  NW_015504249.1  49988 50122 (49878) C MIR_Testu       SINE/tRNA-Core-L2   (76)    188     47  49 *
  361   24.7  3.3  1.1  NW_015504249.1  50039 50128 (49872) C MIR3_MarsB      SINE/MIR            (84)    131     40  50  
   12   19.7  0.0  0.0  NW_015504249.1  51027 51055 (48945) + GA-rich         Low_complexity         1     29    (0)  51  
  407   28.4 11.0  0.0  NW_015504249.1  52574 52700 (47300) + MIRc            SINE/MIR              15    155  (113)  52  
  337   25.0 12.5  0.0  NW_015504249.1  53126 53245 (46755) + MIRb            SINE/MIR             124    258   (10)  53  
  356   20.0  1.2  0.0  NW_015504249.1  53312 53391 (46609) C Charlie5        DNA/hAT-Charlie      (2)   2622   2542  54  
  899   11.9 14.7  0.9  NW_015504249.1  53392 53597 (46403) + Ves2_ML         SINE/tRNA              1    230    (2)  55 *
 1391   15.6  2.9  2.2  NW_015504249.1  53586 53894 (46106) C Charlie5        DNA/hAT-Charlie     (67)   2557   2247  54  
  243   15.2  8.3  1.6  NW_015504249.1  53892 53951 (46049) C Tigger15a       DNA/TcMar-Tigger   (326)    389    326  56 *
  881   13.1  5.4  3.7  NW_015504249.1  53987 54199 (45801) C Ves2_ML         SINE/tRNA            (0)    232      1  57  
  407   24.5  2.9  2.9  NW_015504249.1  54203 54307 (45693) C Charlie5        DNA/hAT-Charlie   (2519)    105      1  58  
  399   23.3 11.6  0.7  NW_015504249.1  54730 54867 (45133) + Tigger15a       DNA/TcMar-Tigger     328    480  (235)  59  
  318   29.7  9.4  0.0  NW_015504249.1  55158 55295 (44705) + L2a             LINE/L2             3225   3375   (51)  60  
  254   21.7  0.0  3.3  NW_015504249.1  55307 55368 (44632) C RMER12C         LTR/ERVK           (564)    805    746  61  
  242   17.4  2.2  0.0  NW_015504249.1  56741 56786 (43214) + L2d2            LINE/L2             3108   3154  (310)  62  
  761   24.2 16.0  0.0  NW_015504249.1  56816 57084 (42916) + L2a             LINE/L2             2561   2872  (547)  63  
 1163   24.9 12.4  0.2  NW_015504249.1  57125 57581 (42419) C Charlie4a       DNA/hAT-Charlie     (12)    496      3  64  
  369   32.5  7.4  1.6  NW_015504249.1  57586 57829 (42171) + L2a             LINE/L2             2910   3167  (259)  63  
   50    0.0  0.0  0.0  NW_015504249.1  58053 58097 (41903) + (ATGA)n         Simple_repeat          1     45    (0)  65  
  410   32.6  0.0  0.0  NW_015504249.1  58223 58369 (41631) C MER130          DNA                (263)   1331   1185  66  
  892   16.9  6.2  0.5  NW_015504249.1  59038 59215 (40785) C MER3            DNA/hAT-Charlie      (0)    209     22  67  
 1035   25.9  8.8  0.6  NW_015504249.1  59378 59672 (40328) C LTR67B          LTR/ERVL           (288)    332     14  68  
  460   31.0  4.0  1.7  NW_015504249.1  59698 59871 (40129) C MIRb            SINE/MIR            (65)    203     26  69  
  389   34.1  1.0  3.7  NW_015504249.1  60024 60218 (39782) C L2a             LINE/L2             (12)   3414   3225  70  
  716   22.1  9.8  3.1  NW_015504249.1  60372 60647 (39353) + L1MAB_EC        LINE/L1             6599   6892    (2)  71  
  447   33.1 16.5  1.4  NW_015504249.1  60680 61260 (38740) + L1MEg           LINE/L1              102    769 (5315)  72  
   69    0.0  0.0  0.0  NW_015504249.1  61987 62045 (37955) + (AG)n           Simple_repeat          1     59    (0)  73  
   19    4.3  0.0  0.0  NW_015504249.1  63417 63440 (36560) + (CA)n           Simple_repeat          1     24    (0)  74  
  243   25.5  2.0  0.0  NW_015504249.1  64146 64196 (35804) + L2_Mars         LINE/L2             3384   3435   (17)  75 *
  244   21.6  1.9  1.9  NW_015504249.1  64153 64204 (35796) + MIRb            SINE/MIR             211    262    (6)  76  
  260   27.4  0.0  0.0  NW_015504249.1  65123 65184 (34816) C hAT-N5_AMi      DNA/hAT-Charlie    (258)     62      1  77  
  235   27.1 10.0  0.0  NW_015504249.1  65644 65737 (34263) + Mon1a4          SINE/MIR              41    155  (123)  78  
  626   25.3  7.1  1.3  NW_015504249.1  66298 66521 (33479) C THER1_MD        SINE/MIR             (4)    270     34  79  
  275   18.8  5.6  5.6  NW_015504249.1  66654 66760 (33240) C DIRS-21_ACar    LTR/DIRS          (2964)   2554   2448  80 *
 1113   18.1  1.6  0.4  NW_015504249.1  66684 66896 (33104) C Ves2_ML         SINE/tRNA           (13)    210      1  81  
   18   21.8  0.0  0.0  NW_015504249.1  67256 67292 (32708) + (CA)n           Simple_repeat          1     37    (0)  82  
  364   27.1 13.5  0.0  NW_015504249.1  71333 71465 (28535) + L2b             LINE/L2             3225   3375    (0)  83  
  832   24.9  7.4 13.0  NW_015504249.1  72058 72501 (27499) C MLT1F2          LTR/ERVL-MaLR      (138)    422      1  84  
 1006   30.4 15.3  1.9  NW_015504249.1  72570 73341 (26659) + HAL1            LINE/L1              259   1131 (1376)  85  
  662   25.6 13.3  0.0  NW_015504249.1  73359 73569 (26431) + Charlie1a       DNA/hAT-Charlie       19    257 (1198)  86  
 1654   23.2  6.6  1.4  NW_015504249.1  73583 74050 (25950) + Charlie1b_Mars  DNA/hAT-Charlie      856   1347  (415)  87  
 1251   16.0  7.4  0.0  NW_015504249.1  74054 74284 (25716) + Ves2B_ML        SINE/tRNA              1    248    (4)  88 *
 1522   18.0  6.9  0.2  NW_015504249.1  74280 74668 (25332) + Charlie1a       DNA/hAT-Charlie     1027   1441   (14)  89  
 1452   27.3  7.3  5.1  NW_015504249.1  74713 75329 (24671) + HAL1            LINE/L1             1153   1782  (725)  85  
  469   25.0  8.7  5.0  NW_015504249.1  75664 75916 (24084) + HAL1            LINE/L1             2246   2507    (0)  85  
  939   13.4  5.4  3.7  NW_015504249.1  77461 77646 (22354) + MER5A           DNA/hAT-Charlie        1    189    (0)  90  
  357   27.4  1.9  1.9  NW_015504249.1  79562 79669 (20331) + MIRb            SINE/MIR              73    180   (88)  91  
  245   33.5  3.2  0.0  NW_015504249.1  80919 81050 (18950) + MIR3_MarsA      SINE/MIR              54    196   (78)  92  
  402   27.5  5.7  4.7  NW_015504249.1  81059 81269 (18731) C L2a             LINE/L2              (0)   3426   3182  93  
  347   34.0  7.5  0.0  NW_015504249.1  84001 84212 (15788) C L3              LINE/CR1           (101)   3998   3771  94  
   32    2.9  0.0  0.0  NW_015504249.1  84759 84793 (15207) + (CATT)n         Simple_repeat          1     35    (0)  95  
   13    0.0  4.3  4.3  NW_015504249.1  85100 85122 (14878) + (CAC)n          Simple_repeat          1     23    (0)  96  
  652   29.1 14.2  1.6  NW_015504249.1  85262 85655 (14345) C L2a             LINE/L2             (14)   3412   2970  97  
  504   27.0 28.8  1.2  NW_015504249.1  85750 86061 (13939) C MLT1I           LTR/ERVL-MaLR       (13)    398      1  98  
  244   33.0  4.2  1.0  NW_015504249.1  87273 87367 (12633) + ERV1-2-EC_I-int LTR/ERV1            2988   3085 (1917)  99  
  229   33.3  2.4  0.0  NW_015504249.1  87581 87664 (12336) C MIRb            SINE/MIR             (9)    259    174 100  
  512   18.6  2.9  0.0  NW_015504249.1  87980 88081 (11919) + MLT1I           LTR/ERVL-MaLR          4    108  (303) 101  
  253   31.9 10.6  0.0  NW_015504249.1  88436 88548 (11452) C L2b             LINE/L2             (18)   3434   3291 102  
   13   23.5  0.0  0.0  NW_015504249.1  89278 89312 (10688) + (CTGC)n         Simple_repeat          1     35    (0) 103  
 1248   32.8  5.8  2.9  NW_015504249.1  89622 90327  (9673) + L1ME4b          LINE/L1             5369   6094   (51) 104  
  391   30.4  9.8  0.0  NW_015504249.1  91256 91439  (8561) + MIRb            SINE/MIR              59    260    (8) 105  
  265   25.5  6.9  0.0  NW_015504249.1  92059 92160  (7840) + L2a             LINE/L2             3302   3410   (16) 106  
  385   26.1  2.2  0.0  NW_015504249.1  93332 93423  (6577) + MamRep1879      DNA/hAT-Tip100         1     94  (122) 107  
  550   29.3  9.9  1.6  NW_015504249.1  93492 93740  (6260) C MIRb            SINE/MIR             (1)    273      1 108  
  608   29.7 16.8  1.5  NW_015504249.1  95161 95570  (4430) + MLT1K           LTR/ERVL-MaLR         35    506   (89) 109  
  295   23.6 14.6  0.0  NW_015504249.1  95706 95794  (4206) C L2c             LINE/L2              (0)   3387   3286 110  
 1252   18.9  4.6  0.4  NW_015504249.1  96668 96906  (3094) + Ves4_ML         SINE/tRNA              1    249    (1) 111  
  389   25.7 19.1  0.0  NW_015504249.1  97003 97138  (2862) + MIRb            SINE/MIR             105    266    (2) 112  
  550   24.7 11.2  1.4  NW_015504249.1  98208 98404  (1596) C MIRb            SINE/MIR             (6)    262     47 113  
