bowtie not loaded, will load bowtie 
bowtie2 not loaded, will load bowtie2/2.3.2 

[2019-08-24 18:47:25] Beginning TopHat run (v2.1.1)
-----------------------------------------------
[2019-08-24 18:47:25] Checking for Bowtie
		  Bowtie version:	 2.3.2.0
[2019-08-24 18:47:25] Checking for Bowtie index files (genome)..
[2019-08-24 18:47:25] Checking for reference FASTA file
	Warning: Could not find FASTA file /home/karnair/GenomeAnalysis/BatWing/results/7_Bowtie/ref.fa
[2019-08-24 18:47:25] Reconstituting reference FASTA file from Bowtie index
  Executing: /sw/bioinfo/bowtie2/2.3.2/rackham/bin/bowtie2-inspect /home/karnair/GenomeAnalysis/BatWing/results/7_Bowtie/ref > /home/karnair/GenomeAnalysis/BatWing/results/8_Tophat/hindlimb/cs15/tmp/ref.fa
[2019-08-24 18:47:26] Generating SAM header for /home/karnair/GenomeAnalysis/BatWing/results/7_Bowtie/ref
[2019-08-24 18:47:26] Preparing reads
	 left reads: min. length=36, max. length=100, 853698 kept reads (16 discarded)
	right reads: min. length=36, max. length=100, 851862 kept reads (1852 discarded)
[2019-08-24 18:48:01] Mapping left_kept_reads to genome ref with Bowtie2 
[2019-08-24 18:52:58] Mapping left_kept_reads_seg1 to genome ref with Bowtie2 (1/4)
[2019-08-24 18:53:37] Mapping left_kept_reads_seg2 to genome ref with Bowtie2 (2/4)
[2019-08-24 18:54:25] Mapping left_kept_reads_seg3 to genome ref with Bowtie2 (3/4)
[2019-08-24 18:55:16] Mapping left_kept_reads_seg4 to genome ref with Bowtie2 (4/4)
[2019-08-24 18:55:55] Mapping right_kept_reads to genome ref with Bowtie2 
[2019-08-24 18:59:48] Mapping right_kept_reads_seg1 to genome ref with Bowtie2 (1/4)
[2019-08-24 19:00:19] Mapping right_kept_reads_seg2 to genome ref with Bowtie2 (2/4)
[2019-08-24 19:00:54] Mapping right_kept_reads_seg3 to genome ref with Bowtie2 (3/4)
[2019-08-24 19:01:27] Mapping right_kept_reads_seg4 to genome ref with Bowtie2 (4/4)
[2019-08-24 19:02:05] Searching for junctions via segment mapping
[2019-08-24 19:35:26] Retrieving sequences for splices
[2019-08-24 19:35:26] Indexing splices
Building a SMALL index
[2019-08-24 19:35:28] Mapping left_kept_reads_seg1 to genome segment_juncs with Bowtie2 (1/4)
[2019-08-24 19:36:15] Mapping left_kept_reads_seg2 to genome segment_juncs with Bowtie2 (2/4)
[2019-08-24 19:37:10] Mapping left_kept_reads_seg3 to genome segment_juncs with Bowtie2 (3/4)
[2019-08-24 19:38:16] Mapping left_kept_reads_seg4 to genome segment_juncs with Bowtie2 (4/4)
[2019-08-24 19:39:08] Joining segment hits
[2019-08-24 19:40:54] Mapping right_kept_reads_seg1 to genome segment_juncs with Bowtie2 (1/4)
[2019-08-24 19:41:35] Mapping right_kept_reads_seg2 to genome segment_juncs with Bowtie2 (2/4)
[2019-08-24 19:42:13] Mapping right_kept_reads_seg3 to genome segment_juncs with Bowtie2 (3/4)
[2019-08-24 19:43:09] Mapping right_kept_reads_seg4 to genome segment_juncs with Bowtie2 (4/4)
[2019-08-24 19:43:47] Joining segment hits
[2019-08-24 19:45:06] Reporting output tracks
-----------------------------------------------
[2019-08-24 19:46:23] A summary of the alignment counts can be found in /home/karnair/GenomeAnalysis/BatWing/results/8_Tophat/hindlimb/cs15/align_summary.txt
[2019-08-24 19:46:23] Run complete: 00:58:58 elapsed
