bowtie not loaded, will load bowtie 
bowtie2 not loaded, will load bowtie2/2.3.2 

[2019-08-24 18:34:01] Beginning TopHat run (v2.1.1)
-----------------------------------------------
[2019-08-24 18:34:01] Checking for Bowtie
		  Bowtie version:	 2.3.2.0
[2019-08-24 18:34:01] Checking for Bowtie index files (genome)..
[2019-08-24 18:34:01] Checking for reference FASTA file
	Warning: Could not find FASTA file /home/karnair/GenomeAnalysis/BatWing/results/7_Bowtie/ref.fa
[2019-08-24 18:34:01] Reconstituting reference FASTA file from Bowtie index
  Executing: /sw/bioinfo/bowtie2/2.3.2/rackham/bin/bowtie2-inspect /home/karnair/GenomeAnalysis/BatWing/results/7_Bowtie/ref > /home/karnair/GenomeAnalysis/BatWing/results/8_Tophat/forelimb/cs15/tmp/ref.fa
[2019-08-24 18:34:01] Generating SAM header for /home/karnair/GenomeAnalysis/BatWing/results/7_Bowtie/ref
[2019-08-24 18:34:02] Preparing reads
	 left reads: min. length=36, max. length=100, 759928 kept reads (16 discarded)
	right reads: min. length=36, max. length=100, 757614 kept reads (2330 discarded)
[2019-08-24 18:34:32] Mapping left_kept_reads to genome ref with Bowtie2 
[2019-08-24 18:37:20] Mapping left_kept_reads_seg1 to genome ref with Bowtie2 (1/4)
[2019-08-24 18:37:47] Mapping left_kept_reads_seg2 to genome ref with Bowtie2 (2/4)
[2019-08-24 18:38:16] Mapping left_kept_reads_seg3 to genome ref with Bowtie2 (3/4)
[2019-08-24 18:38:50] Mapping left_kept_reads_seg4 to genome ref with Bowtie2 (4/4)
[2019-08-24 18:39:21] Mapping right_kept_reads to genome ref with Bowtie2 
[2019-08-24 18:41:31] Mapping right_kept_reads_seg1 to genome ref with Bowtie2 (1/4)
[2019-08-24 18:41:54] Mapping right_kept_reads_seg2 to genome ref with Bowtie2 (2/4)
[2019-08-24 18:42:18] Mapping right_kept_reads_seg3 to genome ref with Bowtie2 (3/4)
[2019-08-24 18:42:44] Mapping right_kept_reads_seg4 to genome ref with Bowtie2 (4/4)
[2019-08-24 18:43:10] Searching for junctions via segment mapping
[2019-08-24 19:08:35] Retrieving sequences for splices
[2019-08-24 19:08:35] Indexing splices
Building a SMALL index
[2019-08-24 19:08:37] Mapping left_kept_reads_seg1 to genome segment_juncs with Bowtie2 (1/4)
[2019-08-24 19:09:11] Mapping left_kept_reads_seg2 to genome segment_juncs with Bowtie2 (2/4)
[2019-08-24 19:09:50] Mapping left_kept_reads_seg3 to genome segment_juncs with Bowtie2 (3/4)
[2019-08-24 19:10:30] Mapping left_kept_reads_seg4 to genome segment_juncs with Bowtie2 (4/4)
[2019-08-24 19:11:08] Joining segment hits
[2019-08-24 19:12:27] Mapping right_kept_reads_seg1 to genome segment_juncs with Bowtie2 (1/4)
[2019-08-24 19:12:51] Mapping right_kept_reads_seg2 to genome segment_juncs with Bowtie2 (2/4)
[2019-08-24 19:13:16] Mapping right_kept_reads_seg3 to genome segment_juncs with Bowtie2 (3/4)
[2019-08-24 19:13:47] Mapping right_kept_reads_seg4 to genome segment_juncs with Bowtie2 (4/4)
[2019-08-24 19:14:16] Joining segment hits
[2019-08-24 19:15:09] Reporting output tracks
-----------------------------------------------
[2019-08-24 19:16:18] A summary of the alignment counts can be found in /home/karnair/GenomeAnalysis/BatWing/results/8_Tophat/forelimb/cs15/align_summary.txt
[2019-08-24 19:16:18] Run complete: 00:42:17 elapsed
