bowtie not loaded, will load bowtie 
bowtie2 not loaded, will load bowtie2/2.3.2 

[2019-08-24 18:51:49] Beginning TopHat run (v2.1.1)
-----------------------------------------------
[2019-08-24 18:51:49] Checking for Bowtie
		  Bowtie version:	 2.3.2.0
[2019-08-24 18:51:50] Checking for Bowtie index files (genome)..
[2019-08-24 18:51:50] Checking for reference FASTA file
	Warning: Could not find FASTA file /home/karnair/GenomeAnalysis/BatWing/results/7_Bowtie/ref.fa
[2019-08-24 18:51:50] Reconstituting reference FASTA file from Bowtie index
  Executing: /sw/bioinfo/bowtie2/2.3.2/rackham/bin/bowtie2-inspect /home/karnair/GenomeAnalysis/BatWing/results/7_Bowtie/ref > /home/karnair/GenomeAnalysis/BatWing/results/8_Tophat/hindlimb/cs17/tmp/ref.fa
[2019-08-24 18:51:50] Generating SAM header for /home/karnair/GenomeAnalysis/BatWing/results/7_Bowtie/ref
[2019-08-24 18:51:50] Preparing reads

WARNING: read pairing issues detected (check prep_reads.log) !

	 left reads: min. length=36, max. length=100, 189255 kept reads (5 discarded)
	right reads: min. length=36, max. length=100, 189235 kept reads (25 discarded)
[2019-08-24 18:52:02] Mapping left_kept_reads to genome ref with Bowtie2 
[2019-08-24 18:53:57] Mapping left_kept_reads_seg1 to genome ref with Bowtie2 (1/4)
[2019-08-24 18:54:13] Mapping left_kept_reads_seg2 to genome ref with Bowtie2 (2/4)
[2019-08-24 18:54:32] Mapping left_kept_reads_seg3 to genome ref with Bowtie2 (3/4)
[2019-08-24 18:54:51] Mapping left_kept_reads_seg4 to genome ref with Bowtie2 (4/4)
[2019-08-24 18:55:09] Mapping right_kept_reads to genome ref with Bowtie2 
[2019-08-24 18:56:13] Mapping right_kept_reads_seg1 to genome ref with Bowtie2 (1/4)
[2019-08-24 18:56:21] Mapping right_kept_reads_seg2 to genome ref with Bowtie2 (2/4)
[2019-08-24 18:56:31] Mapping right_kept_reads_seg3 to genome ref with Bowtie2 (3/4)
[2019-08-24 18:56:40] Mapping right_kept_reads_seg4 to genome ref with Bowtie2 (4/4)
[2019-08-24 18:56:49] Searching for junctions via segment mapping
[2019-08-24 19:07:53] Retrieving sequences for splices
[2019-08-24 19:07:54] Indexing splices
Building a SMALL index
[2019-08-24 19:07:55] Mapping left_kept_reads_seg1 to genome segment_juncs with Bowtie2 (1/4)
[2019-08-24 19:08:13] Mapping left_kept_reads_seg2 to genome segment_juncs with Bowtie2 (2/4)
[2019-08-24 19:08:34] Mapping left_kept_reads_seg3 to genome segment_juncs with Bowtie2 (3/4)
[2019-08-24 19:08:55] Mapping left_kept_reads_seg4 to genome segment_juncs with Bowtie2 (4/4)
[2019-08-24 19:09:16] Joining segment hits
[2019-08-24 19:09:51] Mapping right_kept_reads_seg1 to genome segment_juncs with Bowtie2 (1/4)
[2019-08-24 19:10:01] Mapping right_kept_reads_seg2 to genome segment_juncs with Bowtie2 (2/4)
[2019-08-24 19:10:10] Mapping right_kept_reads_seg3 to genome segment_juncs with Bowtie2 (3/4)
[2019-08-24 19:10:20] Mapping right_kept_reads_seg4 to genome segment_juncs with Bowtie2 (4/4)
[2019-08-24 19:10:30] Joining segment hits
[2019-08-24 19:10:46] Reporting output tracks
-----------------------------------------------
[2019-08-24 19:11:12] A summary of the alignment counts can be found in /home/karnair/GenomeAnalysis/BatWing/results/8_Tophat/hindlimb/cs17/align_summary.txt
[2019-08-24 19:11:12] Run complete: 00:19:22 elapsed
