   SW   perc perc perc  query           position in query     matching   repeat            position in repeat
score   div. del. ins.  sequence        begin end    (left)   repeat     class/family    begin  end    (left)  ID

   17   19.0  0.0  0.0  NW_015504249.1   1123  1159 (98841) + (TCTCTC)n  Simple_repeat        1     37    (0)   1  
   13   15.8  2.7  2.7  NW_015504249.1   7124  7160 (92840) + (TTAATTT)n Simple_repeat        1     37    (0)   2  
 2615   14.4  1.1  0.0  NW_015504249.1   8043  8485 (91515) + L1-4a_EF   LINE/L1           2948   3395 (5984)   3  
  134    2.8  2.7  0.0  NW_015504249.1  10948 11095 (88905) + (TATC)n    Simple_repeat        1    152    (0)   4  
   14   18.1  0.0  0.0  NW_015504249.1  11096 11126 (88874) + (ATCC)n    Simple_repeat        3     33    (0)   5  
 1984   17.5  0.6  0.3  NW_015504249.1  11131 11491 (88509) C MLT2D      LTR/ERVL          (52)    362      1   6  
   12   26.3  0.0  4.3  NW_015504249.1  15203 15251 (84749) + G-rich     Low_complexity       1     47    (0)   7  
   47    0.0  0.0  0.0  NW_015504249.1  16829 16871 (83129) + (TCCA)n    Simple_repeat        1     43    (0)   8  
   12    9.7  0.0  0.0  NW_015504249.1  17954 17975 (82025) + (GTCT)n    Simple_repeat        1     22    (0)   9  
   16   10.1  5.9  2.9  NW_015504249.1  19496 19529 (80471) + GA-rich    Low_complexity       1     35    (0)  10  
   18   12.6  5.7  0.0  NW_015504249.1  22366 22400 (77600) + GA-rich    Low_complexity       1     37    (0)  11  
   13   29.8  0.0  0.0  NW_015504249.1  25599 25640 (74360) + (TTT)n     Simple_repeat        1     42    (0)  12  
 4233   16.9  0.8  2.3  NW_015504249.1  28479 29351 (70649) C L1-2a_EF   LINE/L1            (1)   6671   5812  13 *
 7559   13.2  0.0  0.3  NW_015504249.1  29341 30572 (69428) C L1-3a_EF   LINE/L1         (1242)   5371   4144  14  
   20    9.2  5.7  0.0  NW_015504249.1  30602 30636 (69364) + (AG)n      Simple_repeat        1     37    (0)  15  
 8893   20.9  1.6  1.2  NW_015504249.1  30762 33712 (66288) C L1-3a_EF   LINE/L1         (2456)   4157   1309  14  
   20   25.6  2.4  3.6  NW_015504249.1  33900 33983 (66017) + A-rich     Low_complexity       1     83    (0)  16  
   50    0.0  3.9  0.0  NW_015504249.1  34185 34236 (65764) + (AAG)n     Simple_repeat        1     54    (0)  17  
   15    0.0  5.3  0.0  NW_015504249.1  34253 34271 (65729) + (AG)n      Simple_repeat        1     20    (0)  18  
   27   12.9  3.2  3.2  NW_015504249.1  34397 34459 (65541) + A-rich     Low_complexity       1     63    (0)  19  
   18   16.3  0.0  0.0  NW_015504249.1  36845 36879 (63121) + (GTT)n     Simple_repeat        1     35    (0)  20  
  289   30.2  1.7  0.2  NW_015504249.1  43000 43128 (56872) C L1P5       LINE/L1          (717)   5434   5317  21  
   48    0.0  0.0  0.0  NW_015504249.1  43785 43825 (56175) + (TC)n      Simple_repeat        1     41    (0)  22  
   36    0.0  0.0  0.0  NW_015504249.1  44037 44067 (55933) + (CT)n      Simple_repeat        1     31    (0)  23  
   34    0.0  0.0  0.0  NW_015504249.1  47658 47686 (52314) + (GT)n      Simple_repeat        1     29    (0)  24  
 1708   31.3  4.4  2.5  NW_015504249.1  49892 50625 (49375) C ERVL-E-int LTR/ERVL        (2477)   3190   2444  25  
  774   22.7  4.8  0.9  NW_015504249.1  50791 50999 (49001) C MER20      DNA/hAT-Charlie    (0)    219      3  26  
   15   13.2  2.9  2.9  NW_015504249.1  51872 51906 (48094) + (TAA)n     Simple_repeat        1     35    (0)  27  
 2354   24.6  5.5  1.5  NW_015504249.1  51976 52797 (47203) C Charlie21a DNA/hAT-Charlie  (266)    947     94  28  
  390   12.9  0.0  0.0  NW_015504249.1  52895 52956 (47044) + Ves4_ML    SINE/tRNA            1     62  (188)  29  
  522   16.5  4.8  0.0  NW_015504249.1  53020 53120 (46880) + Ves4_ML    SINE/tRNA           44    149  (101)  29  
   37    2.4  4.7  0.0  NW_015504249.1  53121 53163 (46837) + (TC)n      Simple_repeat        1     45    (0)  30  
  612   14.3 25.7  0.5  NW_015504249.1  53171 53318 (46682) + Ves4_ML    SINE/tRNA           65    249    (1)  31  
  999    8.7  3.9  1.5  NW_015504249.1  54782 54976 (45024) + Ves3_ML    SINE/tRNA           23    228   (24)  32  
   18    5.4 10.3  0.0  NW_015504249.1  55320 55358 (44642) + (TGCGTG)n  Simple_repeat        1     43    (0)  33  
  799   24.7 20.5  2.6  NW_015504249.1  55581 55995 (44005) + LTR16C     LTR/ERVL             1    489    (0)  34  
  657   15.4 16.9  1.7  NW_015504249.1  56369 56562 (43438) C Ves2_ML    SINE/tRNA         (11)    221      1  35  
 1968   17.7  2.6  3.5  NW_015504249.1  57626 58197 (41803) C L1_Carn7   LINE/L1           (22)   6407   5885  36  
  995   20.1  2.2  9.9  NW_015504249.1  61053 61323 (38677) C Ves2B_ML   SINE/tRNA          (0)    252      1  37  
  692   22.8  7.9  1.6  NW_015504249.1  63826 64003 (35997) C MER119     DNA/hAT-Charlie  (390)    193      5  38  
 1318    9.3  6.2  4.2  NW_015504249.1  64216 64472 (35528) C L1-3_PVa   LINE/L1            (6)   6548   6287  39  
 2140   11.3  3.7  0.0  NW_015504249.1  64473 64800 (35200) + L1-3_PVa   LINE/L1           5903   6242  (312)  39  
  841   24.5 13.0  0.0  NW_015504249.1  64796 65117 (34883) C L1M5       LINE/L1          (454)   5670   5307  40 *
  360   32.8  1.5  0.0  NW_015504249.1  65118 65248 (34752) + MLT1F      LTR/ERVL-MaLR        1    133  (436)  41  
 1528   20.9  4.2  2.8  NW_015504249.1  65263 65616 (34384) + MLT1F      LTR/ERVL-MaLR      188    546    (2)  41  
  410   29.6  0.7  2.8  NW_015504249.1  66030 66175 (33825) + MIRb       SINE/MIR           111    253   (15)  42  
 1549   21.6  5.0  4.2  NW_015504249.1  67707 68107 (31893) + MLT1D      LTR/ERVL-MaLR        3    406   (99)  43  
 1406   19.3  7.2  0.0  NW_015504249.1  68125 68487 (31513) C L1-2a_EF   LINE/L1            (0)   6672   6284  44  
  442   12.2  2.4  1.2  NW_015504249.1  68500 68582 (31418) + MLT1D      LTR/ERVL-MaLR      403    486   (19)  43  
  888   24.2  6.7  4.8  NW_015504249.1  70016 70599 (29401) + Eutr11     DNA                115    856    (1)  45  
   22    0.0  0.0  0.0  NW_015504249.1  70955 70978 (29022) + (AC)n      Simple_repeat        1     24    (0)  46  
   20    4.3  0.0  0.0  NW_015504249.1  78463 78486 (21514) + (T)n       Simple_repeat        1     24    (0)  47  
   19    8.2  0.0  0.0  NW_015504249.1  79402 79427 (20573) + (A)n       Simple_repeat        1     26    (0)  48  
   12   24.8  0.0  0.0  NW_015504249.1  79428 79433 (20567) + (ACAA)n    Simple_repeat        3     34    (0)  49  
  667   22.0  2.5  7.3  NW_015504249.1  79992 80192 (19808) C MIRb       SINE/MIR          (46)    222     31  50  
  578   24.8  0.0  2.3  NW_015504249.1  83393 83528 (16472) + MIRb       SINE/MIR            58    190   (78)  51  
   19   10.0  0.0  0.0  NW_015504249.1  83708 83739 (16261) + (TATT)n    Simple_repeat        1     32    (0)  52  
   13   20.5  5.0  0.0  NW_015504249.1  86406 86445 (13555) + A-rich     Low_complexity       1     42    (0)  53  
 1591   16.2  4.8  3.7  NW_015504249.1  88806 89184 (10816) C L1-2a_EF   LINE/L1            (1)   6671   6289  54  
   13   15.9  0.0  0.0  NW_015504249.1  89241 89268 (10732) + (TTTGT)n   Simple_repeat        1     28    (0)  55  
  436   27.6 10.6  0.0  NW_015504249.1  91793 91991  (8009) C MIRb       SINE/MIR          (15)    253     34  56  
   33    0.0  0.0  0.0  NW_015504249.1  91999 92029  (7971) + (CCTC)n    Simple_repeat        1     31    (0)  57  
 2788   22.7  7.7  0.9  NW_015504249.1  95585 97026  (2974) + L1ME1      LINE/L1           4640   6178    (1)  58  
