   SW   perc perc perc  query           position in query     matching        repeat              position in repeat
score   div. del. ins.  sequence        begin end    (left)   repeat          class/family      begin  end    (left)  ID

  341   23.3  7.8  9.5  NW_015504249.1   1871  2126 (97874) + L1-4a_EF        LINE/L1             2723   2974 (6405)   1 *
  723   22.6  7.2  0.8  NW_015504249.1   1898  2133 (97867) C HAL1-2_ML       LINE/L1             (14)   2619   2369   2  
  360   35.1  6.8  3.9  NW_015504249.1   2549  2977 (97023) C L2              LINE/L2            (468)   2951   2511   3  
 1116   15.7  3.6  0.1  NW_015504249.1   3037  3247 (96753) C Ves2_ML         SINE/tRNA            (1)    222      1   4  
  818   14.4 22.6  0.0  NW_015504249.1   3272  3452 (96548) C Ves2B_ML        SINE/tRNA           (29)    223      2   5  
 3125   18.1 15.4  0.9  NW_015504249.1   3468  4213 (95787) C L1M4            LINE/L1           (6471)   1046    193   6  
  801   18.9  4.2  0.0  NW_015504249.1   4241  4431 (95569) C Ves2_ML         SINE/tRNA           (11)    221      1   7  
  734   15.8 12.6  0.8  NW_015504249.1   4432  4583 (95417) C L1M4            LINE/L1            (596)   5609   5436   8  
 1127   17.6  9.4  0.0  NW_015504249.1   4598  4904 (95096) + L1M5            LINE/L1             4193   4528 (1618)   9  
 1217   19.2  5.9  0.8  NW_015504249.1   5296  5531 (94469) + Ves4_ML         SINE/tRNA              1    248    (2)  10  
  412   25.2 10.5  2.7  NW_015504249.1   5715  5885 (94115) C L2a             LINE/L2              (1)   3425   3242  11  
  451   29.8  5.7  5.7  NW_015504249.1   6041  6321 (93679) C L2a             LINE/L2            (456)   2963   2683  11  
  249   29.7  4.4  0.0  NW_015504249.1   6601  6691 (93309) C L2a             LINE/L2           (1227)   2192   2098  11  
  859   13.7  0.8  0.0  NW_015504249.1   7845  7975 (92025) C Ves2B_ML        SINE/tRNA          (120)    132      1  12  
  909   19.3 17.1  2.0  NW_015504249.1   8288  8504 (91496) + Ves4_ML         SINE/tRNA              1    249    (1)  13  
  469   27.2  4.7  1.9  NW_015504249.1   8943  9092 (90908) C L1ME3B          LINE/L1            (103)   6139   5986  14  
 1205   15.5  5.8  3.7  NW_015504249.1   9138  9378 (90622) C Ves2B_ML        SINE/tRNA            (6)    246      1  15  
   56    0.0  0.0  0.0  NW_015504249.1   9384  9433 (90567) + (TTA)n          Simple_repeat          1     50    (0)  16  
  970   14.7  7.6  0.6  NW_015504249.1   9435  9605 (90395) C Ves2B_ML        SINE/tRNA           (69)    183      1  17  
 2864   13.1  3.8  0.8  NW_015504249.1   9606 10104 (89896) C L1MC2           LINE/L1            (513)   5831   5318  18  
 1195   17.2  2.6 12.9  NW_015504249.1  10122 10394 (89606) C Ves4_ML         SINE/tRNA            (2)    248      1  19  
  929   13.6  1.7  0.0  NW_015504249.1  10398 10574 (89426) C L1MC2           LINE/L1            (815)   5331   5152  18 *
 1174   12.7  2.4  1.1  NW_015504249.1  10564 10794 (89206) C Ves2_ML         SINE/tRNA            (0)    232      1  20  
 1146   17.0  1.3  0.2  NW_015504249.1  10798 11016 (88984) C Ves2_ML         SINE/tRNA           (11)    221      1  21  
 1061   19.5  8.1  2.0  NW_015504249.1  11032 11267 (88733) C Ves4_ML         SINE/tRNA            (0)    250      1  22  
  926   17.0  1.6  1.1  NW_015504249.1  11270 11459 (88541) C L1MC2           LINE/L1            (985)   5161   4971  18  
   14    7.9  3.7  0.0  NW_015504249.1  11461 11487 (88513) + (TTTTA)n        Simple_repeat          1     28    (0)  23  
  408   19.8  4.3  1.5  NW_015504249.1  11490 11623 (88377) C Ves2B_ML        SINE/tRNA           (76)    176      1  24  
 2408   16.0  6.7  1.0  NW_015504249.1  11624 12104 (87896) C L1MC2           LINE/L1           (1165)   4981   4474  18  
 1121   29.3  4.8  1.4  NW_015504249.1  12110 12610 (87390) C L1ME4b          LINE/L1            (258)   5887   5370  25  
  718   11.8 18.7  3.3  NW_015504249.1  12966 13147 (86853) C Ves3_ML         SINE/tRNA            (2)    267     14  26  
 1067   13.3  1.8  0.0  NW_015504249.1  13517 13681 (86319) + Ves2_ML         SINE/tRNA              2    169  (100)  27  
   14    8.1  3.9  0.0  NW_015504249.1  13683 13708 (86292) + (AAAC)n         Simple_repeat          1     27    (0)  28  
  355   22.2  1.1  2.2  NW_015504249.1  14847 14938 (85062) + Ves             SINE/tRNA              1     91  (132)  29  
  303   14.3  0.0  2.0  NW_015504249.1  14936 14985 (85015) + Ves4_ML         SINE/tRNA            194    242    (8)  30 *
   12   13.9  0.0  0.0  NW_015504249.1  15013 15036 (84964) + (AATT)n         Simple_repeat          1     24    (0)  31  
   14   15.9  0.0  0.0  NW_015504249.1  16152 16179 (83821) + (TGT)n          Simple_repeat          1     28    (0)  32  
 1366   12.8 13.2  0.0  NW_015504249.1  16587 16829 (83171) + Tigger3         DNA/TcMar-Tigger       2    276 (2753)  33  
  435   25.9  7.7  5.0  NW_015504249.1  16853 17048 (82952) C L1ME3G          LINE/L1           (1962)   5920   5721  34  
 1166   15.3  7.6  0.9  NW_015504249.1  17051 17261 (82739) C Ves4_ML         SINE/tRNA            (0)    250     26  35  
 1095   17.6  6.2  3.6  NW_015504249.1  17312 17553 (82447) C Ves4_ML         SINE/tRNA            (0)    250      3  36  
 2173   19.3  9.5  0.7  NW_015504249.1  17926 18463 (81537) C L1ME1           LINE/L1              (0)   6179   5595  37  
 1139   13.5  4.4  1.4  NW_015504249.1  18461 18663 (81337) C Ves3_ML         SINE/tRNA           (10)    222     14  38 *
  260   26.2  5.8  3.4  NW_015504249.1  18651 18737 (81263) C L1ME3G          LINE/L1            (547)   5631   5543  34 *
  566   18.1  0.0  0.9  NW_015504249.1  18979 19095 (80905) C L1MB1           LINE/L1              (0)   6168   6053  39  
  451   14.6  4.8  1.2  NW_015504249.1  20593 20675 (79325) + Ves2B_ML        SINE/tRNA              1     86  (166)  40  
 7234   15.3  3.3  0.5  NW_015504249.1  20700 21970 (78030) + HAL1-3_ML       LINE/L1                3   1308 (2016)  41  
  441   22.6 10.8  0.7  NW_015504249.1  22618 22746 (77254) + L1ME4b          LINE/L1             6003   6144    (1)  42  
 1126   18.1  2.3  8.8  NW_015504249.1  22770 23035 (76965) + Ves4_ML         SINE/tRNA              1    250    (0)  43  
  989   15.8  9.2  4.4  NW_015504249.1  23494 23661 (76339) + Ves4_ML         SINE/tRNA              1    172   (78)  44  
   37    2.9  0.0  0.0  NW_015504249.1  23662 23697 (76303) + (TC)n           Simple_repeat          1     36    (0)  45  
  989   15.8  9.2  4.4  NW_015504249.1  23698 23767 (76233) + Ves4_ML         SINE/tRNA            173    249    (1)  44  
   15    5.5  0.0  0.0  NW_015504249.1  24655 24673 (75327) + (A)n            Simple_repeat          1     19    (0)  46  
  727   13.3 13.1  0.9  NW_015504249.1  24679 24867 (75133) + Ves3_ML         SINE/tRNA              3    269    (0)  47  
  464   19.6  5.4  1.0  NW_015504249.1  26139 26268 (73732) C HAL1-2_ML       LINE/L1             (11)   2622   2502  48  
 2339   16.9  3.0  0.0  NW_015504249.1  26300 26730 (73270) + L1-2a_EF        LINE/L1             6064   6507  (165)  49  
  998   17.4  6.8  1.9  NW_015504249.1  26731 26982 (73018) + HAL1-2_ML       LINE/L1             2365   2628    (5)  50  
  979    7.4  4.0  1.9  NW_015504249.1  27000 27150 (72850) C Ves3_ML         SINE/tRNA            (3)    229     76  51  
  576   15.5  1.7  0.8  NW_015504249.1  27203 27319 (72681) C Ves2_ML         SINE/tRNA          (151)    118      1  52  
 1390   14.9  2.9  1.6  NW_015504249.1  27451 27696 (72304) + Ves4_ML         SINE/tRNA              2    250    (0)  53  
  247   28.4 10.7  2.2  NW_015504249.1  27677 27845 (72155) + L1M5            LINE/L1             5675   5857  (267)  54 *
  260   14.5  1.3  4.4  NW_015504249.1  27895 27994 (72006) C Ves2B_ML        SINE/tRNA            (9)    260    130  55  
 1930   16.7  0.6  0.0  NW_015504249.1  28005 28351 (71649) C HAL1-3_PVa      LINE/L1            (163)   3185   2837  56  
 1206   19.2  2.0  2.4  NW_015504249.1  28353 28603 (71397) C Ves4_ML         SINE/tRNA            (0)    250      1  57  
 6535   11.3 10.4  1.1  NW_015504249.1  28605 30737 (69263) C HAL1-3_ML       LINE/L1            (492)   2832    503  58  
  882   19.0 15.4  0.0  NW_015504249.1  30900 31094 (68906) C Ves2B_ML        SINE/tRNA           (27)    225      1  59  
 1142   13.3  5.2  0.9  NW_015504249.1  32969 33180 (66820) C Ves3_ML         SINE/tRNA            (9)    223      3  60  
  986   19.6  1.8  0.4  NW_015504249.1  33372 33591 (66409) C Ves2B_ML        SINE/tRNA           (11)    221      1  61  
 1117   15.2  6.0  1.8  NW_015504249.1  33631 33847 (66153) + Ves2_ML         SINE/tRNA              1    227    (5)  62  
  887    9.4 33.2  0.4  NW_015504249.1  34362 34563 (65437) C Ves2_ML         SINE/tRNA            (1)    268      1  63  
  423   20.2  7.5  4.8  NW_015504249.1  36878 37053 (62947) C Ves2B_ML        SINE/tRNA           (34)    218      1  64  
  541   16.5  7.0  0.0  NW_015504249.1  37142 37256 (62744) C Ves3_ML         SINE/tRNA           (25)    207     85  65 *
  815   17.8  7.7  1.0  NW_015504249.1  37256 37276 (62724) C Ves4_ML         SINE/tRNA           (56)    194    175  66  
   31    3.3  0.0  0.0  NW_015504249.1  37277 37307 (62693) + (AG)n           Simple_repeat          1     31    (0)  67  
  815   17.8  7.7  1.0  NW_015504249.1  37308 37467 (62533) C Ves4_ML         SINE/tRNA           (76)    174      2  66  
 1692   25.1 10.0  0.7  NW_015504249.1  38344 38865 (61135) + L2a             LINE/L2             2237   2806  (613)  68  
  982   16.6  9.2  1.4  NW_015504249.1  38873 39079 (60921) C Ves2B_ML        SINE/tRNA           (29)    223      1  69  
  988   26.5  8.0  1.5  NW_015504249.1  39080 39678 (60322) + L2a             LINE/L2             2792   3426    (0)  68  
  270   19.9  9.9  5.8  NW_015504249.1  41174 41354 (58646) + L1-4_Cpo        LINE/L1             1339   1526 (5046)  70  
 1535   24.5  3.2  5.1  NW_015504249.1  41958 42400 (57600) + ERV3-16A3_I-int LTR/ERVL             824   1258 (3968)  71  
  858   25.1  7.7  3.2  NW_015504249.1  42420 42691 (57309) + ERV3-16A3_I-int LTR/ERVL            4031   4314  (912)  71  
 1009   20.9  4.8  2.3  NW_015504249.1  42713 43071 (56929) C L1_Carni        LINE/L1            (603)   5581   4978  72  
 1167   12.0 15.2  2.8  NW_015504249.1  43072 43294 (56706) + Ves4_ML         SINE/tRNA              1    250    (0)  73  
  864   16.8 18.4  0.0  NW_015504249.1  43303 43492 (56508) + Ves2B_ML        SINE/tRNA              1    225   (27)  74  
 2401   23.6 10.1  1.0  NW_015504249.1  43497 44287 (55713) + L1MC4           LINE/L1             7038   7899  (143)  75  
 1631   22.7  5.5  5.5  NW_015504249.1  44356 44831 (55169) + L1ME3E          LINE/L1             5696   6171    (2)  76  
 1211   22.6 11.8  2.3  NW_015504249.1  44844 45442 (54558) + L1M5            LINE/L1             2993   3647 (2499)  77  
  333   28.3  3.3  0.8  NW_015504249.1  45439 45559 (54441) + L2a             LINE/L2             3303   3426    (0)  78 *
  909   21.4  9.5  4.3  NW_015504249.1  45567 45923 (54077) + L1M5            LINE/L1             3649   4023 (2123)  77  
  992   22.0  6.6  5.5  NW_015504249.1  46017 46411 (53589) + L1M5            LINE/L1             4590   4988 (1158)  77 *
 2124   23.3  9.6  2.6  NW_015504249.1  46401 47209 (52791) + L1ME3E          LINE/L1             5258   5949  (293)  76  
  354   22.6  3.7 10.6  NW_015504249.1  47210 47385 (52615) + Ves2B_ML        SINE/tRNA              1    204   (28)  79  
  335   24.2 23.6  0.4  NW_015504249.1  47418 47616 (52384) + L1ME3E          LINE/L1             5930   6174   (68)  76  
   14   20.2  0.0  0.0  NW_015504249.1  47775 47808 (52192) + (TTTTAA)n       Simple_repeat          1     34    (0)  80  
  365   22.0  5.8  1.8  NW_015504249.1  47810 48083 (51917) C L1ME3Cz         LINE/L1              (8)   6242   5836  81  
 1308   19.8  3.9  0.9  NW_015504249.1  48138 48448 (51552) C L1MC5           LINE/L1             (27)   7920   7601  82  
   22   15.3  0.0  0.0  NW_015504249.1  49269 49305 (50695) + GA-rich         Low_complexity         1     37    (0)  83  
  389   22.9 30.8  0.0  NW_015504249.1  50427 50585 (49415) C MIRb            SINE/MIR             (6)    262     55  84  
 1105   16.4  2.8  1.8  NW_015504249.1  51159 51376 (48624) + Ves3_ML         SINE/tRNA              3    222   (10)  85  
  629   22.5 10.3  0.4  NW_015504249.1  52302 52524 (47476) + L1MC5           LINE/L1             7645   7889   (58)  86  
  229    9.1  0.0  0.0  NW_015504249.1  52571 52603 (47397) + L1MC5           LINE/L1             7898   7930   (17)  87  
 1397   14.7  1.3  1.3  NW_015504249.1  52738 52972 (47028) C HAL1-3_PVa      LINE/L1             (11)   3337   3103  88  
 1122   13.7  4.5  0.7  NW_015504249.1  53680 53893 (46107) C Ves2_ML         SINE/tRNA            (2)    230      1  89  
  335   21.9  4.8  1.2  NW_015504249.1  54917 54999 (45001) C Plat_L3         LINE/CR1           (202)   3384   3299  90  
  722   10.5  6.6 19.7  NW_015504249.1  55203 55555 (44445) + Ves2_ML         SINE/tRNA              1    268    (1)  91  
 2201   21.2  7.5  0.9  NW_015504249.1  55836 56340 (43660) + MLT1G           LTR/ERVL-MaLR         52    589    (2)  92  
  789   18.0  9.5  3.9  NW_015504249.1  56525 56767 (43233) + L1MC5           LINE/L1             7683   7938    (9)  93  
 1387   15.0  4.1  1.2  NW_015504249.1  56789 57031 (42969) + Ves4_ML         SINE/tRNA              1    250    (0)  94  
  781   28.8  5.9  3.5  NW_015504249.1  58013 58583 (41417) + L1ME3F          LINE/L1             5418   6000  (243)  95  
 1037   13.8  8.6  1.4  NW_015504249.1  58584 58781 (41219) + Ves3_ML         SINE/tRNA              2    213   (19)  96  
 1241   14.7  8.4  0.8  NW_015504249.1  58784 59009 (40991) + Ves4_ML         SINE/tRNA              2    244    (6)  97  
  285   26.9 10.8  3.5  NW_015504249.1  59015 59199 (40801) + L1ME3F          LINE/L1             5970   6167   (76)  95  
  921   27.3 10.9  0.8  NW_015504249.1  59329 59797 (40203) + L1ME4a          LINE/L1             5606   6121    (3)  98  
  235   31.4  1.2  0.0  NW_015504249.1  59919 60004 (39996) C Mon1f5          SINE/MIR           (114)    153     67  99  
   18   12.1  0.0  0.0  NW_015504249.1  61171 61198 (38802) + (AC)n           Simple_repeat          1     28    (0) 100  
  786   13.9 18.0  2.1  NW_015504249.1  61281 61486 (38514) + L1MD2           LINE/L1             6122   6359    (0) 101  
  388   26.7  6.0  0.0  NW_015504249.1  62532 62647 (37353) C Plat_L3         LINE/CR1           (241)   3345   3223 102  
  363   27.3 17.1  1.6  NW_015504249.1  63600 63874 (36126) C L1ME4a          LINE/L1              (0)   6124   5808 103  
  731   27.0  5.3  1.3  NW_015504249.1  64740 64964 (35036) C MIRb            SINE/MIR             (0)    268     35 104  
   13   18.3  2.6  2.6  NW_015504249.1  67382 67420 (32580) + (CCGCGC)n       Simple_repeat          1     39    (0) 105  
   16   27.8  4.0  1.3  NW_015504249.1  67748 67822 (32178) + (AGCGGCC)n      Simple_repeat          1     77    (0) 106  
  235   21.0  5.2  1.7  NW_015504249.1  69124 69181 (30819) C MIRb            SINE/MIR             (0)    268    209 107  
  407   17.1  4.8  1.2  NW_015504249.1  69900 69982 (30018) C Ves2B_ML        SINE/tRNA          (166)     86      1 108  
 1086   15.2  2.3  1.0  NW_015504249.1  73009 73224 (26776) + Ves2_ML         SINE/tRNA              3    224    (8) 109  
  823   18.9  3.9  0.6  NW_015504249.1  75217 75370 (24630) C Ves4_ML         SINE/tRNA           (89)    161      3 110  
  229   21.3  0.0  0.0  NW_015504249.1  75686 75732 (24268) C L1-3_PVa        LINE/L1              (7)   6547   6501 111  
   15    0.0  0.0  0.0  NW_015504249.1  80646 80662 (19338) + (CT)n           Simple_repeat          1     17    (0) 112  
  407   27.1  5.9  1.2  NW_015504249.1  81037 81189 (18811) C L2              LINE/L2            (630)   2789   2630 113  
  391   19.8  1.1  7.3  NW_015504249.1  81398 81484 (18516) C MER81           DNA/hAT-Blackjack    (0)    114     33 114  
  229   16.4  7.8  4.5  NW_015504249.1  81941 82004 (17996) + Mon1f5          SINE/MIR             166    231   (36) 115 *
  286   23.1 10.1  1.2  NW_015504249.1  81954 82032 (17968) + L2b             LINE/L2             3288   3373    (2) 116  
  942   18.9 12.7  3.2  NW_015504249.1  83147 83375 (16625) C Ves2B_ML        SINE/tRNA            (2)    250      1 117  
  929   16.7  3.8  0.7  NW_015504249.1  83840 84045 (15955) + Ves2_ML         SINE/tRNA              1    222   (10) 118  
 1690   14.4 10.4  1.4  NW_015504249.1  84307 84644 (15356) + MLT1B           LTR/ERVL-MaLR         23    390    (0) 119  
 1470   22.7 10.0  1.2  NW_015504249.1  84673 85305 (14695) + L1ME1           LINE/L1             4966   5696  (483) 120  
  699   14.7  1.7  0.0  NW_015504249.1  85305 85420 (14580) + L1-3_PVa        LINE/L1             6430   6547    (7) 121 *
 1253   22.7 11.5  3.2  NW_015504249.1  85410 85819 (14181) + L1ME1           LINE/L1             5672   6114   (65) 120  
  530   17.5 14.9  0.0  NW_015504249.1  87826 87939 (12061) C L1-3_PVa        LINE/L1             (21)   6533   6403 122  
  238   16.8  0.0 10.0  NW_015504249.1  94451 94516  (5484) C Ves4_ML         SINE/tRNA            (1)    249    190 123 *
  776   19.3  1.9  8.4  NW_015504249.1  94487 94552  (5448) C Ves2_ML         SINE/tRNA           (18)    251    196 124  
   32    0.0  0.0  0.0  NW_015504249.1  94553 94582  (5418) + (T)n            Simple_repeat          1     30    (0) 125  
  827   19.3  1.9  8.4  NW_015504249.1  94583 94783  (5217) C Ves2B_ML        SINE/tRNA           (74)    195      1 124  
 1492   14.7  7.2  8.9  NW_015504249.1  95777 96097  (3903) C L1MC1           LINE/L1             (19)   6314   5999 126  
  975   16.6  5.7  0.1  NW_015504249.1  96232 96429  (3571) + Ves2_ML         SINE/tRNA              1    222   (10) 127  
  934   12.2 26.1  0.8  NW_015504249.1  96757 96955  (3045) + Ves4_ML         SINE/tRNA              1    249    (1) 128  
   12   20.8  0.0  2.9  NW_015504249.1  97971 98005  (1995) + (TGAAT)n        Simple_repeat          1     34    (0) 129  
  535   29.0 22.4  1.2  NW_015504249.1  98577 99260   (740) + L2b             LINE/L2             1717   2543  (876) 130  
  498   27.3  9.0  3.6  NW_015504249.1  99409 99659   (341) + L2b             LINE/L2             2870   3130  (245) 130  
