   SW   perc perc perc  query           position in query     matching      repeat             position in repeat
score   div. del. ins.  sequence        begin end    (left)   repeat        class/family     begin  end    (left)  ID

   18   22.3  0.0  0.0  NW_015504249.1     92   129 (99871) + (AC)n         Simple_repeat         1     38    (0)   1  
 2526   20.6  6.4  1.6  NW_015504249.1   5758  6354 (93646) C LTR5_EC       LTR/ERVL            (0)    627      3   2  
 1372   19.1 11.2  1.1  NW_015504249.1   7913  8241 (91759) C MLT1A0        LTR/ERVL-MaLR       (0)    365      4   3  
  894   30.1  5.2  1.9  NW_015504249.1   8246  8727 (91273) C L2b           LINE/L2            (10)   3365   2878   4  
  560   34.0  0.8  0.0  NW_015504249.1   8877  9111 (90889) + Eulor8        DNA/TcMar?          212    448  (114)   5  
   13    8.7  4.0  0.0  NW_015504249.1  11686 11710 (88290) + (AATAA)n      Simple_repeat         1     26    (0)   6  
  461   22.5 14.0  2.8  NW_015504249.1  11808 12012 (87988) + Ves2B_ML      SINE/tRNA             1    228    (4)   7  
 1820   26.8  9.3  3.9  NW_015504249.1  12376 13116 (86884) C MER20B        DNA/hAT-Charlie     (3)    780      1   8  
  796   20.8  6.7  1.1  NW_015504249.1  15318 15497 (84503) + MLT1D         LTR/ERVL-MaLR         6    195  (310)   9  
  694   18.9  1.5  0.0  NW_015504249.1  15492 15623 (84377) + MLT1D         LTR/ERVL-MaLR       356    489   (16)   9 *
   30    0.0  0.0  0.0  NW_015504249.1  17782 17807 (82193) + (CA)n         Simple_repeat         1     26    (0)  10  
   55    0.0  0.0  0.0  NW_015504249.1  18891 18937 (81063) + (TG)n         Simple_repeat         1     47    (0)  11  
  539   28.8  7.8  8.1  NW_015504249.1  19353 19749 (80251) + HAL1          LINE/L1            2087   2482   (25)  12  
 1219   25.8  7.1  4.4  NW_015504249.1  19784 20399 (79601) + L1MEd         LINE/L1             826   1457 (5629)  13  
 1170   30.2  5.8  2.4  NW_015504249.1  20508 20992 (79008) + MLT1J         LTR/ERVL-MaLR        11    511    (1)  14  
   15   17.6  0.0  0.0  NW_015504249.1  21475 21501 (78499) + (AC)n         Simple_repeat         1     27    (0)  15  
  660   30.1  3.6  1.3  NW_015504249.1  21893 22114 (77886) C MIRb          SINE/MIR            (7)    261     35  16  
 1039   11.8  1.2  0.6  NW_015504249.1  22779 22940 (77060) C Tigger5       DNA/TcMar-Tigger    (1)   2405   2243  17 *
 1373   17.0 16.3  0.6  NW_015504249.1  22939 23251 (76749) C Tigger5       DNA/TcMar-Tigger (2044)    362      1  18  
  229   36.0  0.0  0.0  NW_015504249.1  23929 24003 (75997) + MIRc          SINE/MIR            116    190   (78)  19  
  288   25.0  9.6  0.0  NW_015504249.1  24900 25003 (74997) + MIRc          SINE/MIR             47    160  (108)  20  
  351   21.7  2.1  3.7  NW_015504249.1  25031 25159 (74841) + Ves2B_ML      SINE/tRNA           110    232    (0)  21  
 8252   16.2  5.2  0.6  NW_015504249.1  25522 27013 (72987) C HAL1-3_ML     LINE/L1          (1548)   1776    217  22  
  575   22.6 12.9  3.6  NW_015504249.1  27013 27214 (72786) C Ves2B_ML      SINE/tRNA          (32)    220      1  23 *
 1416   13.2  0.4  0.4  NW_015504249.1  27215 27441 (72559) C HAL1-3_ML     LINE/L1          (3095)    229      3  22  
 2080   20.0  9.8  1.1  NW_015504249.1  29017 29516 (70484) + MER44B        DNA/TcMar-Tigger      1    543    (7)  24  
   16   13.2  0.0  2.9  NW_015504249.1  29851 29885 (70115) + (GCCCC)n      Simple_repeat         1     34    (0)  25  
 2293   14.6  4.3  2.0  NW_015504249.1  32618 33183 (66817) + L1-3a_EF      LINE/L1            6125   6580   (33)  26  
 1040   20.5  6.8  0.0  NW_015504249.1  33207 33440 (66560) + Ves2B_ML      SINE/tRNA             1    250    (2)  27  
  660   19.1  4.4  1.8  NW_015504249.1  34884 35043 (64957) C L1ME3A        LINE/L1            (16)   6157   5994  28  
   14    4.9  0.0  0.0  NW_015504249.1  38198 38218 (61782) + (AACA)n       Simple_repeat         1     21    (0)  29  
   19    3.2  6.2  0.0  NW_015504249.1  41442 41473 (58527) + (CCAGGG)n     Simple_repeat         1     34    (0)  30  
   16    8.3  0.0  0.0  NW_015504249.1  43530 43555 (56445) + (AGGG)n       Simple_repeat         1     26    (0)  31  
  285   29.3 18.0  0.1  NW_015504249.1  43651 43807 (56193) C MIRc          SINE/MIR           (40)    234     52  32  
   15    4.2  4.0  0.0  NW_015504249.1  46249 46273 (53727) + (TTTCT)n      Simple_repeat         1     26    (0)  33  
 1347   13.7  2.7  0.0  NW_015504249.1  46275 46493 (53507) C Ves2B_ML      SINE/tRNA          (27)    225      1  34  
  343   25.5  1.6  5.7  NW_015504249.1  50606 50734 (49266) + MER63B        DNA/hAT-Tip100      312    435    (1)  35  
  288   22.4  7.0  1.9  NW_015504249.1  53393 53492 (46508) + LTR78         LTR/ERV1            227    331  (973)  36  
  386   28.8  1.7  0.0  NW_015504249.1  53599 53716 (46284) C Mon1g1        SINE/MIR          (145)    158     39  37  
  366   18.6  4.2  5.9  NW_015504249.1  53959 54078 (45922) + MIRb          SINE/MIR             40    157  (111)  38  
  863   15.5  2.5  0.6  NW_015504249.1  54085 54246 (45754) C LTR46_PVa     LTR/ERV1            (0)    479    315  39  
  730   17.7 14.4  0.0  NW_015504249.1  54242 54422 (45578) C LTR45B_BT     LTR/ERV1          (261)    270     64  40 *
   12   14.3  3.5 11.1  NW_015504249.1  57473 57530 (42470) + (CCAGAGC)n    Simple_repeat         1     54    (0)  41  
 1779   25.3  5.4 11.9  NW_015504249.1  58384 59228 (40772) C LTR18C_ML     LTR/ERV1            (0)    797      2  42  
 1260   25.0  8.6  3.1  NW_015504249.1  61569 62118 (37882) C L2            LINE/L2          (1966)   1453    875  43  
 1068   13.2 18.3  0.0  NW_015504249.1  62567 62779 (37221) + Ves2B_ML      SINE/tRNA             1    252    (0)  44  
  754   28.2 10.3  0.2  NW_015504249.1  63108 63476 (36524) C MLT1J2        LTR/ERVL-MaLR      (42)    406      1  45  
  498   22.0  0.9  0.9  NW_015504249.1  66192 66301 (33699) C MER58B        DNA/hAT-Charlie    (13)    328    219  46  
  344   21.1 13.5  0.0  NW_015504249.1  69538 69641 (30359) C MIRb          SINE/MIR           (17)    251    134  47  
   13   23.7  0.0  4.3  NW_015504249.1  71544 71591 (28409) + (CCGCGG)n     Simple_repeat         1     46    (0)  48  
  231   18.8  2.1  0.0  NW_015504249.1  78108 78155 (21845) + L2b           LINE/L2            3308   3356   (19)  49  
  558   20.0  1.6  2.4  NW_015504249.1  78584 78711 (21289) + MIRb          SINE/MIR            106    232   (36)  50  
  289   28.1  1.0  1.0  NW_015504249.1  79031 79127 (20873) C L2b           LINE/L2            (39)   3336   3240  51  
 1621   21.5  5.8  0.2  NW_015504249.1  79903 80299 (19701) C MLT1C2        LTR/ERVL-MaLR       (0)    461     43  52  
 1017   23.5 16.5  1.1  NW_015504249.1  82312 82801 (17199) C L1ME3A        LINE/L1             (3)   6170   5606  53  
   18    7.8  4.3  6.7  NW_015504249.1  83171 83216 (16784) + (CCCT)n       Simple_repeat         1     45    (0)  54  
 1254   22.8  7.7  1.5  NW_015504249.1  83281 83668 (16332) C Charlie29a    DNA/hAT-Charlie     (5)    743    332  55  
  243   12.8  0.0  0.0  NW_015504249.1  83685 83723 (16277) + MIRb          SINE/MIR            115    153  (115)  56  
   26    4.9  4.8  0.0  NW_015504249.1  84889 84930 (15070) + (CACCCCTGAG)n Simple_repeat         1     44    (0)  57  
  814   19.2 11.4  0.4  NW_015504249.1  84958 85203 (14797) + MER33         DNA/hAT-Charlie      52    324    (0)  58  
  536   32.2  6.1  0.9  NW_015504249.1  88875 89203 (10797) C L1ME3G        LINE/L1           (141)   5983   5631  59  
   12   12.9  5.6  2.7  NW_015504249.1  90987 91024  (8976) + (CCCAGTG)n    Simple_repeat         1     39    (0)  60  
   14   11.7  0.0  3.5  NW_015504249.1  91565 91594  (8406) + (GCAGG)n      Simple_repeat         1     29    (0)  61  
  763   20.3  6.3  2.0  NW_015504249.1  92750 92940  (7060) C MER20         DNA/hAT-Charlie    (19)    200      2  62  
   16   17.4  0.0  0.0  NW_015504249.1  92985 93018  (6982) + (CACCCC)n     Simple_repeat         1     34    (0)  63  
  463   29.7 11.3  3.8  NW_015504249.1  93054 93470  (6530) + L2            LINE/L2            1654   2100 (1319)  64 *
  506   29.2  9.7  3.1  NW_015504249.1  93464 93881  (6119) + L2            LINE/L2            2208   2631  (788)  65  
  377   21.4  2.9  0.0  NW_015504249.1  94055 94157  (5843) + MLT1L         LTR/ERVL-MaLR       178    283  (327)  66  
  282   21.6 10.8  0.0  NW_015504249.1  94253 94363  (5637) + MLT1L         LTR/ERVL-MaLR       444    566   (44)  66  
 1018    9.1  0.0  7.2  NW_015504249.1  94389 94566  (5434) + DNAX1_Opr     DNA/hAT-Charlie      37    202    (2)  67  
  266   24.2  0.0  0.0  NW_015504249.1  94606 94667  (5333) + L2            LINE/L2            2802   2863  (556)  65  
  507   29.4  7.0  1.5  NW_015504249.1  95839 96251  (3749) + L2b           LINE/L2            2706   3138  (237)  68  
  890   23.2  8.4  8.9  NW_015504249.1  96840 96918  (3082) C MLT2B4        LTR/ERVL            (0)    414    354  69  
  137    0.8  0.0  1.5  NW_015504249.1  96919 97050  (2950) + (GATG)n       Simple_repeat         1    130    (0)  70  
 1390   15.3 11.8  1.2  NW_015504249.1  97051 97386  (2614) C MLT2B4        LTR/ERVL           (61)    353      1  69  
  333   33.3  7.6  0.0  NW_015504249.1  98336 98467  (1533) + L2b           LINE/L2            3228   3369    (6)  68  
  241   22.2  6.3  0.0  NW_015504249.1  98504 98566  (1434) C L2B_ME        LINE/L2            (22)   3425   3359  71  
  468   29.2  3.2  0.4  NW_015504249.1  98575 98794  (1206) C Eutr16        DNA?/hAT-Tip100?  (457)    303     78  72  
