   SW   perc perc perc  query           position in query     matching        repeat              position in repeat
score   div. del. ins.  sequence        begin end    (left)   repeat          class/family    begin   end    (left)   ID

   16   15.9  0.0  0.0  NW_015504249.1   1586  1613 (98387) + (GT)n           Simple_repeat         1     28     (0)   1  
   21   13.9  0.0  0.0  NW_015504249.1   7501  7533 (92467) + (TC)n           Simple_repeat         1     33     (0)   2  
   18    3.4  3.1  3.1  NW_015504249.1   9366  9397 (90603) + (TCCCTC)n       Simple_repeat         1     32     (0)   3  
   17   19.6  0.0  0.0  NW_015504249.1  11538 11574 (88426) + GA-rich         Low_complexity        1     37     (0)   4  
   23   18.2  3.4  1.7  NW_015504249.1  11881 11939 (88061) + (TGAA)n         Simple_repeat         1     60     (0)   5  
   34    0.0  0.0  0.0  NW_015504249.1  14321 14349 (85651) + (CA)n           Simple_repeat         1     29     (0)   6  
 1118   22.6  6.5  5.7  NW_015504249.1  15679 15758 (84242) + L1-4a_EF        LINE/L1            2709   3129  (6250)   7  
 1363   21.0  6.8  0.0  NW_015504249.1  15759 16096 (83904) C L1-2a_EF        LINE/L1            (37)   6635    6275   8  
 1510   25.5  8.3  0.7  NW_015504249.1  17263 17767 (82233) C L1ME3           LINE/L1             (1)   6161    5619   9  
  437   22.9  2.8  0.0  NW_015504249.1  17980 18088 (81912) C L1ME3           LINE/L1           (629)   5533    5422   9  
 3116   23.0  6.8  1.4  NW_015504249.1  18106 19669 (80331) C L1ME3           LINE/L1          (2826)   3320    2144   9  
 2306   23.5  5.5  4.0  NW_015504249.1  19801 20663 (79337) C L1ME3           LINE/L1          (4368)   1874    1000   9  
   23   19.8  0.0  0.0  NW_015504249.1  20792 20839 (79161) + (CCTC)n         Simple_repeat         1     48     (0)  10  
 1126   22.1  6.2  0.8  NW_015504249.1  20861 21197 (78803) C L1ME3           LINE/L1          (5230)   1012     658   9  
  533   28.0  2.7  7.5  NW_015504249.1  21618 21841 (78159) C L1ME3           LINE/L1          (5870)    372     159   9  
 1969   15.5  3.7  6.4  NW_015504249.1  22048 22664 (77336) + L1-5A2_EC       LINE/L1            6632   6996     (4)  11  
10851   16.8  6.0  1.4  NW_015504249.1  22677 24878 (75122) + HAL1-3_ML       LINE/L1               5   2306  (1018)  12  
  279   11.8  0.0  3.9  NW_015504249.1  25136 25188 (74812) + HAL1-3_ML       LINE/L1            2314   2364   (960)  12 *
  801   24.1  0.7  5.1  NW_015504249.1  25168 25455 (74545) + HAL1-2_ML       LINE/L1            2358   2633     (0)  13  
  363   27.3  1.8  3.4  NW_015504249.1  25439 25622 (74378) + L1M5            LINE/L1            3707   3947  (2199)  14 *
  642   29.9  9.0  2.6  NW_015504249.1  25771 26406 (73594) + L1M5            LINE/L1            4017   4773  (1781)  14  
  684   18.7 12.3  2.7  NW_015504249.1  27501 27763 (72237) C L1-3a_EF        LINE/L1            (80)   6533    6340  15  
 4255   16.3  2.7  1.6  NW_015504249.1  28898 29707 (70293) C L1-3a_EF        LINE/L1             (5)   6608    5790  16  
 2447   15.2  4.3  0.7  NW_015504249.1  31719 32161 (67839) + MLT1C2          LTR/ERVL-MaLR         3    461     (0)  17  
   16    8.8  0.0  4.0  NW_015504249.1  34792 34817 (65183) + (AG)n           Simple_repeat         1     25     (0)  18  
   12   20.8  0.0  2.9  NW_015504249.1  41751 41785 (58215) + (TTTTA)n        Simple_repeat         1     34     (0)  19  
  587   11.9  0.3  4.0  NW_015504249.1  42920 43055 (56945) + HAL1-3_ML       LINE/L1            2276   2361   (963)  20  
  357   22.3  8.7 14.8  NW_015504249.1  42983 43019 (56981) C L1-4a_EF        LINE/L1          (9080)    299     149  21 *
  848   21.1  8.1  2.2  NW_015504249.1  43020 43149 (56851) + HAL1-2_ML       LINE/L1            2358   2492   (141)  22  
   35    0.0  0.0  0.0  NW_015504249.1  43150 43179 (56821) + (AC)n           Simple_repeat         1     30     (0)  23  
  848   21.1  8.1  2.2  NW_015504249.1  43180 43309 (56691) + HAL1-2_ML       LINE/L1            2493   2632     (1)  24  
   13   29.0  1.5  4.5  NW_015504249.1  44486 44553 (55447) + (TTA)n          Simple_repeat         1     66     (0)  25  
   21    0.0  0.0  0.0  NW_015504249.1  46362 46384 (53616) + (TC)n           Simple_repeat         1     23     (0)  26  
   18   21.6  0.0  7.5  NW_015504249.1  46706 46762 (53238) + GA-rich         Low_complexity        1     53     (0)  27  
  851   25.9 13.7  4.7  NW_015504249.1  47337 48060 (51940) + L1M5            LINE/L1            2827   3612  (2534)  28  
 1391   17.8  9.9  4.0  NW_015504249.1  48229 48562 (51438) C MER21C_BT       LTR/ERV1           (15)    943     591  29  
 2485   16.9  7.9  2.6  NW_015504249.1  48758 49302 (50698) C MER21C_BT       LTR/ERV1          (385)    573       1  29  
  330   28.4  4.7 11.1  NW_015504249.1  49303 49578 (50422) + L1M5            LINE/L1            3733   3992  (2154)  28  
  587   20.0  7.7  0.0  NW_015504249.1  49645 49774 (50226) + L1MC4           LINE/L1            6465   6604  (1438)  30  
 1283   21.5 11.3  1.1  NW_015504249.1  49789 50174 (49826) + L1MC4           LINE/L1            6513   7024  (1018)  30  
  261   22.0  0.0  0.0  NW_015504249.1  50175 50224 (49776) + MLT1G1          LTR/ERVL-MaLR         1     50   (529)  31  
  412   26.7  1.8 10.4  NW_015504249.1  50259 50425 (49575) + MLT1G1          LTR/ERVL-MaLR       414    567     (2)  31  
 1664   26.6  9.8  5.3  NW_015504249.1  50434 51124 (48876) + MLT1G1-int      LTR/ERVL-MaLR        88    808   (681)  31  
 1968   19.2  2.6  4.8  NW_015504249.1  51131 51551 (48449) C MLT2D           LTR/ERVL            (0)    414       3  32  
 1916   25.4  6.8  1.3  NW_015504249.1  51600 52173 (47827) + MLT1G1-int      LTR/ERVL-MaLR       884   1488     (1)  31  
  985   20.8  8.1 11.2  NW_015504249.1  52177 52496 (47504) + MLT1G1          LTR/ERVL-MaLR         3    313   (266)  31  
 1777   24.3  1.5  0.3  NW_015504249.1  52787 53326 (46674) + L1MC4           LINE/L1            7049   7639   (403)  30  
 1230   12.4  4.7  1.8  NW_015504249.1  53328 53541 (46459) + Ves3_ML         SINE/tRNA             3    222    (10)  33  
  564   24.8 14.3  1.0  NW_015504249.1  53544 53808 (46192) + L1MC4           LINE/L1            7613   7912   (130)  34  
  242   18.4  3.4  2.2  NW_015504249.1  53798 53886 (46114) C Zisupton-6_DR   DNA/Zisupton    (13422)   8694    8605  35 *
  346   20.1 10.4  4.2  NW_015504249.1  53877 54011 (45989) + L1MC4           LINE/L1            7900   8042     (0)  30  
 1436   25.0 12.9  1.7  NW_015504249.1  54017 54650 (45350) + L1M5            LINE/L1            4015   4718  (1428)  28  
  804   26.2 11.2  0.3  NW_015504249.1  54645 54912 (45088) + L1M5            LINE/L1            5518   5814   (428)  28 *
   16    8.3  0.0  0.0  NW_015504249.1  54936 54961 (45039) + (AGGG)n         Simple_repeat         1     26     (0)  36  
   13   19.5  2.6  2.6  NW_015504249.1  54962 54972 (45028) + GA-rich         Low_complexity        3     39     (0)  37  
  432   20.0  7.9  0.9  NW_015504249.1  54987 55087 (44913) + L1ME3E          LINE/L1            5793   5900   (342)  38  
   13   29.5  1.3  5.4  NW_015504249.1  56015 56091 (43909) + G-rich          Low_complexity        1     74     (0)  39  
  550   20.3 17.7  5.4  NW_015504249.1  58301 58498 (41502) + UCON34          DNA/hAT-Charlie       1    221    (10)  40  
  240   23.8 15.7  1.0  NW_015504249.1  58849 58937 (41063) + MIRc            SINE/MIR            121    222    (46)  41  
  295   25.4  8.3  5.7  NW_015504249.1  62249 62369 (37631) + MIRb            SINE/MIR             21    144   (124)  42  
  763   31.6  3.6  1.9  NW_015504249.1  62431 62788 (37212) + Arthur2         DNA/hAT-Tip100      619    982  (2718)  43  
  398   31.2  9.1  3.2  NW_015504249.1  63767 64206 (35794) + L2a             LINE/L2            2915   3379    (47)  44  
  596    9.7 12.9  0.0  NW_015504249.1  64523 64615 (35385) C MLT1B           LTR/ERVL-MaLR     (285)    105       1  45  
  576   30.0 11.9  0.0  NW_015504249.1  65415 65641 (34359) + LTR86B1         LTR/ERVL            240    493     (0)  46  
  323   27.6  5.0  3.3  NW_015504249.1  65969 66088 (33912) C L2a             LINE/L2             (0)   3426    3305  47  
   13   29.4  0.0  3.9  NW_015504249.1  67414 67466 (32534) + G-rich          Low_complexity        1     51     (0)  48  
  454   32.4  5.1  3.9  NW_015504249.1  68919 69673 (30327) C L1M6            LINE/L1           (446)   5933    5166  49  
  298   19.9  4.6  5.2  NW_015504249.1  70378 70501 (29499) C L1-6_LA         LINE/L1          (2964)   4620    4549  50  
  264   21.1  0.0  0.0  NW_015504249.1  70491 70542 (29458) C L2a             LINE/L2             (0)   3426    3375  51 *
  320   26.2  8.2  2.7  NW_015504249.1  70613 70930 (29070) C L1M6            LINE/L1          (4025)   2471    2137  49  
  852   29.8 10.4  7.8  NW_015504249.1  71202 72233 (27767) C L1M6            LINE/L1          (4665)   1831     775  49  
  571    9.4 23.6  0.0  NW_015504249.1  72598 72703 (27297) C DNA1-2_ML       DNA                 (0)    131       1  52  
  516   26.2  0.0  0.0  NW_015504249.1  72704 72808 (27192) + Zisupton-6_DR   DNA/Zisupton       9331   9435 (12681)  53  
  345   28.3  0.0  0.0  NW_015504249.1  72739 72830 (27170) + Gypsy-31-LTR_DR LTR/Gypsy            89    180   (774)  54 *
 1059   16.1  7.1  0.0  NW_015504249.1  73996 74206 (25794) C Ves2B_ML        SINE/tRNA          (24)    228       3  55  
  606   31.3 11.4  0.9  NW_015504249.1  74209 74505 (25495) C MLT1M           LTR/ERVL-MaLR     (326)    346      19  56  
  694   25.4  4.4  2.2  NW_015504249.1  75662 75886 (24114) + MIRb            SINE/MIR             38    267     (1)  57  
  229   27.0  3.1  3.1  NW_015504249.1  77343 77407 (22593) C L2a             LINE/L2             (3)   3423    3359  58  
  390   28.0  9.2  5.4  NW_015504249.1  78892 79140 (20860) C L1ME4a          LINE/L1             (0)   6124    5867  59  
 1115   18.4  0.4  2.2  NW_015504249.1  80023 80255 (19745) C L1-4_PVa        LINE/L1            (60)   6761    6533  60  
 1032   13.1  5.0  1.1  NW_015504249.1  80224 80426 (19574) C MLT1C2          LTR/ERVL-MaLR     (191)    222       5  61 *
   16   14.5  0.0  0.0  NW_015504249.1  80437 80467 (19533) + (CATAA)n        Simple_repeat         1     31     (0)  62  
   15   12.9  0.0  5.6  NW_015504249.1  83507 83544 (16456) + (CCTGAGG)n      Simple_repeat         1     36     (0)  63  
  304   26.7  6.5 17.6  NW_015504249.1  86484 86728 (13272) + L1MEd           LINE/L1              50    271  (6815)  64  
  342   31.3  0.8  3.9  NW_015504249.1  86855 86987 (13013) + L1MEd           LINE/L1             487    615  (6471)  64  
 1259   13.3  2.4  0.3  NW_015504249.1  87060 87276 (12724) + Ves2_ML         SINE/tRNA             1    222    (10)  65  
 2190   24.7 12.1  4.2  NW_015504249.1  87292 88569 (11431) + L1MEd           LINE/L1             681   2055  (5031)  64  
  281   29.2  7.4  0.6  NW_015504249.1  90608 90755  (9245) C MIRb            SINE/MIR           (27)    241      84  66  
  230   30.5  7.4  2.4  NW_015504249.1  91325 91445  (8555) + MIRb            SINE/MIR             77    203    (65)  67  
   65   32.4  1.9  3.2  NW_015504249.1  91881 92198  (7802) + (TC)n           Simple_repeat         1    314     (0)  68  
   16   17.6  0.0  0.0  NW_015504249.1  93800 93826  (6174) + A-rich          Low_complexity        1     27     (0)  69  
   23   18.7  0.0  0.0  NW_015504249.1  95512 95560  (4440) + (CTCC)n         Simple_repeat         1     49     (0)  70  
  877   14.2  5.8  1.0  NW_015504249.1  95565 95740  (4260) + Ves2B_ML        SINE/tRNA            29    252     (0)  71  
  616   14.4  5.0  0.8  NW_015504249.1  96627 96745  (3255) + DNA1-2_ML       DNA                   1    124     (7)  72  
  585   22.7  0.0  2.5  NW_015504249.1  96793 96914  (3086) C MIRc            SINE/MIR           (99)    169      51  73  
   12   24.6  0.0  4.4  NW_015504249.1  97221 97267  (2733) + (TTTATTT)n      Simple_repeat         1     45     (0)  74  
 1700   10.1 14.9  0.0  NW_015504249.1  98877 99152   (848) C LTR39A_ML       LTR/ERV1          (464)    490     174  75  
 1231   21.0 20.2  0.2  NW_015504249.1  99166 99556   (444) C L1MB7           LINE/L1             (0)   6184    5716  76  
 1137   14.4  3.8  0.4  NW_015504249.1  99597 99815   (185) + Ves2_ML         SINE/tRNA             1    223     (9)  77  
