   SW   perc perc perc  query           position in query     matching       repeat            position in repeat
score   div. del. ins.  sequence        begin end    (left)   repeat         class/family    begin  end    (left)  ID

  547   14.4  0.0  1.0  NW_015504249.1      1    98 (99902) C L2             LINE/L2         (1077)   2342   2246   1 *
 6010   13.1  0.9  1.2  NW_015504249.1     97  1082 (98918) + L1-2a_EF       LINE/L1           5627   6609   (63)   2  
  479    5.2  0.0  0.0  NW_015504249.1   1373  1430 (98570) C L1-3_PVa       LINE/L1          (461)   6093   6036   3  
 1793   24.8 12.9  1.0  NW_015504249.1   1455  2146 (97854) C L2             LINE/L2         (1152)   2267   1495   1  
 2652   25.4 16.3  1.6  NW_015504249.1   2147  3286 (96714) C L2             LINE/L2         (2093)   1326     21   1  
  760   25.8  3.0  1.6  NW_015504249.1   3645  3877 (96123) + L1M4           LINE/L1           4824   5033 (1113)   4  
   16   18.1  0.0  0.0  NW_015504249.1   4063  4095 (95905) + (TCTC)n        Simple_repeat        1     33    (0)   5  
   16   11.1  2.2  7.0  NW_015504249.1   4116  4160 (95840) + (TATTTTT)n     Simple_repeat        1     43    (0)   6  
   16   31.8  0.0  1.6  NW_015504249.1   4161  4176 (95824) + (TATTTT)n      Simple_repeat        5     64    (0)   7  
   22    6.1  5.9  0.0  NW_015504249.1   4183  4216 (95784) + (AG)n          Simple_repeat        1     36    (0)   8  
  696   17.6 13.3  0.0  NW_015504249.1   4360  4524 (95476) + L1M4           LINE/L1           5320   5506  (673)   4  
  261   15.4  4.5  2.9  NW_015504249.1   4612  4678 (95322) C L1M5           LINE/L1          (392)   5772   5705   9  
 1349   22.0  8.6  3.0  NW_015504249.1   5070  5486 (94514) C L1M5           LINE/L1          (518)   5724   5285   9  
  368   13.9  2.5  2.5  NW_015504249.1   5480  5560 (94440) C L1MA10         LINE/L1            (0)   6334   6254  10 *
 2351   21.9  7.7  0.3  NW_015504249.1   5562  6261 (93739) C L1M5           LINE/L1          (817)   5329   4578   9  
   16   24.7  0.0  0.0  NW_015504249.1   6426  6460 (93540) + (TC)n          Simple_repeat        1     35    (0)  11  
   17   12.5  0.0  0.0  NW_015504249.1   6499  6524 (93476) + (A)n           Simple_repeat        1     26    (0)  12  
 3777   22.1  6.3  5.3  NW_015504249.1   6525  7918 (92082) C L1M5           LINE/L1         (1559)   4587   3181   9  
   17   21.6  7.0  1.3  NW_015504249.1   8110  8180 (91820) + (ATTTT)n       Simple_repeat        1     75    (0)  13  
   19   14.9  0.0  0.0  NW_015504249.1   8395  8425 (91575) + (TC)n          Simple_repeat        1     31    (0)  14  
  347   20.0  1.1  0.0  NW_015504249.1   8456  8550 (91450) C L1M5           LINE/L1         (3119)   3027   2932   9  
  257   18.4  0.0  0.0  NW_015504249.1   8549  8597 (91403) C L1M5           LINE/L1          (860)   5302   5254  15 *
   18    4.8  0.0  0.0  NW_015504249.1   8742  8763 (91237) + (AG)n          Simple_repeat        1     22    (0)  16  
  563   20.9 11.9  0.9  NW_015504249.1   9336  9528 (90472) C L1M5           LINE/L1          (900)   5246   5033  15  
   18    0.0  0.0  0.0  NW_015504249.1   9870  9892 (90108) + (TTAT)n        Simple_repeat        1     23    (0)  17  
 1885   14.1  1.3  7.6  NW_015504249.1  10090 10465 (89535) C L1MB5          LINE/L1           (31)   6143   5790  18  
 7735   16.4  8.9  0.4  NW_015504249.1  10703 12593 (87407) + L1MB8          LINE/L1           3601   5664  (550)  19  
  946   16.2  5.9  5.4  NW_015504249.1  12594 12815 (87185) + L1MB8          LINE/L1           5950   6172    (6)  19  
   30   10.6  0.0  3.7  NW_015504249.1  17803 17858 (82142) + (GGGA)n        Simple_repeat        1     54    (0)  20  
  685   29.1  1.6  0.0  NW_015504249.1  22887 23144 (76856) + L2             LINE/L2           2591   2852  (567)  21  
   18   17.8  4.3  2.1  NW_015504249.1  23335 23380 (76620) + GA-rich        Low_complexity       1     47    (0)  22  
   11   27.7  0.0  2.3  NW_015504249.1  23570 23614 (76386) + (CTTAACT)n     Simple_repeat        1     44    (0)  23  
   15    9.1  0.0  0.0  NW_015504249.1  23683 23706 (76294) + (TCA)n         Simple_repeat        1     24    (0)  24  
   13   12.6  0.0  3.7  NW_015504249.1  23952 23979 (76021) + (ATA)n         Simple_repeat        1     27    (0)  25  
 2142   14.5  1.5  3.5  NW_015504249.1  24670 25061 (74939) C L1MB3          LINE/L1            (1)   6182   5814  26  
   15   20.3  0.0  0.0  NW_015504249.1  25076 25110 (74890) + GA-rich        Low_complexity       1     35    (0)  27  
 9437   15.3  0.9  1.1  NW_015504249.1  25263 26955 (73045) C L1-3a_EF       LINE/L1          (368)   6245   4557  28  
  480   22.0  1.7  0.0  NW_015504249.1  26959 27076 (72924) C L1-4_PVa       LINE/L1            (0)   6821   6702  29 *
 1059   10.1  1.8  0.0  NW_015504249.1  27075 27243 (72757) C L1MB3_EC       LINE/L1         (1015)   5199   5028  30  
   16    0.0  0.0  0.0  NW_015504249.1  27256 27273 (72727) + (AC)n          Simple_repeat        1     18    (0)  31  
   19    8.1  0.0  0.0  NW_015504249.1  27274 27299 (72701) + (GT)n          Simple_repeat        1     26    (0)  32  
 2437   13.9  2.9  0.0  NW_015504249.1  27509 27926 (72074) C L1MB3_EC       LINE/L1         (1175)   5039   4610  30  
   17    5.0  0.0  0.0  NW_015504249.1  28246 28266 (71734) + (TC)n          Simple_repeat        1     21    (0)  33  
   27    7.6  4.8  0.0  NW_015504249.1  28274 28315 (71685) + (AT)n          Simple_repeat        1     44    (0)  34  
   15   15.0  0.0  0.0  NW_015504249.1  29427 29456 (70544) + (CATT)n        Simple_repeat        1     30    (0)  35  
  307   16.7  0.0  0.0  NW_015504249.1  29737 29790 (70210) C L2             LINE/L2          (338)   3081   3028  36  
   23   18.8  0.0  0.0  NW_015504249.1  34297 34339 (65661) + (AC)n          Simple_repeat        1     43    (0)  37  
 2569   19.7  6.9  1.1  NW_015504249.1  34758 35265 (64735) + MLT1F          LTR/ERVL-MaLR        1    537   (11)  38  
  353   28.3  2.8  0.0  NW_015504249.1  37503 37608 (62392) + L2             LINE/L2           2700   2808  (611)  39  
   29    0.0  0.0  0.0  NW_015504249.1  38030 38054 (61946) + (AT)n          Simple_repeat        1     25    (0)  40  
   12   14.4  0.0  0.0  NW_015504249.1  40783 40806 (59194) + (GAAA)n        Simple_repeat        1     24    (0)  41  
   11   13.2  5.7  2.8  NW_015504249.1  41883 41917 (58083) + (GGCAAG)n      Simple_repeat        1     36    (0)  42  
   11   11.7  7.3  4.8  NW_015504249.1  42701 42741 (57259) + (AGGCTC)n      Simple_repeat        1     42    (0)  43  
  378   30.6  2.8  2.4  NW_015504249.1  44901 45111 (54889) + L2             LINE/L2           2733   2944  (475)  44  
   30    0.0  0.0  0.0  NW_015504249.1  46587 46612 (53388) + (GA)n          Simple_repeat        1     26    (0)  45  
  249   33.5  5.5  1.0  NW_015504249.1  46946 47144 (52856) + L1-1E_Cpo      LINE/L1           1559   1766 (5407)  46  
   24   28.0  1.4  0.0  NW_015504249.1  47414 47482 (52518) + (AT)n          Simple_repeat        1     70    (0)  47  
   30    0.0  0.0  0.0  NW_015504249.1  49569 49594 (50406) + (AC)n          Simple_repeat        1     26    (0)  48  
 1187   11.9 10.5  0.4  NW_015504249.1  49940 50158 (49842) + Ves2B_ML       SINE/tRNA            1    241   (11)  49  
 4245   10.8 10.7  1.5  NW_015504249.1  50802 51532 (48468) C LTR18C_ML      LTR/ERV1           (0)    797      1  50  
  563   27.4 10.3  3.1  NW_015504249.1  51859 52314 (47686) + L1MC4          LINE/L1           1523   2010 (4294)  51  
 1103   16.0  4.0  1.3  NW_015504249.1  52448 52669 (47331) + Ves3_ML        SINE/tRNA            3    230    (2)  52  
  908   25.1  8.4  2.2  NW_015504249.1  52645 53840 (46160) + L1MC4          LINE/L1           1967   3244 (2965)  51 *
   13    0.0  0.0  0.0  NW_015504249.1  53843 53859 (46141) + (TTA)n         Simple_repeat        1     17    (0)  53  
 1043   17.5  1.9 11.6  NW_015504249.1  53862 54126 (45874) C Ves4_ML        SINE/tRNA          (8)    242      1  54  
   17    7.8  0.0  0.0  NW_015504249.1  54281 54307 (45693) + (AACAA)n       Simple_repeat        1     27    (0)  55  
   23   13.7  6.2  0.0  NW_015504249.1  54425 54483 (45517) + (AT)n          Simple_repeat        1     62    (0)  56  
  650   25.5  4.7  2.4  NW_015504249.1  54587 54979 (45021) + L1B-1_Cho      LINE/L1           2916   3187 (3764)  57  
  301   18.4  1.3  0.0  NW_015504249.1  54984 55059 (44941) C HAL1-2_ML      LINE/L1            (1)   2632   2556  58  
   13   34.9  1.6  0.0  NW_015504249.1  55344 55404 (44596) + A-rich         Low_complexity       1     62    (0)  59  
   53    0.0  0.0  0.0  NW_015504249.1  55405 55452 (44548) + (GAAG)n        Simple_repeat        1     48    (0)  60  
 1776   23.6 10.2  0.0  NW_015504249.1  56140 56617 (43383) + MLT1F1         LTR/ERVL-MaLR       43    569    (0)  61  
  448   24.7  5.7  0.5  NW_015504249.1  56618 56792 (43208) + L1MEg          LINE/L1           1558   1741 (4501)  62  
  926   18.6  2.7  0.4  NW_015504249.1  56824 57044 (42956) + L1MEg          LINE/L1           4487   4712 (1434)  62  
  308   20.1  0.0  2.2  NW_015504249.1  57174 57260 (42740) + L1MC4          LINE/L1           4762   4850 (1427)  51 *
  439   24.8  2.6  0.0  NW_015504249.1  57255 57367 (42633) + Cheshire_Mars_ DNA/hAT-Charlie      8    123 (1270)  63  
  926   17.7  1.0  4.0  NW_015504249.1  57424 57629 (42371) + L1MD           LINE/L1           4749   4948 (1198)  64  
   33    5.1  0.0  0.0  NW_015504249.1  57630 57670 (42330) + (A)n           Simple_repeat        1     41    (0)  65  
   45   11.4  0.0  0.0  NW_015504249.1  57818 57883 (42117) + (A)n           Simple_repeat        1     66    (0)  66  
 1928   19.7  5.9  3.5  NW_015504249.1  57898 58402 (41598) + LTR40a         LTR/ERVL             3    519    (0)  67  
  892   16.7  5.6  0.4  NW_015504249.1  58403 58618 (41382) + L1M4           LINE/L1           4958   5184  (962)  68  
 1564   13.4  7.4  0.0  NW_015504249.1  58620 58902 (41098) + L1MC1          LINE/L1           6021   6324    (9)  69  
 1003   17.9  2.9  0.1  NW_015504249.1  58940 59148 (40852) + Ves2_ML        SINE/tRNA            1    216   (16)  70  
 1217   17.1 20.7  0.0  NW_015504249.1  59155 59488 (40512) + L1M4           LINE/L1           5315   5717  (467)  68  
  798   11.1 12.3  1.2  NW_015504249.1  59481 59635 (40365) C Ves3_ML        SINE/tRNA          (3)    229     58  71 *
   13   30.2  0.0  3.2  NW_015504249.1  61171 61235 (38765) + (CCCCGCC)n     Simple_repeat        1     63    (0)  72  
 1091   16.4  4.8  1.3  NW_015504249.1  61752 61980 (38020) C Ves4_ML        SINE/tRNA         (12)    238      2  73  
  745   15.2  3.6  0.0  NW_015504249.1  63764 63901 (36099) C Ves2_ML        SINE/tRNA        (126)    143      1  74  
  994   17.2  7.2  1.2  NW_015504249.1  65092 65326 (34674) C Ves4_ML        SINE/tRNA          (1)    249      1  75  
  700   11.8 20.7  0.8  NW_015504249.1  67567 67762 (32238) C Ves2_ML        SINE/tRNA          (2)    230      1  76  
  743   16.4 21.1  0.9  NW_015504249.1  68752 68936 (31064) C Ves2_ML        SINE/tRNA         (10)    222      1  77  
 1094   12.2  3.5  0.1  NW_015504249.1  69024 69234 (30766) + Ves2_ML        SINE/tRNA            2    232    (0)  78  
   18    0.0  4.5  0.0  NW_015504249.1  69594 69615 (30385) + (AT)n          Simple_repeat        1     23    (0)  79  
   29    0.0  0.0  0.0  NW_015504249.1  70298 70322 (29678) + (AC)n          Simple_repeat        1     25    (0)  80  
  917   11.5  7.2  0.1  NW_015504249.1  73343 73525 (26475) C Ves2_ML        SINE/tRNA         (16)    216     12  81  
 1087   15.8  9.6  0.8  NW_015504249.1  73919 74148 (25852) + Ves4_ML        SINE/tRNA            1    250    (0)  82  
  924   12.5  4.0  0.1  NW_015504249.1  74174 74358 (25642) + Ves2_ML        SINE/tRNA           24    223    (9)  83  
 1148   12.2  3.4  5.9  NW_015504249.1  74714 74922 (25078) C DNAX1_Opr      DNA/hAT-Charlie    (0)    204      1  84  
 1401   14.9  3.3  0.8  NW_015504249.1  75430 75673 (24327) + Ves4_ML        SINE/tRNA            1    250    (0)  85  
  882   16.6  8.4  0.0  NW_015504249.1  77361 77560 (22440) + Ves2_ML        SINE/tRNA            2    223    (0)  86  
  521   26.6  7.6  4.0  NW_015504249.1  79738 80223 (19777) + L1ME4a         LINE/L1           5615   6117    (7)  87  
  496   18.5  3.2  0.8  NW_015504249.1  80334 80458 (19542) + L1MB8          LINE/L1           6049   6176    (2)  88  
  967   16.0 13.5  1.2  NW_015504249.1  81003 81224 (18776) + Ves4_ML        SINE/tRNA            1    249    (1)  89  
   12   20.3  4.1  4.1  NW_015504249.1  81404 81452 (18548) + A-rich         Low_complexity       1     49    (0)  90  
  304   20.3  1.4  0.0  NW_015504249.1  81458 81531 (18469) + L1ME4a         LINE/L1           5595   5669  (455)  91  
  333   19.8 14.2  0.0  NW_015504249.1  81565 81670 (18330) + L1ME4a         LINE/L1           5752   5872  (252)  91  
  317   29.9  3.7  0.0  NW_015504249.1  82291 82397 (17603) + L1ME3G         LINE/L1           5496   5606  (571)  92  
   18   12.1  0.0  0.0  NW_015504249.1  82985 83012 (16988) + (AT)n          Simple_repeat        1     28    (0)  93  
  989   13.7  5.0  0.5  NW_015504249.1  83160 83371 (16629) + Ves2_ML        SINE/tRNA            1    231    (1)  94  
 2537   17.9  7.0  3.1  NW_015504249.1  83913 85095 (14905) C Charlie1a      DNA/hAT-Charlie   (84)   1371      6  95  
  282   24.6 14.5  0.7  NW_015504249.1  85272 85402 (14598) C L1ME3G         LINE/L1          (347)   5830   5682  96  
   18    0.0  0.0  0.0  NW_015504249.1  85941 85960 (14040) + (G)n           Simple_repeat        1     20    (0)  97  
  668   18.9  3.5  0.7  NW_015504249.1  85961 86104 (13896) C Ves2_ML        SINE/tRNA        (121)    148      1  98  
  781   14.7 21.8  0.8  NW_015504249.1  87368 87573 (12427) C Ves2B_ML       SINE/tRNA          (3)    249      1  99  
   15   13.9  0.0  0.0  NW_015504249.1  88114 88137 (11863) + (A)n           Simple_repeat        1     24    (0) 100  
  859   19.4  3.5  0.6  NW_015504249.1  88140 88347 (11653) + Ves2_ML        SINE/tRNA            1    228    (4) 101  
   15    0.0  0.0  0.0  NW_015504249.1  88969 88985 (11015) + (AC)n          Simple_repeat        1     17    (0) 102  
  721   14.9  8.8  2.6  NW_015504249.1  92420 92619  (7381) C Ves2_ML        SINE/tRNA         (21)    211      1 103  
 2288   14.8  6.4  0.5  NW_015504249.1  92996 93591  (6409) + LTR13_PVa      LTR/ERV1             1    678    (0) 104  
 1255    7.5  2.2  0.1  NW_015504249.1  93761 93961  (6039) C Ves2_ML        SINE/tRNA         (11)    221      2 105  
 1476   12.2  9.0  2.5  NW_015504249.1  94087 94420  (5580) C LTR54_PVa      LTR/ERV1          (14)    437     83 106  
  722   18.3 17.3  3.2  NW_015504249.1  94421 94640  (5360) + Ves4_ML        SINE/tRNA            1    250    (0) 107  
  517   11.0  0.0  1.2  NW_015504249.1  94640 94722  (5278) C ERV54B-EC_LTR  LTR/ERV1         (364)     95     14 108 *
  785   14.8  3.7  2.6  NW_015504249.1  94748 94934  (5066) C HAL1-2_ML      LINE/L1            (4)   2629   2441 109  
  368   19.4 34.1  2.2  NW_015504249.1  95141 95330  (4670) C Ves4_ML        SINE/tRNA          (0)    250      1 110  
  301   24.6  0.0  6.4  NW_015504249.1  95540 95639  (4361) C Ves4_ML        SINE/tRNA        (156)     94      1 111  
