   SW   perc perc perc  query           position in query     matching    repeat            position in repeat
score   div. del. ins.  sequence        begin end    (left)   repeat      class/family    begin  end    (left)  ID

  257   23.5  7.4  0.0  NW_015504249.1    865   945 (99055) + MIR3_MarsA  SINE/MIR            40    126   (88)   1  
  539   16.5  9.0  1.7  NW_015504249.1   1440  1548 (98452) C L1ME3       LINE/L1            (6)   6156   6040   2  
 1453   10.7  3.3  4.2  NW_015504249.1   1549  1791 (98209) + Ves4_ML     SINE/tRNA            2    242    (8)   3  
 1449   21.1  7.9  5.9  NW_015504249.1   1802  2280 (97720) C L1ME3       LINE/L1          (107)   6055   5568   2  
 1053   15.2 15.5  1.2  NW_015504249.1   2271  2489 (97511) C Ves4_ML     SINE/tRNA          (0)    250      1   4 *
 1173   16.1  3.3  0.2  NW_015504249.1   2503  2716 (97284) C Ves2_ML     SINE/tRNA          (2)    221      1   5  
  590   17.2  8.5  0.0  NW_015504249.1   2719  2855 (97145) C L1ME3       LINE/L1          (574)   5588   5438   2  
  305   22.1  1.9  6.9  NW_015504249.1   2847  2953 (97047) C MIRb        SINE/MIR          (78)    190     89   6 *
  423   15.8  4.8  1.2  NW_015504249.1   3046  3128 (96872) + Ves2B_ML    SINE/tRNA            1     86  (166)   7  
   63    4.5  0.0  0.0  NW_015504249.1   3196  3265 (96735) + (CTCCC)n    Simple_repeat        1     70    (0)   8  
  226   25.5  0.9  1.9  NW_015504249.1   3996  4103 (95897) + Ves2_ML     SINE/tRNA          160    266    (3)   9 *
  513   23.1  2.5  6.8  NW_015504249.1   4101  4300 (95700) C MamGypLTR2b LTR/Gypsy         (28)    894    703  10  
  281   28.0 10.5  6.5  NW_015504249.1   4658  4924 (95076) C MamGypLTR2b LTR/Gypsy        (604)    318     42  10  
  537   13.3 37.1  0.6  NW_015504249.1   5012  5150 (94850) + Ves4_ML     SINE/tRNA            1    181   (71)  11  
  364   12.6  0.0  7.8  NW_015504249.1   5646  5714 (94286) + Ves4_ML     SINE/tRNA          185    248    (2)  11  
  277   19.6  0.0  0.0  NW_015504249.1   5949  5999 (94001) C MIRb        SINE/MIR         (131)    137     87  12  
  824   15.0  7.5  0.6  NW_015504249.1   7026  7186 (92814) C L1ME4b      LINE/L1            (8)   6137   5966  13  
   18    0.0  0.0  0.0  NW_015504249.1   8195  8217 (91783) + (CTGG)n     Simple_repeat        1     23    (0)  14  
 1193   14.3  7.0  1.8  NW_015504249.1  14357 14569 (85431) C Ves2B_ML    SINE/tRNA         (28)    224      1  15  
  946   15.7 11.7  2.6  NW_015504249.1  14785 14995 (85005) C Ves2_ML     SINE/tRNA          (5)    264      1  16  
  979   25.5 18.4  1.8  NW_015504249.1  15169 15802 (84198) + L2          LINE/L2           2010   2747  (672)  17  
  454   26.6  5.7  4.5  NW_015504249.1  15819 15995 (84005) + L2          LINE/L2           2890   3068  (351)  17  
  244   16.9 15.7  0.0  NW_015504249.1  17845 17927 (82073) C L1ME3G      LINE/L1          (778)   5399   5304  18  
  830   16.2  9.7  7.8  NW_015504249.1  17936 18163 (81837) C L1MB3       LINE/L1            (7)   6176   5945  19  
  330   23.2  4.8  1.2  NW_015504249.1  18237 18319 (81681) C Ves2B_ML    SINE/tRNA        (166)     86      1  20  
  848   14.1  3.5  2.1  NW_015504249.1  18320 18489 (81511) C L1MB4       LINE/L1          (313)   5978   5839  21  
   12   13.9  4.4  6.8  NW_015504249.1  18547 18591 (81409) + (AGTTTT)n   Simple_repeat        1     44    (0)  22  
  870   19.8  8.9  0.1  NW_015504249.1  19194 19388 (80612) C Ves2_ML     SINE/tRNA          (1)    222      1  23  
 1156   19.2  4.1  2.8  NW_015504249.1  19400 19645 (80355) C Ves4_ML     SINE/tRNA          (1)    249      1  24  
  258   14.3  0.0 12.5  NW_015504249.1  19828 19899 (80101) C L1ME2z      LINE/L1           (49)   6395   6332  25  
  449   29.1 13.2  2.7  NW_015504249.1  20049 20320 (79680) C L1ME3Cz     LINE/L1          (620)   5630   5331  26  
  343   21.9 12.9  2.1  NW_015504249.1  20879 21075 (78925) C LTR39C_ML   LTR/ERV1         (119)    810    600  27  
 1018   15.8  6.1  0.1  NW_015504249.1  21088 21298 (78702) C Ves2_ML     SINE/tRNA          (4)    228      2  28  
  634   13.2  5.5  3.7  NW_015504249.1  21405 21544 (78456) + L1MEc       LINE/L1           2292   2431 (3890)  29  
 1328   18.1  2.8  3.2  NW_015504249.1  21545 21795 (78205) + Ves4_ML     SINE/tRNA            1    250    (0)  30  
 2753   24.4  6.2  1.4  NW_015504249.1  21838 22730 (77270) + L1MEc       LINE/L1           2468   3402 (2919)  29  
 1178   17.4  7.1  2.6  NW_015504249.1  25687 25910 (74090) C Ves2B_ML    SINE/tRNA          (5)    247     14  31  
  599   17.1 11.8  5.5  NW_015504249.1  25949 26122 (73878) + Ves2B_ML    SINE/tRNA            1    220   (32)  32  
   28    0.0  0.0  0.0  NW_015504249.1  31614 31640 (68360) + (T)n        Simple_repeat        1     27    (0)  33  
 1218   14.8  4.8  0.5  NW_015504249.1  36563 36772 (63228) + Ves3_ML     SINE/tRNA            3    221   (11)  34  
  304   26.1  1.7 10.0  NW_015504249.1  40080 40198 (59802) C MIR1_Amn    SINE/MIR          (85)    145     36  35  
  240   28.1  1.6  0.0  NW_015504249.1  42901 42964 (57036) C MIRb        SINE/MIR          (14)    254    190  36  
 1597   24.0 10.7  0.8  NW_015504249.1  42979 43519 (56481) + L2          LINE/L2           1835   2428  (991)  37  
 1055   12.4  5.9  0.0  NW_015504249.1  43532 43682 (56318) + Ves2_ML     SINE/tRNA            1    160  (109)  38  
   37    0.0  0.0  0.0  NW_015504249.1  43683 43714 (56286) + (TC)n       Simple_repeat        1     32    (0)  39  
 1055   15.3  9.9  0.3  NW_015504249.1  43715 43768 (56232) + Ves2_ML     SINE/tRNA          161    229    (3)  38  
 1156   16.2  7.4  1.4  NW_015504249.1  43790 44059 (55941) + L2          LINE/L2           2449   2734  (685)  37  
  335   14.3  1.8  0.0  NW_015504249.1  44366 44421 (55579) + MIRc        SINE/MIR           124    180   (88)  40  
  232   18.9  2.5 15.3  NW_015504249.1  47080 47160 (52840) C L2a         LINE/L2            (3)   3423   3352  41  
   12   32.1  0.0  3.4  NW_015504249.1  47577 47637 (52363) + (AGCCC)n    Simple_repeat        1     59    (0)  42  
  423   26.6  2.6  0.0  NW_015504249.1  48370 48482 (51518) + L2b         LINE/L2           3047   3162  (213)  43  
  545   24.5 17.1  1.5  NW_015504249.1  48892 49061 (50939) C MER91A      DNA/hAT-Tip100     (0)    196      1  44  
  402   30.1  7.0  1.9  NW_015504249.1  50273 50472 (49528) C MIRb        SINE/MIR           (4)    264     55  45  
  500   24.9 13.4  1.6  NW_015504249.1  52445 52615 (47385) + MIRb        SINE/MIR             5    195   (73)  46  
 1189   14.1  2.1  0.5  NW_015504249.1  52646 52875 (47125) + Ves2_ML     SINE/tRNA            3    232    (0)  47  
  436   29.1  5.2  0.0  NW_015504249.1  56364 56497 (43503) C MIRc        SINE/MIR         (111)    157     17  48  
 1316   14.1  5.8  3.2  NW_015504249.1  58322 58563 (41437) C Ves2B_ML    SINE/tRNA          (4)    248      1  49  
 1139   18.5  3.6  0.4  NW_015504249.1  59059 59281 (40719) C Ves3_ML     SINE/tRNA          (0)    232      3  50  
   12   28.2  0.0  0.0  NW_015504249.1  59334 59373 (40627) + G-rich      Low_complexity       1     40    (0)  51  
 1418   13.9  3.3  0.0  NW_015504249.1  60165 60409 (39591) C L1MB7       LINE/L1           (15)   6169   5917  52  
 1038   21.4  1.9  6.1  NW_015504249.1  67107 67414 (32586) + Charlie18a  DNA/hAT-Charlie     47    342    (0)  53  
  595   28.6  2.6  3.5  NW_015504249.1  68707 68934 (31066) + MIRb        SINE/MIR            37    262    (6)  54  
   12    8.2  3.6  3.6  NW_015504249.1  69056 69083 (30917) + (TTTCC)n    Simple_repeat        1     28    (0)  55  
   19   19.0  0.0  0.0  NW_015504249.1  69417 69458 (30542) + (TGTG)n     Simple_repeat        1     42    (0)  56  
  958   22.3  3.5  2.2  NW_015504249.1  70474 70702 (29298) + Ves3_ML     SINE/tRNA            1    232    (0)  57  
  651   23.7  4.4  4.8  NW_015504249.1  72123 72359 (27641) + MIRc        SINE/MIR            39    264   (10)  58  
  728   18.1 10.2  0.0  NW_015504249.1  73115 73280 (26720) C MIRc        SINE/MIR           (3)    265     83  59  
   18    6.2  8.3  2.6  NW_015504249.1  73955 73999 (26001) + (TC)n       Simple_repeat        1     47    (0)  60  
  898   15.0  7.5  0.0  NW_015504249.1  75130 75302 (24698) + Ves2B_ML    SINE/tRNA            1    186   (66)  61  
   15   20.0  0.0  0.0  NW_015504249.1  75983 76011 (23989) + (T)n        Simple_repeat        1     29    (0)  62  
  672   15.6 11.8  8.0  NW_015504249.1  77760 77967 (22033) C Ves3_ML     SINE/tRNA          (0)    269      3  63  
  451   31.2  2.3  1.7  NW_015504249.1  77994 78169 (21831) C L1MC5a      LINE/L1          (143)   7887   7711  64  
  319   31.2  1.7  8.5  NW_015504249.1  78123 78297 (21703) C MIR_Aves2   SINE/MIR          (56)    199     36  65 *
 1102   15.7 12.0  0.8  NW_015504249.1  78475 78699 (21301) + Ves4_ML     SINE/tRNA            1    250    (0)  66  
  319   28.1  4.3  1.7  NW_015504249.1  78777 78892 (21108) C MIRb        SINE/MIR          (68)    200     82  67  
 1620   21.9  6.0  0.7  NW_015504249.1  80660 81078 (18922) + LTR7F_ML    LTR/ERV1           100    540   (25)  68  
 1221   17.6  1.4  1.4  NW_015504249.1  82626 82844 (17156) C MER20       DNA/hAT-Charlie    (0)    219      1  69  
   13   15.5  9.3  0.0  NW_015504249.1  82848 82890 (17110) + (TAATACA)n  Simple_repeat        1     47    (0)  70  
  741   11.6 20.5  0.5  NW_015504249.1  82964 83119 (16881) C Ves2_ML     SINE/tRNA         (82)    187      1  71  
   12   16.2  4.3  6.5  NW_015504249.1  83773 83819 (16181) + (CAGCC)n    Simple_repeat        1     46    (0)  72  
  328   29.1 14.7  3.0  NW_015504249.1  85403 85579 (14421) + MIRb        SINE/MIR            23    219   (49)  73  
  421   30.5  7.5  2.5  NW_015504249.1  88050 88445 (11555) + L1ME3A      LINE/L1           5808   6232   (10)  74  
   19   22.6  0.0  0.0  NW_015504249.1  89362 89402 (10598) + A-rich      Low_complexity       1     41    (0)  75  
   18   18.1  0.0  0.0  NW_015504249.1  90257 90288  (9712) + A-rich      Low_complexity       1     32    (0)  76  
  879   14.6  9.4 11.2  NW_015504249.1  90433 90686  (9314) + Ves4_ML     SINE/tRNA            1    250    (0)  77  
  424   21.5  8.0  1.0  NW_015504249.1  91375 91524  (8476) + MIRc        SINE/MIR             9    167  (107)  78  
  460   26.9  1.2  9.2  NW_015504249.1  91584 91747  (8253) C MIRc        SINE/MIR          (15)    253    102  79  
  521   22.5  1.6  4.0  NW_015504249.1  92160 92339  (7661) C MIRb        SINE/MIR          (45)    223     55  80  
  351   21.9  5.5  1.2  NW_015504249.1  92849 92947  (7053) + Ves2B_ML    SINE/tRNA            3    139   (93)  81  
 1275   14.3  4.0  4.0  NW_015504249.1  93004 93251  (6749) + Ves4_ML     SINE/tRNA            1    248    (2)  82  
 2715   21.1  6.9  5.8  NW_015504249.1  93471 94296  (5704) + L1ME1       LINE/L1           5330   6164   (15)  83  
  350   20.7 13.7  4.2  NW_015504249.1  96449 96579  (3421) + MIRc        SINE/MIR           112    254   (14)  84 *
 1242   14.9  1.1  0.9  NW_015504249.1  96570 96804  (3196) C Ves2_ML     SINE/tRNA          (4)    228      1  85  
   14    5.0  0.0  0.0  NW_015504249.1  96816 96836  (3164) + (TGA)n      Simple_repeat        1     21    (0)  86  
  249   15.3  0.0  2.4  NW_015504249.1  97534 97585  (2415) + Ves3_ML     SINE/tRNA           57    107  (143)  87  
 1231   12.0  3.9  0.8  NW_015504249.1  97596 97824  (2176) C Ves2_ML     SINE/tRNA          (2)    230      1  88  
  712   15.3  1.8 11.6  NW_015504249.1  97825 97993  (2007) + Ves2B_ML    SINE/tRNA           88    241   (11)  89  
   14    7.0  6.2  3.0  NW_015504249.1  98000 98031  (1969) + (ACA)n      Simple_repeat        1     33    (0)  90  
   11   27.7  0.0  0.0  NW_015504249.1  98353 98391  (1609) + (TTTCAT)n   Simple_repeat        1     39    (0)  91  
  492   29.9  7.2  2.9  NW_015504249.1  98480 98744  (1256) C L1ME3G      LINE/L1          (113)   6064   5789  92  
  666   13.9 10.1  1.7  NW_015504249.1  98863 99047   (953) + Ves3_ML     SINE/tRNA            1    252    (0)  93  
  311   30.3  1.6  3.3  NW_015504249.1  99358 99480   (520) C L1ME3G      LINE/L1          (351)   5826   5706  94  
  861   16.2  5.5  1.6  NW_015504249.1  99602 99783   (217) C MER5A       DNA/hAT-Charlie    (0)    189      1  95  
