   SW   perc perc perc  query           position in query     matching     repeat             position in repeat
score   div. del. ins.  sequence        begin end    (left)   repeat       class/family     begin  end    (left)  ID

  254   30.1  1.4  0.0  NW_015504249.1    810   882 (99118) + L2c          LINE/L2            3313   3386    (1)   1  
   12   16.5  0.0  0.0  NW_015504249.1   3561  3587 (96413) + G-rich       Low_complexity        1     27    (0)   2  
  364   10.0  8.3  2.6  NW_015504249.1   3752  3823 (96177) + LTR13_PVa    LTR/ERV1            569    644   (34)   3  
 1459   26.6  9.5  1.2  NW_015504249.1   3846  4469 (95531) + L1ME3G       LINE/L1            1098   1772 (5349)   4  
  228   14.6  0.0  0.0  NW_015504249.1   4474  4512 (95488) + LTR18A_ML    LTR/ERV1              4     42  (698)   5  
  614   17.3 11.1  0.0  NW_015504249.1   4513  4686 (95314) + Ves2_ML      SINE/tRNA             1    222   (10)   6  
 2428   19.1 15.1  2.1  NW_015504249.1   4688  5296 (94704) + LTR18A_ML    LTR/ERV1             27    714   (26)   5  
  354   30.4  2.0  0.7  NW_015504249.1   5319  5464 (94536) + L1ME3G       LINE/L1            1764   1911 (5210)   4  
  385   19.4  1.4  0.0  NW_015504249.1   5518  5589 (94411) + Arthur1C     DNA/hAT-Tip100      291    363    (0)   7  
  266   25.7  2.7  9.2  NW_015504249.1   5590  5804 (94196) + L1ME3G       LINE/L1            1899   2100 (5021)   4  
  691   12.6 23.9  0.6  NW_015504249.1   6001  6181 (93819) + Ves2B_ML     SINE/tRNA             1    231    (1)   8  
  285   21.8  4.7  2.3  NW_015504249.1   6190  6316 (93684) + L1ME3G       LINE/L1            2897   3026 (3120)   4  
  831   18.5  5.1  3.0  NW_015504249.1   6332  6526 (93474) C Ves3_ML      SINE/tRNA           (1)    231     33   9  
  276   26.4  7.1 10.9  NW_015504249.1   6539  7031 (92969) + L1ME3G       LINE/L1            2995   3470 (2676)   4  
 1139   12.2  2.5  0.7  NW_015504249.1   7084  7308 (92692) C Ves2_ML      SINE/tRNA           (0)    232      1  10  
  669   29.2  6.5  8.0  NW_015504249.1   7309  7765 (92235) C MLT1H2       LTR/ERVL-MaLR      (36)    453      3  11  
  381   17.5 20.4  0.0  NW_015504249.1   7799  7901 (92099) + L1MD3        LINE/L1            7730   7853  (142)  12  
   16   23.3  0.0  0.0  NW_015504249.1   7904  7938 (92062) + (T)n         Simple_repeat         1     35    (0)  13  
  282   24.5  6.5  0.0  NW_015504249.1   7985  8123 (91877) + L1MD3        LINE/L1            7839   7986    (9)  12 *
 1344   12.4  1.7  2.6  NW_015504249.1   8095  8325 (91675) C Ves3_ML      SINE/tRNA           (1)    231      3  14  
  341   15.4  6.4  3.1  NW_015504249.1   8326  8407 (91593) + L1MC3        LINE/L1            7701   7785    (0)  15 *
 1698   27.2  7.5  2.2  NW_015504249.1   8407  9153 (90847) + L1ME3G       LINE/L1            3492   4277 (1869)   4  
  477   32.8  4.4  2.2  NW_015504249.1  10576 10831 (89169) + L1ME3G       LINE/L1            5670   5931  (246)   4  
   47    0.0  0.0  0.0  NW_015504249.1  10832 10871 (89129) + (GT)n        Simple_repeat         1     40    (0)  16  
  477   32.8  4.4  2.2  NW_015504249.1  10872 10885 (89115) + L1ME3G       LINE/L1            5932   5945  (232)   4  
 1152   10.5  4.5  1.2  NW_015504249.1  11009 11230 (88770) C Ves2_ML      SINE/tRNA           (2)    230      1  17  
   12   27.1  0.0  2.2  NW_015504249.1  11578 11623 (88377) + (CCTGCA)n    Simple_repeat         1     45    (0)  18  
  468   14.7  2.9  0.0  NW_015504249.1  13462 13563 (86437) + Ves2B_ML     SINE/tRNA             1    142  (110)  19  
  589   27.9  9.4  0.5  NW_015504249.1  15178 15379 (84621) + MIRb         SINE/MIR              3    222   (46)  20  
   18   23.0  2.0  0.0  NW_015504249.1  15594 15611 (84389) + A-rich       Low_complexity        1     35   (17)  21  
   14    8.2  3.9  0.0  NW_015504249.1  15612 15637 (84363) + (AAAT)n      Simple_repeat         1     27    (0)  22  
 1779   21.1  8.5  3.6  NW_015504249.1  17470 17951 (82049) + MLT1D        LTR/ERVL-MaLR         1    505    (0)  23  
  285   25.3  1.3  0.0  NW_015504249.1  18407 18481 (81519) + L2b          LINE/L2            3300   3375    (0)  24  
   19    4.3  0.0  0.0  NW_015504249.1  18575 18598 (81402) + (CA)n        Simple_repeat         1     24    (0)  25  
  359   26.8  5.6  2.3  NW_015504249.1  20714 20839 (79161) + MIRc         SINE/MIR             20    149  (119)  26  
  767   34.8  5.5  2.6  NW_015504249.1  22573 23024 (76976) + Charlie29a   DNA/hAT-Charlie      14    478  (270)  27  
 1044   27.7 10.0  1.9  NW_015504249.1  23073 23553 (76447) + L2a          LINE/L2            2887   3410   (16)  28  
 3003   18.9  5.2  2.2  NW_015504249.1  23572 24285 (75715) C L1MC4a       LINE/L1            (10)   7872   7138  29  
 2722   24.6  8.0  2.8  NW_015504249.1  24253 25107 (74893) C L1MC4a       LINE/L1           (544)   7338   6403  30 *
 2000   19.8  5.0  1.8  NW_015504249.1  25108 25549 (74451) C MLT1C2       LTR/ERVL-MaLR       (0)    461      6  31  
 1568   22.7  4.5  3.3  NW_015504249.1  25539 26048 (73952) C L1MC4a       LINE/L1          (1425)   6457   5942  32 *
  803   27.5  7.1  0.6  NW_015504249.1  26484 26779 (73221) C L1MC4a       LINE/L1          (1983)   5899   5585  32  
 1824   22.1  8.4  0.6  NW_015504249.1  26782 27231 (72769) C MLT1D        LTR/ERVL-MaLR       (0)    505     21  33  
  388   25.7  6.2  0.0  NW_015504249.1  27863 27975 (72025) C L1MD3        LINE/L1             (1)   7994   7875  34  
  658   24.2  4.9  1.1  NW_015504249.1  28028 28258 (71742) C L1MC4a       LINE/L1           (249)   6110   5872  30  
  445   32.4  1.7  3.4  NW_015504249.1  28223 28401 (71599) C MER3         DNA/hAT-Charlie    (33)    176      1  35 *
  442   29.1  4.7  1.5  NW_015504249.1  28493 28602 (71398) C MLT1F1       LTR/ERVL-MaLR       (8)    561    439  36  
  420   17.0  3.9  1.3  NW_015504249.1  28603 28704 (71296) + Ves2B_ML     SINE/tRNA             1    139   (93)  37  
  563   25.8  1.9  0.0  NW_015504249.1  28838 28992 (71008) C MLT1F1       LTR/ERVL-MaLR     (107)    441    284  36  
  922   21.3 13.3  1.3  NW_015504249.1  29088 29358 (70642) C MLT1F1       LTR/ERVL-MaLR     (266)    303      1  36  
 1097   17.8  3.3  0.9  NW_015504249.1  30008 30222 (69778) C Ves3_ML      SINE/tRNA          (10)    222      3  38  
  256   30.0  1.2  7.8  NW_015504249.1  30299 30461 (69539) + L2a          LINE/L2            3272   3424    (2)  39  
  824   22.2  4.4  0.0  NW_015504249.1  30638 30817 (69183) C MER20        DNA/hAT-Charlie     (0)    219     32  40  
  935   14.2  7.9  0.1  NW_015504249.1  31442 31626 (68374) C Ves2_ML      SINE/tRNA          (11)    212      5  41  
  523   20.7  0.0  3.5  NW_015504249.1  31826 31945 (68055) C MLT1H2       LTR/ERVL-MaLR     (105)    384    269  42  
  472   26.9  1.7  0.0  NW_015504249.1  31970 32101 (67899) C MLT1H2       LTR/ERVL-MaLR     (340)    209     50  42 *
 1133   17.5 10.6  0.4  NW_015504249.1  32098 32315 (67685) C Ves4_ML      SINE/tRNA          (10)    240      1  43  
  715   29.4  8.9  0.3  NW_015504249.1  32406 32732 (67268) + L2a          LINE/L2            3072   3426    (0)  44  
   24    3.6  0.0  0.0  NW_015504249.1  34472 34500 (65500) + (GT)n        Simple_repeat         1     29    (0)  45  
 1745   27.4  7.0  1.0  NW_015504249.1  34554 35113 (64887) C MER77B       LTR/ERVL          (107)    593      1  46  
  438   26.0  8.7  0.0  NW_015504249.1  35193 35319 (64681) + MLT1A        LTR/ERVL-MaLR       226    363   (11)  47  
 1994   20.7  9.0  1.2  NW_015504249.1  35365 35829 (64171) C MLT1D        LTR/ERVL-MaLR       (1)    504      4  48  
 1061   13.9  4.6  0.6  NW_015504249.1  36815 37025 (62975) + Ves2_ML      SINE/tRNA             2    222   (10)  49  
  561   18.1 14.7  0.8  NW_015504249.1  37044 37242 (62758) + Ves2B_ML     SINE/tRNA             1    269    (0)  50  
 1059   17.6  1.1  1.8  NW_015504249.1  37732 37957 (62043) + Ves2B_ML     SINE/tRNA             1    222   (10)  51  
   15    4.0  0.0  7.1  NW_015504249.1  38016 38057 (61943) + (GGGGT)n     Simple_repeat         1     39    (0)  52  
   12   17.7  0.0  5.9  NW_015504249.1  38374 38409 (61591) + G-rich       Low_complexity        1     34    (0)  53  
  895   16.5  1.6  4.3  NW_015504249.1  41210 41399 (58601) + Ves2B_ML     SINE/tRNA             1    185   (67)  54  
   28   20.6  0.0  0.0  NW_015504249.1  41400 41455 (58545) + A-rich       Low_complexity        1     56    (0)  55  
  343   29.8  6.2  1.3  NW_015504249.1  43587 43732 (56268) C MIRb         SINE/MIR           (16)    252    100  56  
  806   23.6 14.9  1.1  NW_015504249.1  44653 44900 (55100) C LTR33        LTR/ERVL          (228)    287      6  57  
  541   32.3 13.0  0.7  NW_015504249.1  46018 46410 (53590) C L1ME3G       LINE/L1           (288)   5889   5449  58  
  227   15.6  0.0  2.2  NW_015504249.1  49548 49593 (50407) + L2b          LINE/L2            3330   3374    (1)  59  
  297   20.3  3.1  0.0  NW_015504249.1  49753 49816 (50184) C L2b          LINE/L2             (0)   3375   3310  60  
  423   11.7  0.0  0.0  NW_015504249.1  52200 52259 (47741) C Ves4_ML      SINE/tRNA         (187)     63      4  61  
   16   17.0  2.4  2.4  NW_015504249.1  52269 52310 (47690) + (TTTA)n      Simple_repeat         1     42    (0)  62  
 1033   17.4  5.2  1.4  NW_015504249.1  52317 52526 (47474) C Ves2B_ML     SINE/tRNA          (34)    218      1  63  
  902   15.9  1.8  0.6  NW_015504249.1  52582 52746 (47254) C L1-3_PVa     LINE/L1             (7)   6547   6381  64  
  642   19.9  9.8  1.2  NW_015504249.1  52806 52958 (47042) + Ves4_ML      SINE/tRNA             1    166   (84)  65  
  348   11.3  0.0  1.9  NW_015504249.1  53145 53198 (46802) + Ves4_ML      SINE/tRNA           198    250    (0)  65  
 4224   20.7  8.3  1.4  NW_015504249.1  53618 54704 (45296) C L1MC4a       LINE/L1             (0)   7882   6722  66  
  859   19.4 17.3  3.8  NW_015504249.1  55529 55903 (44097) C L1MC5a       LINE/L1            (10)   7937   7514  67  
 1256   21.1  7.5  2.9  NW_015504249.1  55904 56234 (43766) C L1MC5a       LINE/L1          (1037)   6993   6648  67  
  940   20.5  2.7  2.9  NW_015504249.1  57082 57375 (42625) C Ves4_ML      SINE/tRNA          (15)    254      1  68  
   14   14.9  5.4  0.0  NW_015504249.1  57711 57747 (42253) + (GTGTGA)n    Simple_repeat         1     39    (0)  69  
  798   12.2 22.3  2.6  NW_015504249.1  57788 57980 (42020) C Ves3_ML      SINE/tRNA           (0)    232      3  70  
  499   20.6 11.9  3.7  NW_015504249.1  58776 58951 (41049) + L1ME1        LINE/L1            5944   6133   (46)  71  
 2131   18.2  5.7  0.5  NW_015504249.1  64346 64747 (35253) C MLT1E3       LTR/ERVL-MaLR       (4)    620    198  72  
  981   14.8 12.2  0.4  NW_015504249.1  64754 64991 (35009) C L1MAB_EC     LINE/L1             (7)   6887   6622  73  
  397   14.7 47.0  0.6  NW_015504249.1  65003 65139 (34861) C MLT1E3       LTR/ERVL-MaLR     (418)    206      8  72  
 2283   17.8  8.6  6.0  NW_015504249.1  67749 68363 (31637) C L1MAB_EC     LINE/L1             (0)   6894   6265  74  
  334   19.4  6.5 13.1  NW_015504249.1  69707 69741 (30259) C Ves3_ML      SINE/tRNA           (4)    228    201  75  
   71    1.4  1.4  0.0  NW_015504249.1  69742 69812 (30188) + (ATTT)n      Simple_repeat         1     72    (0)  76  
  400   18.9  6.3  7.1  NW_015504249.1  69813 69974 (30026) C Ves2B_ML     SINE/tRNA          (32)    200      1  75  
  377   26.3  2.6  2.6  NW_015504249.1  70844 70960 (29040) C L2           LINE/L2           (456)   2963   2847  77  
  844   19.6  1.1  0.6  NW_015504249.1  70972 71145 (28855) C L1-4_PVa     LINE/L1             (1)   6820   6646  78 *
 1070   23.3 11.3  0.5  NW_015504249.1  71145 71489 (28511) C L2           LINE/L2           (557)   2862   2481  77  
 4165   15.2  5.9  0.4  NW_015504249.1  71532 72263 (27737) C L1MD1        LINE/L1             (0)   6633   5862  79  
 1188   17.0  5.2  0.0  NW_015504249.1  72292 72503 (27497) C Ves2B_ML     SINE/tRNA          (29)    223      1  80  
 2148   11.3  5.8  0.0  NW_015504249.1  72504 72847 (27153) C L1MD1        LINE/L1          (2373)   4164   3801  79 *
 2456   21.4  7.3  8.3  NW_015504249.1  72844 73532 (26468) C L1MD1        LINE/L1          (5590)   1043     21  79  
  400   12.5  9.1  0.0  NW_015504249.1  73532 73619 (26381) C L2           LINE/L2           (949)   2470   2375  81 *
 1992   25.0  8.2  2.2  NW_015504249.1  73621 74312 (25688) C L2           LINE/L2          (1868)   1551    819  81  
 1155   13.6  3.0  0.1  NW_015504249.1  74316 74538 (25462) + Ves2_ML      SINE/tRNA             1    232    (0)  82  
  813   26.3 12.2  0.7  NW_015504249.1  74540 74941 (25059) C L2           LINE/L2          (2644)    775    328  81  
  394   13.7 17.9  0.0  NW_015504249.1  76027 76121 (23879) C L1-3_PVa     LINE/L1             (8)   6546   6435  83  
  499   22.2 15.5  2.3  NW_015504249.1  77373 77559 (22441) C Ves2B_ML     SINE/tRNA          (10)    222      1  84  
  276   25.8 16.3  8.9  NW_015504249.1  77711 78092 (21908) C L1ME4a       LINE/L1            (35)   6089   5678  85  
 1172   14.1  4.3  8.2  NW_015504249.1  78134 78387 (21613) + Ves2B_ML     SINE/tRNA             1    245    (7)  86  
   16   17.8  5.3  0.0  NW_015504249.1  81056 81093 (18907) + (TA)n        Simple_repeat         1     40    (0)  87  
  295   19.5 25.4  1.4  NW_015504249.1  81687 81863 (18137) C L1ME4a       LINE/L1           (216)   5908   5690  88  
 1890   17.1 13.0  0.2  NW_015504249.1  83115 83483 (16517) + MER47B       DNA/TcMar-Tigger      2    417    (1)  89  
 3040   23.1  7.6  4.3  NW_015504249.1  83710 84762 (15238) C L1ME3B       LINE/L1             (5)   6237   5173  90  
 1838   18.6  4.7  2.8  NW_015504249.1  84771 85196 (14804) C L1ME2        LINE/L1             (1)   6163   5730  91  
   29   25.6  5.6  0.9  NW_015504249.1  85197 85304 (14696) + (AT)n        Simple_repeat         1    113    (0)  92  
 4398   18.6  6.4  1.3  NW_015504249.1  85305 86226 (13774) C L1MD1        LINE/L1             (4)   6238   5271  93  
 3423   15.2 11.1  0.7  NW_015504249.1  86222 86860 (13140) C L1MB4        LINE/L1             (2)   6178   5470  94 *
   60    0.0  0.0  0.0  NW_015504249.1  86861 86914 (13086) + (ATTC)n      Simple_repeat         1     54    (0)  95  
 3423   15.2 11.1  0.7  NW_015504249.1  86915 86974 (13026) C L1MB4        LINE/L1           (711)   5469   5407  94  
  802   15.8  6.7  0.5  NW_015504249.1  86999 87204 (12796) C L1MAB_EC     LINE/L1          (2724)   4170   4030  96 *
  978    9.0  9.6  0.0  NW_015504249.1  87132 87298 (12702) C Tigger2a_Car DNA/TcMar-Tigger  (158)    183      1  97  
 5442   15.8 10.3  1.2  NW_015504249.1  87300 88513 (11487) C L1MB3_EC     LINE/L1          (3981)   2233    911  98  
   15   27.7  6.3  2.0  NW_015504249.1  88990 89006 (10994) + (ATGTAT)n    Simple_repeat         1     39   (60)  99  
   17   32.6  0.0  1.9  NW_015504249.1  89007 89061 (10939) + (AT)n        Simple_repeat         1     54    (0) 100  
   15   27.7  6.3  2.0  NW_015504249.1  89062 89084 (10916) + (ATGTAT)n    Simple_repeat        40     99    (0)  99  
  357   23.6 19.8  3.6  NW_015504249.1  93170 93336  (6664) C L1ME4b       LINE/L1             (6)   6139   5947 101  
   26    3.5  0.0  0.0  NW_015504249.1  93538 93567  (6433) + (GGGAA)n     Simple_repeat         1     30    (0) 102  
  797   18.4 14.4  4.8  NW_015504249.1  95177 95405  (4595) + Ves2B_ML     SINE/tRNA             3    252    (0) 103  
 1002   16.8 12.0  0.4  NW_015504249.1  96293 96525  (3475) + MLT2B4       LTR/ERVL              6    265  (291) 104  
  570   10.7  0.0  0.0  NW_015504249.1  96757 96840  (3160) C L1MB2        LINE/L1             (2)   6169   6086 105  
   20   11.4  1.8  9.4  NW_015504249.1  96888 96944  (3056) + (TTA)n       Simple_repeat         1     53    (0) 106  
  826   16.8 12.7  0.5  NW_015504249.1  97007 97203  (2797) C Ves3_ML      SINE/tRNA          (11)    221      1 107  
 1776   22.6  5.1  0.2  NW_015504249.1  98605 99092   (908) C LTR53        LTR/ERVL            (0)    519      8 108  
  877   13.8 15.1  0.5  NW_015504249.1  99269 99469   (531) C Ves2B_ML     SINE/tRNA           (0)    269      1 109  
