   SW   perc perc perc  query           position in query     matching      repeat             position in repeat
score   div. del. ins.  sequence        begin end    (left)   repeat        class/family     begin  end    (left)  ID

  356   25.1  7.9  0.8  NW_015504249.1    177   388 (99612) C L1ME3Cz       LINE/L1           (436)   5814   5626   1  
  392   31.1  1.4  2.2  NW_015504249.1    542   679 (99321) C MIR_Mars      SINE/MIR           (49)    214     78   2  
 1763   19.3 10.7  0.7  NW_015504249.1   1424  1835 (98165) + MLT1C2        LTR/ERVL-MaLR         9    461    (0)   3  
  460   23.9 11.0  1.9  NW_015504249.1   2666  2810 (97190) + L2a           LINE/L2            3269   3426    (0)   4  
  227   27.6  0.0  1.4  NW_015504249.1   2977  3062 (96938) C MIR_Mars      SINE/MIR           (99)    169     85   5  
   22   17.1  4.0  5.5  NW_015504249.1   4238  4311 (95689) + G-rich        Low_complexity        1     73    (0)   6  
 1322   20.4  9.2  1.6  NW_015504249.1   4418  4765 (95235) + MLT1A         LTR/ERVL-MaLR         1    374    (0)   7  
  370   23.0  4.0  1.0  NW_015504249.1   4990  5090 (94910) + MLT1K         LTR/ERVL-MaLR        78    181  (414)   8 *
  829   28.2 10.2  0.2  NW_015504249.1   5087  5449 (94551) C L2a           LINE/L2            (10)   3416   3018   9  
 1405   26.1 14.6  1.1  NW_015504249.1   5508  6173 (93827) C L2a           LINE/L2           (530)   2889   2135   9  
  852   21.7 19.6  1.5  NW_015504249.1   6242  6583 (93417) + MLT1K         LTR/ERVL-MaLR       186    588    (7)   8  
   13   23.4  4.2  5.6  NW_015504249.1   6880  6951 (93049) + (ATTATTT)n    Simple_repeat         1     71    (0)  10  
  268   36.4  5.0  1.0  NW_015504249.1   8940  9139 (90861) C MIRb          SINE/MIR            (8)    260     53  11  
  291   29.6  0.0  0.0  NW_015504249.1   9161  9241 (90759) C L1MC4         LINE/L1             (0)   7882   7802  12  
  820   30.5  1.4  5.3  NW_015504249.1   9757 10127 (89873) C L1MC4         LINE/L1           (878)   7164   6808  12  
 1454   20.2 15.9  0.5  NW_015504249.1  10346 10728 (89272) + MLT1C2        LTR/ERVL-MaLR        20    461    (0)  13  
 1002   20.6  8.6  2.4  NW_015504249.1  11543 11776 (88224) + Ves4_ML       SINE/tRNA             1    248    (2)  14  
  401   34.7  3.0  0.5  NW_015504249.1  13321 13517 (86483) C L2a           LINE/L2             (1)   3425   3224  15  
  497   23.9  3.0  3.1  NW_015504249.1  14363 14529 (85471) + MLT1J2        LTR/ERVL-MaLR       254    414   (30)  16  
  315   31.4 11.2  0.0  NW_015504249.1  14785 14972 (85028) C L1MC5a        LINE/L1            (54)   7976   7768  17  
 1777   18.3  3.6  5.2  NW_015504249.1  14974 15387 (84613) C MLT2D         LTR/ERVL            (6)    408      1  18  
  495   24.8  9.1  0.6  NW_015504249.1  15388 15530 (84470) C L1MC5a        LINE/L1           (258)   7772   7617  17  
  510   11.0  2.4  0.0  NW_015504249.1  15904 15985 (84015) + Ves2_ML       SINE/tRNA             1     84  (185)  19  
  847   11.9  1.4  3.6  NW_015504249.1  15987 16126 (83874) + Ves2_ML       SINE/tRNA            16    152  (117)  20  
  800   13.8  2.9  3.7  NW_015504249.1  16127 16262 (83738) + Ves3_ML       SINE/tRNA            88    222   (10)  21  
  237   30.5  1.2  2.4  NW_015504249.1  16685 16768 (83232) + MIRb          SINE/MIR            121    203   (65)  22  
  444   29.1  2.0  1.3  NW_015504249.1  17149 17298 (82702) + MIRb          SINE/MIR             97    247   (21)  23  
 2961   10.2  2.9  0.2  NW_015504249.1  17879 18647 (81353) C HAL1-3_ML     LINE/L1             (1)   3323   1885  24  
 3353   12.9  0.7  0.3  NW_015504249.1  18680 19266 (80734) C HAL1-3_ML     LINE/L1          (2024)   1324    559  25  
 2294   12.7  1.4  0.6  NW_015504249.1  19261 19623 (80377) C HAL1-3_ML     LINE/L1          (2910)    414     49  25 *
 1322   22.5 12.4  0.5  NW_015504249.1  21040 21409 (78591) C MER68C        LTR/ERVL            (2)    417      4  26  
  943   28.1 10.9  2.6  NW_015504249.1  23241 23624 (76376) C MLT1J2        LTR/ERVL-MaLR      (31)    417      3  27  
  973   13.0  0.2  1.7  NW_015504249.1  24734 25014 (74986) + (TCTG)n       Simple_repeat         1    276    (0)  28  
  347   17.2  0.0  0.0  NW_015504249.1  25299 25356 (74644) + MER6          DNA/TcMar-Tigger      1     58  (807)  29  
  606   14.6  7.3  0.0  NW_015504249.1  25358 25467 (74533) + MER6A         DNA/TcMar-Tigger    485    602    (3)  30  
 1826   12.1  1.4  0.0  NW_015504249.1  25556 25835 (74165) C Tigger1a_Mars DNA/TcMar-Tigger    (0)    834    551  31  
  348   29.5  1.8  0.0  NW_015504249.1  26846 26957 (73043) C MIR_Aves1     SINE/MIR           (93)    171     58  32  
  447   31.3  1.7  1.7  NW_015504249.1  28133 28311 (71689) + MIRc          SINE/MIR             78    256   (12)  33  
   12   22.7  0.0  0.0  NW_015504249.1  29222 29253 (70747) + (CGTG)n       Simple_repeat         1     32    (0)  34  
   16   18.1  0.0  0.0  NW_015504249.1  30888 30920 (69080) + (CATC)n       Simple_repeat         1     33    (0)  35  
  366   32.7  1.2  1.9  NW_015504249.1  30921 31082 (68918) C L2a           LINE/L2             (0)   3426   3266  36  
  673   29.0  3.3  0.9  NW_015504249.1  31206 31417 (68583) + MIRb          SINE/MIR             30    246   (22)  37  
   13   14.7  3.3  0.0  NW_015504249.1  32764 32793 (67207) + A-rich        Low_complexity        1     31    (0)  38  
 1941   20.3  5.2  0.7  NW_015504249.1  32982 33422 (66578) + MLT1C2        LTR/ERVL-MaLR         1    461    (0)  39  
  350   26.2  0.5  6.8  NW_015504249.1  35485 35612 (64388) C MIRb          SINE/MIR          (140)    123      4  40 *
 1111   12.9  2.9  0.1  NW_015504249.1  35602 35810 (64190) + Ves2_ML       SINE/tRNA             1    222   (10)  41  
   59    0.0  0.0  0.0  NW_015504249.1  36419 36468 (63532) + (CA)n         Simple_repeat         1     50    (0)  42  
  701   17.0  5.6  0.7  NW_015504249.1  36469 36607 (63393) C Ves4_ML       SINE/tRNA         (103)    147      2  43  
  483   20.2  0.0  0.0  NW_015504249.1  37863 37951 (62049) C L2            LINE/L2           (518)   2901   2813  44  
  312   14.3  7.9  0.0  NW_015504249.1  37979 38041 (61959) C MLT1D         LTR/ERVL-MaLR       (0)    505    438  45  
  316   28.9  2.6  0.0  NW_015504249.1  40907 41026 (58974) C MIRc          SINE/MIR          (121)    147     23  46  
  233   26.2  1.5  4.5  NW_015504249.1  41173 41240 (58760) C L2a           LINE/L2             (5)   3421   3356  47  
 1333   14.3  4.8  4.4  NW_015504249.1  41990 42237 (57763) C Ves4_ML       SINE/tRNA           (1)    249      1  48  
  705   21.7 10.8  2.7  NW_015504249.1  42367 42570 (57430) + Ves2_ML       SINE/tRNA             1    220   (12)  49  
 2984   12.7  1.0  1.8  NW_015504249.1  42591 43086 (56914) C Tigger1       DNA/TcMar-Tigger    (0)   2418   1927  50  
   13   14.2  4.7  4.7  NW_015504249.1  43142 43184 (56816) + G-rich        Low_complexity        1     43    (0)  51  
   34    0.0  0.0  0.0  NW_015504249.1  43197 43225 (56775) + (TG)n         Simple_repeat         1     29    (0)  52  
 1838   20.5  8.1  0.9  NW_015504249.1  44564 44996 (55004) + MLT1C         LTR/ERVL-MaLR         2    465    (2)  53  
 1609   10.4  4.0  2.4  NW_015504249.1  45294 45540 (54460) C Ves2B_ML      SINE/tRNA           (1)    251      1  54  
 1420   16.6  2.9  0.4  NW_015504249.1  46957 47408 (52592) + LTR14_ML      LTR/ERV1             31    614    (0)  55  
  395   22.0  1.9  1.9  NW_015504249.1  47488 47607 (52393) C MIRb          SINE/MIR           (60)    208     93  56  
  504   24.7 14.4  3.4  NW_015504249.1  47645 47887 (52113) C L1ME3G        LINE/L1            (74)   6103   5835  57  
 1708   18.3  5.9  0.3  NW_015504249.1  47960 48299 (51701) + MLT1A0        LTR/ERVL-MaLR         6    364    (1)  58  
  979   28.7  2.6  2.4  NW_015504249.1  48300 48636 (51364) + L1ME3G        LINE/L1            5401   5738  (439)  59  
   17   12.5  0.0  0.0  NW_015504249.1  48754 48779 (51221) + (T)n          Simple_repeat         1     26    (0)  60  
 1269   11.6  2.1  0.3  NW_015504249.1  48973 49193 (50807) C Ves2_ML       SINE/tRNA          (10)    222      1  61  
  576   25.9  1.6  6.4  NW_015504249.1  49194 49440 (50560) C HAL1          LINE/L1           (186)   2321   2086  62  
 1157   14.3  2.3  1.9  NW_015504249.1  49446 49659 (50341) C MER44A        DNA/TcMar-Tigger   (23)    316    102  63  
 1273   21.4  0.3  7.8  NW_015504249.1  49680 49968 (50032) C MER44c_Laf    DNA/TcMar-Tigger  (399)    270      2  64  
  358   22.0  3.3  1.6  NW_015504249.1  49969 50084 (49916) C HAL1          LINE/L1           (409)   2098   1981  62  
  310   27.5  6.2  0.7  NW_015504249.1  50607 50734 (49266) C L1MEg         LINE/L1          (4652)   1432   1298  65  
   14   22.4  0.0  4.5  NW_015504249.1  50815 50860 (49140) + (ATTT)n       Simple_repeat         1     44    (0)  66  
   18   18.7  0.0  0.0  NW_015504249.1  50862 50893 (49107) + GA-rich       Low_complexity        1     32    (0)  67  
 1184   20.8 13.0  2.8  NW_015504249.1  52822 53152 (46848) C MLT1A0        LTR/ERVL-MaLR       (0)    365      2  68  
   12   15.8  0.0  3.5  NW_015504249.1  53226 53255 (46745) + (TAT)n        Simple_repeat         1     29    (0)  69  
   18   20.1  5.7  1.8  NW_015504249.1  53412 53464 (46536) + GA-rich       Low_complexity        1     55    (0)  70  
 5116   18.2  2.3  0.9  NW_015504249.1  53632 54728 (45272) C L1-3a_EF      LINE/L1             (2)   6611   5500  71  
  657   23.4 22.7  0.0  NW_015504249.1  54962 55243 (44757) C L1MC5a        LINE/L1          (2241)   5789   5444  72  
   30    0.0  0.0  0.0  NW_015504249.1  61357 61382 (38618) + (GT)n         Simple_repeat         1     26    (0)  73  
 1155   18.7 18.1  2.8  NW_015504249.1  61427 61823 (38177) C MLT1C2        LTR/ERVL-MaLR       (0)    461      5  74  
   17   16.2 10.5  0.0  NW_015504249.1  64226 64282 (35718) + (CATGTG)n     Simple_repeat         1     63    (0)  75 *
   28   26.9  1.0  3.1  NW_015504249.1  64269 64314 (35686) + (ATGTGT)n     Simple_repeat         1     96    (0)  76  
   24   17.3  3.9  0.0  NW_015504249.1  64315 64366 (35634) + (GT)n         Simple_repeat         1     54    (0)  77  
   43    0.0  0.0  0.0  NW_015504249.1  64938 64974 (35026) + (CA)n         Simple_repeat         1     37    (0)  78  
 2382   15.3  8.5  1.0  NW_015504249.1  65402 65871 (34129) + MLT1D         LTR/ERVL-MaLR         1    505    (0)  79  
 1613   20.1 10.3  2.8  NW_015504249.1  66091 66556 (33444) C MLT1F1        LTR/ERVL-MaLR       (2)    567     68  80  
   12   24.1  0.0  0.0  NW_015504249.1  66906 66939 (33061) + (TGAA)n       Simple_repeat         1     34    (0)  81  
  474   22.7 16.7  2.8  NW_015504249.1  67654 67970 (32030) C L1ME4a        LINE/L1            (17)   6107   5748  82  
 2041   15.2  3.2  0.0  NW_015504249.1  72067 72435 (27565) + L1MC3         LINE/L1            7218   7598  (187)  83  
  534   15.1 15.8  6.0  NW_015504249.1  72414 72657 (27343) + L1-3a_EF      LINE/L1            6340   6672    (0)  84 *
   38    0.0  0.0  0.0  NW_015504249.1  72835 72869 (27131) + (CAT)n        Simple_repeat         1     35    (0)  85  
  354   25.3 14.1  1.1  NW_015504249.1  74238 74439 (25561) + MLT1D         LTR/ERVL-MaLR       306    505    (0)  86  
  343   17.8 10.0  0.0  NW_015504249.1  74450 74539 (25461) + MLT1D         LTR/ERVL-MaLR       407    505    (0)  87  
   15   20.4  0.0  0.0  NW_015504249.1  76451 76479 (23521) + GA-rich       Low_complexity        1     29    (0)  88  
  491   22.6  6.8  2.7  NW_015504249.1  79280 79456 (20544) + MLT1F1        LTR/ERVL-MaLR       386    569    (0)  89  
 2878   24.1 10.7  3.3  NW_015504249.1  79457 80656 (19344) + L1MEg         LINE/L1             227   1513 (4729)  90  
 1584   20.5  3.1  5.6  NW_015504249.1  80660 81042 (18958) C MLT1A         LTR/ERVL-MaLR       (0)    374      1  91  
  250   19.1 15.5  6.4  NW_015504249.1  81043 81170 (18830) + L1MEg         LINE/L1            1512   1650 (4592)  90  
 1620   23.1  7.0  1.6  NW_015504249.1  81443 82301 (17699) + L1MEg         LINE/L1            1638   2548 (3598)  90  
  594   26.9  7.0  7.7  NW_015504249.1  83513 83984 (16016) C L1ME4a        LINE/L1           (295)   5829   5361  92  
 1685   20.7  2.1  0.0  NW_015504249.1  84976 85309 (14691) + MER58B        DNA/hAT-Charlie       1    341    (0)  93  
  713   22.9  1.7  2.3  NW_015504249.1  89151 89324 (10676) C L1-3_PVa      LINE/L1          (6381)    173      1  94  
  365   21.8  8.9  1.4  NW_015504249.1  90560 90694  (9306) C L1ME4a        LINE/L1             (4)   6120   5976  95  
 1588   17.2  7.1  5.5  NW_015504249.1  92204 92652  (7348) + MLT1C2        LTR/ERVL-MaLR         6    461    (0)  96  
   15    6.7  5.9  2.9  NW_015504249.1  94849 94882  (5118) + G-rich        Low_complexity        1     35    (0)  97  
   22   17.9  1.9  1.9  NW_015504249.1  96561 96614  (3386) + (CCCTCT)n     Simple_repeat         1     54    (0)  98  
 1263   26.7  9.9  4.0  NW_015504249.1  97371 98107  (1893) C L1MC5a        LINE/L1             (6)   8024   7246  99  
   13    8.5  0.0  3.9  NW_015504249.1  99835 99861   (139) + (GCTGA)n      Simple_repeat         1     26    (0) 100  
