   SW   perc perc perc  query           position in query     matching   repeat            position in repeat
score   div. del. ins.  sequence        begin end    (left)   repeat     class/family    begin  end    (left)  ID

   18   25.6  0.0  2.1  NW_015504249.1   1874  1921 (98079) + GA-rich    Low_complexity       1     47    (0)   1  
   12   14.4  0.0  0.0  NW_015504249.1   2824  2847 (97153) + (ATTC)n    Simple_repeat        1     24    (0)   2  
   20   19.9  6.7  0.0  NW_015504249.1   5415  5474 (94526) + (TTCC)n    Simple_repeat        1     64    (0)   3  
   41    0.0  0.0  0.0  NW_015504249.1   8291  8325 (91675) + (GT)n      Simple_repeat        1     35    (0)   4  
   44    0.0  0.0  0.0  NW_015504249.1   8333  8372 (91628) + (GAAT)n    Simple_repeat        1     40    (0)   5  
  946   25.0  9.3  8.0  NW_015504249.1  10297 10717 (89283) C L1MAB_EC   LINE/L1           (12)   6882   6457   6  
 3021   16.4  4.3  2.9  NW_015504249.1  10720 10915 (89085) C L1MAB_EC   LINE/L1          (336)   6558   6350   7  
   29    0.0  0.0  0.0  NW_015504249.1  10916 10940 (89060) + (TG)n      Simple_repeat        1     25    (0)   8  
 3021   16.4  4.3  2.9  NW_015504249.1  10941 11395 (88605) C L1MAB_EC   LINE/L1          (545)   6349   5899   7  
   18   19.9  0.0  0.0  NW_015504249.1  11405 11439 (88561) + GA-rich    Low_complexity       1     35    (0)   9  
 7820   16.1  2.0  0.6  NW_015504249.1  11609 13159 (86841) C L1MAB_EC   LINE/L1          (966)   5928   4357   7  
 1633   25.3  2.2  3.5  NW_015504249.1  13181 13810 (86190) C L1M3b      LINE/L1         (4668)   1613    992  10  
  175    5.4  0.0  0.0  NW_015504249.1  14874 15069 (84931) + (TTTCT)n   Simple_repeat        1    196    (0)  11  
   15   25.0  0.0  4.0  NW_015504249.1  15129 15180 (84820) + GA-rich    Low_complexity       1     50    (0)  12  
  266   33.1  7.8  2.8  NW_015504249.1  15314 15555 (84445) C L1M3b      LINE/L1         (6027)    254      1  10  
 1219   14.0  3.6  0.0  NW_015504249.1  16238 16483 (83517) C L1-3_PVa   LINE/L1            (0)   6554   6324  13  
 3369   15.7  3.8  1.1  NW_015504249.1  17106 17743 (82257) C L1-4_PVa   LINE/L1            (5)   6816   6162  14  
   11    9.7  8.6  2.7  NW_015504249.1  20440 20474 (79526) + G-rich     Low_complexity       1     37    (0)  15  
   15   16.0  2.9  0.0  NW_015504249.1  20673 20707 (79293) + (CCTCCC)n  Simple_repeat        1     36    (0)  16  
   25   11.8  0.0  0.0  NW_015504249.1  25333 25382 (74618) + (GA)n      Simple_repeat        1     50    (0)  17  
   16   17.3  2.6  0.0  NW_015504249.1  33177 33215 (66785) + A-rich     Low_complexity       1     40    (0)  18  
   38    0.0  0.0  0.0  NW_015504249.1  37525 37559 (62441) + (TGAA)n    Simple_repeat        1     35    (0)  19  
 1713   19.2 16.5  3.2  NW_015504249.1  38270 38765 (61235) + MER68B     LTR/ERVL             3    562    (2)  20  
  227   29.4 12.9  2.7  NW_015504249.1  39552 39722 (60278) C ERVL-E-int LTR/ERVL           (0)   5667   5480  21  
 1506   28.0  8.5  0.3  NW_015504249.1  40193 40744 (59256) C ERVL-E-int LTR/ERVL         (519)   5148   4552  21  
 1458   28.9  2.4  5.3  NW_015504249.1  41070 41731 (58269) + L2         LINE/L2           2167   2810  (609)  22  
   17    0.0  0.0  0.0  NW_015504249.1  45083 45101 (54899) + (C)n       Simple_repeat        1     19    (0)  23  
   15    4.5  4.0  4.0  NW_015504249.1  45221 45245 (54755) + (AG)n      Simple_repeat        1     25    (0)  24  
  112    0.0  0.0  0.0  NW_015504249.1  45386 45483 (54517) + (TCTT)n    Simple_repeat        1     98    (0)  25  
 2078   27.0  9.9  0.2  NW_015504249.1  49670 50386 (49614) C L2         LINE/L2          (338)   3081   2296  26  
 5191   14.0  5.8  0.3  NW_015504249.1  51933 52814 (47186) + L1MC1_EC   LINE/L1           5416   6345    (0)  27  
 1096   28.0  7.7  3.6  NW_015504249.1  54722 55209 (44791) C L1MD2      LINE/L1           (27)   6332   5820  28  
 1245   14.6  2.6  9.2  NW_015504249.1  55996 56260 (43740) C Ves4_ML    SINE/tRNA          (1)    249      1  29  
   13   12.1  3.6  0.0  NW_015504249.1  56401 56428 (43572) + (GAAT)n    Simple_repeat        1     29    (0)  30  
  597   29.4  5.0  2.8  NW_015504249.1  57510 57768 (42232) + L2b        LINE/L2           3106   3420    (6)  31  
   13   21.0  2.1  4.3  NW_015504249.1  57916 57963 (42037) + (CTCTTTT)n Simple_repeat        1     47    (0)  32  
  340   23.4 11.4  0.7  NW_015504249.1  58124 58394 (41606) + L1MEh      LINE/L1           1935   2234    (1)  33  
  252   27.1 13.7  3.0  NW_015504249.1  58463 58892 (41108) + L1M5       LINE/L1           2242   2825 (3321)  34  
 1947   18.9  1.7  3.2  NW_015504249.1  58907 59383 (40617) + L1-2a_EF   LINE/L1           6233   6671    (1)  35  
  602   21.8  4.0 14.5  NW_015504249.1  59093 59419 (40581) C L1-4a_EF   LINE/L1         (9082)    297      1  36 *
  562   25.8  9.9  1.1  NW_015504249.1  59369 59780 (40220) + L1M5       LINE/L1           2824   3271 (2875)  34 *
 1352   26.3  5.5  3.1  NW_015504249.1  59833 60468 (39532) + L1M5       LINE/L1           3371   4021 (2125)  34  
  252   27.1 13.7  3.0  NW_015504249.1  60596 61025 (38975) + L1M3       LINE/L1           2242   2825 (3321)  37  
 1395   17.4  0.6  0.3  NW_015504249.1  61041 61316 (38684) + L1PB1      LINE/L1           6233   6478  (194)  38  
  542   27.6  1.0  4.0  NW_015504249.1  62171 62409 (37591) + L1M3       LINE/L1           3113   3318 (3192)  37  
  855   27.8 14.1  2.3  NW_015504249.1  66496 67041 (32959) + L2         LINE/L2           2473   3081  (338)  39  
  302   32.6  1.7  0.6  NW_015504249.1  69392 69564 (30436) C L1M5       LINE/L1          (285)   5838   5664  40  
  953   26.6 13.8  2.5  NW_015504249.1  72161 72726 (27274) C L2         LINE/L2          (379)   3040   2413  41  
  951   20.5  6.8  0.0  NW_015504249.1  72737 72941 (27059) + Ves2B_ML   SINE/tRNA            1    219   (33)  42  
 2559   17.6  5.5  1.8  NW_015504249.1  72955 73482 (26518) + L1MD1      LINE/L1           5694   6240    (2)  43 *
 3642   22.5  6.0  1.5  NW_015504249.1  73473 74537 (25463) + Charlie21a DNA/hAT-Charlie    102   1213    (0)  44  
  236    5.9  2.9  0.0  NW_015504249.1  74706 74737 (25263) C Ves2B_ML   SINE/tRNA         (12)    240    208  45  
   37    0.0  0.0  0.0  NW_015504249.1  74738 74769 (25231) + (GA)n      Simple_repeat        1     32    (0)  46  
  420   18.5 12.4  0.0  NW_015504249.1  74773 74882 (25118) C Ves2B_ML   SINE/tRNA         (90)    162      2  45  
 1274   16.1  8.7  0.0  NW_015504249.1  75914 76143 (23857) C Ves2B_ML   SINE/tRNA          (2)    250      1  47  
   30    3.0  0.0  0.0  NW_015504249.1  76192 76226 (23774) + (TC)n      Simple_repeat        1     35    (0)  48  
 1115   14.3  1.8  0.0  NW_015504249.1  76235 76402 (23598) C Ves2_ML    SINE/tRNA         (98)    171      1  49  
  655   22.3  9.9  2.6  NW_015504249.1  76404 76615 (23385) + L2         LINE/L2           2769   2995  (424)  50  
   14    8.5  0.0  3.9  NW_015504249.1  77429 77455 (22545) + (TTGT)n    Simple_repeat        1     26    (0)  51  
  259   30.9  5.2  0.0  NW_015504249.1  77498 77633 (22367) + L1-1B_Cho  LINE/L1           4028   4170 (3273)  52  
 7273   16.6  4.1  1.6  NW_015504249.1  77872 79442 (20558) C HAL1-3_ML  LINE/L1            (5)   2628   1009  53  
 1245   17.7  4.4  8.0  NW_015504249.1  80042 80403 (19597) C HAL1-3_PVa LINE/L1         (2988)    360     11  54  
   17    0.0  0.0  0.0  NW_015504249.1  81904 81922 (18078) + (AT)n      Simple_repeat        1     19    (0)  55  
  398   27.0  1.0  4.0  NW_015504249.1  83112 83215 (16785) + L2b        LINE/L2           3269   3369    (6)  56  
   51    2.1  0.0  0.0  NW_015504249.1  94328 94375  (5625) + (GA)n      Simple_repeat        1     48    (0)  57  
  681   14.4  3.1  2.3  NW_015504249.1  94376 94503  (5497) C Ves2B_ML   SINE/tRNA        (110)    142     14  58  
  282   20.7  2.3 10.0  NW_015504249.1  98803 98888  (1112) + HAL1-2_ML  LINE/L1           2439   2518  (115)  59 *
  473   22.9  7.5  1.3  NW_015504249.1  98883 99028   (972) + HAL1-2_ML  LINE/L1           2471   2625    (8)  60  
