   SW   perc perc perc  query           position in query     matching   repeat             position in repeat
score   div. del. ins.  sequence        begin end    (left)   repeat     class/family     begin  end    (left)  ID

  521   30.9  3.2  1.0  NW_015504249.1   1617  1806 (98194) + MIRb       SINE/MIR             59    252   (16)   1  
   13    4.5  4.3  0.0  NW_015504249.1   1992  2014 (97986) + (CCCT)n    Simple_repeat         1     24    (0)   2  
   14   17.5  0.0  0.0  NW_015504249.1   3797  3828 (96172) + GA-rich    Low_complexity        1     32    (0)   3  
 1061   14.6  6.1  0.1  NW_015504249.1   6906  7111 (92889) C Ves2B_ML   SINE/tRNA           (6)    226      2   4  
   40    6.3  0.0  0.0  NW_015504249.1   8279  8328 (91672) + (GGCTGAG)n Simple_repeat         1     50    (0)   5  
   29    7.9  0.0  0.0  NW_015504249.1   9629  9669 (90331) + (CTGCCCT)n Simple_repeat         1     41    (0)   6  
   22    0.0  3.7  0.0  NW_015504249.1  11397 11423 (88577) + (CA)n      Simple_repeat         1     28    (0)   7  
   30    0.0  3.5  0.0  NW_015504249.1  11507 11535 (88465) + (CA)n      Simple_repeat         1     30    (0)   8  
  432   19.6  8.7  0.9  NW_015504249.1  15862 15964 (84036) C MIRb       SINE/MIR          (116)    152     42   9  
 1804   13.2  8.5  0.9  NW_015504249.1  16834 17234 (82766) C L1-4_PVa   LINE/L1           (248)   6573   6196  10  
   13   14.2  7.3  2.3  NW_015504249.1  19376 19416 (80584) + (CTTG)n    Simple_repeat         1     43    (0)  11  
  608   26.3  4.7  8.9  NW_015504249.1  19968 20201 (79799) C LTR18E_ML  LTR/ERV1            (0)    842    618  12  
 1584   23.8  8.3  4.4  NW_015504249.1  20485 21077 (78923) C LTR18E_ML  LTR/ERV1          (169)    615      1  12  
   13   27.9  0.0  0.0  NW_015504249.1  23443 23485 (76515) + (TATTTTT)n Simple_repeat         1     43    (0)  13  
   13   19.5  2.9  0.0  NW_015504249.1  23816 23850 (76150) + (CCCCA)n   Simple_repeat         1     36    (0)  14  
   17    0.0  0.0  0.0  NW_015504249.1  24573 24594 (75406) + (TTCA)n    Simple_repeat         1     22    (0)  15  
  732   19.7  8.7  3.1  NW_015504249.1  32804 32986 (67014) C MLT1A0     LTR/ERVL-MaLR       (0)    365    173  16  
  624   20.3  7.0  0.0  NW_015504249.1  33995 34122 (65878) + Ves2B_ML   SINE/tRNA             1    137  (115)  17  
 1130   14.3  2.6  3.9  NW_015504249.1  34125 34357 (65643) + Ves3_ML    SINE/tRNA             3    232    (0)  18  
  512   15.5  8.6  0.0  NW_015504249.1  34356 34471 (65529) + Ves2B_ML   SINE/tRNA           127    252    (0)  17 *
 1122   15.0  7.0  1.4  NW_015504249.1  34551 34769 (65231) + Ves2B_ML   SINE/tRNA             1    269    (0)  19  
  968   30.5  5.3  1.4  NW_015504249.1  36218 36573 (63427) + LTR16C     LTR/ERVL            101    470   (19)  20  
  853   29.1  4.3  6.2  NW_015504249.1  36723 37228 (62772) C LTR101_Mam LTR/ERVL          (332)    497      1  21  
  733   29.9  9.8  2.1  NW_015504249.1  37229 37626 (62374) + L1M6       LINE/L1            1518   1945 (4551)  22  
   54    0.0  0.0  0.0  NW_015504249.1  37668 37716 (62284) + (GGGAA)n   Simple_repeat         1     49    (0)  23  
   34    0.0  0.0  0.0  NW_015504249.1  38589 38620 (61380) + (GGAA)n    Simple_repeat         1     32    (0)  24  
  615   24.8  8.6  1.9  NW_015504249.1  38897 39093 (60907) C MER63A     DNA/hAT-Tip100      (0)    210      1  25  
   15   20.1  2.5  0.0  NW_015504249.1  39209 39248 (60752) + (ACCCTC)n  Simple_repeat         1     41    (0)  26  
  567   30.3  8.1  0.8  NW_015504249.1  40146 40381 (59619) + MER103C    DNA/hAT-Charlie      40    292    (5)  27  
 1088   27.6  9.9  4.6  NW_015504249.1  40605 41352 (58648) + L1ME4a     LINE/L1            5256   6041   (83)  28  
  546   28.4  6.8  0.5  NW_015504249.1  42647 42823 (57177) + Tigger12A  DNA/TcMar-Tigger     21    208  (611)  29  
  408   28.1  5.4  4.1  NW_015504249.1  43235 43401 (56599) + MIRb       SINE/MIR              2    170   (98)  30  
 1839   24.9  9.0  0.2  NW_015504249.1  43737 44246 (55754) C MLT1H1     LTR/ERVL-MaLR       (0)    555      1  31  
   26   12.6  0.0  0.0  NW_015504249.1  44797 44840 (55160) + (GGAA)n    Simple_repeat         1     44    (0)  32  
  272   25.0  2.9  0.0  NW_015504249.1  46009 46076 (53924) + MIRb       SINE/MIR            115    184   (84)  33  
  461   24.4  3.5  0.0  NW_015504249.1  46221 46335 (53665) C MIRb       SINE/MIR          (109)    159     41  34  
  404   15.1  0.0  8.0  NW_015504249.1  47257 47364 (52636) + L1-2_PVa   LINE/L1            6181   6280    (0)  35  
   17   16.0  0.0  0.0  NW_015504249.1  52061 52095 (47905) + (TGAA)n    Simple_repeat         1     35    (0)  36  
 1456   25.9  8.7  1.3  NW_015504249.1  53455 53950 (46050) C L1ME2      LINE/L1             (0)   6164   5633  37  
  805   18.7  5.3  0.0  NW_015504249.1  53924 54103 (45897) + L1M5       LINE/L1            5363   5566  (714)  38 *
   14   21.1  3.8  3.8  NW_015504249.1  54129 54181 (45819) + (TTC)n     Simple_repeat         1     53    (0)  39  
  682   28.3  4.1  4.6  NW_015504249.1  54199 54765 (45235) C L1MB3_EC   LINE/L1          (2447)   1591    920  40  
  332   16.4  0.0  0.0  NW_015504249.1  54923 54977 (45023) C L1MC4      LINE/L1            (25)   8017   7963  41 *
 3096   25.9  7.9  0.8  NW_015504249.1  54977 56121 (43879) C L1MC4      LINE/L1           (306)   7736   6459  41  
  426   31.6  8.4  1.6  NW_015504249.1  58254 58658 (41342) + L1MB3_EC   LINE/L1            1129   1560 (4654)  42  
  557   24.7 11.6  2.7  NW_015504249.1  58961 59235 (40765) + L1ME3E     LINE/L1            5768   6066  (176)  43  
  517   31.5 12.0  3.4  NW_015504249.1  59388 60021 (39979) C L1M4       LINE/L1          (1150)   4996   4310  44  
   13   27.9  0.0  0.0  NW_015504249.1  72765 72807 (27193) + G-rich     Low_complexity        1     43    (0)  45  
   15    0.0  0.0  0.0  NW_015504249.1  76415 76431 (23569) + (TC)n      Simple_repeat         1     17    (0)  46  
 1232   20.4 12.2  2.2  NW_015504249.1  76622 76893 (23107) C L1_Carn7   LINE/L1             (0)   6508   6095  47  
  249   25.0 12.4  0.8  NW_015504249.1  76894 76998 (23002) + L1-4a_EF   LINE/L1            2944   3060 (6319)  48  
 2206   15.9  6.8  5.8  NW_015504249.1  77814 78326 (21674) C L1-4_PVa   LINE/L1             (6)   6815   6298  49  
   25   28.0  4.7  0.0  NW_015504249.1  80696 80780 (19220) + (TC)n      Simple_repeat         1     89    (0)  50  
   67   14.8  4.5  1.9  NW_015504249.1  82951 83105 (16895) + (AGATAT)n  Simple_repeat         1    159    (0)  51  
   17   22.6  0.0  6.7  NW_015504249.1  89454 89530 (10470) + (CTCCCC)n  Simple_repeat         1     71    (0)  52  
  518   30.5  9.0  2.2  NW_015504249.1  91057 91391  (8609) C L1ME3B     LINE/L1             (0)   6242   5886  53  
  952   23.9  7.3  1.1  NW_015504249.1  91647 92075  (7925) C L1ME3B     LINE/L1           (912)   5794   5123  53  
  386   14.5  1.3  0.0  NW_015504249.1  92083 92158  (7842) + L1MAB_EC   LINE/L1            6800   6876   (18)  54  
 1141   19.6  2.0  7.3  NW_015504249.1  92286 92766  (7234) C L1MB8      LINE/L1            (37)   6177   5751  55  
 2958   19.4  2.6  1.9  NW_015504249.1  92770 93462  (6538) C L1MB8      LINE/L1           (578)   5636   4939  55 *
 6913   16.6  5.8  1.5  NW_015504249.1  93461 95067  (4933) C L1ME3B     LINE/L1          (1443)   4703   3028  53  
10637   12.6  2.6  0.9  NW_015504249.1  95098 96940  (3060) C L1-3a_EF   LINE/L1            (33)   6580   4707  56  
 2045   19.3  4.6  2.8  NW_015504249.1  96918 97676  (2324) C L1ME3B     LINE/L1          (3477)   3229   2209  53 *
   13   20.2  4.3  2.1  NW_015504249.1  97737 97783  (2217) + GA-rich    Low_complexity        1     48    (0)  57  
  471   26.5  7.2  0.6  NW_015504249.1  97930 98236  (1764) C L1MB3_EC   LINE/L1          (3982)   2232   1906  58  
  460   13.2  0.5  0.8  NW_015504249.1  98351 98432  (1568) C L1_Carn7   LINE/L1           (410)   6098   6034  59  
 3308   15.9  1.8  0.3  NW_015504249.1  98560 99178   (822) C L1MAB_EC   LINE/L1           (531)   6363   5736  60  
  293   27.9  0.0  0.0  NW_015504249.1  99406 99484   (516) C L1M5       LINE/L1          (1577)   4569   4491  61  
