Running /home/karnair/GenomeAnalysis/BatWing/Data/raw_data/rna_seq/trimmed/sel3_SRR1719013.trim_1P.fastq.gz ...
Started analysis of sel3_SRR1719013.trim_1P.fastq.gz
Approx 5% complete for sel3_SRR1719013.trim_1P.fastq.gz
Approx 10% complete for sel3_SRR1719013.trim_1P.fastq.gz
Approx 15% complete for sel3_SRR1719013.trim_1P.fastq.gz
Approx 20% complete for sel3_SRR1719013.trim_1P.fastq.gz
Approx 25% complete for sel3_SRR1719013.trim_1P.fastq.gz
Approx 30% complete for sel3_SRR1719013.trim_1P.fastq.gz
Approx 35% complete for sel3_SRR1719013.trim_1P.fastq.gz
Approx 40% complete for sel3_SRR1719013.trim_1P.fastq.gz
Approx 45% complete for sel3_SRR1719013.trim_1P.fastq.gz
Approx 50% complete for sel3_SRR1719013.trim_1P.fastq.gz
Approx 55% complete for sel3_SRR1719013.trim_1P.fastq.gz
Approx 60% complete for sel3_SRR1719013.trim_1P.fastq.gz
Approx 65% complete for sel3_SRR1719013.trim_1P.fastq.gz
Approx 70% complete for sel3_SRR1719013.trim_1P.fastq.gz
Approx 75% complete for sel3_SRR1719013.trim_1P.fastq.gz
Approx 80% complete for sel3_SRR1719013.trim_1P.fastq.gz
Approx 85% complete for sel3_SRR1719013.trim_1P.fastq.gz
Approx 90% complete for sel3_SRR1719013.trim_1P.fastq.gz
Approx 95% complete for sel3_SRR1719013.trim_1P.fastq.gz
Analysis complete for sel3_SRR1719013.trim_1P.fastq.gz
Running /home/karnair/GenomeAnalysis/BatWing/Data/raw_data/rna_seq/trimmed/sel3_SRR1719013.trim_1U.fastq.gz ...
Started analysis of sel3_SRR1719013.trim_1U.fastq.gz
Approx 5% complete for sel3_SRR1719013.trim_1U.fastq.gz
Approx 10% complete for sel3_SRR1719013.trim_1U.fastq.gz
Approx 20% complete for sel3_SRR1719013.trim_1U.fastq.gz
Approx 25% complete for sel3_SRR1719013.trim_1U.fastq.gz
Approx 30% complete for sel3_SRR1719013.trim_1U.fastq.gz
Approx 40% complete for sel3_SRR1719013.trim_1U.fastq.gz
Approx 45% complete for sel3_SRR1719013.trim_1U.fastq.gz
Approx 50% complete for sel3_SRR1719013.trim_1U.fastq.gz
Approx 60% complete for sel3_SRR1719013.trim_1U.fastq.gz
Approx 65% complete for sel3_SRR1719013.trim_1U.fastq.gz
Approx 70% complete for sel3_SRR1719013.trim_1U.fastq.gz
Approx 80% complete for sel3_SRR1719013.trim_1U.fastq.gz
Approx 85% complete for sel3_SRR1719013.trim_1U.fastq.gz
Approx 90% complete for sel3_SRR1719013.trim_1U.fastq.gz
Analysis complete for sel3_SRR1719013.trim_1U.fastq.gz
Running /home/karnair/GenomeAnalysis/BatWing/Data/raw_data/rna_seq/trimmed/sel3_SRR1719013.trim_2P.fastq.gz ...
Started analysis of sel3_SRR1719013.trim_2P.fastq.gz
Approx 5% complete for sel3_SRR1719013.trim_2P.fastq.gz
Approx 10% complete for sel3_SRR1719013.trim_2P.fastq.gz
Approx 15% complete for sel3_SRR1719013.trim_2P.fastq.gz
Approx 20% complete for sel3_SRR1719013.trim_2P.fastq.gz
Approx 25% complete for sel3_SRR1719013.trim_2P.fastq.gz
Approx 30% complete for sel3_SRR1719013.trim_2P.fastq.gz
Approx 35% complete for sel3_SRR1719013.trim_2P.fastq.gz
Approx 40% complete for sel3_SRR1719013.trim_2P.fastq.gz
Approx 45% complete for sel3_SRR1719013.trim_2P.fastq.gz
Approx 50% complete for sel3_SRR1719013.trim_2P.fastq.gz
Approx 55% complete for sel3_SRR1719013.trim_2P.fastq.gz
Approx 60% complete for sel3_SRR1719013.trim_2P.fastq.gz
Approx 65% complete for sel3_SRR1719013.trim_2P.fastq.gz
Approx 70% complete for sel3_SRR1719013.trim_2P.fastq.gz
Approx 75% complete for sel3_SRR1719013.trim_2P.fastq.gz
Approx 80% complete for sel3_SRR1719013.trim_2P.fastq.gz
Approx 85% complete for sel3_SRR1719013.trim_2P.fastq.gz
Approx 90% complete for sel3_SRR1719013.trim_2P.fastq.gz
Approx 95% complete for sel3_SRR1719013.trim_2P.fastq.gz
Analysis complete for sel3_SRR1719013.trim_2P.fastq.gz
Running /home/karnair/GenomeAnalysis/BatWing/Data/raw_data/rna_seq/trimmed/sel3_SRR1719013.trim_2U.fastq.gz ...
Started analysis of sel3_SRR1719013.trim_2U.fastq.gz
Analysis complete for sel3_SRR1719013.trim_2U.fastq.gz
Running /home/karnair/GenomeAnalysis/BatWing/Data/raw_data/rna_seq/trimmed/sel3_SRR1719014.trim_1P.fastq.gz ...
Started analysis of sel3_SRR1719014.trim_1P.fastq.gz
Approx 5% complete for sel3_SRR1719014.trim_1P.fastq.gz
Approx 10% complete for sel3_SRR1719014.trim_1P.fastq.gz
Approx 15% complete for sel3_SRR1719014.trim_1P.fastq.gz
Approx 20% complete for sel3_SRR1719014.trim_1P.fastq.gz
Approx 25% complete for sel3_SRR1719014.trim_1P.fastq.gz
Approx 30% complete for sel3_SRR1719014.trim_1P.fastq.gz
Approx 35% complete for sel3_SRR1719014.trim_1P.fastq.gz
Approx 40% complete for sel3_SRR1719014.trim_1P.fastq.gz
Approx 45% complete for sel3_SRR1719014.trim_1P.fastq.gz
Approx 50% complete for sel3_SRR1719014.trim_1P.fastq.gz
Approx 55% complete for sel3_SRR1719014.trim_1P.fastq.gz
Approx 60% complete for sel3_SRR1719014.trim_1P.fastq.gz
Approx 65% complete for sel3_SRR1719014.trim_1P.fastq.gz
Approx 70% complete for sel3_SRR1719014.trim_1P.fastq.gz
Approx 75% complete for sel3_SRR1719014.trim_1P.fastq.gz
Approx 80% complete for sel3_SRR1719014.trim_1P.fastq.gz
Approx 85% complete for sel3_SRR1719014.trim_1P.fastq.gz
Approx 90% complete for sel3_SRR1719014.trim_1P.fastq.gz
Approx 95% complete for sel3_SRR1719014.trim_1P.fastq.gz
Analysis complete for sel3_SRR1719014.trim_1P.fastq.gz
Running /home/karnair/GenomeAnalysis/BatWing/Data/raw_data/rna_seq/trimmed/sel3_SRR1719014.trim_1U.fastq.gz ...
Started analysis of sel3_SRR1719014.trim_1U.fastq.gz
Approx 5% complete for sel3_SRR1719014.trim_1U.fastq.gz
Approx 10% complete for sel3_SRR1719014.trim_1U.fastq.gz
Approx 15% complete for sel3_SRR1719014.trim_1U.fastq.gz
Approx 20% complete for sel3_SRR1719014.trim_1U.fastq.gz
Approx 25% complete for sel3_SRR1719014.trim_1U.fastq.gz
Approx 30% complete for sel3_SRR1719014.trim_1U.fastq.gz
Approx 35% complete for sel3_SRR1719014.trim_1U.fastq.gz
Approx 40% complete for sel3_SRR1719014.trim_1U.fastq.gz
Approx 45% complete for sel3_SRR1719014.trim_1U.fastq.gz
Approx 50% complete for sel3_SRR1719014.trim_1U.fastq.gz
Approx 55% complete for sel3_SRR1719014.trim_1U.fastq.gz
Approx 60% complete for sel3_SRR1719014.trim_1U.fastq.gz
Approx 65% complete for sel3_SRR1719014.trim_1U.fastq.gz
Approx 70% complete for sel3_SRR1719014.trim_1U.fastq.gz
Approx 75% complete for sel3_SRR1719014.trim_1U.fastq.gz
Approx 80% complete for sel3_SRR1719014.trim_1U.fastq.gz
Approx 85% complete for sel3_SRR1719014.trim_1U.fastq.gz
Approx 90% complete for sel3_SRR1719014.trim_1U.fastq.gz
Approx 95% complete for sel3_SRR1719014.trim_1U.fastq.gz
Analysis complete for sel3_SRR1719014.trim_1U.fastq.gz
Running /home/karnair/GenomeAnalysis/BatWing/Data/raw_data/rna_seq/trimmed/sel3_SRR1719014.trim_2P.fastq.gz ...
Started analysis of sel3_SRR1719014.trim_2P.fastq.gz
Approx 5% complete for sel3_SRR1719014.trim_2P.fastq.gz
Approx 10% complete for sel3_SRR1719014.trim_2P.fastq.gz
Approx 15% complete for sel3_SRR1719014.trim_2P.fastq.gz
Approx 20% complete for sel3_SRR1719014.trim_2P.fastq.gz
Approx 25% complete for sel3_SRR1719014.trim_2P.fastq.gz
Approx 30% complete for sel3_SRR1719014.trim_2P.fastq.gz
Approx 35% complete for sel3_SRR1719014.trim_2P.fastq.gz
Approx 40% complete for sel3_SRR1719014.trim_2P.fastq.gz
Approx 45% complete for sel3_SRR1719014.trim_2P.fastq.gz
Approx 50% complete for sel3_SRR1719014.trim_2P.fastq.gz
Approx 55% complete for sel3_SRR1719014.trim_2P.fastq.gz
Approx 60% complete for sel3_SRR1719014.trim_2P.fastq.gz
Approx 65% complete for sel3_SRR1719014.trim_2P.fastq.gz
Approx 70% complete for sel3_SRR1719014.trim_2P.fastq.gz
Approx 75% complete for sel3_SRR1719014.trim_2P.fastq.gz
Approx 80% complete for sel3_SRR1719014.trim_2P.fastq.gz
Approx 85% complete for sel3_SRR1719014.trim_2P.fastq.gz
Approx 90% complete for sel3_SRR1719014.trim_2P.fastq.gz
Approx 95% complete for sel3_SRR1719014.trim_2P.fastq.gz
Analysis complete for sel3_SRR1719014.trim_2P.fastq.gz
Running /home/karnair/GenomeAnalysis/BatWing/Data/raw_data/rna_seq/trimmed/sel3_SRR1719014.trim_2U.fastq.gz ...
Started analysis of sel3_SRR1719014.trim_2U.fastq.gz
Approx 90% complete for sel3_SRR1719014.trim_2U.fastq.gz
Analysis complete for sel3_SRR1719014.trim_2U.fastq.gz
Running /home/karnair/GenomeAnalysis/BatWing/Data/raw_data/rna_seq/trimmed/sel3_SRR1719015.trim_1P.fastq.gz ...
Started analysis of sel3_SRR1719015.trim_1P.fastq.gz
Approx 5% complete for sel3_SRR1719015.trim_1P.fastq.gz
Approx 10% complete for sel3_SRR1719015.trim_1P.fastq.gz
Approx 15% complete for sel3_SRR1719015.trim_1P.fastq.gz
Approx 20% complete for sel3_SRR1719015.trim_1P.fastq.gz
Approx 25% complete for sel3_SRR1719015.trim_1P.fastq.gz
Approx 30% complete for sel3_SRR1719015.trim_1P.fastq.gz
Approx 35% complete for sel3_SRR1719015.trim_1P.fastq.gz
Approx 40% complete for sel3_SRR1719015.trim_1P.fastq.gz
Approx 45% complete for sel3_SRR1719015.trim_1P.fastq.gz
Approx 50% complete for sel3_SRR1719015.trim_1P.fastq.gz
Approx 55% complete for sel3_SRR1719015.trim_1P.fastq.gz
Approx 60% complete for sel3_SRR1719015.trim_1P.fastq.gz
Approx 65% complete for sel3_SRR1719015.trim_1P.fastq.gz
Approx 70% complete for sel3_SRR1719015.trim_1P.fastq.gz
Approx 75% complete for sel3_SRR1719015.trim_1P.fastq.gz
Approx 80% complete for sel3_SRR1719015.trim_1P.fastq.gz
Approx 85% complete for sel3_SRR1719015.trim_1P.fastq.gz
Approx 90% complete for sel3_SRR1719015.trim_1P.fastq.gz
Approx 95% complete for sel3_SRR1719015.trim_1P.fastq.gz
Analysis complete for sel3_SRR1719015.trim_1P.fastq.gz
Running /home/karnair/GenomeAnalysis/BatWing/Data/raw_data/rna_seq/trimmed/sel3_SRR1719015.trim_1U.fastq.gz ...
Started analysis of sel3_SRR1719015.trim_1U.fastq.gz
Approx 5% complete for sel3_SRR1719015.trim_1U.fastq.gz
Approx 10% complete for sel3_SRR1719015.trim_1U.fastq.gz
Approx 20% complete for sel3_SRR1719015.trim_1U.fastq.gz
Approx 25% complete for sel3_SRR1719015.trim_1U.fastq.gz
Approx 30% complete for sel3_SRR1719015.trim_1U.fastq.gz
Approx 40% complete for sel3_SRR1719015.trim_1U.fastq.gz
Approx 45% complete for sel3_SRR1719015.trim_1U.fastq.gz
Approx 50% complete for sel3_SRR1719015.trim_1U.fastq.gz
Approx 60% complete for sel3_SRR1719015.trim_1U.fastq.gz
Approx 65% complete for sel3_SRR1719015.trim_1U.fastq.gz
Approx 70% complete for sel3_SRR1719015.trim_1U.fastq.gz
Approx 80% complete for sel3_SRR1719015.trim_1U.fastq.gz
Approx 85% complete for sel3_SRR1719015.trim_1U.fastq.gz
Approx 90% complete for sel3_SRR1719015.trim_1U.fastq.gz
Analysis complete for sel3_SRR1719015.trim_1U.fastq.gz
Running /home/karnair/GenomeAnalysis/BatWing/Data/raw_data/rna_seq/trimmed/sel3_SRR1719015.trim_2P.fastq.gz ...
Started analysis of sel3_SRR1719015.trim_2P.fastq.gz
Approx 5% complete for sel3_SRR1719015.trim_2P.fastq.gz
Approx 10% complete for sel3_SRR1719015.trim_2P.fastq.gz
Approx 15% complete for sel3_SRR1719015.trim_2P.fastq.gz
Approx 20% complete for sel3_SRR1719015.trim_2P.fastq.gz
Approx 25% complete for sel3_SRR1719015.trim_2P.fastq.gz
Approx 30% complete for sel3_SRR1719015.trim_2P.fastq.gz
Approx 35% complete for sel3_SRR1719015.trim_2P.fastq.gz
Approx 40% complete for sel3_SRR1719015.trim_2P.fastq.gz
Approx 45% complete for sel3_SRR1719015.trim_2P.fastq.gz
Approx 50% complete for sel3_SRR1719015.trim_2P.fastq.gz
Approx 55% complete for sel3_SRR1719015.trim_2P.fastq.gz
Approx 60% complete for sel3_SRR1719015.trim_2P.fastq.gz
Approx 65% complete for sel3_SRR1719015.trim_2P.fastq.gz
Approx 70% complete for sel3_SRR1719015.trim_2P.fastq.gz
Approx 75% complete for sel3_SRR1719015.trim_2P.fastq.gz
Approx 80% complete for sel3_SRR1719015.trim_2P.fastq.gz
Approx 85% complete for sel3_SRR1719015.trim_2P.fastq.gz
Approx 90% complete for sel3_SRR1719015.trim_2P.fastq.gz
Approx 95% complete for sel3_SRR1719015.trim_2P.fastq.gz
Analysis complete for sel3_SRR1719015.trim_2P.fastq.gz
Running /home/karnair/GenomeAnalysis/BatWing/Data/raw_data/rna_seq/trimmed/sel3_SRR1719015.trim_2U.fastq.gz ...
Started analysis of sel3_SRR1719015.trim_2U.fastq.gz
Approx 80% complete for sel3_SRR1719015.trim_2U.fastq.gz
Analysis complete for sel3_SRR1719015.trim_2U.fastq.gz
Running /home/karnair/GenomeAnalysis/BatWing/Data/raw_data/rna_seq/trimmed/sel3_SRR1719016.trim_1P.fastq.gz ...
Started analysis of sel3_SRR1719016.trim_1P.fastq.gz
Approx 5% complete for sel3_SRR1719016.trim_1P.fastq.gz
Approx 10% complete for sel3_SRR1719016.trim_1P.fastq.gz
Approx 15% complete for sel3_SRR1719016.trim_1P.fastq.gz
Approx 20% complete for sel3_SRR1719016.trim_1P.fastq.gz
Approx 25% complete for sel3_SRR1719016.trim_1P.fastq.gz
Approx 30% complete for sel3_SRR1719016.trim_1P.fastq.gz
Approx 35% complete for sel3_SRR1719016.trim_1P.fastq.gz
Approx 40% complete for sel3_SRR1719016.trim_1P.fastq.gz
Approx 45% complete for sel3_SRR1719016.trim_1P.fastq.gz
Approx 50% complete for sel3_SRR1719016.trim_1P.fastq.gz
Approx 55% complete for sel3_SRR1719016.trim_1P.fastq.gz
Approx 60% complete for sel3_SRR1719016.trim_1P.fastq.gz
Approx 65% complete for sel3_SRR1719016.trim_1P.fastq.gz
Approx 70% complete for sel3_SRR1719016.trim_1P.fastq.gz
Approx 75% complete for sel3_SRR1719016.trim_1P.fastq.gz
Approx 80% complete for sel3_SRR1719016.trim_1P.fastq.gz
Approx 85% complete for sel3_SRR1719016.trim_1P.fastq.gz
Approx 90% complete for sel3_SRR1719016.trim_1P.fastq.gz
Approx 95% complete for sel3_SRR1719016.trim_1P.fastq.gz
Approx 100% complete for sel3_SRR1719016.trim_1P.fastq.gz
Analysis complete for sel3_SRR1719016.trim_1P.fastq.gz
Running /home/karnair/GenomeAnalysis/BatWing/Data/raw_data/rna_seq/trimmed/sel3_SRR1719016.trim_1U.fastq.gz ...
Started analysis of sel3_SRR1719016.trim_1U.fastq.gz
Approx 5% complete for sel3_SRR1719016.trim_1U.fastq.gz
Approx 10% complete for sel3_SRR1719016.trim_1U.fastq.gz
Approx 15% complete for sel3_SRR1719016.trim_1U.fastq.gz
Approx 20% complete for sel3_SRR1719016.trim_1U.fastq.gz
Approx 25% complete for sel3_SRR1719016.trim_1U.fastq.gz
Approx 30% complete for sel3_SRR1719016.trim_1U.fastq.gz
Approx 35% complete for sel3_SRR1719016.trim_1U.fastq.gz
Approx 40% complete for sel3_SRR1719016.trim_1U.fastq.gz
Approx 50% complete for sel3_SRR1719016.trim_1U.fastq.gz
Approx 55% complete for sel3_SRR1719016.trim_1U.fastq.gz
Approx 60% complete for sel3_SRR1719016.trim_1U.fastq.gz
Approx 65% complete for sel3_SRR1719016.trim_1U.fastq.gz
Approx 70% complete for sel3_SRR1719016.trim_1U.fastq.gz
Approx 75% complete for sel3_SRR1719016.trim_1U.fastq.gz
Approx 80% complete for sel3_SRR1719016.trim_1U.fastq.gz
Approx 85% complete for sel3_SRR1719016.trim_1U.fastq.gz
Approx 90% complete for sel3_SRR1719016.trim_1U.fastq.gz
Analysis complete for sel3_SRR1719016.trim_1U.fastq.gz
Running /home/karnair/GenomeAnalysis/BatWing/Data/raw_data/rna_seq/trimmed/sel3_SRR1719016.trim_2P.fastq.gz ...
Started analysis of sel3_SRR1719016.trim_2P.fastq.gz
Approx 5% complete for sel3_SRR1719016.trim_2P.fastq.gz
Approx 10% complete for sel3_SRR1719016.trim_2P.fastq.gz
Approx 15% complete for sel3_SRR1719016.trim_2P.fastq.gz
Approx 20% complete for sel3_SRR1719016.trim_2P.fastq.gz
Approx 25% complete for sel3_SRR1719016.trim_2P.fastq.gz
Approx 30% complete for sel3_SRR1719016.trim_2P.fastq.gz
Approx 35% complete for sel3_SRR1719016.trim_2P.fastq.gz
Approx 40% complete for sel3_SRR1719016.trim_2P.fastq.gz
Approx 45% complete for sel3_SRR1719016.trim_2P.fastq.gz
Approx 50% complete for sel3_SRR1719016.trim_2P.fastq.gz
Approx 55% complete for sel3_SRR1719016.trim_2P.fastq.gz
Approx 60% complete for sel3_SRR1719016.trim_2P.fastq.gz
Approx 65% complete for sel3_SRR1719016.trim_2P.fastq.gz
Approx 70% complete for sel3_SRR1719016.trim_2P.fastq.gz
Approx 75% complete for sel3_SRR1719016.trim_2P.fastq.gz
Approx 80% complete for sel3_SRR1719016.trim_2P.fastq.gz
Approx 85% complete for sel3_SRR1719016.trim_2P.fastq.gz
Approx 90% complete for sel3_SRR1719016.trim_2P.fastq.gz
Approx 95% complete for sel3_SRR1719016.trim_2P.fastq.gz
Approx 100% complete for sel3_SRR1719016.trim_2P.fastq.gz
Analysis complete for sel3_SRR1719016.trim_2P.fastq.gz
Running /home/karnair/GenomeAnalysis/BatWing/Data/raw_data/rna_seq/trimmed/sel3_SRR1719016.trim_2U.fastq.gz ...
Started analysis of sel3_SRR1719016.trim_2U.fastq.gz
Approx 85% complete for sel3_SRR1719016.trim_2U.fastq.gz
Analysis complete for sel3_SRR1719016.trim_2U.fastq.gz
Running /home/karnair/GenomeAnalysis/BatWing/Data/raw_data/rna_seq/trimmed/sel3_SRR1719017.trim_1P.fastq.gz ...
Started analysis of sel3_SRR1719017.trim_1P.fastq.gz
Approx 5% complete for sel3_SRR1719017.trim_1P.fastq.gz
Approx 10% complete for sel3_SRR1719017.trim_1P.fastq.gz
Approx 15% complete for sel3_SRR1719017.trim_1P.fastq.gz
Approx 20% complete for sel3_SRR1719017.trim_1P.fastq.gz
Approx 25% complete for sel3_SRR1719017.trim_1P.fastq.gz
Approx 30% complete for sel3_SRR1719017.trim_1P.fastq.gz
Approx 35% complete for sel3_SRR1719017.trim_1P.fastq.gz
Approx 40% complete for sel3_SRR1719017.trim_1P.fastq.gz
Approx 45% complete for sel3_SRR1719017.trim_1P.fastq.gz
Approx 50% complete for sel3_SRR1719017.trim_1P.fastq.gz
Approx 55% complete for sel3_SRR1719017.trim_1P.fastq.gz
Approx 60% complete for sel3_SRR1719017.trim_1P.fastq.gz
Approx 65% complete for sel3_SRR1719017.trim_1P.fastq.gz
Approx 70% complete for sel3_SRR1719017.trim_1P.fastq.gz
Approx 75% complete for sel3_SRR1719017.trim_1P.fastq.gz
Approx 80% complete for sel3_SRR1719017.trim_1P.fastq.gz
Approx 85% complete for sel3_SRR1719017.trim_1P.fastq.gz
Approx 90% complete for sel3_SRR1719017.trim_1P.fastq.gz
Approx 95% complete for sel3_SRR1719017.trim_1P.fastq.gz
Analysis complete for sel3_SRR1719017.trim_1P.fastq.gz
Running /home/karnair/GenomeAnalysis/BatWing/Data/raw_data/rna_seq/trimmed/sel3_SRR1719017.trim_1U.fastq.gz ...
Started analysis of sel3_SRR1719017.trim_1U.fastq.gz
Approx 5% complete for sel3_SRR1719017.trim_1U.fastq.gz
Approx 10% complete for sel3_SRR1719017.trim_1U.fastq.gz
Approx 20% complete for sel3_SRR1719017.trim_1U.fastq.gz
Approx 25% complete for sel3_SRR1719017.trim_1U.fastq.gz
Approx 35% complete for sel3_SRR1719017.trim_1U.fastq.gz
Approx 40% complete for sel3_SRR1719017.trim_1U.fastq.gz
Approx 45% complete for sel3_SRR1719017.trim_1U.fastq.gz
Approx 55% complete for sel3_SRR1719017.trim_1U.fastq.gz
Approx 60% complete for sel3_SRR1719017.trim_1U.fastq.gz
Approx 65% complete for sel3_SRR1719017.trim_1U.fastq.gz
Approx 75% complete for sel3_SRR1719017.trim_1U.fastq.gz
Approx 80% complete for sel3_SRR1719017.trim_1U.fastq.gz
Approx 90% complete for sel3_SRR1719017.trim_1U.fastq.gz
Approx 95% complete for sel3_SRR1719017.trim_1U.fastq.gz
Analysis complete for sel3_SRR1719017.trim_1U.fastq.gz
Running /home/karnair/GenomeAnalysis/BatWing/Data/raw_data/rna_seq/trimmed/sel3_SRR1719017.trim_2P.fastq.gz ...
Started analysis of sel3_SRR1719017.trim_2P.fastq.gz
Approx 5% complete for sel3_SRR1719017.trim_2P.fastq.gz
Approx 10% complete for sel3_SRR1719017.trim_2P.fastq.gz
Approx 15% complete for sel3_SRR1719017.trim_2P.fastq.gz
Approx 20% complete for sel3_SRR1719017.trim_2P.fastq.gz
Approx 25% complete for sel3_SRR1719017.trim_2P.fastq.gz
Approx 30% complete for sel3_SRR1719017.trim_2P.fastq.gz
Approx 35% complete for sel3_SRR1719017.trim_2P.fastq.gz
Approx 40% complete for sel3_SRR1719017.trim_2P.fastq.gz
Approx 45% complete for sel3_SRR1719017.trim_2P.fastq.gz
Approx 50% complete for sel3_SRR1719017.trim_2P.fastq.gz
Approx 55% complete for sel3_SRR1719017.trim_2P.fastq.gz
Approx 60% complete for sel3_SRR1719017.trim_2P.fastq.gz
Approx 65% complete for sel3_SRR1719017.trim_2P.fastq.gz
Approx 70% complete for sel3_SRR1719017.trim_2P.fastq.gz
Approx 75% complete for sel3_SRR1719017.trim_2P.fastq.gz
Approx 80% complete for sel3_SRR1719017.trim_2P.fastq.gz
Approx 85% complete for sel3_SRR1719017.trim_2P.fastq.gz
Approx 90% complete for sel3_SRR1719017.trim_2P.fastq.gz
Approx 95% complete for sel3_SRR1719017.trim_2P.fastq.gz
Analysis complete for sel3_SRR1719017.trim_2P.fastq.gz
Running /home/karnair/GenomeAnalysis/BatWing/Data/raw_data/rna_seq/trimmed/sel3_SRR1719017.trim_2U.fastq.gz ...
Started analysis of sel3_SRR1719017.trim_2U.fastq.gz
Approx 95% complete for sel3_SRR1719017.trim_2U.fastq.gz
Analysis complete for sel3_SRR1719017.trim_2U.fastq.gz
Running /home/karnair/GenomeAnalysis/BatWing/Data/raw_data/rna_seq/trimmed/sel3_SRR1719018.trim_1P.fastq.gz ...
Started analysis of sel3_SRR1719018.trim_1P.fastq.gz
Approx 5% complete for sel3_SRR1719018.trim_1P.fastq.gz
Approx 10% complete for sel3_SRR1719018.trim_1P.fastq.gz
Approx 15% complete for sel3_SRR1719018.trim_1P.fastq.gz
Approx 20% complete for sel3_SRR1719018.trim_1P.fastq.gz
Approx 25% complete for sel3_SRR1719018.trim_1P.fastq.gz
Approx 30% complete for sel3_SRR1719018.trim_1P.fastq.gz
Approx 35% complete for sel3_SRR1719018.trim_1P.fastq.gz
Approx 40% complete for sel3_SRR1719018.trim_1P.fastq.gz
Approx 45% complete for sel3_SRR1719018.trim_1P.fastq.gz
Approx 50% complete for sel3_SRR1719018.trim_1P.fastq.gz
Approx 55% complete for sel3_SRR1719018.trim_1P.fastq.gz
Approx 60% complete for sel3_SRR1719018.trim_1P.fastq.gz
Approx 65% complete for sel3_SRR1719018.trim_1P.fastq.gz
Approx 70% complete for sel3_SRR1719018.trim_1P.fastq.gz
Approx 75% complete for sel3_SRR1719018.trim_1P.fastq.gz
Approx 80% complete for sel3_SRR1719018.trim_1P.fastq.gz
Approx 85% complete for sel3_SRR1719018.trim_1P.fastq.gz
Approx 90% complete for sel3_SRR1719018.trim_1P.fastq.gz
Approx 95% complete for sel3_SRR1719018.trim_1P.fastq.gz
Analysis complete for sel3_SRR1719018.trim_1P.fastq.gz
Running /home/karnair/GenomeAnalysis/BatWing/Data/raw_data/rna_seq/trimmed/sel3_SRR1719018.trim_1U.fastq.gz ...
Started analysis of sel3_SRR1719018.trim_1U.fastq.gz
Approx 5% complete for sel3_SRR1719018.trim_1U.fastq.gz
Approx 10% complete for sel3_SRR1719018.trim_1U.fastq.gz
Approx 15% complete for sel3_SRR1719018.trim_1U.fastq.gz
Approx 20% complete for sel3_SRR1719018.trim_1U.fastq.gz
Approx 25% complete for sel3_SRR1719018.trim_1U.fastq.gz
Approx 30% complete for sel3_SRR1719018.trim_1U.fastq.gz
Approx 35% complete for sel3_SRR1719018.trim_1U.fastq.gz
Approx 40% complete for sel3_SRR1719018.trim_1U.fastq.gz
Approx 45% complete for sel3_SRR1719018.trim_1U.fastq.gz
Approx 50% complete for sel3_SRR1719018.trim_1U.fastq.gz
Approx 55% complete for sel3_SRR1719018.trim_1U.fastq.gz
Approx 60% complete for sel3_SRR1719018.trim_1U.fastq.gz
Approx 65% complete for sel3_SRR1719018.trim_1U.fastq.gz
Approx 70% complete for sel3_SRR1719018.trim_1U.fastq.gz
Approx 75% complete for sel3_SRR1719018.trim_1U.fastq.gz
Approx 80% complete for sel3_SRR1719018.trim_1U.fastq.gz
Approx 85% complete for sel3_SRR1719018.trim_1U.fastq.gz
Approx 90% complete for sel3_SRR1719018.trim_1U.fastq.gz
Approx 95% complete for sel3_SRR1719018.trim_1U.fastq.gz
Analysis complete for sel3_SRR1719018.trim_1U.fastq.gz
Running /home/karnair/GenomeAnalysis/BatWing/Data/raw_data/rna_seq/trimmed/sel3_SRR1719018.trim_2P.fastq.gz ...
Started analysis of sel3_SRR1719018.trim_2P.fastq.gz
Approx 5% complete for sel3_SRR1719018.trim_2P.fastq.gz
Approx 10% complete for sel3_SRR1719018.trim_2P.fastq.gz
Approx 15% complete for sel3_SRR1719018.trim_2P.fastq.gz
Approx 20% complete for sel3_SRR1719018.trim_2P.fastq.gz
Approx 25% complete for sel3_SRR1719018.trim_2P.fastq.gz
Approx 30% complete for sel3_SRR1719018.trim_2P.fastq.gz
Approx 35% complete for sel3_SRR1719018.trim_2P.fastq.gz
Approx 40% complete for sel3_SRR1719018.trim_2P.fastq.gz
Approx 45% complete for sel3_SRR1719018.trim_2P.fastq.gz
Approx 50% complete for sel3_SRR1719018.trim_2P.fastq.gz
Approx 55% complete for sel3_SRR1719018.trim_2P.fastq.gz
Approx 60% complete for sel3_SRR1719018.trim_2P.fastq.gz
Approx 65% complete for sel3_SRR1719018.trim_2P.fastq.gz
Approx 70% complete for sel3_SRR1719018.trim_2P.fastq.gz
Approx 75% complete for sel3_SRR1719018.trim_2P.fastq.gz
Approx 80% complete for sel3_SRR1719018.trim_2P.fastq.gz
Approx 85% complete for sel3_SRR1719018.trim_2P.fastq.gz
Approx 90% complete for sel3_SRR1719018.trim_2P.fastq.gz
Approx 95% complete for sel3_SRR1719018.trim_2P.fastq.gz
Analysis complete for sel3_SRR1719018.trim_2P.fastq.gz
Running /home/karnair/GenomeAnalysis/BatWing/Data/raw_data/rna_seq/trimmed/sel3_SRR1719018.trim_2U.fastq.gz ...
Started analysis of sel3_SRR1719018.trim_2U.fastq.gz
Approx 70% complete for sel3_SRR1719018.trim_2U.fastq.gz
Analysis complete for sel3_SRR1719018.trim_2U.fastq.gz
Running /home/karnair/GenomeAnalysis/BatWing/Data/raw_data/rna_seq/trimmed/sel3_SRR1719204.trim_1P.fastq.gz ...
Started analysis of sel3_SRR1719204.trim_1P.fastq.gz
Approx 5% complete for sel3_SRR1719204.trim_1P.fastq.gz
Approx 10% complete for sel3_SRR1719204.trim_1P.fastq.gz
Approx 15% complete for sel3_SRR1719204.trim_1P.fastq.gz
Approx 20% complete for sel3_SRR1719204.trim_1P.fastq.gz
Approx 25% complete for sel3_SRR1719204.trim_1P.fastq.gz
Approx 30% complete for sel3_SRR1719204.trim_1P.fastq.gz
Approx 35% complete for sel3_SRR1719204.trim_1P.fastq.gz
Approx 40% complete for sel3_SRR1719204.trim_1P.fastq.gz
Approx 45% complete for sel3_SRR1719204.trim_1P.fastq.gz
Approx 50% complete for sel3_SRR1719204.trim_1P.fastq.gz
Approx 55% complete for sel3_SRR1719204.trim_1P.fastq.gz
Approx 60% complete for sel3_SRR1719204.trim_1P.fastq.gz
Approx 65% complete for sel3_SRR1719204.trim_1P.fastq.gz
Approx 70% complete for sel3_SRR1719204.trim_1P.fastq.gz
Approx 75% complete for sel3_SRR1719204.trim_1P.fastq.gz
Approx 80% complete for sel3_SRR1719204.trim_1P.fastq.gz
Approx 85% complete for sel3_SRR1719204.trim_1P.fastq.gz
Approx 90% complete for sel3_SRR1719204.trim_1P.fastq.gz
Approx 95% complete for sel3_SRR1719204.trim_1P.fastq.gz
Analysis complete for sel3_SRR1719204.trim_1P.fastq.gz
Running /home/karnair/GenomeAnalysis/BatWing/Data/raw_data/rna_seq/trimmed/sel3_SRR1719204.trim_1U.fastq.gz ...
Started analysis of sel3_SRR1719204.trim_1U.fastq.gz
Approx 5% complete for sel3_SRR1719204.trim_1U.fastq.gz
Approx 10% complete for sel3_SRR1719204.trim_1U.fastq.gz
Approx 15% complete for sel3_SRR1719204.trim_1U.fastq.gz
Approx 20% complete for sel3_SRR1719204.trim_1U.fastq.gz
Approx 25% complete for sel3_SRR1719204.trim_1U.fastq.gz
Approx 30% complete for sel3_SRR1719204.trim_1U.fastq.gz
Approx 35% complete for sel3_SRR1719204.trim_1U.fastq.gz
Approx 40% complete for sel3_SRR1719204.trim_1U.fastq.gz
Approx 45% complete for sel3_SRR1719204.trim_1U.fastq.gz
Approx 50% complete for sel3_SRR1719204.trim_1U.fastq.gz
Approx 55% complete for sel3_SRR1719204.trim_1U.fastq.gz
Approx 60% complete for sel3_SRR1719204.trim_1U.fastq.gz
Approx 65% complete for sel3_SRR1719204.trim_1U.fastq.gz
Approx 70% complete for sel3_SRR1719204.trim_1U.fastq.gz
Approx 75% complete for sel3_SRR1719204.trim_1U.fastq.gz
Approx 80% complete for sel3_SRR1719204.trim_1U.fastq.gz
Approx 85% complete for sel3_SRR1719204.trim_1U.fastq.gz
Approx 90% complete for sel3_SRR1719204.trim_1U.fastq.gz
Approx 95% complete for sel3_SRR1719204.trim_1U.fastq.gz
Analysis complete for sel3_SRR1719204.trim_1U.fastq.gz
Running /home/karnair/GenomeAnalysis/BatWing/Data/raw_data/rna_seq/trimmed/sel3_SRR1719204.trim_2P.fastq.gz ...
Started analysis of sel3_SRR1719204.trim_2P.fastq.gz
Approx 5% complete for sel3_SRR1719204.trim_2P.fastq.gz
Approx 10% complete for sel3_SRR1719204.trim_2P.fastq.gz
Approx 15% complete for sel3_SRR1719204.trim_2P.fastq.gz
Approx 20% complete for sel3_SRR1719204.trim_2P.fastq.gz
Approx 25% complete for sel3_SRR1719204.trim_2P.fastq.gz
Approx 30% complete for sel3_SRR1719204.trim_2P.fastq.gz
Approx 35% complete for sel3_SRR1719204.trim_2P.fastq.gz
Approx 40% complete for sel3_SRR1719204.trim_2P.fastq.gz
Approx 45% complete for sel3_SRR1719204.trim_2P.fastq.gz
Approx 50% complete for sel3_SRR1719204.trim_2P.fastq.gz
Approx 55% complete for sel3_SRR1719204.trim_2P.fastq.gz
Approx 60% complete for sel3_SRR1719204.trim_2P.fastq.gz
Approx 65% complete for sel3_SRR1719204.trim_2P.fastq.gz
Approx 70% complete for sel3_SRR1719204.trim_2P.fastq.gz
Approx 75% complete for sel3_SRR1719204.trim_2P.fastq.gz
Approx 80% complete for sel3_SRR1719204.trim_2P.fastq.gz
Approx 85% complete for sel3_SRR1719204.trim_2P.fastq.gz
Approx 90% complete for sel3_SRR1719204.trim_2P.fastq.gz
Approx 95% complete for sel3_SRR1719204.trim_2P.fastq.gz
Analysis complete for sel3_SRR1719204.trim_2P.fastq.gz
Running /home/karnair/GenomeAnalysis/BatWing/Data/raw_data/rna_seq/trimmed/sel3_SRR1719204.trim_2U.fastq.gz ...
Started analysis of sel3_SRR1719204.trim_2U.fastq.gz
Approx 80% complete for sel3_SRR1719204.trim_2U.fastq.gz
Analysis complete for sel3_SRR1719204.trim_2U.fastq.gz
Running /home/karnair/GenomeAnalysis/BatWing/Data/raw_data/rna_seq/trimmed/sel3_SRR1719206.trim_1P.fastq.gz ...
Started analysis of sel3_SRR1719206.trim_1P.fastq.gz
Approx 5% complete for sel3_SRR1719206.trim_1P.fastq.gz
Approx 10% complete for sel3_SRR1719206.trim_1P.fastq.gz
Approx 15% complete for sel3_SRR1719206.trim_1P.fastq.gz
Approx 20% complete for sel3_SRR1719206.trim_1P.fastq.gz
Approx 25% complete for sel3_SRR1719206.trim_1P.fastq.gz
Approx 30% complete for sel3_SRR1719206.trim_1P.fastq.gz
Approx 35% complete for sel3_SRR1719206.trim_1P.fastq.gz
Approx 40% complete for sel3_SRR1719206.trim_1P.fastq.gz
Approx 45% complete for sel3_SRR1719206.trim_1P.fastq.gz
Approx 50% complete for sel3_SRR1719206.trim_1P.fastq.gz
Approx 55% complete for sel3_SRR1719206.trim_1P.fastq.gz
Approx 60% complete for sel3_SRR1719206.trim_1P.fastq.gz
Approx 65% complete for sel3_SRR1719206.trim_1P.fastq.gz
Approx 70% complete for sel3_SRR1719206.trim_1P.fastq.gz
Approx 75% complete for sel3_SRR1719206.trim_1P.fastq.gz
Approx 80% complete for sel3_SRR1719206.trim_1P.fastq.gz
Approx 85% complete for sel3_SRR1719206.trim_1P.fastq.gz
Approx 90% complete for sel3_SRR1719206.trim_1P.fastq.gz
Approx 95% complete for sel3_SRR1719206.trim_1P.fastq.gz
Analysis complete for sel3_SRR1719206.trim_1P.fastq.gz
Running /home/karnair/GenomeAnalysis/BatWing/Data/raw_data/rna_seq/trimmed/sel3_SRR1719206.trim_1U.fastq.gz ...
Started analysis of sel3_SRR1719206.trim_1U.fastq.gz
Approx 5% complete for sel3_SRR1719206.trim_1U.fastq.gz
Approx 10% complete for sel3_SRR1719206.trim_1U.fastq.gz
Approx 15% complete for sel3_SRR1719206.trim_1U.fastq.gz
Approx 20% complete for sel3_SRR1719206.trim_1U.fastq.gz
Approx 25% complete for sel3_SRR1719206.trim_1U.fastq.gz
Approx 30% complete for sel3_SRR1719206.trim_1U.fastq.gz
Approx 35% complete for sel3_SRR1719206.trim_1U.fastq.gz
Approx 40% complete for sel3_SRR1719206.trim_1U.fastq.gz
Approx 45% complete for sel3_SRR1719206.trim_1U.fastq.gz
Approx 50% complete for sel3_SRR1719206.trim_1U.fastq.gz
Approx 55% complete for sel3_SRR1719206.trim_1U.fastq.gz
Approx 60% complete for sel3_SRR1719206.trim_1U.fastq.gz
Approx 65% complete for sel3_SRR1719206.trim_1U.fastq.gz
Approx 70% complete for sel3_SRR1719206.trim_1U.fastq.gz
Approx 75% complete for sel3_SRR1719206.trim_1U.fastq.gz
Approx 80% complete for sel3_SRR1719206.trim_1U.fastq.gz
Approx 85% complete for sel3_SRR1719206.trim_1U.fastq.gz
Approx 90% complete for sel3_SRR1719206.trim_1U.fastq.gz
Approx 95% complete for sel3_SRR1719206.trim_1U.fastq.gz
Analysis complete for sel3_SRR1719206.trim_1U.fastq.gz
Running /home/karnair/GenomeAnalysis/BatWing/Data/raw_data/rna_seq/trimmed/sel3_SRR1719206.trim_2P.fastq.gz ...
Started analysis of sel3_SRR1719206.trim_2P.fastq.gz
Approx 5% complete for sel3_SRR1719206.trim_2P.fastq.gz
Approx 10% complete for sel3_SRR1719206.trim_2P.fastq.gz
Approx 15% complete for sel3_SRR1719206.trim_2P.fastq.gz
Approx 20% complete for sel3_SRR1719206.trim_2P.fastq.gz
Approx 25% complete for sel3_SRR1719206.trim_2P.fastq.gz
Approx 30% complete for sel3_SRR1719206.trim_2P.fastq.gz
Approx 35% complete for sel3_SRR1719206.trim_2P.fastq.gz
Approx 40% complete for sel3_SRR1719206.trim_2P.fastq.gz
Approx 45% complete for sel3_SRR1719206.trim_2P.fastq.gz
Approx 50% complete for sel3_SRR1719206.trim_2P.fastq.gz
Approx 55% complete for sel3_SRR1719206.trim_2P.fastq.gz
Approx 60% complete for sel3_SRR1719206.trim_2P.fastq.gz
Approx 65% complete for sel3_SRR1719206.trim_2P.fastq.gz
Approx 70% complete for sel3_SRR1719206.trim_2P.fastq.gz
Approx 75% complete for sel3_SRR1719206.trim_2P.fastq.gz
Approx 80% complete for sel3_SRR1719206.trim_2P.fastq.gz
Approx 85% complete for sel3_SRR1719206.trim_2P.fastq.gz
Approx 90% complete for sel3_SRR1719206.trim_2P.fastq.gz
Approx 95% complete for sel3_SRR1719206.trim_2P.fastq.gz
Analysis complete for sel3_SRR1719206.trim_2P.fastq.gz
Running /home/karnair/GenomeAnalysis/BatWing/Data/raw_data/rna_seq/trimmed/sel3_SRR1719206.trim_2U.fastq.gz ...
Started analysis of sel3_SRR1719206.trim_2U.fastq.gz
Approx 10% complete for sel3_SRR1719206.trim_2U.fastq.gz
Approx 20% complete for sel3_SRR1719206.trim_2U.fastq.gz
Approx 30% complete for sel3_SRR1719206.trim_2U.fastq.gz
Approx 35% complete for sel3_SRR1719206.trim_2U.fastq.gz
Approx 45% complete for sel3_SRR1719206.trim_2U.fastq.gz
Approx 55% complete for sel3_SRR1719206.trim_2U.fastq.gz
Approx 65% complete for sel3_SRR1719206.trim_2U.fastq.gz
Approx 75% complete for sel3_SRR1719206.trim_2U.fastq.gz
Approx 85% complete for sel3_SRR1719206.trim_2U.fastq.gz
Approx 95% complete for sel3_SRR1719206.trim_2U.fastq.gz
Analysis complete for sel3_SRR1719206.trim_2U.fastq.gz
Running /home/karnair/GenomeAnalysis/BatWing/Data/raw_data/rna_seq/trimmed/sel3_SRR1719207.trim_1P.fastq.gz ...
Started analysis of sel3_SRR1719207.trim_1P.fastq.gz
Approx 5% complete for sel3_SRR1719207.trim_1P.fastq.gz
Approx 10% complete for sel3_SRR1719207.trim_1P.fastq.gz
Approx 15% complete for sel3_SRR1719207.trim_1P.fastq.gz
Approx 20% complete for sel3_SRR1719207.trim_1P.fastq.gz
Approx 25% complete for sel3_SRR1719207.trim_1P.fastq.gz
Approx 30% complete for sel3_SRR1719207.trim_1P.fastq.gz
Approx 35% complete for sel3_SRR1719207.trim_1P.fastq.gz
Approx 40% complete for sel3_SRR1719207.trim_1P.fastq.gz
Approx 45% complete for sel3_SRR1719207.trim_1P.fastq.gz
Approx 50% complete for sel3_SRR1719207.trim_1P.fastq.gz
Approx 55% complete for sel3_SRR1719207.trim_1P.fastq.gz
Approx 60% complete for sel3_SRR1719207.trim_1P.fastq.gz
Approx 65% complete for sel3_SRR1719207.trim_1P.fastq.gz
Approx 70% complete for sel3_SRR1719207.trim_1P.fastq.gz
Approx 75% complete for sel3_SRR1719207.trim_1P.fastq.gz
Approx 80% complete for sel3_SRR1719207.trim_1P.fastq.gz
Approx 85% complete for sel3_SRR1719207.trim_1P.fastq.gz
Approx 90% complete for sel3_SRR1719207.trim_1P.fastq.gz
Approx 95% complete for sel3_SRR1719207.trim_1P.fastq.gz
Analysis complete for sel3_SRR1719207.trim_1P.fastq.gz
Running /home/karnair/GenomeAnalysis/BatWing/Data/raw_data/rna_seq/trimmed/sel3_SRR1719207.trim_1U.fastq.gz ...
Started analysis of sel3_SRR1719207.trim_1U.fastq.gz
Approx 5% complete for sel3_SRR1719207.trim_1U.fastq.gz
Approx 10% complete for sel3_SRR1719207.trim_1U.fastq.gz
Approx 15% complete for sel3_SRR1719207.trim_1U.fastq.gz
Approx 20% complete for sel3_SRR1719207.trim_1U.fastq.gz
Approx 25% complete for sel3_SRR1719207.trim_1U.fastq.gz
Approx 30% complete for sel3_SRR1719207.trim_1U.fastq.gz
Approx 35% complete for sel3_SRR1719207.trim_1U.fastq.gz
Approx 40% complete for sel3_SRR1719207.trim_1U.fastq.gz
Approx 45% complete for sel3_SRR1719207.trim_1U.fastq.gz
Approx 50% complete for sel3_SRR1719207.trim_1U.fastq.gz
Approx 55% complete for sel3_SRR1719207.trim_1U.fastq.gz
Approx 60% complete for sel3_SRR1719207.trim_1U.fastq.gz
Approx 65% complete for sel3_SRR1719207.trim_1U.fastq.gz
Approx 70% complete for sel3_SRR1719207.trim_1U.fastq.gz
Approx 75% complete for sel3_SRR1719207.trim_1U.fastq.gz
Approx 80% complete for sel3_SRR1719207.trim_1U.fastq.gz
Approx 85% complete for sel3_SRR1719207.trim_1U.fastq.gz
Approx 90% complete for sel3_SRR1719207.trim_1U.fastq.gz
Approx 95% complete for sel3_SRR1719207.trim_1U.fastq.gz
Analysis complete for sel3_SRR1719207.trim_1U.fastq.gz
Running /home/karnair/GenomeAnalysis/BatWing/Data/raw_data/rna_seq/trimmed/sel3_SRR1719207.trim_2P.fastq.gz ...
Started analysis of sel3_SRR1719207.trim_2P.fastq.gz
Approx 5% complete for sel3_SRR1719207.trim_2P.fastq.gz
Approx 10% complete for sel3_SRR1719207.trim_2P.fastq.gz
Approx 15% complete for sel3_SRR1719207.trim_2P.fastq.gz
Approx 20% complete for sel3_SRR1719207.trim_2P.fastq.gz
Approx 25% complete for sel3_SRR1719207.trim_2P.fastq.gz
Approx 30% complete for sel3_SRR1719207.trim_2P.fastq.gz
Approx 35% complete for sel3_SRR1719207.trim_2P.fastq.gz
Approx 40% complete for sel3_SRR1719207.trim_2P.fastq.gz
Approx 45% complete for sel3_SRR1719207.trim_2P.fastq.gz
Approx 50% complete for sel3_SRR1719207.trim_2P.fastq.gz
Approx 55% complete for sel3_SRR1719207.trim_2P.fastq.gz
Approx 60% complete for sel3_SRR1719207.trim_2P.fastq.gz
Approx 65% complete for sel3_SRR1719207.trim_2P.fastq.gz
Approx 70% complete for sel3_SRR1719207.trim_2P.fastq.gz
Approx 75% complete for sel3_SRR1719207.trim_2P.fastq.gz
Approx 80% complete for sel3_SRR1719207.trim_2P.fastq.gz
Approx 85% complete for sel3_SRR1719207.trim_2P.fastq.gz
Approx 90% complete for sel3_SRR1719207.trim_2P.fastq.gz
Approx 95% complete for sel3_SRR1719207.trim_2P.fastq.gz
Analysis complete for sel3_SRR1719207.trim_2P.fastq.gz
Running /home/karnair/GenomeAnalysis/BatWing/Data/raw_data/rna_seq/trimmed/sel3_SRR1719207.trim_2U.fastq.gz ...
Started analysis of sel3_SRR1719207.trim_2U.fastq.gz
Approx 85% complete for sel3_SRR1719207.trim_2U.fastq.gz
Analysis complete for sel3_SRR1719207.trim_2U.fastq.gz
Running /home/karnair/GenomeAnalysis/BatWing/Data/raw_data/rna_seq/trimmed/sel3_SRR1719208.trim_1P.fastq.gz ...
Started analysis of sel3_SRR1719208.trim_1P.fastq.gz
Approx 5% complete for sel3_SRR1719208.trim_1P.fastq.gz
Approx 10% complete for sel3_SRR1719208.trim_1P.fastq.gz
Approx 15% complete for sel3_SRR1719208.trim_1P.fastq.gz
Approx 20% complete for sel3_SRR1719208.trim_1P.fastq.gz
Approx 25% complete for sel3_SRR1719208.trim_1P.fastq.gz
Approx 30% complete for sel3_SRR1719208.trim_1P.fastq.gz
Approx 35% complete for sel3_SRR1719208.trim_1P.fastq.gz
Approx 40% complete for sel3_SRR1719208.trim_1P.fastq.gz
Approx 45% complete for sel3_SRR1719208.trim_1P.fastq.gz
Approx 50% complete for sel3_SRR1719208.trim_1P.fastq.gz
Approx 55% complete for sel3_SRR1719208.trim_1P.fastq.gz
Approx 60% complete for sel3_SRR1719208.trim_1P.fastq.gz
Approx 65% complete for sel3_SRR1719208.trim_1P.fastq.gz
Approx 70% complete for sel3_SRR1719208.trim_1P.fastq.gz
Approx 75% complete for sel3_SRR1719208.trim_1P.fastq.gz
Approx 80% complete for sel3_SRR1719208.trim_1P.fastq.gz
Approx 85% complete for sel3_SRR1719208.trim_1P.fastq.gz
Approx 90% complete for sel3_SRR1719208.trim_1P.fastq.gz
Approx 95% complete for sel3_SRR1719208.trim_1P.fastq.gz
Analysis complete for sel3_SRR1719208.trim_1P.fastq.gz
Running /home/karnair/GenomeAnalysis/BatWing/Data/raw_data/rna_seq/trimmed/sel3_SRR1719208.trim_1U.fastq.gz ...
Started analysis of sel3_SRR1719208.trim_1U.fastq.gz
Approx 5% complete for sel3_SRR1719208.trim_1U.fastq.gz
Approx 10% complete for sel3_SRR1719208.trim_1U.fastq.gz
Approx 20% complete for sel3_SRR1719208.trim_1U.fastq.gz
Approx 25% complete for sel3_SRR1719208.trim_1U.fastq.gz
Approx 35% complete for sel3_SRR1719208.trim_1U.fastq.gz
Approx 40% complete for sel3_SRR1719208.trim_1U.fastq.gz
Approx 50% complete for sel3_SRR1719208.trim_1U.fastq.gz
Approx 55% complete for sel3_SRR1719208.trim_1U.fastq.gz
Approx 60% complete for sel3_SRR1719208.trim_1U.fastq.gz
Approx 70% complete for sel3_SRR1719208.trim_1U.fastq.gz
Approx 75% complete for sel3_SRR1719208.trim_1U.fastq.gz
Approx 85% complete for sel3_SRR1719208.trim_1U.fastq.gz
Approx 90% complete for sel3_SRR1719208.trim_1U.fastq.gz
Analysis complete for sel3_SRR1719208.trim_1U.fastq.gz
Running /home/karnair/GenomeAnalysis/BatWing/Data/raw_data/rna_seq/trimmed/sel3_SRR1719208.trim_2P.fastq.gz ...
Started analysis of sel3_SRR1719208.trim_2P.fastq.gz
Approx 5% complete for sel3_SRR1719208.trim_2P.fastq.gz
Approx 10% complete for sel3_SRR1719208.trim_2P.fastq.gz
Approx 15% complete for sel3_SRR1719208.trim_2P.fastq.gz
Approx 20% complete for sel3_SRR1719208.trim_2P.fastq.gz
Approx 25% complete for sel3_SRR1719208.trim_2P.fastq.gz
Approx 30% complete for sel3_SRR1719208.trim_2P.fastq.gz
Approx 35% complete for sel3_SRR1719208.trim_2P.fastq.gz
Approx 40% complete for sel3_SRR1719208.trim_2P.fastq.gz
Approx 45% complete for sel3_SRR1719208.trim_2P.fastq.gz
Approx 50% complete for sel3_SRR1719208.trim_2P.fastq.gz
Approx 55% complete for sel3_SRR1719208.trim_2P.fastq.gz
Approx 60% complete for sel3_SRR1719208.trim_2P.fastq.gz
Approx 65% complete for sel3_SRR1719208.trim_2P.fastq.gz
Approx 70% complete for sel3_SRR1719208.trim_2P.fastq.gz
Approx 75% complete for sel3_SRR1719208.trim_2P.fastq.gz
Approx 80% complete for sel3_SRR1719208.trim_2P.fastq.gz
Approx 85% complete for sel3_SRR1719208.trim_2P.fastq.gz
Approx 90% complete for sel3_SRR1719208.trim_2P.fastq.gz
Approx 95% complete for sel3_SRR1719208.trim_2P.fastq.gz
Analysis complete for sel3_SRR1719208.trim_2P.fastq.gz
Running /home/karnair/GenomeAnalysis/BatWing/Data/raw_data/rna_seq/trimmed/sel3_SRR1719208.trim_2U.fastq.gz ...
Started analysis of sel3_SRR1719208.trim_2U.fastq.gz
Analysis complete for sel3_SRR1719208.trim_2U.fastq.gz
Running /home/karnair/GenomeAnalysis/BatWing/Data/raw_data/rna_seq/trimmed/sel3_SRR1719209.trim_1P.fastq.gz ...
Started analysis of sel3_SRR1719209.trim_1P.fastq.gz
Approx 5% complete for sel3_SRR1719209.trim_1P.fastq.gz
Approx 10% complete for sel3_SRR1719209.trim_1P.fastq.gz
Approx 15% complete for sel3_SRR1719209.trim_1P.fastq.gz
Approx 20% complete for sel3_SRR1719209.trim_1P.fastq.gz
Approx 25% complete for sel3_SRR1719209.trim_1P.fastq.gz
Approx 30% complete for sel3_SRR1719209.trim_1P.fastq.gz
Approx 35% complete for sel3_SRR1719209.trim_1P.fastq.gz
Approx 40% complete for sel3_SRR1719209.trim_1P.fastq.gz
Approx 45% complete for sel3_SRR1719209.trim_1P.fastq.gz
Approx 50% complete for sel3_SRR1719209.trim_1P.fastq.gz
Approx 55% complete for sel3_SRR1719209.trim_1P.fastq.gz
Approx 60% complete for sel3_SRR1719209.trim_1P.fastq.gz
Approx 65% complete for sel3_SRR1719209.trim_1P.fastq.gz
Approx 70% complete for sel3_SRR1719209.trim_1P.fastq.gz
Approx 75% complete for sel3_SRR1719209.trim_1P.fastq.gz
Approx 80% complete for sel3_SRR1719209.trim_1P.fastq.gz
Approx 85% complete for sel3_SRR1719209.trim_1P.fastq.gz
Approx 90% complete for sel3_SRR1719209.trim_1P.fastq.gz
Approx 95% complete for sel3_SRR1719209.trim_1P.fastq.gz
Analysis complete for sel3_SRR1719209.trim_1P.fastq.gz
Running /home/karnair/GenomeAnalysis/BatWing/Data/raw_data/rna_seq/trimmed/sel3_SRR1719209.trim_1U.fastq.gz ...
Started analysis of sel3_SRR1719209.trim_1U.fastq.gz
Approx 5% complete for sel3_SRR1719209.trim_1U.fastq.gz
Approx 10% complete for sel3_SRR1719209.trim_1U.fastq.gz
Approx 20% complete for sel3_SRR1719209.trim_1U.fastq.gz
Approx 25% complete for sel3_SRR1719209.trim_1U.fastq.gz
Approx 35% complete for sel3_SRR1719209.trim_1U.fastq.gz
Approx 40% complete for sel3_SRR1719209.trim_1U.fastq.gz
Approx 45% complete for sel3_SRR1719209.trim_1U.fastq.gz
Approx 55% complete for sel3_SRR1719209.trim_1U.fastq.gz
Approx 60% complete for sel3_SRR1719209.trim_1U.fastq.gz
Approx 70% complete for sel3_SRR1719209.trim_1U.fastq.gz
Approx 75% complete for sel3_SRR1719209.trim_1U.fastq.gz
Approx 80% complete for sel3_SRR1719209.trim_1U.fastq.gz
Approx 90% complete for sel3_SRR1719209.trim_1U.fastq.gz
Approx 95% complete for sel3_SRR1719209.trim_1U.fastq.gz
Analysis complete for sel3_SRR1719209.trim_1U.fastq.gz
Running /home/karnair/GenomeAnalysis/BatWing/Data/raw_data/rna_seq/trimmed/sel3_SRR1719209.trim_2P.fastq.gz ...
Started analysis of sel3_SRR1719209.trim_2P.fastq.gz
Approx 5% complete for sel3_SRR1719209.trim_2P.fastq.gz
Approx 10% complete for sel3_SRR1719209.trim_2P.fastq.gz
Approx 15% complete for sel3_SRR1719209.trim_2P.fastq.gz
Approx 20% complete for sel3_SRR1719209.trim_2P.fastq.gz
Approx 25% complete for sel3_SRR1719209.trim_2P.fastq.gz
Approx 30% complete for sel3_SRR1719209.trim_2P.fastq.gz
Approx 35% complete for sel3_SRR1719209.trim_2P.fastq.gz
Approx 40% complete for sel3_SRR1719209.trim_2P.fastq.gz
Approx 45% complete for sel3_SRR1719209.trim_2P.fastq.gz
Approx 50% complete for sel3_SRR1719209.trim_2P.fastq.gz
Approx 55% complete for sel3_SRR1719209.trim_2P.fastq.gz
Approx 60% complete for sel3_SRR1719209.trim_2P.fastq.gz
Approx 65% complete for sel3_SRR1719209.trim_2P.fastq.gz
Approx 70% complete for sel3_SRR1719209.trim_2P.fastq.gz
Approx 75% complete for sel3_SRR1719209.trim_2P.fastq.gz
Approx 80% complete for sel3_SRR1719209.trim_2P.fastq.gz
Approx 85% complete for sel3_SRR1719209.trim_2P.fastq.gz
Approx 90% complete for sel3_SRR1719209.trim_2P.fastq.gz
Approx 95% complete for sel3_SRR1719209.trim_2P.fastq.gz
Analysis complete for sel3_SRR1719209.trim_2P.fastq.gz
Running /home/karnair/GenomeAnalysis/BatWing/Data/raw_data/rna_seq/trimmed/sel3_SRR1719209.trim_2U.fastq.gz ...
Started analysis of sel3_SRR1719209.trim_2U.fastq.gz
Analysis complete for sel3_SRR1719209.trim_2U.fastq.gz
Running /home/karnair/GenomeAnalysis/BatWing/Data/raw_data/rna_seq/trimmed/sel3_SRR1719211.trim_1P.fastq.gz ...
Started analysis of sel3_SRR1719211.trim_1P.fastq.gz
Approx 5% complete for sel3_SRR1719211.trim_1P.fastq.gz
Approx 10% complete for sel3_SRR1719211.trim_1P.fastq.gz
Approx 15% complete for sel3_SRR1719211.trim_1P.fastq.gz
Approx 20% complete for sel3_SRR1719211.trim_1P.fastq.gz
Approx 25% complete for sel3_SRR1719211.trim_1P.fastq.gz
Approx 30% complete for sel3_SRR1719211.trim_1P.fastq.gz
Approx 35% complete for sel3_SRR1719211.trim_1P.fastq.gz
Approx 40% complete for sel3_SRR1719211.trim_1P.fastq.gz
Approx 45% complete for sel3_SRR1719211.trim_1P.fastq.gz
Approx 50% complete for sel3_SRR1719211.trim_1P.fastq.gz
Approx 55% complete for sel3_SRR1719211.trim_1P.fastq.gz
Approx 60% complete for sel3_SRR1719211.trim_1P.fastq.gz
Approx 65% complete for sel3_SRR1719211.trim_1P.fastq.gz
Approx 70% complete for sel3_SRR1719211.trim_1P.fastq.gz
Approx 75% complete for sel3_SRR1719211.trim_1P.fastq.gz
Approx 80% complete for sel3_SRR1719211.trim_1P.fastq.gz
Approx 85% complete for sel3_SRR1719211.trim_1P.fastq.gz
Approx 90% complete for sel3_SRR1719211.trim_1P.fastq.gz
Approx 95% complete for sel3_SRR1719211.trim_1P.fastq.gz
Analysis complete for sel3_SRR1719211.trim_1P.fastq.gz
Running /home/karnair/GenomeAnalysis/BatWing/Data/raw_data/rna_seq/trimmed/sel3_SRR1719211.trim_1U.fastq.gz ...
Started analysis of sel3_SRR1719211.trim_1U.fastq.gz
Approx 5% complete for sel3_SRR1719211.trim_1U.fastq.gz
Approx 10% complete for sel3_SRR1719211.trim_1U.fastq.gz
Approx 15% complete for sel3_SRR1719211.trim_1U.fastq.gz
Approx 20% complete for sel3_SRR1719211.trim_1U.fastq.gz
Approx 25% complete for sel3_SRR1719211.trim_1U.fastq.gz
Approx 30% complete for sel3_SRR1719211.trim_1U.fastq.gz
Approx 40% complete for sel3_SRR1719211.trim_1U.fastq.gz
Approx 45% complete for sel3_SRR1719211.trim_1U.fastq.gz
Approx 50% complete for sel3_SRR1719211.trim_1U.fastq.gz
Approx 55% complete for sel3_SRR1719211.trim_1U.fastq.gz
Approx 60% complete for sel3_SRR1719211.trim_1U.fastq.gz
Approx 65% complete for sel3_SRR1719211.trim_1U.fastq.gz
Approx 75% complete for sel3_SRR1719211.trim_1U.fastq.gz
Approx 80% complete for sel3_SRR1719211.trim_1U.fastq.gz
Approx 85% complete for sel3_SRR1719211.trim_1U.fastq.gz
Approx 90% complete for sel3_SRR1719211.trim_1U.fastq.gz
Approx 95% complete for sel3_SRR1719211.trim_1U.fastq.gz
Analysis complete for sel3_SRR1719211.trim_1U.fastq.gz
Running /home/karnair/GenomeAnalysis/BatWing/Data/raw_data/rna_seq/trimmed/sel3_SRR1719211.trim_2P.fastq.gz ...
Started analysis of sel3_SRR1719211.trim_2P.fastq.gz
Approx 5% complete for sel3_SRR1719211.trim_2P.fastq.gz
Approx 10% complete for sel3_SRR1719211.trim_2P.fastq.gz
Approx 15% complete for sel3_SRR1719211.trim_2P.fastq.gz
Approx 20% complete for sel3_SRR1719211.trim_2P.fastq.gz
Approx 25% complete for sel3_SRR1719211.trim_2P.fastq.gz
Approx 30% complete for sel3_SRR1719211.trim_2P.fastq.gz
Approx 35% complete for sel3_SRR1719211.trim_2P.fastq.gz
Approx 40% complete for sel3_SRR1719211.trim_2P.fastq.gz
Approx 45% complete for sel3_SRR1719211.trim_2P.fastq.gz
Approx 50% complete for sel3_SRR1719211.trim_2P.fastq.gz
Approx 55% complete for sel3_SRR1719211.trim_2P.fastq.gz
Approx 60% complete for sel3_SRR1719211.trim_2P.fastq.gz
Approx 65% complete for sel3_SRR1719211.trim_2P.fastq.gz
Approx 70% complete for sel3_SRR1719211.trim_2P.fastq.gz
Approx 75% complete for sel3_SRR1719211.trim_2P.fastq.gz
Approx 80% complete for sel3_SRR1719211.trim_2P.fastq.gz
Approx 85% complete for sel3_SRR1719211.trim_2P.fastq.gz
Approx 90% complete for sel3_SRR1719211.trim_2P.fastq.gz
Approx 95% complete for sel3_SRR1719211.trim_2P.fastq.gz
Analysis complete for sel3_SRR1719211.trim_2P.fastq.gz
Running /home/karnair/GenomeAnalysis/BatWing/Data/raw_data/rna_seq/trimmed/sel3_SRR1719211.trim_2U.fastq.gz ...
Started analysis of sel3_SRR1719211.trim_2U.fastq.gz
Approx 90% complete for sel3_SRR1719211.trim_2U.fastq.gz
Analysis complete for sel3_SRR1719211.trim_2U.fastq.gz
Running /home/karnair/GenomeAnalysis/BatWing/Data/raw_data/rna_seq/trimmed/sel3_SRR1719212.trim_1P.fastq.gz ...
Started analysis of sel3_SRR1719212.trim_1P.fastq.gz
Approx 5% complete for sel3_SRR1719212.trim_1P.fastq.gz
Approx 10% complete for sel3_SRR1719212.trim_1P.fastq.gz
Approx 15% complete for sel3_SRR1719212.trim_1P.fastq.gz
Approx 20% complete for sel3_SRR1719212.trim_1P.fastq.gz
Approx 25% complete for sel3_SRR1719212.trim_1P.fastq.gz
Approx 30% complete for sel3_SRR1719212.trim_1P.fastq.gz
Approx 35% complete for sel3_SRR1719212.trim_1P.fastq.gz
Approx 40% complete for sel3_SRR1719212.trim_1P.fastq.gz
Approx 45% complete for sel3_SRR1719212.trim_1P.fastq.gz
Approx 50% complete for sel3_SRR1719212.trim_1P.fastq.gz
Approx 55% complete for sel3_SRR1719212.trim_1P.fastq.gz
Approx 60% complete for sel3_SRR1719212.trim_1P.fastq.gz
Approx 65% complete for sel3_SRR1719212.trim_1P.fastq.gz
Approx 70% complete for sel3_SRR1719212.trim_1P.fastq.gz
Approx 75% complete for sel3_SRR1719212.trim_1P.fastq.gz
Approx 80% complete for sel3_SRR1719212.trim_1P.fastq.gz
Approx 85% complete for sel3_SRR1719212.trim_1P.fastq.gz
Approx 90% complete for sel3_SRR1719212.trim_1P.fastq.gz
Approx 95% complete for sel3_SRR1719212.trim_1P.fastq.gz
Analysis complete for sel3_SRR1719212.trim_1P.fastq.gz
slurmstepd: error: *** JOB 9616046 ON r372 CANCELLED AT 2019-07-29T16:32:53 DUE TO TIME LIMIT ***
