Running /home/karnair/GenomeAnalysis/BatWing/Data/wgs_data/sel3_SRR5819794.trim_1P.fastq.gz ...
Started analysis of sel3_SRR5819794.trim_1P.fastq.gz
Approx 5% complete for sel3_SRR5819794.trim_1P.fastq.gz
Approx 10% complete for sel3_SRR5819794.trim_1P.fastq.gz
Approx 15% complete for sel3_SRR5819794.trim_1P.fastq.gz
Approx 20% complete for sel3_SRR5819794.trim_1P.fastq.gz
Approx 25% complete for sel3_SRR5819794.trim_1P.fastq.gz
Approx 30% complete for sel3_SRR5819794.trim_1P.fastq.gz
Approx 35% complete for sel3_SRR5819794.trim_1P.fastq.gz
Approx 40% complete for sel3_SRR5819794.trim_1P.fastq.gz
Approx 45% complete for sel3_SRR5819794.trim_1P.fastq.gz
Approx 50% complete for sel3_SRR5819794.trim_1P.fastq.gz
Approx 55% complete for sel3_SRR5819794.trim_1P.fastq.gz
Approx 60% complete for sel3_SRR5819794.trim_1P.fastq.gz
Approx 65% complete for sel3_SRR5819794.trim_1P.fastq.gz
Approx 70% complete for sel3_SRR5819794.trim_1P.fastq.gz
Approx 75% complete for sel3_SRR5819794.trim_1P.fastq.gz
Approx 80% complete for sel3_SRR5819794.trim_1P.fastq.gz
Approx 85% complete for sel3_SRR5819794.trim_1P.fastq.gz
Approx 90% complete for sel3_SRR5819794.trim_1P.fastq.gz
Approx 95% complete for sel3_SRR5819794.trim_1P.fastq.gz
Analysis complete for sel3_SRR5819794.trim_1P.fastq.gz
Running /home/karnair/GenomeAnalysis/BatWing/Data/wgs_data/sel3_SRR5819794.trim_1U.fastq.gz ...
Started analysis of sel3_SRR5819794.trim_1U.fastq.gz
Approx 5% complete for sel3_SRR5819794.trim_1U.fastq.gz
Approx 10% complete for sel3_SRR5819794.trim_1U.fastq.gz
Approx 15% complete for sel3_SRR5819794.trim_1U.fastq.gz
Approx 20% complete for sel3_SRR5819794.trim_1U.fastq.gz
Approx 25% complete for sel3_SRR5819794.trim_1U.fastq.gz
Approx 30% complete for sel3_SRR5819794.trim_1U.fastq.gz
Approx 35% complete for sel3_SRR5819794.trim_1U.fastq.gz
Approx 40% complete for sel3_SRR5819794.trim_1U.fastq.gz
Approx 45% complete for sel3_SRR5819794.trim_1U.fastq.gz
Approx 50% complete for sel3_SRR5819794.trim_1U.fastq.gz
Approx 55% complete for sel3_SRR5819794.trim_1U.fastq.gz
Approx 60% complete for sel3_SRR5819794.trim_1U.fastq.gz
Approx 65% complete for sel3_SRR5819794.trim_1U.fastq.gz
Approx 70% complete for sel3_SRR5819794.trim_1U.fastq.gz
Approx 75% complete for sel3_SRR5819794.trim_1U.fastq.gz
Approx 80% complete for sel3_SRR5819794.trim_1U.fastq.gz
Approx 85% complete for sel3_SRR5819794.trim_1U.fastq.gz
Approx 90% complete for sel3_SRR5819794.trim_1U.fastq.gz
Approx 95% complete for sel3_SRR5819794.trim_1U.fastq.gz
Analysis complete for sel3_SRR5819794.trim_1U.fastq.gz
Running /home/karnair/GenomeAnalysis/BatWing/Data/wgs_data/sel3_SRR5819794.trim_2P.fastq.gz ...
Started analysis of sel3_SRR5819794.trim_2P.fastq.gz
Approx 5% complete for sel3_SRR5819794.trim_2P.fastq.gz
Approx 10% complete for sel3_SRR5819794.trim_2P.fastq.gz
Approx 15% complete for sel3_SRR5819794.trim_2P.fastq.gz
Approx 20% complete for sel3_SRR5819794.trim_2P.fastq.gz
Approx 25% complete for sel3_SRR5819794.trim_2P.fastq.gz
Approx 30% complete for sel3_SRR5819794.trim_2P.fastq.gz
Approx 35% complete for sel3_SRR5819794.trim_2P.fastq.gz
Approx 40% complete for sel3_SRR5819794.trim_2P.fastq.gz
Approx 45% complete for sel3_SRR5819794.trim_2P.fastq.gz
Approx 50% complete for sel3_SRR5819794.trim_2P.fastq.gz
Approx 55% complete for sel3_SRR5819794.trim_2P.fastq.gz
Approx 60% complete for sel3_SRR5819794.trim_2P.fastq.gz
Approx 65% complete for sel3_SRR5819794.trim_2P.fastq.gz
Approx 70% complete for sel3_SRR5819794.trim_2P.fastq.gz
Approx 75% complete for sel3_SRR5819794.trim_2P.fastq.gz
Approx 80% complete for sel3_SRR5819794.trim_2P.fastq.gz
Approx 85% complete for sel3_SRR5819794.trim_2P.fastq.gz
Approx 90% complete for sel3_SRR5819794.trim_2P.fastq.gz
Approx 95% complete for sel3_SRR5819794.trim_2P.fastq.gz
Analysis complete for sel3_SRR5819794.trim_2P.fastq.gz
Running /home/karnair/GenomeAnalysis/BatWing/Data/wgs_data/sel3_SRR5819794.trim_2U.fastq.gz ...
Started analysis of sel3_SRR5819794.trim_2U.fastq.gz
Approx 5% complete for sel3_SRR5819794.trim_2U.fastq.gz
Approx 10% complete for sel3_SRR5819794.trim_2U.fastq.gz
Approx 15% complete for sel3_SRR5819794.trim_2U.fastq.gz
Approx 20% complete for sel3_SRR5819794.trim_2U.fastq.gz
Approx 25% complete for sel3_SRR5819794.trim_2U.fastq.gz
Approx 30% complete for sel3_SRR5819794.trim_2U.fastq.gz
Approx 35% complete for sel3_SRR5819794.trim_2U.fastq.gz
Approx 40% complete for sel3_SRR5819794.trim_2U.fastq.gz
Approx 45% complete for sel3_SRR5819794.trim_2U.fastq.gz
Approx 50% complete for sel3_SRR5819794.trim_2U.fastq.gz
Approx 55% complete for sel3_SRR5819794.trim_2U.fastq.gz
Approx 60% complete for sel3_SRR5819794.trim_2U.fastq.gz
Approx 65% complete for sel3_SRR5819794.trim_2U.fastq.gz
Approx 70% complete for sel3_SRR5819794.trim_2U.fastq.gz
Approx 75% complete for sel3_SRR5819794.trim_2U.fastq.gz
Approx 80% complete for sel3_SRR5819794.trim_2U.fastq.gz
Approx 85% complete for sel3_SRR5819794.trim_2U.fastq.gz
Approx 90% complete for sel3_SRR5819794.trim_2U.fastq.gz
Approx 95% complete for sel3_SRR5819794.trim_2U.fastq.gz
Analysis complete for sel3_SRR5819794.trim_2U.fastq.gz
Running /home/karnair/GenomeAnalysis/BatWing/Data/wgs_data/sel3_SRR5819795.trim_1P.fastq.gz ...
Started analysis of sel3_SRR5819795.trim_1P.fastq.gz
Approx 5% complete for sel3_SRR5819795.trim_1P.fastq.gz
Approx 10% complete for sel3_SRR5819795.trim_1P.fastq.gz
Approx 15% complete for sel3_SRR5819795.trim_1P.fastq.gz
Approx 20% complete for sel3_SRR5819795.trim_1P.fastq.gz
Approx 25% complete for sel3_SRR5819795.trim_1P.fastq.gz
Approx 30% complete for sel3_SRR5819795.trim_1P.fastq.gz
Approx 35% complete for sel3_SRR5819795.trim_1P.fastq.gz
Approx 40% complete for sel3_SRR5819795.trim_1P.fastq.gz
Approx 45% complete for sel3_SRR5819795.trim_1P.fastq.gz
Approx 50% complete for sel3_SRR5819795.trim_1P.fastq.gz
Approx 55% complete for sel3_SRR5819795.trim_1P.fastq.gz
Approx 60% complete for sel3_SRR5819795.trim_1P.fastq.gz
Approx 65% complete for sel3_SRR5819795.trim_1P.fastq.gz
Approx 70% complete for sel3_SRR5819795.trim_1P.fastq.gz
Approx 75% complete for sel3_SRR5819795.trim_1P.fastq.gz
Approx 80% complete for sel3_SRR5819795.trim_1P.fastq.gz
Approx 85% complete for sel3_SRR5819795.trim_1P.fastq.gz
Approx 90% complete for sel3_SRR5819795.trim_1P.fastq.gz
Approx 95% complete for sel3_SRR5819795.trim_1P.fastq.gz
Analysis complete for sel3_SRR5819795.trim_1P.fastq.gz
Running /home/karnair/GenomeAnalysis/BatWing/Data/wgs_data/sel3_SRR5819795.trim_1U.fastq.gz ...
Started analysis of sel3_SRR5819795.trim_1U.fastq.gz
Approx 5% complete for sel3_SRR5819795.trim_1U.fastq.gz
Approx 10% complete for sel3_SRR5819795.trim_1U.fastq.gz
Approx 15% complete for sel3_SRR5819795.trim_1U.fastq.gz
Approx 20% complete for sel3_SRR5819795.trim_1U.fastq.gz
Approx 25% complete for sel3_SRR5819795.trim_1U.fastq.gz
Approx 30% complete for sel3_SRR5819795.trim_1U.fastq.gz
Approx 35% complete for sel3_SRR5819795.trim_1U.fastq.gz
Approx 40% complete for sel3_SRR5819795.trim_1U.fastq.gz
Approx 45% complete for sel3_SRR5819795.trim_1U.fastq.gz
Approx 50% complete for sel3_SRR5819795.trim_1U.fastq.gz
Approx 55% complete for sel3_SRR5819795.trim_1U.fastq.gz
Approx 60% complete for sel3_SRR5819795.trim_1U.fastq.gz
Approx 65% complete for sel3_SRR5819795.trim_1U.fastq.gz
Approx 70% complete for sel3_SRR5819795.trim_1U.fastq.gz
Approx 75% complete for sel3_SRR5819795.trim_1U.fastq.gz
Approx 80% complete for sel3_SRR5819795.trim_1U.fastq.gz
Approx 85% complete for sel3_SRR5819795.trim_1U.fastq.gz
Approx 90% complete for sel3_SRR5819795.trim_1U.fastq.gz
Approx 95% complete for sel3_SRR5819795.trim_1U.fastq.gz
Analysis complete for sel3_SRR5819795.trim_1U.fastq.gz
Running /home/karnair/GenomeAnalysis/BatWing/Data/wgs_data/sel3_SRR5819795.trim_2P.fastq.gz ...
Started analysis of sel3_SRR5819795.trim_2P.fastq.gz
Approx 5% complete for sel3_SRR5819795.trim_2P.fastq.gz
Approx 10% complete for sel3_SRR5819795.trim_2P.fastq.gz
Approx 15% complete for sel3_SRR5819795.trim_2P.fastq.gz
Approx 20% complete for sel3_SRR5819795.trim_2P.fastq.gz
Approx 25% complete for sel3_SRR5819795.trim_2P.fastq.gz
Approx 30% complete for sel3_SRR5819795.trim_2P.fastq.gz
Approx 35% complete for sel3_SRR5819795.trim_2P.fastq.gz
Approx 40% complete for sel3_SRR5819795.trim_2P.fastq.gz
Approx 45% complete for sel3_SRR5819795.trim_2P.fastq.gz
Approx 50% complete for sel3_SRR5819795.trim_2P.fastq.gz
Approx 55% complete for sel3_SRR5819795.trim_2P.fastq.gz
Approx 60% complete for sel3_SRR5819795.trim_2P.fastq.gz
Approx 65% complete for sel3_SRR5819795.trim_2P.fastq.gz
Approx 70% complete for sel3_SRR5819795.trim_2P.fastq.gz
Approx 75% complete for sel3_SRR5819795.trim_2P.fastq.gz
Approx 80% complete for sel3_SRR5819795.trim_2P.fastq.gz
Approx 85% complete for sel3_SRR5819795.trim_2P.fastq.gz
Approx 90% complete for sel3_SRR5819795.trim_2P.fastq.gz
Approx 95% complete for sel3_SRR5819795.trim_2P.fastq.gz
Analysis complete for sel3_SRR5819795.trim_2P.fastq.gz
Running /home/karnair/GenomeAnalysis/BatWing/Data/wgs_data/sel3_SRR5819795.trim_2U.fastq.gz ...
Started analysis of sel3_SRR5819795.trim_2U.fastq.gz
Approx 5% complete for sel3_SRR5819795.trim_2U.fastq.gz
Approx 10% complete for sel3_SRR5819795.trim_2U.fastq.gz
Approx 15% complete for sel3_SRR5819795.trim_2U.fastq.gz
Approx 20% complete for sel3_SRR5819795.trim_2U.fastq.gz
Approx 25% complete for sel3_SRR5819795.trim_2U.fastq.gz
Approx 30% complete for sel3_SRR5819795.trim_2U.fastq.gz
Approx 35% complete for sel3_SRR5819795.trim_2U.fastq.gz
Approx 40% complete for sel3_SRR5819795.trim_2U.fastq.gz
Approx 45% complete for sel3_SRR5819795.trim_2U.fastq.gz
Approx 50% complete for sel3_SRR5819795.trim_2U.fastq.gz
Approx 55% complete for sel3_SRR5819795.trim_2U.fastq.gz
Approx 60% complete for sel3_SRR5819795.trim_2U.fastq.gz
Approx 65% complete for sel3_SRR5819795.trim_2U.fastq.gz
Approx 70% complete for sel3_SRR5819795.trim_2U.fastq.gz
Approx 75% complete for sel3_SRR5819795.trim_2U.fastq.gz
Approx 80% complete for sel3_SRR5819795.trim_2U.fastq.gz
Approx 85% complete for sel3_SRR5819795.trim_2U.fastq.gz
Approx 90% complete for sel3_SRR5819795.trim_2U.fastq.gz
Approx 95% complete for sel3_SRR5819795.trim_2U.fastq.gz
Analysis complete for sel3_SRR5819795.trim_2U.fastq.gz
Running /home/karnair/GenomeAnalysis/BatWing/Data/wgs_data/sel3_SRR5819796.trim_1P.fastq.gz ...
Started analysis of sel3_SRR5819796.trim_1P.fastq.gz
Approx 5% complete for sel3_SRR5819796.trim_1P.fastq.gz
Approx 10% complete for sel3_SRR5819796.trim_1P.fastq.gz
Approx 15% complete for sel3_SRR5819796.trim_1P.fastq.gz
Approx 20% complete for sel3_SRR5819796.trim_1P.fastq.gz
Approx 25% complete for sel3_SRR5819796.trim_1P.fastq.gz
Approx 30% complete for sel3_SRR5819796.trim_1P.fastq.gz
Approx 35% complete for sel3_SRR5819796.trim_1P.fastq.gz
Approx 40% complete for sel3_SRR5819796.trim_1P.fastq.gz
Approx 45% complete for sel3_SRR5819796.trim_1P.fastq.gz
Approx 50% complete for sel3_SRR5819796.trim_1P.fastq.gz
Approx 55% complete for sel3_SRR5819796.trim_1P.fastq.gz
Approx 60% complete for sel3_SRR5819796.trim_1P.fastq.gz
Approx 65% complete for sel3_SRR5819796.trim_1P.fastq.gz
Approx 70% complete for sel3_SRR5819796.trim_1P.fastq.gz
Approx 75% complete for sel3_SRR5819796.trim_1P.fastq.gz
Approx 80% complete for sel3_SRR5819796.trim_1P.fastq.gz
Approx 85% complete for sel3_SRR5819796.trim_1P.fastq.gz
Approx 90% complete for sel3_SRR5819796.trim_1P.fastq.gz
Approx 95% complete for sel3_SRR5819796.trim_1P.fastq.gz
Analysis complete for sel3_SRR5819796.trim_1P.fastq.gz
Running /home/karnair/GenomeAnalysis/BatWing/Data/wgs_data/sel3_SRR5819796.trim_1U.fastq.gz ...
Started analysis of sel3_SRR5819796.trim_1U.fastq.gz
Approx 5% complete for sel3_SRR5819796.trim_1U.fastq.gz
Approx 10% complete for sel3_SRR5819796.trim_1U.fastq.gz
Approx 15% complete for sel3_SRR5819796.trim_1U.fastq.gz
Approx 20% complete for sel3_SRR5819796.trim_1U.fastq.gz
Approx 25% complete for sel3_SRR5819796.trim_1U.fastq.gz
Approx 30% complete for sel3_SRR5819796.trim_1U.fastq.gz
Approx 35% complete for sel3_SRR5819796.trim_1U.fastq.gz
Approx 40% complete for sel3_SRR5819796.trim_1U.fastq.gz
Approx 45% complete for sel3_SRR5819796.trim_1U.fastq.gz
Approx 50% complete for sel3_SRR5819796.trim_1U.fastq.gz
Approx 55% complete for sel3_SRR5819796.trim_1U.fastq.gz
Approx 60% complete for sel3_SRR5819796.trim_1U.fastq.gz
Approx 65% complete for sel3_SRR5819796.trim_1U.fastq.gz
Approx 70% complete for sel3_SRR5819796.trim_1U.fastq.gz
Approx 75% complete for sel3_SRR5819796.trim_1U.fastq.gz
Approx 80% complete for sel3_SRR5819796.trim_1U.fastq.gz
Approx 85% complete for sel3_SRR5819796.trim_1U.fastq.gz
Approx 90% complete for sel3_SRR5819796.trim_1U.fastq.gz
Approx 95% complete for sel3_SRR5819796.trim_1U.fastq.gz
Analysis complete for sel3_SRR5819796.trim_1U.fastq.gz
Running /home/karnair/GenomeAnalysis/BatWing/Data/wgs_data/sel3_SRR5819796.trim_2P.fastq.gz ...
Started analysis of sel3_SRR5819796.trim_2P.fastq.gz
Approx 5% complete for sel3_SRR5819796.trim_2P.fastq.gz
Approx 10% complete for sel3_SRR5819796.trim_2P.fastq.gz
Approx 15% complete for sel3_SRR5819796.trim_2P.fastq.gz
Approx 20% complete for sel3_SRR5819796.trim_2P.fastq.gz
Approx 25% complete for sel3_SRR5819796.trim_2P.fastq.gz
Approx 30% complete for sel3_SRR5819796.trim_2P.fastq.gz
Approx 35% complete for sel3_SRR5819796.trim_2P.fastq.gz
Approx 40% complete for sel3_SRR5819796.trim_2P.fastq.gz
Approx 45% complete for sel3_SRR5819796.trim_2P.fastq.gz
Approx 50% complete for sel3_SRR5819796.trim_2P.fastq.gz
Approx 55% complete for sel3_SRR5819796.trim_2P.fastq.gz
Approx 60% complete for sel3_SRR5819796.trim_2P.fastq.gz
Approx 65% complete for sel3_SRR5819796.trim_2P.fastq.gz
Approx 70% complete for sel3_SRR5819796.trim_2P.fastq.gz
Approx 75% complete for sel3_SRR5819796.trim_2P.fastq.gz
Approx 80% complete for sel3_SRR5819796.trim_2P.fastq.gz
Approx 85% complete for sel3_SRR5819796.trim_2P.fastq.gz
Approx 90% complete for sel3_SRR5819796.trim_2P.fastq.gz
Approx 95% complete for sel3_SRR5819796.trim_2P.fastq.gz
Analysis complete for sel3_SRR5819796.trim_2P.fastq.gz
Running /home/karnair/GenomeAnalysis/BatWing/Data/wgs_data/sel3_SRR5819796.trim_2U.fastq.gz ...
Started analysis of sel3_SRR5819796.trim_2U.fastq.gz
Approx 5% complete for sel3_SRR5819796.trim_2U.fastq.gz
Approx 10% complete for sel3_SRR5819796.trim_2U.fastq.gz
Approx 15% complete for sel3_SRR5819796.trim_2U.fastq.gz
Approx 20% complete for sel3_SRR5819796.trim_2U.fastq.gz
Approx 25% complete for sel3_SRR5819796.trim_2U.fastq.gz
Approx 30% complete for sel3_SRR5819796.trim_2U.fastq.gz
Approx 35% complete for sel3_SRR5819796.trim_2U.fastq.gz
Approx 40% complete for sel3_SRR5819796.trim_2U.fastq.gz
Approx 45% complete for sel3_SRR5819796.trim_2U.fastq.gz
Approx 50% complete for sel3_SRR5819796.trim_2U.fastq.gz
Approx 55% complete for sel3_SRR5819796.trim_2U.fastq.gz
Approx 60% complete for sel3_SRR5819796.trim_2U.fastq.gz
Approx 65% complete for sel3_SRR5819796.trim_2U.fastq.gz
Approx 70% complete for sel3_SRR5819796.trim_2U.fastq.gz
Approx 75% complete for sel3_SRR5819796.trim_2U.fastq.gz
Approx 80% complete for sel3_SRR5819796.trim_2U.fastq.gz
Approx 85% complete for sel3_SRR5819796.trim_2U.fastq.gz
Approx 90% complete for sel3_SRR5819796.trim_2U.fastq.gz
Approx 95% complete for sel3_SRR5819796.trim_2U.fastq.gz
Analysis complete for sel3_SRR5819796.trim_2U.fastq.gz
Running /home/karnair/GenomeAnalysis/BatWing/Data/wgs_data/sel3_SRR5819797.trim_1P.fastq.gz ...
Started analysis of sel3_SRR5819797.trim_1P.fastq.gz
Approx 5% complete for sel3_SRR5819797.trim_1P.fastq.gz
Approx 10% complete for sel3_SRR5819797.trim_1P.fastq.gz
Approx 15% complete for sel3_SRR5819797.trim_1P.fastq.gz
Approx 20% complete for sel3_SRR5819797.trim_1P.fastq.gz
Approx 25% complete for sel3_SRR5819797.trim_1P.fastq.gz
Approx 30% complete for sel3_SRR5819797.trim_1P.fastq.gz
Approx 35% complete for sel3_SRR5819797.trim_1P.fastq.gz
Approx 40% complete for sel3_SRR5819797.trim_1P.fastq.gz
Approx 45% complete for sel3_SRR5819797.trim_1P.fastq.gz
Approx 50% complete for sel3_SRR5819797.trim_1P.fastq.gz
Approx 55% complete for sel3_SRR5819797.trim_1P.fastq.gz
Approx 60% complete for sel3_SRR5819797.trim_1P.fastq.gz
Approx 65% complete for sel3_SRR5819797.trim_1P.fastq.gz
Approx 70% complete for sel3_SRR5819797.trim_1P.fastq.gz
Approx 75% complete for sel3_SRR5819797.trim_1P.fastq.gz
Approx 80% complete for sel3_SRR5819797.trim_1P.fastq.gz
Approx 85% complete for sel3_SRR5819797.trim_1P.fastq.gz
Approx 90% complete for sel3_SRR5819797.trim_1P.fastq.gz
Approx 95% complete for sel3_SRR5819797.trim_1P.fastq.gz
Analysis complete for sel3_SRR5819797.trim_1P.fastq.gz
Running /home/karnair/GenomeAnalysis/BatWing/Data/wgs_data/sel3_SRR5819797.trim_1U.fastq.gz ...
Started analysis of sel3_SRR5819797.trim_1U.fastq.gz
Approx 5% complete for sel3_SRR5819797.trim_1U.fastq.gz
Approx 10% complete for sel3_SRR5819797.trim_1U.fastq.gz
Approx 15% complete for sel3_SRR5819797.trim_1U.fastq.gz
Approx 20% complete for sel3_SRR5819797.trim_1U.fastq.gz
Approx 25% complete for sel3_SRR5819797.trim_1U.fastq.gz
Approx 30% complete for sel3_SRR5819797.trim_1U.fastq.gz
Approx 35% complete for sel3_SRR5819797.trim_1U.fastq.gz
Approx 40% complete for sel3_SRR5819797.trim_1U.fastq.gz
Approx 45% complete for sel3_SRR5819797.trim_1U.fastq.gz
Approx 50% complete for sel3_SRR5819797.trim_1U.fastq.gz
Approx 55% complete for sel3_SRR5819797.trim_1U.fastq.gz
Approx 60% complete for sel3_SRR5819797.trim_1U.fastq.gz
Approx 65% complete for sel3_SRR5819797.trim_1U.fastq.gz
Approx 70% complete for sel3_SRR5819797.trim_1U.fastq.gz
Approx 75% complete for sel3_SRR5819797.trim_1U.fastq.gz
Approx 80% complete for sel3_SRR5819797.trim_1U.fastq.gz
Approx 85% complete for sel3_SRR5819797.trim_1U.fastq.gz
Approx 90% complete for sel3_SRR5819797.trim_1U.fastq.gz
Approx 95% complete for sel3_SRR5819797.trim_1U.fastq.gz
Analysis complete for sel3_SRR5819797.trim_1U.fastq.gz
Running /home/karnair/GenomeAnalysis/BatWing/Data/wgs_data/sel3_SRR5819797.trim_2P.fastq.gz ...
Started analysis of sel3_SRR5819797.trim_2P.fastq.gz
Approx 5% complete for sel3_SRR5819797.trim_2P.fastq.gz
Approx 10% complete for sel3_SRR5819797.trim_2P.fastq.gz
Approx 15% complete for sel3_SRR5819797.trim_2P.fastq.gz
Approx 20% complete for sel3_SRR5819797.trim_2P.fastq.gz
Approx 25% complete for sel3_SRR5819797.trim_2P.fastq.gz
Approx 30% complete for sel3_SRR5819797.trim_2P.fastq.gz
Approx 35% complete for sel3_SRR5819797.trim_2P.fastq.gz
Approx 40% complete for sel3_SRR5819797.trim_2P.fastq.gz
Approx 45% complete for sel3_SRR5819797.trim_2P.fastq.gz
Approx 50% complete for sel3_SRR5819797.trim_2P.fastq.gz
Approx 55% complete for sel3_SRR5819797.trim_2P.fastq.gz
Approx 60% complete for sel3_SRR5819797.trim_2P.fastq.gz
Approx 65% complete for sel3_SRR5819797.trim_2P.fastq.gz
Approx 70% complete for sel3_SRR5819797.trim_2P.fastq.gz
Approx 75% complete for sel3_SRR5819797.trim_2P.fastq.gz
Approx 80% complete for sel3_SRR5819797.trim_2P.fastq.gz
Approx 85% complete for sel3_SRR5819797.trim_2P.fastq.gz
Approx 90% complete for sel3_SRR5819797.trim_2P.fastq.gz
Approx 95% complete for sel3_SRR5819797.trim_2P.fastq.gz
Analysis complete for sel3_SRR5819797.trim_2P.fastq.gz
Running /home/karnair/GenomeAnalysis/BatWing/Data/wgs_data/sel3_SRR5819797.trim_2U.fastq.gz ...
Started analysis of sel3_SRR5819797.trim_2U.fastq.gz
Approx 5% complete for sel3_SRR5819797.trim_2U.fastq.gz
Approx 10% complete for sel3_SRR5819797.trim_2U.fastq.gz
Approx 15% complete for sel3_SRR5819797.trim_2U.fastq.gz
Approx 20% complete for sel3_SRR5819797.trim_2U.fastq.gz
Approx 25% complete for sel3_SRR5819797.trim_2U.fastq.gz
Approx 30% complete for sel3_SRR5819797.trim_2U.fastq.gz
Approx 35% complete for sel3_SRR5819797.trim_2U.fastq.gz
Approx 40% complete for sel3_SRR5819797.trim_2U.fastq.gz
Approx 45% complete for sel3_SRR5819797.trim_2U.fastq.gz
Approx 50% complete for sel3_SRR5819797.trim_2U.fastq.gz
Approx 55% complete for sel3_SRR5819797.trim_2U.fastq.gz
Approx 60% complete for sel3_SRR5819797.trim_2U.fastq.gz
Approx 65% complete for sel3_SRR5819797.trim_2U.fastq.gz
Approx 70% complete for sel3_SRR5819797.trim_2U.fastq.gz
Approx 75% complete for sel3_SRR5819797.trim_2U.fastq.gz
Approx 80% complete for sel3_SRR5819797.trim_2U.fastq.gz
Approx 85% complete for sel3_SRR5819797.trim_2U.fastq.gz
Approx 90% complete for sel3_SRR5819797.trim_2U.fastq.gz
Approx 95% complete for sel3_SRR5819797.trim_2U.fastq.gz
Analysis complete for sel3_SRR5819797.trim_2U.fastq.gz
Running /home/karnair/GenomeAnalysis/BatWing/Data/wgs_data/sel3_SRR5819798.trim_1P.fastq.gz ...
Started analysis of sel3_SRR5819798.trim_1P.fastq.gz
Approx 5% complete for sel3_SRR5819798.trim_1P.fastq.gz
Approx 10% complete for sel3_SRR5819798.trim_1P.fastq.gz
Approx 15% complete for sel3_SRR5819798.trim_1P.fastq.gz
Approx 20% complete for sel3_SRR5819798.trim_1P.fastq.gz
Approx 25% complete for sel3_SRR5819798.trim_1P.fastq.gz
Approx 30% complete for sel3_SRR5819798.trim_1P.fastq.gz
Approx 35% complete for sel3_SRR5819798.trim_1P.fastq.gz
Approx 40% complete for sel3_SRR5819798.trim_1P.fastq.gz
Approx 45% complete for sel3_SRR5819798.trim_1P.fastq.gz
Approx 50% complete for sel3_SRR5819798.trim_1P.fastq.gz
Approx 55% complete for sel3_SRR5819798.trim_1P.fastq.gz
Approx 60% complete for sel3_SRR5819798.trim_1P.fastq.gz
Approx 65% complete for sel3_SRR5819798.trim_1P.fastq.gz
Approx 70% complete for sel3_SRR5819798.trim_1P.fastq.gz
Approx 75% complete for sel3_SRR5819798.trim_1P.fastq.gz
Approx 80% complete for sel3_SRR5819798.trim_1P.fastq.gz
Approx 85% complete for sel3_SRR5819798.trim_1P.fastq.gz
Approx 90% complete for sel3_SRR5819798.trim_1P.fastq.gz
Approx 95% complete for sel3_SRR5819798.trim_1P.fastq.gz
Analysis complete for sel3_SRR5819798.trim_1P.fastq.gz
Running /home/karnair/GenomeAnalysis/BatWing/Data/wgs_data/sel3_SRR5819798.trim_1U.fastq.gz ...
Started analysis of sel3_SRR5819798.trim_1U.fastq.gz
Approx 5% complete for sel3_SRR5819798.trim_1U.fastq.gz
Approx 10% complete for sel3_SRR5819798.trim_1U.fastq.gz
Approx 15% complete for sel3_SRR5819798.trim_1U.fastq.gz
Approx 20% complete for sel3_SRR5819798.trim_1U.fastq.gz
Approx 25% complete for sel3_SRR5819798.trim_1U.fastq.gz
Approx 30% complete for sel3_SRR5819798.trim_1U.fastq.gz
Approx 35% complete for sel3_SRR5819798.trim_1U.fastq.gz
Approx 40% complete for sel3_SRR5819798.trim_1U.fastq.gz
Approx 45% complete for sel3_SRR5819798.trim_1U.fastq.gz
Approx 50% complete for sel3_SRR5819798.trim_1U.fastq.gz
Approx 55% complete for sel3_SRR5819798.trim_1U.fastq.gz
Approx 60% complete for sel3_SRR5819798.trim_1U.fastq.gz
Approx 65% complete for sel3_SRR5819798.trim_1U.fastq.gz
Approx 70% complete for sel3_SRR5819798.trim_1U.fastq.gz
Approx 75% complete for sel3_SRR5819798.trim_1U.fastq.gz
Approx 80% complete for sel3_SRR5819798.trim_1U.fastq.gz
Approx 85% complete for sel3_SRR5819798.trim_1U.fastq.gz
Approx 90% complete for sel3_SRR5819798.trim_1U.fastq.gz
Approx 95% complete for sel3_SRR5819798.trim_1U.fastq.gz
Analysis complete for sel3_SRR5819798.trim_1U.fastq.gz
Running /home/karnair/GenomeAnalysis/BatWing/Data/wgs_data/sel3_SRR5819798.trim_2P.fastq.gz ...
Started analysis of sel3_SRR5819798.trim_2P.fastq.gz
Approx 5% complete for sel3_SRR5819798.trim_2P.fastq.gz
Approx 10% complete for sel3_SRR5819798.trim_2P.fastq.gz
Approx 15% complete for sel3_SRR5819798.trim_2P.fastq.gz
Approx 20% complete for sel3_SRR5819798.trim_2P.fastq.gz
Approx 25% complete for sel3_SRR5819798.trim_2P.fastq.gz
Approx 30% complete for sel3_SRR5819798.trim_2P.fastq.gz
Approx 35% complete for sel3_SRR5819798.trim_2P.fastq.gz
Approx 40% complete for sel3_SRR5819798.trim_2P.fastq.gz
Approx 45% complete for sel3_SRR5819798.trim_2P.fastq.gz
Approx 50% complete for sel3_SRR5819798.trim_2P.fastq.gz
Approx 55% complete for sel3_SRR5819798.trim_2P.fastq.gz
Approx 60% complete for sel3_SRR5819798.trim_2P.fastq.gz
Approx 65% complete for sel3_SRR5819798.trim_2P.fastq.gz
Approx 70% complete for sel3_SRR5819798.trim_2P.fastq.gz
Approx 75% complete for sel3_SRR5819798.trim_2P.fastq.gz
Approx 80% complete for sel3_SRR5819798.trim_2P.fastq.gz
Approx 85% complete for sel3_SRR5819798.trim_2P.fastq.gz
Approx 90% complete for sel3_SRR5819798.trim_2P.fastq.gz
Approx 95% complete for sel3_SRR5819798.trim_2P.fastq.gz
Analysis complete for sel3_SRR5819798.trim_2P.fastq.gz
Running /home/karnair/GenomeAnalysis/BatWing/Data/wgs_data/sel3_SRR5819798.trim_2U.fastq.gz ...
Started analysis of sel3_SRR5819798.trim_2U.fastq.gz
Approx 5% complete for sel3_SRR5819798.trim_2U.fastq.gz
Approx 10% complete for sel3_SRR5819798.trim_2U.fastq.gz
Approx 15% complete for sel3_SRR5819798.trim_2U.fastq.gz
Approx 20% complete for sel3_SRR5819798.trim_2U.fastq.gz
Approx 25% complete for sel3_SRR5819798.trim_2U.fastq.gz
Approx 30% complete for sel3_SRR5819798.trim_2U.fastq.gz
Approx 35% complete for sel3_SRR5819798.trim_2U.fastq.gz
Approx 40% complete for sel3_SRR5819798.trim_2U.fastq.gz
Approx 45% complete for sel3_SRR5819798.trim_2U.fastq.gz
Approx 50% complete for sel3_SRR5819798.trim_2U.fastq.gz
Approx 55% complete for sel3_SRR5819798.trim_2U.fastq.gz
Approx 60% complete for sel3_SRR5819798.trim_2U.fastq.gz
Approx 65% complete for sel3_SRR5819798.trim_2U.fastq.gz
Approx 70% complete for sel3_SRR5819798.trim_2U.fastq.gz
Approx 75% complete for sel3_SRR5819798.trim_2U.fastq.gz
Approx 80% complete for sel3_SRR5819798.trim_2U.fastq.gz
Approx 85% complete for sel3_SRR5819798.trim_2U.fastq.gz
Approx 90% complete for sel3_SRR5819798.trim_2U.fastq.gz
Approx 95% complete for sel3_SRR5819798.trim_2U.fastq.gz
Analysis complete for sel3_SRR5819798.trim_2U.fastq.gz
Running /home/karnair/GenomeAnalysis/BatWing/Data/wgs_data/sel3_SRR5819799.trim_1P.fastq.gz ...
Started analysis of sel3_SRR5819799.trim_1P.fastq.gz
Approx 5% complete for sel3_SRR5819799.trim_1P.fastq.gz
Approx 10% complete for sel3_SRR5819799.trim_1P.fastq.gz
Approx 15% complete for sel3_SRR5819799.trim_1P.fastq.gz
Approx 20% complete for sel3_SRR5819799.trim_1P.fastq.gz
Approx 25% complete for sel3_SRR5819799.trim_1P.fastq.gz
Approx 30% complete for sel3_SRR5819799.trim_1P.fastq.gz
Approx 35% complete for sel3_SRR5819799.trim_1P.fastq.gz
Approx 40% complete for sel3_SRR5819799.trim_1P.fastq.gz
Approx 45% complete for sel3_SRR5819799.trim_1P.fastq.gz
Approx 50% complete for sel3_SRR5819799.trim_1P.fastq.gz
Approx 55% complete for sel3_SRR5819799.trim_1P.fastq.gz
Approx 60% complete for sel3_SRR5819799.trim_1P.fastq.gz
Approx 65% complete for sel3_SRR5819799.trim_1P.fastq.gz
Approx 70% complete for sel3_SRR5819799.trim_1P.fastq.gz
Approx 75% complete for sel3_SRR5819799.trim_1P.fastq.gz
Approx 80% complete for sel3_SRR5819799.trim_1P.fastq.gz
Approx 85% complete for sel3_SRR5819799.trim_1P.fastq.gz
Approx 90% complete for sel3_SRR5819799.trim_1P.fastq.gz
Approx 95% complete for sel3_SRR5819799.trim_1P.fastq.gz
Analysis complete for sel3_SRR5819799.trim_1P.fastq.gz
Running /home/karnair/GenomeAnalysis/BatWing/Data/wgs_data/sel3_SRR5819799.trim_1U.fastq.gz ...
Started analysis of sel3_SRR5819799.trim_1U.fastq.gz
Approx 5% complete for sel3_SRR5819799.trim_1U.fastq.gz
Approx 10% complete for sel3_SRR5819799.trim_1U.fastq.gz
Approx 15% complete for sel3_SRR5819799.trim_1U.fastq.gz
Approx 20% complete for sel3_SRR5819799.trim_1U.fastq.gz
Approx 25% complete for sel3_SRR5819799.trim_1U.fastq.gz
Approx 30% complete for sel3_SRR5819799.trim_1U.fastq.gz
Approx 35% complete for sel3_SRR5819799.trim_1U.fastq.gz
Approx 40% complete for sel3_SRR5819799.trim_1U.fastq.gz
Approx 45% complete for sel3_SRR5819799.trim_1U.fastq.gz
Approx 50% complete for sel3_SRR5819799.trim_1U.fastq.gz
Approx 55% complete for sel3_SRR5819799.trim_1U.fastq.gz
Approx 60% complete for sel3_SRR5819799.trim_1U.fastq.gz
Approx 65% complete for sel3_SRR5819799.trim_1U.fastq.gz
Approx 70% complete for sel3_SRR5819799.trim_1U.fastq.gz
Approx 75% complete for sel3_SRR5819799.trim_1U.fastq.gz
Approx 80% complete for sel3_SRR5819799.trim_1U.fastq.gz
Approx 85% complete for sel3_SRR5819799.trim_1U.fastq.gz
Approx 90% complete for sel3_SRR5819799.trim_1U.fastq.gz
Approx 95% complete for sel3_SRR5819799.trim_1U.fastq.gz
Analysis complete for sel3_SRR5819799.trim_1U.fastq.gz
Running /home/karnair/GenomeAnalysis/BatWing/Data/wgs_data/sel3_SRR5819799.trim_2P.fastq.gz ...
Started analysis of sel3_SRR5819799.trim_2P.fastq.gz
Approx 5% complete for sel3_SRR5819799.trim_2P.fastq.gz
Approx 10% complete for sel3_SRR5819799.trim_2P.fastq.gz
Approx 15% complete for sel3_SRR5819799.trim_2P.fastq.gz
Approx 20% complete for sel3_SRR5819799.trim_2P.fastq.gz
Approx 25% complete for sel3_SRR5819799.trim_2P.fastq.gz
Approx 30% complete for sel3_SRR5819799.trim_2P.fastq.gz
Approx 35% complete for sel3_SRR5819799.trim_2P.fastq.gz
Approx 40% complete for sel3_SRR5819799.trim_2P.fastq.gz
Approx 45% complete for sel3_SRR5819799.trim_2P.fastq.gz
Approx 50% complete for sel3_SRR5819799.trim_2P.fastq.gz
Approx 55% complete for sel3_SRR5819799.trim_2P.fastq.gz
Approx 60% complete for sel3_SRR5819799.trim_2P.fastq.gz
Approx 65% complete for sel3_SRR5819799.trim_2P.fastq.gz
Approx 70% complete for sel3_SRR5819799.trim_2P.fastq.gz
Approx 75% complete for sel3_SRR5819799.trim_2P.fastq.gz
Approx 80% complete for sel3_SRR5819799.trim_2P.fastq.gz
Approx 85% complete for sel3_SRR5819799.trim_2P.fastq.gz
Approx 90% complete for sel3_SRR5819799.trim_2P.fastq.gz
Approx 95% complete for sel3_SRR5819799.trim_2P.fastq.gz
Analysis complete for sel3_SRR5819799.trim_2P.fastq.gz
Running /home/karnair/GenomeAnalysis/BatWing/Data/wgs_data/sel3_SRR5819799.trim_2U.fastq.gz ...
Started analysis of sel3_SRR5819799.trim_2U.fastq.gz
Approx 5% complete for sel3_SRR5819799.trim_2U.fastq.gz
Approx 10% complete for sel3_SRR5819799.trim_2U.fastq.gz
Approx 15% complete for sel3_SRR5819799.trim_2U.fastq.gz
Approx 20% complete for sel3_SRR5819799.trim_2U.fastq.gz
Approx 25% complete for sel3_SRR5819799.trim_2U.fastq.gz
Approx 30% complete for sel3_SRR5819799.trim_2U.fastq.gz
Approx 35% complete for sel3_SRR5819799.trim_2U.fastq.gz
Approx 40% complete for sel3_SRR5819799.trim_2U.fastq.gz
Approx 45% complete for sel3_SRR5819799.trim_2U.fastq.gz
Approx 50% complete for sel3_SRR5819799.trim_2U.fastq.gz
Approx 55% complete for sel3_SRR5819799.trim_2U.fastq.gz
Approx 60% complete for sel3_SRR5819799.trim_2U.fastq.gz
Approx 65% complete for sel3_SRR5819799.trim_2U.fastq.gz
Approx 70% complete for sel3_SRR5819799.trim_2U.fastq.gz
Approx 75% complete for sel3_SRR5819799.trim_2U.fastq.gz
Approx 80% complete for sel3_SRR5819799.trim_2U.fastq.gz
Approx 85% complete for sel3_SRR5819799.trim_2U.fastq.gz
Approx 90% complete for sel3_SRR5819799.trim_2U.fastq.gz
Approx 95% complete for sel3_SRR5819799.trim_2U.fastq.gz
Analysis complete for sel3_SRR5819799.trim_2U.fastq.gz
