GeneMark/4.33-es_Perl5.24.1 : A recent key file is needed to use this software
and it must exist in your home directory. If you know you 
GeneMark/4.33-es_Perl5.24.1 : already have this key file, ignore this message.
If you need the key file, use this command: 
GeneMark/4.33-es_Perl5.24.1 : cp -v
/sw/apps/bioinfo/GeneMark/4.33-es/rackham/gm_key $HOME/.gm_key 
If MPI support is desired, load maker/3.01.2-beta-mpi instead 

The following have been reloaded with a version change:
  1) augustus/3.2.3_Perl5.24.1 => augustus/3.2.3
  2) perl/5.24.1 => perl/5.18.4
  3) perl_modules/5.24.1 => perl_modules/5.18.4

mkdir: cannot create directory ‘config’: File exists
cp: cannot create regular file ‘config/cgp/log_reg_parameters_default.cfg’: Permission denied
cp: cannot create regular file ‘config/cgp/log_reg_parameters.cfg’: Permission denied
cp: cannot create regular file ‘config/cgp/log_reg_parameters_arabidopsis.cfg’: Permission denied
cp: cannot create regular file ‘config/cgp/log_reg_parameters_fly.cfg’: Permission denied
cp: cannot create regular file ‘config/cgp/log_reg_parameters_human.cfg’: Permission denied
cp: cannot create regular file ‘config/cgp/log_reg_parameters_primates.cfg’: Permission denied
cp: cannot create regular file ‘config/cgp/log_reg_parameters_s_aureus.cfg’: Permission denied
cp: cannot create regular file ‘config/extrinsic/extrinsic-cgp.cfg’: Permission denied
cp: cannot create regular file ‘config/extrinsic/extrinsic.E.XNT.cfg’: Permission denied
cp: cannot create regular file ‘config/extrinsic/extrinsic.E.cfg’: Permission denied
cp: cannot create regular file ‘config/extrinsic/extrinsic.M.RM.E.W.cfg’: Permission denied
cp: cannot create regular file ‘config/extrinsic/extrinsic.M.RM.PB.cfg’: Permission denied
cp: cannot create regular file ‘config/extrinsic/extrinsic.ME.cfg’: Permission denied
cp: cannot create regular file ‘config/extrinsic/extrinsic.MEMS.cfg’: Permission denied
cp: cannot create regular file ‘config/extrinsic/extrinsic.MP.cfg’: Permission denied
cp: cannot create regular file ‘config/extrinsic/extrinsic.MPE.cfg’: Permission denied
cp: cannot create regular file ‘config/extrinsic/extrinsic.MT.cfg’: Permission denied
cp: cannot create regular file ‘config/extrinsic/extrinsic.cfg’: Permission denied
cp: cannot create regular file ‘config/model/constraints_shadow_partial.txt’: Permission denied
cp: cannot create regular file ‘config/model/constraints_shadow_partial_utr.txt’: Permission denied
cp: cannot create regular file ‘config/model/ovlp_len.pbl’: Permission denied
cp: cannot create regular file ‘config/model/ovlp_len_archaea.pbl’: Permission denied
cp: cannot create regular file ‘config/model/states_shadow.cfg’: Permission denied
cp: cannot create regular file ‘config/model/states_shadow_2igenic.cfg’: Permission denied
cp: cannot create regular file ‘config/model/states_shadow_bacterium.cfg’: Permission denied
cp: cannot create regular file ‘config/model/states_shadow_intronless.cfg’: Permission denied
cp: cannot create regular file ‘config/model/states_shadow_utr.cfg’: Permission denied
cp: cannot create regular file ‘config/model/states_shadow_utr_nc.cfg’: Permission denied
cp: cannot create regular file ‘config/model/states_singlestrand.cfg’: Permission denied
cp: cannot create regular file ‘config/model/states_singlestrand_2igenic.cfg’: Permission denied
cp: cannot create regular file ‘config/model/trans_shadow_atleastone.pbl’: Permission denied
cp: cannot create regular file ‘config/model/trans_shadow_bacterium.pbl’: Permission denied
cp: cannot create regular file ‘config/model/trans_shadow_complete.pbl’: Permission denied
cp: cannot create regular file ‘config/model/trans_shadow_complete_utr.pbl’: Permission denied
cp: cannot create regular file ‘config/model/trans_shadow_exactlyone.pbl’: Permission denied
cp: cannot create regular file ‘config/model/trans_shadow_intronless.pbl’: Permission denied
cp: cannot create regular file ‘config/model/trans_shadow_partial.pbl’: Permission denied
cp: cannot create regular file ‘config/model/trans_shadow_partial_utr.pbl’: Permission denied
cp: cannot create regular file ‘config/model/trans_shadow_partial_utr_nc.pbl’: Permission denied
cp: cannot create regular file ‘config/model/trans_singlestrand_atleastone.pbl’: Permission denied
cp: cannot create regular file ‘config/model/trans_singlestrand_complete.pbl’: Permission denied
cp: cannot create regular file ‘config/model/trans_singlestrand_exactlyone.pbl’: Permission denied
cp: cannot create regular file ‘config/model/trans_singlestrand_partial.pbl’: Permission denied
cp: cannot remove ‘config/profile/default.qij’: Permission denied
cp: cannot create regular file ‘config/profile/blosum55.qij’: Permission denied
cp: cannot create regular file ‘config/profile/blosum62.qij’: Permission denied
cp: cannot create regular file ‘config/species/Conidiobolus_coronatus/Conidiobolus_coronatus_exon_probs.pbl’: Permission denied
cp: cannot create regular file ‘config/species/Conidiobolus_coronatus/Conidiobolus_coronatus_igenic_probs.pbl’: Permission denied
cp: cannot create regular file ‘config/species/Conidiobolus_coronatus/Conidiobolus_coronatus_intron_probs.pbl’: Permission denied
cp: cannot create regular file ‘config/species/Conidiobolus_coronatus/Conidiobolus_coronatus_metapars.cfg’: Permission denied
cp: cannot create regular file ‘config/species/Conidiobolus_coronatus/Conidiobolus_coronatus_metapars.utr.cfg’: Permission denied
cp: cannot create regular file ‘config/species/Conidiobolus_coronatus/Conidiobolus_coronatus_parameters.cfg’: Permission denied
cp: cannot create regular file ‘config/species/Conidiobolus_coronatus/Conidiobolus_coronatus_utr_probs.pbl’: Permission denied
cp: cannot create regular file ‘config/species/Conidiobolus_coronatus/Conidiobolus_coronatus_weightmatrix.txt’: Permission denied
cp: cannot create regular file ‘config/species/E_coli_K12/E_coli_K12_exon_probs.pbl’: Permission denied
cp: cannot create regular file ‘config/species/E_coli_K12/E_coli_K12_igenic_probs.pbl’: Permission denied
cp: cannot create regular file ‘config/species/E_coli_K12/E_coli_K12_metapars.cfg’: Permission denied
cp: cannot create regular file ‘config/species/E_coli_K12/E_coli_K12_metapars.utr.cfg’: Permission denied
cp: cannot create regular file ‘config/species/E_coli_K12/E_coli_K12_ovlp_len.pbl’: Permission denied
cp: cannot create regular file ‘config/species/E_coli_K12/E_coli_K12_parameters.cfg’: Permission denied
cp: cannot create regular file ‘config/species/E_coli_K12/E_coli_K12_trans_shadow_bacterium.pbl’: Permission denied
cp: cannot create regular file ‘config/species/E_coli_K12/E_coli_K12_weightmatrix.txt’: Permission denied
cp: cannot create regular file ‘config/species/Xipophorus_maculatus/Xipophorus_maculatus_exon_probs.pbl’: Permission denied
cp: cannot create regular file ‘config/species/Xipophorus_maculatus/Xipophorus_maculatus_igenic_probs.pbl’: Permission denied
cp: cannot create regular file ‘config/species/Xipophorus_maculatus/Xipophorus_maculatus_intron_probs.pbl’: Permission denied
cp: cannot create regular file ‘config/species/Xipophorus_maculatus/Xipophorus_maculatus_parameters.cfg’: Permission denied
cp: cannot create regular file ‘config/species/Xipophorus_maculatus/Xipophorus_maculatus_utr_probs.pbl’: Permission denied
cp: cannot create regular file ‘config/species/Xipophorus_maculatus/Xipophorus_maculatus_weightmatrix.txt’: Permission denied
cp: cannot create regular file ‘config/species/adorsata/adorsata_weightmatrix.txt’: Permission denied
cp: cannot create regular file ‘config/species/adorsata/adorsata_parameters.cfg’: Permission denied
cp: cannot create regular file ‘config/species/adorsata/generic_exon_probs.pbl’: Permission denied
cp: cannot create regular file ‘config/species/adorsata/generic_igenic_probs.pbl’: Permission denied
cp: cannot create regular file ‘config/species/adorsata/generic_intron_probs.pbl’: Permission denied
cp: cannot create regular file ‘config/species/adorsata/generic_weightmatrix.txt’: Permission denied
cp: cannot create regular file ‘config/species/aedes/aedes_exon_probs.pbl’: Permission denied
cp: cannot create regular file ‘config/species/aedes/aedes_igenic_probs.pbl’: Permission denied
cp: cannot create regular file ‘config/species/aedes/aedes_intron_probs.pbl’: Permission denied
cp: cannot create regular file ‘config/species/aedes/aedes_parameters.cfg’: Permission denied
cp: cannot create regular file ‘config/species/aedes/aedes_weightmatrix.txt’: Permission denied
cp: cannot create regular file ‘config/species/amphimedon/amphimedon_exon_probs.pbl’: Permission denied
cp: cannot create regular file ‘config/species/amphimedon/amphimedon_igenic_probs.pbl’: Permission denied
cp: cannot create regular file ‘config/species/amphimedon/amphimedon_intron_probs.pbl’: Permission denied
cp: cannot create regular file ‘config/species/amphimedon/amphimedon_metapars.cfg’: Permission denied
cp: cannot create regular file ‘config/species/amphimedon/amphimedon_parameters.cfg’: Permission denied
cp: cannot create regular file ‘config/species/amphimedon/amphimedon_utr_probs.pbl’: Permission denied
cp: cannot create regular file ‘config/species/amphimedon/amphimedon_weightmatrix.txt’: Permission denied
cp: cannot create regular file ‘config/species/ancylostoma_ceylanicum/README.TXT’: Permission denied
cp: cannot create regular file ‘config/species/ancylostoma_ceylanicum/ancylostoma_ceylanicum_exon_probs.pbl’: Permission denied
cp: cannot create regular file ‘config/species/ancylostoma_ceylanicum/ancylostoma_ceylanicum_igenic_probs.pbl’: Permission denied
cp: cannot create regular file ‘config/species/ancylostoma_ceylanicum/ancylostoma_ceylanicum_intron_probs.pbl’: Permission denied
cp: cannot create regular file ‘config/species/ancylostoma_ceylanicum/ancylostoma_ceylanicum_metapars.cfg’: Permission denied
cp: cannot create regular file ‘config/species/ancylostoma_ceylanicum/ancylostoma_ceylanicum_metapars.utr.cfg’: Permission denied
cp: cannot create regular file ‘config/species/ancylostoma_ceylanicum/ancylostoma_ceylanicum_parameters.cfg’: Permission denied
cp: cannot create regular file ‘config/species/ancylostoma_ceylanicum/ancylostoma_ceylanicum_weightmatrix.txt’: Permission denied
cp: cannot create regular file ‘config/species/anidulans/anidulans_igenic_probs.pbl’: Permission denied
cp: cannot create regular file ‘config/species/anidulans/anidulans_exon_probs.pbl’: Permission denied
cp: cannot create regular file ‘config/species/anidulans/anidulans_intron_probs.pbl’: Permission denied
cp: cannot create regular file ‘config/species/anidulans/anidulans_parameters.cfg’: Permission denied
cp: cannot create regular file ‘config/species/anidulans/anidulans_weightmatrix.txt’: Permission denied
cp: cannot create regular file ‘config/species/arabidopsis/arabidopsis_exon_probs.pbl’: Permission denied
cp: cannot create regular file ‘config/species/arabidopsis/arabidopsis_igenic_probs.pbl’: Permission denied
cp: cannot create regular file ‘config/species/arabidopsis/arabidopsis_intron_probs.pbl’: Permission denied
cp: cannot create regular file ‘config/species/arabidopsis/arabidopsis_parameters.cfg’: Permission denied
cp: cannot create regular file ‘config/species/arabidopsis/arabidopsis_utr_probs.pbl’: Permission denied
cp: cannot create regular file ‘config/species/arabidopsis/arabidopsis_weightmatrix.txt’: Permission denied
cp: cannot create regular file ‘config/species/aspergillus_fumigatus/aspergillus_fumigatus_exon_probs.pbl’: Permission denied
cp: cannot create regular file ‘config/species/aspergillus_fumigatus/aspergillus_fumigatus_igenic_probs.pbl’: Permission denied
cp: cannot create regular file ‘config/species/aspergillus_fumigatus/aspergillus_fumigatus_intron_probs.pbl’: Permission denied
cp: cannot create regular file ‘config/species/aspergillus_fumigatus/aspergillus_fumigatus_metapars.cfg’: Permission denied
cp: cannot create regular file ‘config/species/aspergillus_fumigatus/aspergillus_fumigatus_parameters.cfg’: Permission denied
cp: cannot create regular file ‘config/species/aspergillus_fumigatus/aspergillus_fumigatus_weightmatrix.txt’: Permission denied
cp: cannot create regular file ‘config/species/aspergillus_nidulans/aspergillus_nidulans_exon_probs.pbl’: Permission denied
cp: cannot create regular file ‘config/species/aspergillus_nidulans/aspergillus_nidulans_igenic_probs.pbl’: Permission denied
cp: cannot create regular file ‘config/species/aspergillus_nidulans/aspergillus_nidulans_intron_probs.pbl’: Permission denied
cp: cannot create regular file ‘config/species/aspergillus_nidulans/aspergillus_nidulans_metapars.cfg’: Permission denied
cp: cannot create regular file ‘config/species/aspergillus_nidulans/aspergillus_nidulans_parameters.cfg’: Permission denied
cp: cannot create regular file ‘config/species/aspergillus_nidulans/aspergillus_nidulans_weightmatrix.txt’: Permission denied
cp: cannot create regular file ‘config/species/aspergillus_oryzae/aspergillus_oryzae_exon_probs.pbl’: Permission denied
cp: cannot create regular file ‘config/species/aspergillus_oryzae/aspergillus_oryzae_igenic_probs.pbl’: Permission denied
cp: cannot create regular file ‘config/species/aspergillus_oryzae/aspergillus_oryzae_intron_probs.pbl’: Permission denied
cp: cannot create regular file ‘config/species/aspergillus_oryzae/aspergillus_oryzae_metapars.cfg’: Permission denied
cp: cannot create regular file ‘config/species/aspergillus_oryzae/aspergillus_oryzae_parameters.cfg’: Permission denied
cp: cannot create regular file ‘config/species/aspergillus_oryzae/aspergillus_oryzae_weightmatrix.txt’: Permission denied
cp: cannot create regular file ‘config/species/aspergillus_terreus/aspergillus_terreus_exon_probs.pbl’: Permission denied
cp: cannot create regular file ‘config/species/aspergillus_terreus/aspergillus_terreus_igenic_probs.pbl’: Permission denied
cp: cannot create regular file ‘config/species/aspergillus_terreus/aspergillus_terreus_intron_probs.pbl’: Permission denied
cp: cannot create regular file ‘config/species/aspergillus_terreus/aspergillus_terreus_metapars.cfg’: Permission denied
cp: cannot create regular file ‘config/species/aspergillus_terreus/aspergillus_terreus_parameters.cfg’: Permission denied
cp: cannot create regular file ‘config/species/aspergillus_terreus/aspergillus_terreus_weightmatrix.txt’: Permission denied
cp: cannot create regular file ‘config/species/b_pseudomallei/b_pseudomallei_trans_shadow_bacterium.pbl’: Permission denied
cp: cannot create regular file ‘config/species/b_pseudomallei/b_pseudomallei_exon_probs.pbl’: Permission denied
cp: cannot create regular file ‘config/species/b_pseudomallei/b_pseudomallei_igenic_probs.pbl’: Permission denied
cp: cannot create regular file ‘config/species/b_pseudomallei/b_pseudomallei_metapars.cfg’: Permission denied
cp: cannot create regular file ‘config/species/b_pseudomallei/b_pseudomallei_metapars.utr.cfg’: Permission denied
cp: cannot create regular file ‘config/species/b_pseudomallei/b_pseudomallei_ovlp_len.pbl’: Permission denied
cp: cannot create regular file ‘config/species/b_pseudomallei/b_pseudomallei_parameters.cfg’: Permission denied
cp: cannot create regular file ‘config/species/b_pseudomallei/b_pseudomallei_parameters.cfg.orig1’: Permission denied
cp: cannot create regular file ‘config/species/b_pseudomallei/b_pseudomallei_parameters.cfg.orig2’: Permission denied
cp: cannot create regular file ‘config/species/b_pseudomallei/b_pseudomallei_weightmatrix.txt’: Permission denied
cp: cannot create regular file ‘config/species/bombus_impatiens1/bombus_impatiens1_exon_probs.pbl.withoutCRF’: Permission denied
cp: cannot create regular file ‘config/species/bombus_impatiens1/bombus_impatiens1_exon_probs.pbl’: Permission denied
cp: cannot create regular file ‘config/species/bombus_impatiens1/bombus_impatiens1_igenic_probs.pbl.withoutCRF’: Permission denied
cp: cannot create regular file ‘config/species/bombus_impatiens1/bombus_impatiens1_igenic_probs.pbl’: Permission denied
cp: cannot create regular file ‘config/species/bombus_impatiens1/bombus_impatiens1_intron_probs.pbl.withoutCRF’: Permission denied
cp: cannot create regular file ‘config/species/bombus_impatiens1/bombus_impatiens1_intron_probs.pbl’: Permission denied
cp: cannot create regular file ‘config/species/bombus_impatiens1/bombus_impatiens1_metapars.cfg’: Permission denied
cp: cannot create regular file ‘config/species/bombus_impatiens1/bombus_impatiens1_metapars.utr.cfg’: Permission denied
cp: cannot create regular file ‘config/species/bombus_impatiens1/bombus_impatiens1_parameters.cfg’: Permission denied
cp: cannot create regular file ‘config/species/bombus_impatiens1/bombus_impatiens1_parameters.cfg.orig1’: Permission denied
cp: cannot create regular file ‘config/species/bombus_impatiens1/bombus_impatiens1_parameters.cfg.orig2’: Permission denied
cp: cannot create regular file ‘config/species/bombus_impatiens1/bombus_impatiens1_parameters.cfg.orig3’: Permission denied
cp: cannot create regular file ‘config/species/bombus_impatiens1/bombus_impatiens1_parameters.cfg.orig4’: Permission denied
cp: cannot create regular file ‘config/species/bombus_impatiens1/bombus_impatiens1_parameters.cfg.orig5’: Permission denied
cp: cannot create regular file ‘config/species/bombus_impatiens1/bombus_impatiens1_weightmatrix.txt’: Permission denied
cp: cannot create regular file ‘config/species/bombus_terrestris2/bombus_terrestris2_exon_probs.pbl.withoutCRF’: Permission denied
cp: cannot create regular file ‘config/species/bombus_terrestris2/bombus_terrestris2_exon_probs.pbl’: Permission denied
cp: cannot create regular file ‘config/species/bombus_terrestris2/bombus_terrestris2_igenic_probs.pbl.withoutCRF’: Permission denied
cp: cannot create regular file ‘config/species/bombus_terrestris2/bombus_terrestris2_igenic_probs.pbl’: Permission denied
cp: cannot create regular file ‘config/species/bombus_terrestris2/bombus_terrestris2_intron_probs.pbl.withoutCRF’: Permission denied
cp: cannot create regular file ‘config/species/bombus_terrestris2/bombus_terrestris2_intron_probs.pbl’: Permission denied
cp: cannot create regular file ‘config/species/bombus_terrestris2/bombus_terrestris2_metapars.cfg’: Permission denied
cp: cannot create regular file ‘config/species/bombus_terrestris2/bombus_terrestris2_metapars.utr.cfg’: Permission denied
cp: cannot create regular file ‘config/species/bombus_terrestris2/bombus_terrestris2_parameters.cfg’: Permission denied
cp: cannot create regular file ‘config/species/bombus_terrestris2/bombus_terrestris2_parameters.cfg.orig1’: Permission denied
cp: cannot create regular file ‘config/species/bombus_terrestris2/bombus_terrestris2_parameters.cfg.orig2’: Permission denied
cp: cannot create regular file ‘config/species/bombus_terrestris2/bombus_terrestris2_parameters.cfg.orig3’: Permission denied
cp: cannot create regular file ‘config/species/bombus_terrestris2/bombus_terrestris2_parameters.cfg.orig4’: Permission denied
cp: cannot create regular file ‘config/species/bombus_terrestris2/bombus_terrestris2_utr_probs.pbl’: Permission denied
cp: cannot create regular file ‘config/species/bombus_terrestris2/bombus_terrestris2_weightmatrix.txt’: Permission denied
cp: cannot create regular file ‘config/species/botrytis_cinerea/botrytis_cinerea_exon_probs.pbl’: Permission denied
cp: cannot create regular file ‘config/species/botrytis_cinerea/botrytis_cinerea_igenic_probs.pbl’: Permission denied
cp: cannot create regular file ‘config/species/botrytis_cinerea/botrytis_cinerea_intron_probs.pbl’: Permission denied
cp: cannot create regular file ‘config/species/botrytis_cinerea/botrytis_cinerea_metapars.cfg’: Permission denied
cp: cannot create regular file ‘config/species/botrytis_cinerea/botrytis_cinerea_parameters.cfg’: Permission denied
cp: cannot create regular file ‘config/species/botrytis_cinerea/botrytis_cinerea_weightmatrix.txt’: Permission denied
cp: cannot create regular file ‘config/species/brugia/brugia_exon_probs.pbl’: Permission denied
cp: cannot create regular file ‘config/species/brugia/brugia_igenic_probs.pbl’: Permission denied
cp: cannot create regular file ‘config/species/brugia/brugia_intron_probs.pbl’: Permission denied
cp: cannot create regular file ‘config/species/brugia/brugia_parameters.cfg’: Permission denied
cp: cannot create regular file ‘config/species/brugia/brugia_splicefile’: Permission denied
cp: cannot create regular file ‘config/species/brugia/brugia_weightmatrix.txt’: Permission denied
cp: cannot create regular file ‘config/species/c_elegans_trsk/c_elegans_trsk_igenic_probs.pbl.withoutCRF’: Permission denied
cp: cannot create regular file ‘config/species/c_elegans_trsk/c_elegans_trsk_exon_probs.pbl’: Permission denied
cp: cannot create regular file ‘config/species/c_elegans_trsk/c_elegans_trsk_exon_probs.pbl.withoutCRF’: Permission denied
cp: cannot create regular file ‘config/species/c_elegans_trsk/c_elegans_trsk_igenic_probs.pbl’: Permission denied
cp: cannot create regular file ‘config/species/c_elegans_trsk/c_elegans_trsk_intron_probs.pbl.withoutCRF’: Permission denied
cp: cannot create regular file ‘config/species/c_elegans_trsk/c_elegans_trsk_intron_probs.pbl’: Permission denied
cp: cannot create regular file ‘config/species/c_elegans_trsk/c_elegans_trsk_metapars.cfg’: Permission denied
cp: cannot create regular file ‘config/species/c_elegans_trsk/c_elegans_trsk_metapars.utr.cfg’: Permission denied
cp: cannot create regular file ‘config/species/c_elegans_trsk/c_elegans_trsk_parameters.cfg’: Permission denied
cp: cannot create regular file ‘config/species/c_elegans_trsk/c_elegans_trsk_utr_probs.pbl’: Permission denied
cp: cannot create regular file ‘config/species/c_elegans_trsk/c_elegans_trsk_weightmatrix.txt’: Permission denied
cp: cannot create regular file ‘config/species/cacao/cacao_exon_probs.pbl’: Permission denied
cp: cannot create regular file ‘config/species/cacao/cacao_igenic_probs.pbl’: Permission denied
cp: cannot create regular file ‘config/species/cacao/cacao_intron_probs.pbl’: Permission denied
cp: cannot create regular file ‘config/species/cacao/cacao_metapars.cfg’: Permission denied
cp: cannot create regular file ‘config/species/cacao/cacao_metapars.utr.cfg’: Permission denied
cp: cannot create regular file ‘config/species/cacao/cacao_parameters.cfg’: Permission denied
cp: cannot create regular file ‘config/species/cacao/cacao_utr_probs.pbl’: Permission denied
cp: cannot create regular file ‘config/species/cacao/cacao_weightmatrix.txt’: Permission denied
cp: cannot create regular file ‘config/species/caenorhabditis/caenorhabditis_trans_shadow_partial_utr.pbl’: Permission denied
cp: cannot create regular file ‘config/species/caenorhabditis/caenorhabditis_exon_probs.pbl’: Permission denied
cp: cannot create regular file ‘config/species/caenorhabditis/caenorhabditis_igenic_probs.pbl’: Permission denied
cp: cannot create regular file ‘config/species/caenorhabditis/caenorhabditis_intron_probs.pbl’: Permission denied
cp: cannot create regular file ‘config/species/caenorhabditis/caenorhabditis_metapars.cfg’: Permission denied
cp: cannot create regular file ‘config/species/caenorhabditis/caenorhabditis_parameters.cfg’: Permission denied
cp: cannot create regular file ‘config/species/caenorhabditis/caenorhabditis_utr_probs.pbl’: Permission denied
cp: cannot create regular file ‘config/species/caenorhabditis/caenorhabditis_weightmatrix.txt’: Permission denied
cp: cannot create regular file ‘config/species/camponotus_floridanus/README.TXT’: Permission denied
cp: cannot create regular file ‘config/species/camponotus_floridanus/camponotus_floridanus_exon_probs.pbl’: Permission denied
cp: cannot create regular file ‘config/species/camponotus_floridanus/camponotus_floridanus_igenic_probs.pbl’: Permission denied
cp: cannot create regular file ‘config/species/camponotus_floridanus/camponotus_floridanus_intron_probs.pbl’: Permission denied
cp: cannot create regular file ‘config/species/camponotus_floridanus/camponotus_floridanus_metapars.cfg’: Permission denied
cp: cannot create regular file ‘config/species/camponotus_floridanus/camponotus_floridanus_metapars.utr.cfg’: Permission denied
cp: cannot create regular file ‘config/species/camponotus_floridanus/camponotus_floridanus_parameters.cfg’: Permission denied
cp: cannot create regular file ‘config/species/camponotus_floridanus/camponotus_floridanus_weightmatrix.txt’: Permission denied
cp: cannot create regular file ‘config/species/candida_albicans/candida_albicans_exon_probs.pbl’: Permission denied
cp: cannot create regular file ‘config/species/candida_albicans/candida_albicans_igenic_probs.pbl’: Permission denied
cp: cannot create regular file ‘config/species/candida_albicans/candida_albicans_intron_probs.pbl’: Permission denied
cp: cannot create regular file ‘config/species/candida_albicans/candida_albicans_metapars.cfg’: Permission denied
cp: cannot create regular file ‘config/species/candida_albicans/candida_albicans_parameters.cfg’: Permission denied
cp: cannot create regular file ‘config/species/candida_albicans/candida_albicans_weightmatrix.txt’: Permission denied
cp: cannot create regular file ‘config/species/candida_guilliermondii/candida_guilliermondii_exon_probs.pbl’: Permission denied
cp: cannot create regular file ‘config/species/candida_guilliermondii/candida_guilliermondii_igenic_probs.pbl’: Permission denied
cp: cannot create regular file ‘config/species/candida_guilliermondii/candida_guilliermondii_intron_probs.pbl’: Permission denied
cp: cannot create regular file ‘config/species/candida_guilliermondii/candida_guilliermondii_metapars.cfg’: Permission denied
cp: cannot create regular file ‘config/species/candida_guilliermondii/candida_guilliermondii_parameters.cfg’: Permission denied
cp: cannot create regular file ‘config/species/candida_guilliermondii/candida_guilliermondii_weightmatrix.txt’: Permission denied
cp: cannot create regular file ‘config/species/candida_tropicalis/candida_tropicalis_exon_probs.pbl’: Permission denied
cp: cannot create regular file ‘config/species/candida_tropicalis/candida_tropicalis_igenic_probs.pbl’: Permission denied
cp: cannot create regular file ‘config/species/candida_tropicalis/candida_tropicalis_intron_probs.pbl’: Permission denied
cp: cannot create regular file ‘config/species/candida_tropicalis/candida_tropicalis_metapars.cfg’: Permission denied
cp: cannot create regular file ‘config/species/candida_tropicalis/candida_tropicalis_parameters.cfg’: Permission denied
cp: cannot create regular file ‘config/species/candida_tropicalis/candida_tropicalis_weightmatrix.txt’: Permission denied
cp: cannot create regular file ‘config/species/chaetomium_globosum/chaetomium_globosum_exon_probs.pbl’: Permission denied
cp: cannot create regular file ‘config/species/chaetomium_globosum/chaetomium_globosum_igenic_probs.pbl’: Permission denied
cp: cannot create regular file ‘config/species/chaetomium_globosum/chaetomium_globosum_intron_probs.pbl’: Permission denied
cp: cannot create regular file ‘config/species/chaetomium_globosum/chaetomium_globosum_metapars.cfg’: Permission denied
cp: cannot create regular file ‘config/species/chaetomium_globosum/chaetomium_globosum_parameters.cfg’: Permission denied
cp: cannot create regular file ‘config/species/chaetomium_globosum/chaetomium_globosum_weightmatrix.txt’: Permission denied
cp: cannot create regular file ‘config/species/chicken/README.TXT’: Permission denied
cp: cannot create regular file ‘config/species/chicken/chicken_exon_probs.pbl’: Permission denied
cp: cannot create regular file ‘config/species/chicken/chicken_igenic_probs.pbl’: Permission denied
cp: cannot create regular file ‘config/species/chicken/chicken_intron_probs.pbl’: Permission denied
cp: cannot create regular file ‘config/species/chicken/chicken_metapars.cfg’: Permission denied
cp: cannot create regular file ‘config/species/chicken/chicken_metapars.utr.cfg’: Permission denied
cp: cannot create regular file ‘config/species/chicken/chicken_parameters.cfg’: Permission denied
cp: cannot create regular file ‘config/species/chicken/chicken_weightmatrix.txt’: Permission denied
cp: cannot create regular file ‘config/species/chlamy2011/chlamy2011_exon_probs.pbl’: Permission denied
cp: cannot create regular file ‘config/species/chlamy2011/chlamy2011_igenic_probs.pbl’: Permission denied
cp: cannot create regular file ‘config/species/chlamy2011/chlamy2011_intron_probs.pbl’: Permission denied
cp: cannot create regular file ‘config/species/chlamy2011/chlamy2011_metapars.cfg’: Permission denied
cp: cannot create regular file ‘config/species/chlamy2011/chlamy2011_metapars.utr.cfg’: Permission denied
cp: cannot create regular file ‘config/species/chlamy2011/chlamy2011_parameters.cfg’: Permission denied
cp: cannot create regular file ‘config/species/chlamy2011/chlamy2011_trans_shadow_partial.pbl’: Permission denied
cp: cannot create regular file ‘config/species/chlamy2011/chlamy2011_trans_shadow_partial_utr.pbl’: Permission denied
cp: cannot create regular file ‘config/species/chlamy2011/chlamy2011_utr_probs.pbl’: Permission denied
cp: cannot create regular file ‘config/species/chlamy2011/chlamy2011_weightmatrix.txt’: Permission denied
cp: cannot create regular file ‘config/species/chlamydomonas/chlamydomonas_trans_shadow_partial_utr.pbl’: Permission denied
cp: cannot create regular file ‘config/species/chlamydomonas/chlamydomonas_exon_probs.pbl’: Permission denied
cp: cannot create regular file ‘config/species/chlamydomonas/chlamydomonas_igenic_probs.pbl’: Permission denied
cp: cannot create regular file ‘config/species/chlamydomonas/chlamydomonas_intron_probs.pbl’: Permission denied
cp: cannot create regular file ‘config/species/chlamydomonas/chlamydomonas_metapars.cfg’: Permission denied
cp: cannot create regular file ‘config/species/chlamydomonas/chlamydomonas_parameters.cfg’: Permission denied
cp: cannot create regular file ‘config/species/chlamydomonas/chlamydomonas_trans_shadow_partial.pbl’: Permission denied
cp: cannot create regular file ‘config/species/chlamydomonas/chlamydomonas_utr_probs.pbl’: Permission denied
cp: cannot create regular file ‘config/species/chlamydomonas/chlamydomonas_weightmatrix.txt’: Permission denied
cp: cannot create regular file ‘config/species/chlorella/chlorella_igenic_probs.pbl’: Permission denied
cp: cannot create regular file ‘config/species/chlorella/chlorella_exon_probs.pbl’: Permission denied
cp: cannot create regular file ‘config/species/chlorella/chlorella_intron_probs.pbl’: Permission denied
cp: cannot create regular file ‘config/species/chlorella/chlorella_metapars.cfg’: Permission denied
cp: cannot create regular file ‘config/species/chlorella/chlorella_metapars.utr.cfg’: Permission denied
cp: cannot create regular file ‘config/species/chlorella/chlorella_parameters.cfg’: Permission denied
cp: cannot create regular file ‘config/species/chlorella/chlorella_utr_probs.pbl’: Permission denied
cp: cannot create regular file ‘config/species/chlorella/chlorella_weightmatrix.txt’: Permission denied
cp: cannot create regular file ‘config/species/coccidioides_immitis/coccidioides_immitis_exon_probs.pbl’: Permission denied
cp: cannot create regular file ‘config/species/coccidioides_immitis/coccidioides_immitis_igenic_probs.pbl’: Permission denied
cp: cannot create regular file ‘config/species/coccidioides_immitis/coccidioides_immitis_intron_probs.pbl’: Permission denied
cp: cannot create regular file ‘config/species/coccidioides_immitis/coccidioides_immitis_metapars.cfg’: Permission denied
cp: cannot create regular file ‘config/species/coccidioides_immitis/coccidioides_immitis_parameters.cfg’: Permission denied
cp: cannot create regular file ‘config/species/coccidioides_immitis/coccidioides_immitis_weightmatrix.txt’: Permission denied
cp: cannot create regular file ‘config/species/coprinus/coprinus_igenic_probs.pbl’: Permission denied
cp: cannot create regular file ‘config/species/coprinus/coprinus_exon_probs.pbl’: Permission denied
cp: cannot create regular file ‘config/species/coprinus/coprinus_intron_probs.pbl’: Permission denied
cp: cannot create regular file ‘config/species/coprinus/coprinus_parameters.cfg’: Permission denied
cp: cannot create regular file ‘config/species/coprinus/coprinus_weightmatrix.txt’: Permission denied
cp: cannot create regular file ‘config/species/coprinus_cinereus/coprinus_cinereus_exon_probs.pbl’: Permission denied
cp: cannot create regular file ‘config/species/coprinus_cinereus/coprinus_cinereus_igenic_probs.pbl’: Permission denied
cp: cannot create regular file ‘config/species/coprinus_cinereus/coprinus_cinereus_intron_probs.pbl’: Permission denied
cp: cannot create regular file ‘config/species/coprinus_cinereus/coprinus_cinereus_metapars.cfg’: Permission denied
cp: cannot create regular file ‘config/species/coprinus_cinereus/coprinus_cinereus_parameters.cfg’: Permission denied
cp: cannot create regular file ‘config/species/coprinus_cinereus/coprinus_cinereus_weightmatrix.txt’: Permission denied
cp: cannot create regular file ‘config/species/coyote_tobacco/coyote_tobacco_trans_shadow_partial_utr.pbl’: Permission denied
cp: cannot create regular file ‘config/species/coyote_tobacco/coyote_tobacco_exon_probs.pbl’: Permission denied
cp: cannot create regular file ‘config/species/coyote_tobacco/coyote_tobacco_igenic_probs.pbl’: Permission denied
cp: cannot create regular file ‘config/species/coyote_tobacco/coyote_tobacco_intron_probs.pbl’: Permission denied
cp: cannot create regular file ‘config/species/coyote_tobacco/coyote_tobacco_metapars.cfg’: Permission denied
cp: cannot create regular file ‘config/species/coyote_tobacco/coyote_tobacco_metapars.utr.cfg’: Permission denied
cp: cannot create regular file ‘config/species/coyote_tobacco/coyote_tobacco_parameters.cfg’: Permission denied
cp: cannot create regular file ‘config/species/coyote_tobacco/coyote_tobacco_utr_probs.pbl’: Permission denied
cp: cannot create regular file ‘config/species/coyote_tobacco/coyote_tobacco_weightmatrix.txt’: Permission denied
cp: cannot create regular file ‘config/species/cryptococcus/cryptococcus_exon_probs.pbl’: Permission denied
cp: cannot create regular file ‘config/species/cryptococcus/cryptococcus_igenic_probs.pbl’: Permission denied
cp: cannot create regular file ‘config/species/cryptococcus/cryptococcus_intron_probs.pbl’: Permission denied
cp: cannot create regular file ‘config/species/cryptococcus/cryptococcus_parameters.cfg’: Permission denied
cp: cannot create regular file ‘config/species/cryptococcus/cryptococcus_weightmatrix.txt’: Permission denied
cp: cannot create regular file ‘config/species/cryptococcus_neoformans_gattii/cryptococcus_neoformans_gattii_exon_probs.pbl’: Permission denied
cp: cannot create regular file ‘config/species/cryptococcus_neoformans_gattii/cryptococcus_neoformans_gattii_igenic_probs.pbl’: Permission denied
cp: cannot create regular file ‘config/species/cryptococcus_neoformans_gattii/cryptococcus_neoformans_gattii_intron_probs.pbl’: Permission denied
cp: cannot create regular file ‘config/species/cryptococcus_neoformans_gattii/cryptococcus_neoformans_gattii_metapars.cfg’: Permission denied
cp: cannot create regular file ‘config/species/cryptococcus_neoformans_gattii/cryptococcus_neoformans_gattii_parameters.cfg’: Permission denied
cp: cannot create regular file ‘config/species/cryptococcus_neoformans_gattii/cryptococcus_neoformans_gattii_weightmatrix.txt’: Permission denied
cp: cannot create regular file ‘config/species/cryptococcus_neoformans_neoformans_B/cryptococcus_neoformans_neoformans_B_exon_probs.pbl’: Permission denied
cp: cannot create regular file ‘config/species/cryptococcus_neoformans_neoformans_B/cryptococcus_neoformans_neoformans_B_igenic_probs.pbl’: Permission denied
cp: cannot create regular file ‘config/species/cryptococcus_neoformans_neoformans_B/cryptococcus_neoformans_neoformans_B_intron_probs.pbl’: Permission denied
cp: cannot create regular file ‘config/species/cryptococcus_neoformans_neoformans_B/cryptococcus_neoformans_neoformans_B_metapars.cfg’: Permission denied
cp: cannot create regular file ‘config/species/cryptococcus_neoformans_neoformans_B/cryptococcus_neoformans_neoformans_B_parameters.cfg’: Permission denied
cp: cannot create regular file ‘config/species/cryptococcus_neoformans_neoformans_B/cryptococcus_neoformans_neoformans_B_weightmatrix.txt’: Permission denied
cp: cannot create regular file ‘config/species/cryptococcus_neoformans_neoformans_JEC21/cryptococcus_neoformans_neoformans_JEC21_igenic_probs.pbl’: Permission denied
cp: cannot create regular file ‘config/species/cryptococcus_neoformans_neoformans_JEC21/cryptococcus_neoformans_neoformans_JEC21_exon_probs.pbl’: Permission denied
cp: cannot create regular file ‘config/species/cryptococcus_neoformans_neoformans_JEC21/cryptococcus_neoformans_neoformans_JEC21_intron_probs.pbl’: Permission denied
cp: cannot create regular file ‘config/species/cryptococcus_neoformans_neoformans_JEC21/cryptococcus_neoformans_neoformans_JEC21_metapars.cfg’: Permission denied
cp: cannot create regular file ‘config/species/cryptococcus_neoformans_neoformans_JEC21/cryptococcus_neoformans_neoformans_JEC21_parameters.cfg’: Permission denied
cp: cannot create regular file ‘config/species/cryptococcus_neoformans_neoformans_JEC21/cryptococcus_neoformans_neoformans_JEC21_weightmatrix.txt’: Permission denied
cp: cannot create regular file ‘config/species/culex/culex_exon_probs.pbl.wech’: Permission denied
cp: cannot create regular file ‘config/species/culex/culex_exon_probs.pbl’: Permission denied
cp: cannot create regular file ‘config/species/culex/culex_igenic_probs.pbl.wech’: Permission denied
cp: cannot create regular file ‘config/species/culex/culex_igenic_probs.pbl’: Permission denied
cp: cannot create regular file ‘config/species/culex/culex_intron_probs.pbl.wech’: Permission denied
cp: cannot create regular file ‘config/species/culex/culex_intron_probs.pbl’: Permission denied
cp: cannot create regular file ‘config/species/culex/culex_metapars.cfg’: Permission denied
cp: cannot create regular file ‘config/species/culex/culex_parameters.cfg’: Permission denied
cp: cannot create regular file ‘config/species/culex/culex_parameters.old.cfg’: Permission denied
cp: cannot create regular file ‘config/species/culex/culex_utr_probs.pbl’: Permission denied
cp: cannot create regular file ‘config/species/culex/culex_trans_shadow_partial_utr.pbl’: Permission denied
cp: cannot create regular file ‘config/species/culex/culex_weightmatrix.txt’: Permission denied
cp: cannot create regular file ‘config/species/debaryomyces_hansenii/debaryomyces_hansenii_exon_probs.pbl’: Permission denied
cp: cannot create regular file ‘config/species/debaryomyces_hansenii/debaryomyces_hansenii_igenic_probs.pbl’: Permission denied
cp: cannot create regular file ‘config/species/debaryomyces_hansenii/debaryomyces_hansenii_intron_probs.pbl’: Permission denied
cp: cannot create regular file ‘config/species/debaryomyces_hansenii/debaryomyces_hansenii_metapars.cfg’: Permission denied
cp: cannot create regular file ‘config/species/debaryomyces_hansenii/debaryomyces_hansenii_parameters.cfg’: Permission denied
cp: cannot create regular file ‘config/species/debaryomyces_hansenii/debaryomyces_hansenii_weightmatrix.txt’: Permission denied
cp: cannot create regular file ‘config/species/elephant_shark/elephant_shark_exon_probs.pbl’: Permission denied
cp: cannot create regular file ‘config/species/elephant_shark/elephant_shark_igenic_probs.pbl’: Permission denied
cp: cannot create regular file ‘config/species/elephant_shark/elephant_shark_intron_probs.pbl’: Permission denied
cp: cannot create regular file ‘config/species/elephant_shark/elephant_shark_metapars.cfg’: Permission denied
cp: cannot create regular file ‘config/species/elephant_shark/elephant_shark_metapars.utr.cfg’: Permission denied
cp: cannot create regular file ‘config/species/elephant_shark/elephant_shark_parameters.cfg’: Permission denied
cp: cannot create regular file ‘config/species/elephant_shark/elephant_shark_weightmatrix.txt’: Permission denied
cp: cannot create regular file ‘config/species/encephalitozoon_cuniculi_GB/encephalitozoon_cuniculi_GB_exon_probs.pbl’: Permission denied
cp: cannot create regular file ‘config/species/encephalitozoon_cuniculi_GB/encephalitozoon_cuniculi_GB_igenic_probs.pbl’: Permission denied
cp: cannot create regular file ‘config/species/encephalitozoon_cuniculi_GB/encephalitozoon_cuniculi_GB_intron_probs.pbl’: Permission denied
cp: cannot create regular file ‘config/species/encephalitozoon_cuniculi_GB/encephalitozoon_cuniculi_GB_metapars.cfg’: Permission denied
cp: cannot create regular file ‘config/species/encephalitozoon_cuniculi_GB/encephalitozoon_cuniculi_GB_parameters.cfg’: Permission denied
cp: cannot create regular file ‘config/species/encephalitozoon_cuniculi_GB/encephalitozoon_cuniculi_GB_weightmatrix.txt’: Permission denied
cp: cannot create regular file ‘config/species/eremothecium_gossypii/eremothecium_gossypii_exon_probs.pbl’: Permission denied
cp: cannot create regular file ‘config/species/eremothecium_gossypii/eremothecium_gossypii_igenic_probs.pbl’: Permission denied
cp: cannot create regular file ‘config/species/eremothecium_gossypii/eremothecium_gossypii_intron_probs.pbl’: Permission denied
cp: cannot create regular file ‘config/species/eremothecium_gossypii/eremothecium_gossypii_metapars.cfg’: Permission denied
cp: cannot create regular file ‘config/species/eremothecium_gossypii/eremothecium_gossypii_parameters.cfg’: Permission denied
cp: cannot create regular file ‘config/species/eremothecium_gossypii/eremothecium_gossypii_weightmatrix.txt’: Permission denied
cp: cannot create regular file ‘config/species/fly/fly_exon_probs.pbl’: Permission denied
cp: cannot create regular file ‘config/species/fly/fly_igenic_probs.pbl’: Permission denied
cp: cannot create regular file ‘config/species/fly/fly_intron_probs.pbl’: Permission denied
cp: cannot create regular file ‘config/species/fly/fly_metapars.cfg’: Permission denied
cp: cannot create regular file ‘config/species/fly/fly_metapars.utr.cfg’: Permission denied
cp: cannot create regular file ‘config/species/fly/fly_parameters.cfg’: Permission denied
cp: cannot create regular file ‘config/species/fly/fly_parameters.cgp.cfg’: Permission denied
cp: cannot create regular file ‘config/species/fly/fly_utr_probs.pbl’: Permission denied
cp: cannot create regular file ‘config/species/fly/fly_weightmatrix.txt’: Permission denied
cp: cannot create regular file ‘config/species/fusarium/fusarium_igenic_probs.pbl’: Permission denied
cp: cannot create regular file ‘config/species/fusarium/fusarium_exon_probs.pbl’: Permission denied
cp: cannot create regular file ‘config/species/fusarium/fusarium_intron_probs.pbl’: Permission denied
cp: cannot create regular file ‘config/species/fusarium/fusarium_parameters.cfg’: Permission denied
cp: cannot create regular file ‘config/species/fusarium/fusarium_weightmatrix.txt’: Permission denied
cp: cannot create regular file ‘config/species/fusarium_graminearum/fusarium_graminearum_exon_probs.pbl’: Permission denied
cp: cannot create regular file ‘config/species/fusarium_graminearum/fusarium_graminearum_igenic_probs.pbl’: Permission denied
cp: cannot create regular file ‘config/species/fusarium_graminearum/fusarium_graminearum_intron_probs.pbl’: Permission denied
cp: cannot create regular file ‘config/species/fusarium_graminearum/fusarium_graminearum_metapars.cfg’: Permission denied
cp: cannot create regular file ‘config/species/fusarium_graminearum/fusarium_graminearum_parameters.cfg’: Permission denied
cp: cannot create regular file ‘config/species/fusarium_graminearum/fusarium_graminearum_weightmatrix.txt’: Permission denied
cp: cannot create regular file ‘config/species/galdieria/galdieria_igenic_probs.pbl’: Permission denied
cp: cannot create regular file ‘config/species/galdieria/extrinsic.PE.cfg’: Permission denied
cp: cannot create regular file ‘config/species/galdieria/galdieria_exon_probs.pbl’: Permission denied
cp: cannot create regular file ‘config/species/galdieria/galdieria_intron_probs.pbl’: Permission denied
cp: cannot create regular file ‘config/species/galdieria/galdieria_metapars.cfg’: Permission denied
cp: cannot create regular file ‘config/species/galdieria/galdieria_parameters.cfg’: Permission denied
cp: cannot create regular file ‘config/species/galdieria/galdieria_splicefile’: Permission denied
cp: cannot create regular file ‘config/species/galdieria/galdieria_trans_shadow_partial_utr.pbl’: Permission denied
cp: cannot create regular file ‘config/species/galdieria/galdieria_utr_probs.pbl’: Permission denied
cp: cannot create regular file ‘config/species/galdieria/galdieria_weightmatrix.txt’: Permission denied
cp: cannot create regular file ‘config/species/generic/generic_metapars.cfg’: Permission denied
cp: cannot create regular file ‘config/species/generic/generic_metapars.cgp.cfg’: Permission denied
cp: cannot create regular file ‘config/species/generic/generic_metapars.utr.cfg’: Permission denied
cp: cannot create regular file ‘config/species/generic/generic_parameters.cfg’: Permission denied
cp: cannot create regular file ‘config/species/generic/generic_weightmatrix.txt’: Permission denied
cp: cannot create regular file ‘config/species/heliconius_melpomene1/heliconius_melpomene1_exon_probs.pbl’: Permission denied
cp: cannot create regular file ‘config/species/heliconius_melpomene1/heliconius_melpomene1_igenic_probs.pbl’: Permission denied
cp: cannot create regular file ‘config/species/heliconius_melpomene1/heliconius_melpomene1_intron_probs.pbl’: Permission denied
cp: cannot create regular file ‘config/species/heliconius_melpomene1/heliconius_melpomene1_metapars.cfg’: Permission denied
cp: cannot create regular file ‘config/species/heliconius_melpomene1/heliconius_melpomene1_metapars.utr.cfg’: Permission denied
cp: cannot create regular file ‘config/species/heliconius_melpomene1/heliconius_melpomene1_parameters.cfg’: Permission denied
cp: cannot create regular file ‘config/species/heliconius_melpomene1/heliconius_melpomene1_weightmatrix.txt’: Permission denied
cp: cannot create regular file ‘config/species/histoplasma/histoplasma_exon_probs.pbl’: Permission denied
cp: cannot create regular file ‘config/species/histoplasma/histoplasma_igenic_probs.pbl’: Permission denied
cp: cannot create regular file ‘config/species/histoplasma/histoplasma_intron_probs.pbl’: Permission denied
cp: cannot create regular file ‘config/species/histoplasma/histoplasma_parameters.cfg’: Permission denied
cp: cannot create regular file ‘config/species/histoplasma/histoplasma_weightmatrix.txt’: Permission denied
cp: cannot create regular file ‘config/species/histoplasma_capsulatum/histoplasma_capsulatum_exon_probs.pbl’: Permission denied
cp: cannot create regular file ‘config/species/histoplasma_capsulatum/histoplasma_capsulatum_igenic_probs.pbl’: Permission denied
cp: cannot create regular file ‘config/species/histoplasma_capsulatum/histoplasma_capsulatum_intron_probs.pbl’: Permission denied
cp: cannot create regular file ‘config/species/histoplasma_capsulatum/histoplasma_capsulatum_metapars.cfg’: Permission denied
cp: cannot create regular file ‘config/species/histoplasma_capsulatum/histoplasma_capsulatum_parameters.cfg’: Permission denied
cp: cannot create regular file ‘config/species/histoplasma_capsulatum/histoplasma_capsulatum_weightmatrix.txt’: Permission denied
cp: cannot create regular file ‘config/species/honeybee1/honeybee1_igenic_probs.pbl’: Permission denied
cp: cannot create regular file ‘config/species/honeybee1/honeybee1_exon_probs.pbl’: Permission denied
cp: cannot create regular file ‘config/species/honeybee1/honeybee1_exon_probs.pbl.withoutCRF’: Permission denied
cp: cannot create regular file ‘config/species/honeybee1/honeybee1_igenic_probs.pbl.withoutCRF’: Permission denied
cp: cannot create regular file ‘config/species/honeybee1/honeybee1_intron_probs.pbl’: Permission denied
cp: cannot create regular file ‘config/species/honeybee1/honeybee1_intron_probs.pbl.withoutCRF’: Permission denied
cp: cannot create regular file ‘config/species/honeybee1/honeybee1_metapars.cfg’: Permission denied
cp: cannot create regular file ‘config/species/honeybee1/honeybee1_metapars.utr.cfg’: Permission denied
cp: cannot create regular file ‘config/species/honeybee1/honeybee1_parameters.cfg’: Permission denied
cp: cannot create regular file ‘config/species/honeybee1/honeybee1_parameters.cfg.orig1’: Permission denied
cp: cannot create regular file ‘config/species/honeybee1/honeybee1_utr_probs.pbl’: Permission denied
cp: cannot create regular file ‘config/species/honeybee1/honeybee1_weightmatrix.txt’: Permission denied
cp: cannot create regular file ‘config/species/human/README.TXT’: Permission denied
cp: cannot create regular file ‘config/species/human/human_exon_probs.pbl’: Permission denied
cp: cannot create regular file ‘config/species/human/human_igenic_probs.pbl’: Permission denied
cp: cannot create regular file ‘config/species/human/human_intron_probs.pbl’: Permission denied
cp: cannot create regular file ‘config/species/human/human_parameters.cfg’: Permission denied
cp: cannot create regular file ‘config/species/human/human_utr_probs.pbl’: Permission denied
cp: cannot create regular file ‘config/species/human/human_trans_shadow_partial_utr.pbl’: Permission denied
cp: cannot create regular file ‘config/species/human/human_weightmatrix.txt’: Permission denied
cp: cannot create regular file ‘config/species/japaneselamprey/japaneselamprey_exon_probs.pbl’: Permission denied
cp: cannot create regular file ‘config/species/japaneselamprey/japaneselamprey_igenic_probs.pbl’: Permission denied
cp: cannot create regular file ‘config/species/japaneselamprey/japaneselamprey_intron_probs.pbl’: Permission denied
cp: cannot create regular file ‘config/species/japaneselamprey/japaneselamprey_metapars.cfg’: Permission denied
cp: cannot create regular file ‘config/species/japaneselamprey/japaneselamprey_metapars.utr.cfg’: Permission denied
cp: cannot create regular file ‘config/species/japaneselamprey/japaneselamprey_parameters.cfg’: Permission denied
cp: cannot create regular file ‘config/species/japaneselamprey/japaneselamprey_weightmatrix.txt’: Permission denied
cp: cannot create regular file ‘config/species/kluyveromyces_lactis/kluyveromyces_lactis_exon_probs.pbl’: Permission denied
cp: cannot create regular file ‘config/species/kluyveromyces_lactis/kluyveromyces_lactis_igenic_probs.pbl’: Permission denied
cp: cannot create regular file ‘config/species/kluyveromyces_lactis/kluyveromyces_lactis_intron_probs.pbl’: Permission denied
cp: cannot create regular file ‘config/species/kluyveromyces_lactis/kluyveromyces_lactis_metapars.cfg’: Permission denied
cp: cannot create regular file ‘config/species/kluyveromyces_lactis/kluyveromyces_lactis_parameters.cfg’: Permission denied
cp: cannot create regular file ‘config/species/kluyveromyces_lactis/kluyveromyces_lactis_weightmatrix.txt’: Permission denied
cp: cannot create regular file ‘config/species/laccaria_bicolor/laccaria_bicolor_exon_probs.pbl’: Permission denied
cp: cannot create regular file ‘config/species/laccaria_bicolor/laccaria_bicolor_igenic_probs.pbl’: Permission denied
cp: cannot create regular file ‘config/species/laccaria_bicolor/laccaria_bicolor_intron_probs.pbl’: Permission denied
cp: cannot create regular file ‘config/species/laccaria_bicolor/laccaria_bicolor_metapars.cfg’: Permission denied
cp: cannot create regular file ‘config/species/laccaria_bicolor/laccaria_bicolor_parameters.cfg’: Permission denied
cp: cannot create regular file ‘config/species/laccaria_bicolor/laccaria_bicolor_weightmatrix.txt’: Permission denied
cp: cannot create regular file ‘config/species/leishmania_tarentolae/leishmania_tarentolae_exon_probs.pbl’: Permission denied
cp: cannot create regular file ‘config/species/leishmania_tarentolae/leishmania_tarentolae_igenic_probs.pbl’: Permission denied
cp: cannot create regular file ‘config/species/leishmania_tarentolae/leishmania_tarentolae_metapars.cfg’: Permission denied
cp: cannot create regular file ‘config/species/leishmania_tarentolae/leishmania_tarentolae_metapars.utr.cfg’: Permission denied
cp: cannot create regular file ‘config/species/leishmania_tarentolae/leishmania_tarentolae_parameters.cfg’: Permission denied
cp: cannot create regular file ‘config/species/leishmania_tarentolae/leishmania_tarentolae_weightmatrix.txt’: Permission denied
cp: cannot create regular file ‘config/species/lodderomyces_elongisporus/lodderomyces_elongisporus_igenic_probs.pbl’: Permission denied
cp: cannot create regular file ‘config/species/lodderomyces_elongisporus/lodderomyces_elongisporus_exon_probs.pbl’: Permission denied
cp: cannot create regular file ‘config/species/lodderomyces_elongisporus/lodderomyces_elongisporus_intron_probs.pbl’: Permission denied
cp: cannot create regular file ‘config/species/lodderomyces_elongisporus/lodderomyces_elongisporus_metapars.cfg’: Permission denied
cp: cannot create regular file ‘config/species/lodderomyces_elongisporus/lodderomyces_elongisporus_parameters.cfg’: Permission denied
cp: cannot create regular file ‘config/species/lodderomyces_elongisporus/lodderomyces_elongisporus_weightmatrix.txt’: Permission denied
cp: cannot create regular file ‘config/species/magnaporthe_grisea/magnaporthe_grisea_exon_probs.pbl’: Permission denied
cp: cannot create regular file ‘config/species/magnaporthe_grisea/magnaporthe_grisea_igenic_probs.pbl’: Permission denied
cp: cannot create regular file ‘config/species/magnaporthe_grisea/magnaporthe_grisea_intron_probs.pbl’: Permission denied
cp: cannot create regular file ‘config/species/magnaporthe_grisea/magnaporthe_grisea_metapars.cfg’: Permission denied
cp: cannot create regular file ‘config/species/magnaporthe_grisea/magnaporthe_grisea_parameters.cfg’: Permission denied
cp: cannot create regular file ‘config/species/magnaporthe_grisea/magnaporthe_grisea_weightmatrix.txt’: Permission denied
cp: cannot create regular file ‘config/species/maize/maize_exon_probs.pbl’: Permission denied
cp: cannot create regular file ‘config/species/maize/maize_igenic_probs.pbl’: Permission denied
cp: cannot create regular file ‘config/species/maize/maize_intron_probs.pbl’: Permission denied
cp: cannot create regular file ‘config/species/maize/maize_metapars.cfg’: Permission denied
cp: cannot create regular file ‘config/species/maize/maize_parameters.cfg’: Permission denied
cp: cannot create regular file ‘config/species/maize/maize_splicefile.txt.gz’: Permission denied
cp: cannot create regular file ‘config/species/maize/maize_weightmatrix.txt’: Permission denied
cp: cannot create regular file ‘config/species/maize5/maize5_exon_probs.pbl’: Permission denied
cp: cannot create regular file ‘config/species/maize5/maize5_igenic_probs.pbl’: Permission denied
cp: cannot create regular file ‘config/species/maize5/maize5_intron_probs.pbl’: Permission denied
cp: cannot create regular file ‘config/species/maize5/maize5_metapars.cfg’: Permission denied
cp: cannot create regular file ‘config/species/maize5/maize5_metapars.utr.cfg’: Permission denied
cp: cannot create regular file ‘config/species/maize5/maize5_parameters.cfg’: Permission denied
cp: cannot create regular file ‘config/species/maize5/maize5_utr_probs.pbl’: Permission denied
cp: cannot create regular file ‘config/species/maize5/maize5_weightmatrix.txt’: Permission denied
cp: cannot create regular file ‘config/species/nasonia/nasonia_exon_probs.pbl’: Permission denied
cp: cannot create regular file ‘config/species/nasonia/nasonia_igenic_probs.pbl’: Permission denied
cp: cannot create regular file ‘config/species/nasonia/nasonia_intron_probs.pbl’: Permission denied
cp: cannot create regular file ‘config/species/nasonia/nasonia_metapars.cfg’: Permission denied
cp: cannot create regular file ‘config/species/nasonia/nasonia_parameters.cfg’: Permission denied
cp: cannot create regular file ‘config/species/nasonia/nasonia_weightmatrix.txt’: Permission denied
cp: cannot create regular file ‘config/species/neurospora/neurospora_exon_probs.pbl’: Permission denied
cp: cannot create regular file ‘config/species/neurospora/neurospora_igenic_probs.pbl’: Permission denied
cp: cannot create regular file ‘config/species/neurospora/neurospora_intron_probs.pbl’: Permission denied
cp: cannot create regular file ‘config/species/neurospora/neurospora_parameters.cfg’: Permission denied
cp: cannot create regular file ‘config/species/neurospora/neurospora_weightmatrix.txt’: Permission denied
cp: cannot create regular file ‘config/species/neurospora_crassa/neurospora_crassa_exon_probs.pbl’: Permission denied
cp: cannot create regular file ‘config/species/neurospora_crassa/neurospora_crassa_igenic_probs.pbl’: Permission denied
cp: cannot create regular file ‘config/species/neurospora_crassa/neurospora_crassa_intron_probs.pbl’: Permission denied
cp: cannot create regular file ‘config/species/neurospora_crassa/neurospora_crassa_metapars.cfg’: Permission denied
cp: cannot create regular file ‘config/species/neurospora_crassa/neurospora_crassa_parameters.cfg’: Permission denied
cp: cannot create regular file ‘config/species/neurospora_crassa/neurospora_crassa_weightmatrix.txt’: Permission denied
cp: cannot create regular file ‘config/species/parasteatoda/parasteatoda_exon_probs.pbl’: Permission denied
cp: cannot create regular file ‘config/species/parasteatoda/parasteatoda_igenic_probs.pbl’: Permission denied
cp: cannot create regular file ‘config/species/parasteatoda/parasteatoda_intron_probs.pbl’: Permission denied
cp: cannot create regular file ‘config/species/parasteatoda/parasteatoda_parameters.cfg’: Permission denied
cp: cannot create regular file ‘config/species/parasteatoda/parasteatoda_utr_probs.pbl’: Permission denied
cp: cannot create regular file ‘config/species/parasteatoda/parasteatoda_weightmatrix.txt’: Permission denied
cp: cannot create regular file ‘config/species/pchrysosporium/pchrysosporium_exon_probs.pbl’: Permission denied
cp: cannot create regular file ‘config/species/pchrysosporium/pchrysosporium_igenic_probs.pbl’: Permission denied
cp: cannot create regular file ‘config/species/pchrysosporium/pchrysosporium_intron_probs.pbl’: Permission denied
cp: cannot create regular file ‘config/species/pchrysosporium/pchrysosporium_parameters.cfg’: Permission denied
cp: cannot create regular file ‘config/species/pchrysosporium/pchrysosporium_weightmatrix.txt’: Permission denied
cp: cannot create regular file ‘config/species/pea_aphid/pea_aphid_igenic_probs.pbl’: Permission denied
cp: cannot create regular file ‘config/species/pea_aphid/pea_aphid_exon_probs.pbl’: Permission denied
cp: cannot create regular file ‘config/species/pea_aphid/pea_aphid_intron_probs.pbl’: Permission denied
cp: cannot create regular file ‘config/species/pea_aphid/pea_aphid_metapars.cfg’: Permission denied
cp: cannot create regular file ‘config/species/pea_aphid/pea_aphid_parameters.cfg’: Permission denied
cp: cannot create regular file ‘config/species/pea_aphid/pea_aphid_trans_shadow_partial_utr.pbl’: Permission denied
cp: cannot create regular file ‘config/species/pea_aphid/pea_aphid_utr_probs.pbl’: Permission denied
cp: cannot create regular file ‘config/species/pea_aphid/pea_aphid_weightmatrix.txt’: Permission denied
cp: cannot create regular file ‘config/species/pfalciparum/pfalciparum_exon_probs.pbl’: Permission denied
cp: cannot create regular file ‘config/species/pfalciparum/pfalciparum_igenic_probs.pbl’: Permission denied
cp: cannot create regular file ‘config/species/pfalciparum/pfalciparum_intron_probs.pbl’: Permission denied
cp: cannot create regular file ‘config/species/pfalciparum/pfalciparum_metapars.cfg’: Permission denied
cp: cannot create regular file ‘config/species/pfalciparum/pfalciparum_parameters.cfg’: Permission denied
cp: cannot create regular file ‘config/species/pfalciparum/pfalciparum_trans_shadow_partial.pbl’: Permission denied
cp: cannot create regular file ‘config/species/pfalciparum/pfalciparum_weightmatrix.txt’: Permission denied
cp: cannot create regular file ‘config/species/phanerochaete_chrysosporium/phanerochaete_chrysosporium_exon_probs.pbl’: Permission denied
cp: cannot create regular file ‘config/species/phanerochaete_chrysosporium/phanerochaete_chrysosporium_igenic_probs.pbl’: Permission denied
cp: cannot create regular file ‘config/species/phanerochaete_chrysosporium/phanerochaete_chrysosporium_intron_probs.pbl’: Permission denied
cp: cannot create regular file ‘config/species/phanerochaete_chrysosporium/phanerochaete_chrysosporium_metapars.cfg’: Permission denied
cp: cannot create regular file ‘config/species/phanerochaete_chrysosporium/phanerochaete_chrysosporium_parameters.cfg’: Permission denied
cp: cannot create regular file ‘config/species/phanerochaete_chrysosporium/phanerochaete_chrysosporium_weightmatrix.txt’: Permission denied
cp: cannot create regular file ‘config/species/pichia_stipitis/pichia_stipitis_exon_probs.pbl’: Permission denied
cp: cannot create regular file ‘config/species/pichia_stipitis/pichia_stipitis_igenic_probs.pbl’: Permission denied
cp: cannot create regular file ‘config/species/pichia_stipitis/pichia_stipitis_intron_probs.pbl’: Permission denied
cp: cannot create regular file ‘config/species/pichia_stipitis/pichia_stipitis_metapars.cfg’: Permission denied
cp: cannot create regular file ‘config/species/pichia_stipitis/pichia_stipitis_parameters.cfg’: Permission denied
cp: cannot create regular file ‘config/species/pichia_stipitis/pichia_stipitis_weightmatrix.txt’: Permission denied
cp: cannot create regular file ‘config/species/pneumocystis/pneumocystis_exon_probs.pbl’: Permission denied
cp: cannot create regular file ‘config/species/pneumocystis/README.TXT’: Permission denied
cp: cannot create regular file ‘config/species/pneumocystis/pneumocystis_igenic_probs.pbl’: Permission denied
cp: cannot create regular file ‘config/species/pneumocystis/pneumocystis_intron_probs.pbl’: Permission denied
cp: cannot create regular file ‘config/species/pneumocystis/pneumocystis_metapars.cfg’: Permission denied
cp: cannot create regular file ‘config/species/pneumocystis/pneumocystis_metaparsBAK.cfg’: Permission denied
cp: cannot create regular file ‘config/species/pneumocystis/pneumocystis_parameters.cfg’: Permission denied
cp: cannot create regular file ‘config/species/pneumocystis/pneumocystis_weightmatrix.txt’: Permission denied
cp: cannot create regular file ‘config/species/rhizopus_oryzae/rhizopus_oryzae_exon_probs.pbl’: Permission denied
cp: cannot create regular file ‘config/species/rhizopus_oryzae/rhizopus_oryzae_igenic_probs.pbl’: Permission denied
cp: cannot create regular file ‘config/species/rhizopus_oryzae/rhizopus_oryzae_intron_probs.pbl’: Permission denied
cp: cannot create regular file ‘config/species/rhizopus_oryzae/rhizopus_oryzae_metapars.cfg’: Permission denied
cp: cannot create regular file ‘config/species/rhizopus_oryzae/rhizopus_oryzae_parameters.cfg’: Permission denied
cp: cannot create regular file ‘config/species/rhizopus_oryzae/rhizopus_oryzae_weightmatrix.txt’: Permission denied
cp: cannot create regular file ‘config/species/rhodnius/rhodnius_igenic_probs.pbl’: Permission denied
cp: cannot create regular file ‘config/species/rhodnius/rhodnius_exon_probs.pbl’: Permission denied
cp: cannot create regular file ‘config/species/rhodnius/rhodnius_intron_probs.pbl’: Permission denied
cp: cannot create regular file ‘config/species/rhodnius/rhodnius_metapars.cfg’: Permission denied
cp: cannot create regular file ‘config/species/rhodnius/rhodnius_metapars.utr.cfg’: Permission denied
cp: cannot create regular file ‘config/species/rhodnius/rhodnius_parameters.cfg’: Permission denied
cp: cannot create regular file ‘config/species/rhodnius/rhodnius_utr_probs.pbl’: Permission denied
cp: cannot create regular file ‘config/species/rhodnius/rhodnius_weightmatrix.txt’: Permission denied
cp: cannot create regular file ‘config/species/rice/README.TXT’: Permission denied
cp: cannot create regular file ‘config/species/rice/rice_exon_probs.pbl’: Permission denied
cp: cannot create regular file ‘config/species/rice/rice_igenic_probs.pbl’: Permission denied
cp: cannot create regular file ‘config/species/rice/rice_intron_probs.pbl’: Permission denied
cp: cannot create regular file ‘config/species/rice/rice_metapars.cfg’: Permission denied
cp: cannot create regular file ‘config/species/rice/rice_metapars.utr.cfg’: Permission denied
cp: cannot create regular file ‘config/species/rice/rice_parameters.cfg’: Permission denied
cp: cannot create regular file ‘config/species/rice/rice_utr_probs.pbl’: Permission denied
cp: cannot create regular file ‘config/species/rice/rice_weightmatrix.txt’: Permission denied
cp: cannot create regular file ‘config/species/s_aureus/s_aureus_igenic_probs.pbl’: Permission denied
cp: cannot create regular file ‘config/species/s_aureus/README.TXT’: Permission denied
cp: cannot create regular file ‘config/species/s_aureus/s_aureus_exon_probs.pbl’: Permission denied
cp: cannot create regular file ‘config/species/s_aureus/s_aureus_metapars.utr.cfg’: Permission denied
cp: cannot create regular file ‘config/species/s_aureus/s_aureus_metapars.cfg’: Permission denied
cp: cannot create regular file ‘config/species/s_aureus/s_aureus_parameters.cgp.cfg’: Permission denied
cp: cannot create regular file ‘config/species/s_aureus/s_aureus_ovlp_len.pbl’: Permission denied
cp: cannot create regular file ‘config/species/s_aureus/s_aureus_parameters.cfg’: Permission denied
cp: cannot create regular file ‘config/species/s_aureus/s_aureus_trans_shadow_bacterium.pbl’: Permission denied
cp: cannot create regular file ‘config/species/s_aureus/s_aureus_weightmatrix.txt’: Permission denied
cp: cannot create regular file ‘config/species/s_pneumoniae/s_pneumoniae_exon_probs.pbl’: Permission denied
cp: cannot create regular file ‘config/species/s_pneumoniae/s_pneumoniae_igenic_probs.pbl’: Permission denied
cp: cannot create regular file ‘config/species/s_pneumoniae/s_pneumoniae_metapars.cfg’: Permission denied
cp: cannot create regular file ‘config/species/s_pneumoniae/s_pneumoniae_metapars.utr.cfg’: Permission denied
cp: cannot create regular file ‘config/species/s_pneumoniae/s_pneumoniae_ovlp_len.pbl’: Permission denied
cp: cannot create regular file ‘config/species/s_pneumoniae/s_pneumoniae_parameters.cfg’: Permission denied
cp: cannot create regular file ‘config/species/s_pneumoniae/s_pneumoniae_parameters.cfg.orig1’: Permission denied
cp: cannot create regular file ‘config/species/s_pneumoniae/s_pneumoniae_parameters.cfg.orig2’: Permission denied
cp: cannot create regular file ‘config/species/s_pneumoniae/s_pneumoniae_parameters.cfg.orig3’: Permission denied
cp: cannot create regular file ‘config/species/s_pneumoniae/s_pneumoniae_parameters.cfg.orig4’: Permission denied
cp: cannot create regular file ‘config/species/s_pneumoniae/s_pneumoniae_trans_shadow_bacterium.pbl’: Permission denied
cp: cannot create regular file ‘config/species/s_pneumoniae/s_pneumoniae_weightmatrix.txt’: Permission denied
cp: cannot create regular file ‘config/species/saccharomyces/saccharomyces_exon_probs.pbl’: Permission denied
cp: cannot create regular file ‘config/species/saccharomyces/saccharomyces_igenic_probs.pbl’: Permission denied
cp: cannot create regular file ‘config/species/saccharomyces/saccharomyces_intron_probs.pbl’: Permission denied
cp: cannot create regular file ‘config/species/saccharomyces/saccharomyces_parameters.cfg’: Permission denied
cp: cannot create regular file ‘config/species/saccharomyces/saccharomyces_weightmatrix.txt’: Permission denied
cp: cannot create regular file ‘config/species/saccharomyces_cerevisiae_S288C/saccharomyces_cerevisiae_S288C_exon_probs.pbl’: Permission denied
cp: cannot create regular file ‘config/species/saccharomyces_cerevisiae_S288C/saccharomyces_cerevisiae_S288C_igenic_probs.pbl’: Permission denied
cp: cannot create regular file ‘config/species/saccharomyces_cerevisiae_S288C/saccharomyces_cerevisiae_S288C_intron_probs.pbl’: Permission denied
cp: cannot create regular file ‘config/species/saccharomyces_cerevisiae_S288C/saccharomyces_cerevisiae_S288C_metapars.cfg’: Permission denied
cp: cannot create regular file ‘config/species/saccharomyces_cerevisiae_S288C/saccharomyces_cerevisiae_S288C_parameters.cfg’: Permission denied
cp: cannot create regular file ‘config/species/saccharomyces_cerevisiae_S288C/saccharomyces_cerevisiae_S288C_weightmatrix.txt’: Permission denied
cp: cannot create regular file ‘config/species/saccharomyces_cerevisiae_rm11-1a_1/saccharomyces_cerevisiae_rm11-1a_1_exon_probs.pbl’: Permission denied
cp: cannot create regular file ‘config/species/saccharomyces_cerevisiae_rm11-1a_1/saccharomyces_cerevisiae_rm11-1a_1_igenic_probs.pbl’: Permission denied
cp: cannot create regular file ‘config/species/saccharomyces_cerevisiae_rm11-1a_1/saccharomyces_cerevisiae_rm11-1a_1_intron_probs.pbl’: Permission denied
cp: cannot create regular file ‘config/species/saccharomyces_cerevisiae_rm11-1a_1/saccharomyces_cerevisiae_rm11-1a_1_metapars.cfg’: Permission denied
cp: cannot create regular file ‘config/species/saccharomyces_cerevisiae_rm11-1a_1/saccharomyces_cerevisiae_rm11-1a_1_parameters.cfg’: Permission denied
cp: cannot create regular file ‘config/species/saccharomyces_cerevisiae_rm11-1a_1/saccharomyces_cerevisiae_rm11-1a_1_weightmatrix.txt’: Permission denied
cp: cannot create regular file ‘config/species/schistosoma/schistosoma_exon_probs.pbl’: Permission denied
cp: cannot create regular file ‘config/species/schistosoma/schistosoma_igenic_probs.pbl’: Permission denied
cp: cannot create regular file ‘config/species/schistosoma/schistosoma_intron_probs.pbl’: Permission denied
cp: cannot create regular file ‘config/species/schistosoma/schistosoma_metapars.cfg’: Permission denied
cp: cannot create regular file ‘config/species/schistosoma/schistosoma_parameters.cfg’: Permission denied
cp: cannot create regular file ‘config/species/schistosoma/schistosoma_parameters.cfg.opt’: Permission denied
cp: cannot create regular file ‘config/species/schistosoma/schistosoma_splicefile.txt’: Permission denied
cp: cannot create regular file ‘config/species/schistosoma/schistosoma_weightmatrix.txt’: Permission denied
cp: cannot create regular file ‘config/species/schistosoma2/schistosoma2_exon_probs.pbl’: Permission denied
cp: cannot create regular file ‘config/species/schistosoma2/README.TXT’: Permission denied
cp: cannot create regular file ‘config/species/schistosoma2/schistosoma2_igenic_probs.pbl’: Permission denied
cp: cannot create regular file ‘config/species/schistosoma2/schistosoma2_intron_probs.pbl’: Permission denied
cp: cannot create regular file ‘config/species/schistosoma2/schistosoma2_metapars.cfg’: Permission denied
cp: cannot create regular file ‘config/species/schistosoma2/schistosoma2_metapars.cgp.cfg’: Permission denied
cp: cannot create regular file ‘config/species/schistosoma2/schistosoma2_metapars.utr.cfg’: Permission denied
cp: cannot create regular file ‘config/species/schistosoma2/schistosoma2_parameters.cfg’: Permission denied
cp: cannot create regular file ‘config/species/schistosoma2/schistosoma2_utr_probs.pbl’: Permission denied
cp: cannot create regular file ‘config/species/schistosoma2/schistosoma2_weightmatrix.txt’: Permission denied
cp: cannot create regular file ‘config/species/schizosaccharomyces_pombe/schizosaccharomyces_pombe_igenic_probs.pbl’: Permission denied
cp: cannot create regular file ‘config/species/schizosaccharomyces_pombe/schizosaccharomyces_pombe_exon_probs.pbl’: Permission denied
cp: cannot create regular file ‘config/species/schizosaccharomyces_pombe/schizosaccharomyces_pombe_intron_probs.pbl’: Permission denied
cp: cannot create regular file ‘config/species/schizosaccharomyces_pombe/schizosaccharomyces_pombe_metapars.cfg’: Permission denied
cp: cannot create regular file ‘config/species/schizosaccharomyces_pombe/schizosaccharomyces_pombe_parameters.cfg’: Permission denied
cp: cannot create regular file ‘config/species/schizosaccharomyces_pombe/schizosaccharomyces_pombe_weightmatrix.txt’: Permission denied
cp: cannot create regular file ‘config/species/sealamprey/sealamprey_exon_probs.pbl’: Permission denied
cp: cannot create regular file ‘config/species/sealamprey/sealamprey_igenic_probs.pbl’: Permission denied
cp: cannot create regular file ‘config/species/sealamprey/sealamprey_intron_probs.pbl’: Permission denied
cp: cannot create regular file ‘config/species/sealamprey/sealamprey_metapars.cfg’: Permission denied
cp: cannot create regular file ‘config/species/sealamprey/sealamprey_parameters.cfg’: Permission denied
cp: cannot create regular file ‘config/species/sealamprey/sealamprey_weightmatrix.txt’: Permission denied
cp: cannot create regular file ‘config/species/sealamprey/sealamprey_parameters.cfg~’: Permission denied
cp: cannot create regular file ‘config/species/sulfolobus_solfataricus/sulfolobus_solfataricus_exon_probs.pbl’: Permission denied
cp: cannot create regular file ‘config/species/sulfolobus_solfataricus/sulfolobus_solfataricus_igenic_probs.pbl’: Permission denied
cp: cannot create regular file ‘config/species/sulfolobus_solfataricus/sulfolobus_solfataricus_metapars.cfg’: Permission denied
cp: cannot create regular file ‘config/species/sulfolobus_solfataricus/sulfolobus_solfataricus_metapars.utr.cfg’: Permission denied
cp: cannot create regular file ‘config/species/sulfolobus_solfataricus/sulfolobus_solfataricus_ovlp_len.pbl’: Permission denied
cp: cannot create regular file ‘config/species/sulfolobus_solfataricus/sulfolobus_solfataricus_parameters.cfg’: Permission denied
cp: cannot create regular file ‘config/species/sulfolobus_solfataricus/sulfolobus_solfataricus_weightmatrix.txt’: Permission denied
cp: cannot create regular file ‘config/species/sulfolobus_solfataricus/sulfolobus_solfataricus_trans_shadow_bacterium.pbl’: Permission denied
cp: cannot create regular file ‘config/species/template_prokaryotic/template_prokaryotic_trans_shadow_bacterium.pbl’: Permission denied
cp: cannot create regular file ‘config/species/template_prokaryotic/template_prokaryotic_metapars.cfg’: Permission denied
cp: cannot create regular file ‘config/species/template_prokaryotic/template_prokaryotic_metapars.utr.cfg’: Permission denied
cp: cannot create regular file ‘config/species/template_prokaryotic/template_prokaryotic_ovlp_len.pbl’: Permission denied
cp: cannot create regular file ‘config/species/template_prokaryotic/template_prokaryotic_parameters.cfg’: Permission denied
cp: cannot create regular file ‘config/species/template_prokaryotic/template_prokaryotic_weightmatrix.txt’: Permission denied
cp: cannot create regular file ‘config/species/tetrahymena/tetrahymena_exon_probs.pbl’: Permission denied
cp: cannot create regular file ‘config/species/tetrahymena/tetrahymena_igenic_probs.pbl’: Permission denied
cp: cannot create regular file ‘config/species/tetrahymena/tetrahymena_intron_probs.pbl’: Permission denied
cp: cannot create regular file ‘config/species/tetrahymena/tetrahymena_metapars.cfg’: Permission denied
cp: cannot create regular file ‘config/species/tetrahymena/tetrahymena_parameters.cfg’: Permission denied
cp: cannot create regular file ‘config/species/tetrahymena/tetrahymena_weightmatrix.txt’: Permission denied
cp: cannot create regular file ‘config/species/thermoanaerobacter_tengcongensis/thermoanaerobacter_tengcongensis_trans_shadow_bacterium.pbl’: Permission denied
cp: cannot create regular file ‘config/species/thermoanaerobacter_tengcongensis/thermoanaerobacter_tengcongensis_exon_probs.pbl’: Permission denied
cp: cannot create regular file ‘config/species/thermoanaerobacter_tengcongensis/thermoanaerobacter_tengcongensis_igenic_probs.pbl’: Permission denied
cp: cannot create regular file ‘config/species/thermoanaerobacter_tengcongensis/thermoanaerobacter_tengcongensis_metapars.cfg’: Permission denied
cp: cannot create regular file ‘config/species/thermoanaerobacter_tengcongensis/thermoanaerobacter_tengcongensis_metapars.utr.cfg’: Permission denied
cp: cannot create regular file ‘config/species/thermoanaerobacter_tengcongensis/thermoanaerobacter_tengcongensis_ovlp_len.pbl’: Permission denied
cp: cannot create regular file ‘config/species/thermoanaerobacter_tengcongensis/thermoanaerobacter_tengcongensis_parameters.cfg’: Permission denied
cp: cannot create regular file ‘config/species/thermoanaerobacter_tengcongensis/thermoanaerobacter_tengcongensis_weightmatrix.txt’: Permission denied
cp: cannot create regular file ‘config/species/tomato/tomato_exon_probs.pbl’: Permission denied
cp: cannot create regular file ‘config/species/tomato/tomato_igenic_probs.pbl’: Permission denied
cp: cannot create regular file ‘config/species/tomato/tomato_intron_probs.pbl’: Permission denied
cp: cannot create regular file ‘config/species/tomato/tomato_metapars.cfg’: Permission denied
cp: cannot create regular file ‘config/species/tomato/tomato_metapars.utr.cfg’: Permission denied
cp: cannot create regular file ‘config/species/tomato/tomato_parameters.cfg’: Permission denied
cp: cannot create regular file ‘config/species/tomato/tomato_utr_probs.pbl’: Permission denied
cp: cannot create regular file ‘config/species/tomato/tomato_weightmatrix.txt’: Permission denied
cp: cannot create regular file ‘config/species/toxoplasma/toxoplasma_exon_probs.pbl’: Permission denied
cp: cannot create regular file ‘config/species/toxoplasma/toxoplasma_igenic_probs.pbl’: Permission denied
cp: cannot create regular file ‘config/species/toxoplasma/toxoplasma_intron_probs.pbl’: Permission denied
cp: cannot create regular file ‘config/species/toxoplasma/toxoplasma_metaparameters.cfg’: Permission denied
cp: cannot create regular file ‘config/species/toxoplasma/toxoplasma_parameters.cfg’: Permission denied
cp: cannot create regular file ‘config/species/toxoplasma/toxoplasma_trans_shadow_partial_utr.pbl’: Permission denied
cp: cannot create regular file ‘config/species/toxoplasma/toxoplasma_utr_probs.pbl’: Permission denied
cp: cannot create regular file ‘config/species/toxoplasma/toxoplasma_weightmatrix.txt’: Permission denied
cp: cannot create regular file ‘config/species/tribolium2012/tribolium2012_trans_shadow_partial_utr.pbl’: Permission denied
cp: cannot create regular file ‘config/species/tribolium2012/tribolium2012_exon_probs.pbl’: Permission denied
cp: cannot create regular file ‘config/species/tribolium2012/tribolium2012_exon_probs.pbl.HMM’: Permission denied
cp: cannot create regular file ‘config/species/tribolium2012/tribolium2012_exon_probs.pbl1’: Permission denied
cp: cannot create regular file ‘config/species/tribolium2012/tribolium2012_exon_probs.pbl2’: Permission denied
cp: cannot create regular file ‘config/species/tribolium2012/tribolium2012_exon_probs.pbl3’: Permission denied
cp: cannot create regular file ‘config/species/tribolium2012/tribolium2012_exon_probs.pbl4’: Permission denied
cp: cannot create regular file ‘config/species/tribolium2012/tribolium2012_igenic_probs.pbl’: Permission denied
cp: cannot create regular file ‘config/species/tribolium2012/tribolium2012_igenic_probs.pbl.HMM’: Permission denied
cp: cannot create regular file ‘config/species/tribolium2012/tribolium2012_igenic_probs.pbl1’: Permission denied
cp: cannot create regular file ‘config/species/tribolium2012/tribolium2012_igenic_probs.pbl2’: Permission denied
cp: cannot create regular file ‘config/species/tribolium2012/tribolium2012_igenic_probs.pbl3’: Permission denied
cp: cannot create regular file ‘config/species/tribolium2012/tribolium2012_igenic_probs.pbl4’: Permission denied
cp: cannot create regular file ‘config/species/tribolium2012/tribolium2012_intron_probs.pbl’: Permission denied
cp: cannot create regular file ‘config/species/tribolium2012/tribolium2012_intron_probs.pbl.HMM’: Permission denied
cp: cannot create regular file ‘config/species/tribolium2012/tribolium2012_intron_probs.pbl1’: Permission denied
cp: cannot create regular file ‘config/species/tribolium2012/tribolium2012_intron_probs.pbl2’: Permission denied
cp: cannot create regular file ‘config/species/tribolium2012/tribolium2012_intron_probs.pbl3’: Permission denied
cp: cannot create regular file ‘config/species/tribolium2012/tribolium2012_intron_probs.pbl4’: Permission denied
cp: cannot create regular file ‘config/species/tribolium2012/tribolium2012_metapars.cfg’: Permission denied
cp: cannot create regular file ‘config/species/tribolium2012/tribolium2012_metapars.utr.cfg’: Permission denied
cp: cannot create regular file ‘config/species/tribolium2012/tribolium2012_parameters.cfg’: Permission denied
cp: cannot create regular file ‘config/species/tribolium2012/tribolium2012_parameters.cfg.orig1’: Permission denied
cp: cannot create regular file ‘config/species/tribolium2012/tribolium2012_parameters.cfg.orig2’: Permission denied
cp: cannot create regular file ‘config/species/tribolium2012/tribolium2012_parameters.cfg.orig3’: Permission denied
cp: cannot create regular file ‘config/species/tribolium2012/tribolium2012_parameters.cfg.orig4’: Permission denied
cp: cannot create regular file ‘config/species/tribolium2012/tribolium2012_parameters.cfg.orig5’: Permission denied
cp: cannot create regular file ‘config/species/tribolium2012/tribolium2012_parameters.cfg.orig6’: Permission denied
cp: cannot create regular file ‘config/species/tribolium2012/tribolium2012_parameters.cfg.orig7’: Permission denied
cp: cannot create regular file ‘config/species/tribolium2012/tribolium2012_utr_probs.pbl’: Permission denied
cp: cannot create regular file ‘config/species/tribolium2012/tribolium2012_utr_probs.pbl.HMM’: Permission denied
cp: cannot create regular file ‘config/species/tribolium2012/tribolium2012_weightmatrix.txt’: Permission denied
cp: cannot create regular file ‘config/species/trichinella/trichinella_exon_probs.pbl’: Permission denied
cp: cannot create regular file ‘config/species/trichinella/trichinella_igenic_probs.pbl’: Permission denied
cp: cannot create regular file ‘config/species/trichinella/trichinella_intron_probs.pbl’: Permission denied
cp: cannot create regular file ‘config/species/trichinella/trichinella_metapars.cfg’: Permission denied
cp: cannot create regular file ‘config/species/trichinella/trichinella_metapars.utr.cfg’: Permission denied
cp: cannot create regular file ‘config/species/trichinella/trichinella_parameters.cfg’: Permission denied
cp: cannot create regular file ‘config/species/trichinella/trichinella_utr_probs.pbl’: Permission denied
cp: cannot create regular file ‘config/species/trichinella/trichinella_weightmatrix.txt’: Permission denied
cp: cannot create regular file ‘config/species/ustilago/ustilago_igenic_probs.pbl’: Permission denied
cp: cannot create regular file ‘config/species/ustilago/ustilago_exon_probs.pbl’: Permission denied
cp: cannot create regular file ‘config/species/ustilago/ustilago_intron_probs.pbl’: Permission denied
cp: cannot create regular file ‘config/species/ustilago/ustilago_parameters.cfg’: Permission denied
cp: cannot create regular file ‘config/species/ustilago/ustilago_weightmatrix.txt’: Permission denied
cp: cannot create regular file ‘config/species/ustilago_maydis/ustilago_maydis_exon_probs.pbl’: Permission denied
cp: cannot create regular file ‘config/species/ustilago_maydis/ustilago_maydis_igenic_probs.pbl’: Permission denied
cp: cannot create regular file ‘config/species/ustilago_maydis/ustilago_maydis_intron_probs.pbl’: Permission denied
cp: cannot create regular file ‘config/species/ustilago_maydis/ustilago_maydis_metapars.cfg’: Permission denied
cp: cannot create regular file ‘config/species/ustilago_maydis/ustilago_maydis_parameters.cfg’: Permission denied
cp: cannot create regular file ‘config/species/ustilago_maydis/ustilago_maydis_weightmatrix.txt’: Permission denied
cp: cannot create regular file ‘config/species/verticillium_albo_atrum1/verticillium_albo_atrum1_igenic_probs.pbl’: Permission denied
cp: cannot create regular file ‘config/species/verticillium_albo_atrum1/verticillium_albo_atrum1_exon_probs.pbl’: Permission denied
cp: cannot create regular file ‘config/species/verticillium_albo_atrum1/verticillium_albo_atrum1_intron_probs.pbl’: Permission denied
cp: cannot create regular file ‘config/species/verticillium_albo_atrum1/verticillium_albo_atrum1_metapars.cfg’: Permission denied
cp: cannot create regular file ‘config/species/verticillium_albo_atrum1/verticillium_albo_atrum1_metapars.utr.cfg’: Permission denied
cp: cannot create regular file ‘config/species/verticillium_albo_atrum1/verticillium_albo_atrum1_parameters.cfg’: Permission denied
cp: cannot create regular file ‘config/species/verticillium_albo_atrum1/verticillium_albo_atrum1_utr_probs.pbl’: Permission denied
cp: cannot create regular file ‘config/species/verticillium_albo_atrum1/verticillium_albo_atrum1_weightmatrix.txt’: Permission denied
cp: cannot create regular file ‘config/species/verticillium_longisporum1/verticillium_longisporum1_igenic_probs.pbl’: Permission denied
cp: cannot create regular file ‘config/species/verticillium_longisporum1/verticillium_longisporum1_exon_probs.pbl’: Permission denied
cp: cannot create regular file ‘config/species/verticillium_longisporum1/verticillium_longisporum1_intron_probs.pbl’: Permission denied
cp: cannot create regular file ‘config/species/verticillium_longisporum1/verticillium_longisporum1_metapars.cfg’: Permission denied
cp: cannot create regular file ‘config/species/verticillium_longisporum1/verticillium_longisporum1_metapars.utr.cfg’: Permission denied
cp: cannot create regular file ‘config/species/verticillium_longisporum1/verticillium_longisporum1_parameters.cfg’: Permission denied
cp: cannot create regular file ‘config/species/verticillium_longisporum1/verticillium_longisporum1_parameters.cfg.orig1’: Permission denied
cp: cannot create regular file ‘config/species/verticillium_longisporum1/verticillium_longisporum1_utr_probs.pbl’: Permission denied
cp: cannot create regular file ‘config/species/verticillium_longisporum1/verticillium_longisporum1_weightmatrix.txt’: Permission denied
cp: cannot create regular file ‘config/species/volvox/volvox_exon_probs.pbl’: Permission denied
cp: cannot create regular file ‘config/species/volvox/volvox_igenic_probs.pbl’: Permission denied
cp: cannot create regular file ‘config/species/volvox/volvox_intron_probs.pbl’: Permission denied
cp: cannot create regular file ‘config/species/volvox/volvox_metapars.cfg’: Permission denied
cp: cannot create regular file ‘config/species/volvox/volvox_metapars.cgp.cfg’: Permission denied
cp: cannot create regular file ‘config/species/volvox/volvox_metapars.utr.cfg’: Permission denied
cp: cannot create regular file ‘config/species/volvox/volvox_parameters.cfg’: Permission denied
cp: cannot create regular file ‘config/species/volvox/volvox_utr_probs.pbl’: Permission denied
cp: cannot create regular file ‘config/species/volvox/volvox_weightmatrix.txt’: Permission denied
cp: cannot create regular file ‘config/species/wheat/README.txt’: Permission denied
cp: cannot create regular file ‘config/species/wheat/wheat_exon_probs.pbl’: Permission denied
cp: cannot create regular file ‘config/species/wheat/wheat_igenic_probs.pbl’: Permission denied
cp: cannot create regular file ‘config/species/wheat/wheat_intron_probs.pbl’: Permission denied
cp: cannot create regular file ‘config/species/wheat/wheat_parameters.cfg’: Permission denied
cp: cannot create regular file ‘config/species/wheat/wheat_utr_probs.pbl’: Permission denied
cp: cannot create regular file ‘config/species/wheat/wheat_weightmatrix.txt’: Permission denied
cp: cannot create regular file ‘config/species/yarrowia_lipolytica/yarrowia_lipolytica_exon_probs.pbl’: Permission denied
cp: cannot create regular file ‘config/species/yarrowia_lipolytica/yarrowia_lipolytica_igenic_probs.pbl’: Permission denied
cp: cannot create regular file ‘config/species/yarrowia_lipolytica/yarrowia_lipolytica_intron_probs.pbl’: Permission denied
cp: cannot create regular file ‘config/species/yarrowia_lipolytica/yarrowia_lipolytica_metapars.cfg’: Permission denied
cp: cannot create regular file ‘config/species/yarrowia_lipolytica/yarrowia_lipolytica_metapars.utr.cfg’: Permission denied
cp: cannot create regular file ‘config/species/yarrowia_lipolytica/yarrowia_lipolytica_parameters.cfg’: Permission denied
cp: cannot create regular file ‘config/species/yarrowia_lipolytica/yarrowia_lipolytica_utr_probs.pbl’: Permission denied
cp: cannot create regular file ‘config/species/yarrowia_lipolytica/yarrowia_lipolytica_weightmatrix.txt’: Permission denied
cp: cannot create regular file ‘config/species/zebrafish/zebrafish_exon_probs.pbl.HMM’: Permission denied
cp: cannot create regular file ‘config/species/zebrafish/README.TXT’: Permission denied
cp: cannot create regular file ‘config/species/zebrafish/zebrafish_exon_probs.pbl’: Permission denied
cp: cannot create regular file ‘config/species/zebrafish/zebrafish_igenic_probs.pbl’: Permission denied
cp: cannot create regular file ‘config/species/zebrafish/zebrafish_igenic_probs.pbl.HMM’: Permission denied
cp: cannot create regular file ‘config/species/zebrafish/zebrafish_intron_probs.pbl’: Permission denied
cp: cannot create regular file ‘config/species/zebrafish/zebrafish_intron_probs.pbl.HMM’: Permission denied
cp: cannot create regular file ‘config/species/zebrafish/zebrafish_metapars.cfg’: Permission denied
cp: cannot create regular file ‘config/species/zebrafish/zebrafish_metapars.utr.cfg’: Permission denied
cp: cannot create regular file ‘config/species/zebrafish/zebrafish_parameters.cfg’: Permission denied
cp: cannot create regular file ‘config/species/zebrafish/zebrafish_weightmatrix.txt’: Permission denied
Could not open augustus.gbk.train at /sw/apps/bioinfo/augustus/3.2.3/rackham/scripts/optimize_augustus.pl line 336.
Splitting training file into 8 buckets...
