bowtie not loaded, will load bowtie 
bowtie2 not loaded, will load bowtie2/2.3.2 
Settings:
  Output files: "/home/karnair/GenomeAnalysis/BatWing/results/7_Bowtie/ref.*.bt2"
  Line rate: 6 (line is 64 bytes)
  Lines per side: 1 (side is 64 bytes)
  Offset rate: 4 (one in 16)
  FTable chars: 10
  Strings: unpacked
  Max bucket size: default
  Max bucket size, sqrt multiplier: default
  Max bucket size, len divisor: 4
  Difference-cover sample period: 1024
  Endianness: little
  Actual local endianness: little
  Sanity checking: disabled
  Assertions: disabled
  Random seed: 0
  Sizeofs: void*:8, int:4, long:8, size_t:8
Input files DNA, FASTA:
  /home/karnair/GenomeAnalysis/BatWing/Data/ref_genome_unzipped.fasta
Building a SMALL index
Reading reference sizes
  Time reading reference sizes: 00:00:00
Calculating joined length
Writing header
Reserving space for joined string
Joining reference sequences
  Time to join reference sequences: 00:00:00
bmax according to bmaxDivN setting: 815981
Using parameters --bmax 611986 --dcv 1024
  Doing ahead-of-time memory usage test
  Passed!  Constructing with these parameters: --bmax 611986 --dcv 1024
Constructing suffix-array element generator
Building DifferenceCoverSample
  Building sPrime
  Building sPrimeOrder
  V-Sorting samples
  V-Sorting samples time: 00:00:00
  Allocating rank array
  Ranking v-sort output
  Ranking v-sort output time: 00:00:00
  Invoking Larsson-Sadakane on ranks
  Invoking Larsson-Sadakane on ranks time: 00:00:01
  Sanity-checking and returning
Building samples
Reserving space for 12 sample suffixes
Generating random suffixes
QSorting 12 sample offsets, eliminating duplicates
QSorting sample offsets, eliminating duplicates time: 00:00:00
Multikey QSorting 12 samples
  (Using difference cover)
  Multikey QSorting samples time: 00:00:00
Calculating bucket sizes
Splitting and merging
  Splitting and merging time: 00:00:00
Avg bucket size: 3.26393e+06 (target: 611985)
Converting suffix-array elements to index image
Allocating ftab, absorbFtab
Entering Ebwt loop
Getting block 1 of 1
  No samples; assembling all-inclusive block
  Sorting block of length 3263926 for bucket 1
  (Using difference cover)
  Sorting block time: 00:00:00
Returning block of 3263927 for bucket 1
Exited Ebwt loop
fchr[A]: 0
fchr[C]: 906399
fchr[G]: 1652847
fchr[T]: 2385635
fchr[$]: 3263926
Exiting Ebwt::buildToDisk()
Returning from initFromVector
Wrote 5287052 bytes to primary EBWT file: /home/karnair/GenomeAnalysis/BatWing/results/7_Bowtie/ref.1.bt2
Wrote 815988 bytes to secondary EBWT file: /home/karnair/GenomeAnalysis/BatWing/results/7_Bowtie/ref.2.bt2
Re-opening _in1 and _in2 as input streams
Returning from Ebwt constructor
Headers:
    len: 3263926
    bwtLen: 3263927
    sz: 815982
    bwtSz: 815982
    lineRate: 6
    offRate: 4
    offMask: 0xfffffff0
    ftabChars: 10
    eftabLen: 20
    eftabSz: 80
    ftabLen: 1048577
    ftabSz: 4194308
    offsLen: 203996
    offsSz: 815984
    lineSz: 64
    sideSz: 64
    sideBwtSz: 48
    sideBwtLen: 192
    numSides: 17000
    numLines: 17000
    ebwtTotLen: 1088000
    ebwtTotSz: 1088000
    color: 0
    reverse: 0
Total time for call to driver() for forward index: 00:00:01
Reading reference sizes
  Time reading reference sizes: 00:00:00
Calculating joined length
Writing header
Reserving space for joined string
Joining reference sequences
  Time to join reference sequences: 00:00:00
  Time to reverse reference sequence: 00:00:00
bmax according to bmaxDivN setting: 815981
Using parameters --bmax 611986 --dcv 1024
  Doing ahead-of-time memory usage test
  Passed!  Constructing with these parameters: --bmax 611986 --dcv 1024
Constructing suffix-array element generator
Building DifferenceCoverSample
  Building sPrime
  Building sPrimeOrder
  V-Sorting samples
  V-Sorting samples time: 00:00:00
  Allocating rank array
  Ranking v-sort output
  Ranking v-sort output time: 00:00:00
  Invoking Larsson-Sadakane on ranks
  Invoking Larsson-Sadakane on ranks time: 00:00:00
  Sanity-checking and returning
Building samples
Reserving space for 12 sample suffixes
Generating random suffixes
QSorting 12 sample offsets, eliminating duplicates
QSorting sample offsets, eliminating duplicates time: 00:00:00
Multikey QSorting 12 samples
  (Using difference cover)
  Multikey QSorting samples time: 00:00:00
Calculating bucket sizes
Splitting and merging
  Splitting and merging time: 00:00:00
Avg bucket size: 3.26393e+06 (target: 611985)
Converting suffix-array elements to index image
Allocating ftab, absorbFtab
Entering Ebwt loop
Getting block 1 of 1
  No samples; assembling all-inclusive block
  Sorting block of length 3263926 for bucket 1
  (Using difference cover)
  Sorting block time: 00:00:01
Returning block of 3263927 for bucket 1
Exited Ebwt loop
fchr[A]: 0
fchr[C]: 906399
fchr[G]: 1652847
fchr[T]: 2385635
fchr[$]: 3263926
Exiting Ebwt::buildToDisk()
Returning from initFromVector
Wrote 5287052 bytes to primary EBWT file: /home/karnair/GenomeAnalysis/BatWing/results/7_Bowtie/ref.rev.1.bt2
Wrote 815988 bytes to secondary EBWT file: /home/karnair/GenomeAnalysis/BatWing/results/7_Bowtie/ref.rev.2.bt2
Re-opening _in1 and _in2 as input streams
Returning from Ebwt constructor
Headers:
    len: 3263926
    bwtLen: 3263927
    sz: 815982
    bwtSz: 815982
    lineRate: 6
    offRate: 4
    offMask: 0xfffffff0
    ftabChars: 10
    eftabLen: 20
    eftabSz: 80
    ftabLen: 1048577
    ftabSz: 4194308
    offsLen: 203996
    offsSz: 815984
    lineSz: 64
    sideSz: 64
    sideBwtSz: 48
    sideBwtLen: 192
    numSides: 17000
    numLines: 17000
    ebwtTotLen: 1088000
    ebwtTotSz: 1088000
    color: 0
    reverse: 1
Total time for backward call to driver() for mirror index: 00:00:01
